ERROR - 2023-10-23 01:27:08 --> [Microsoft][ODBC Driver 17 for SQL Server][SQL Server]Incorrect syntax near the keyword 'FROM'.
CRITICAL - 2023-10-23 01:27:08 --> [Microsoft][ODBC Driver 17 for SQL Server][SQL Server]Incorrect syntax near the keyword 'FROM'.
in SYSTEMPATH\Database\BaseConnection.php on line 646.
 1 SYSTEMPATH\Database\SQLSRV\Builder.php(610): CodeIgniter\Database\BaseConnection->query('SELECT "DISTINCT" *
FROM "CBInv"."dbo"."vpo_test"
WHERE "category" = :category:
AND "PoNo" >= :PoNo:
AND "PoNo" <= :PoNo.1:
ORDER BY "PoNo" DESC', [...], false)
 2 SYSTEMPATH\Model.php(237): CodeIgniter\Database\SQLSRV\Builder->get()
 3 SYSTEMPATH\BaseModel.php(624): CodeIgniter\Model->doFindAll(0, 0)
 4 APPPATH\Controllers\Add.php(29): CodeIgniter\BaseModel->findAll()
 5 SYSTEMPATH\CodeIgniter.php(919): App\Controllers\Add->index()
 6 SYSTEMPATH\CodeIgniter.php(494): CodeIgniter\CodeIgniter->runController(Object(App\Controllers\Add))
 7 SYSTEMPATH\CodeIgniter.php(353): CodeIgniter\CodeIgniter->handleRequest(null, Object(Config\Cache), false)
 8 FCPATH\index.php(79): CodeIgniter\CodeIgniter->run()
 9 SYSTEMPATH\Commands\Server\rewrite.php(47): require_once('C:\\xampp\\htdocs\\ci4project\\public\\index.php')
CRITICAL - 2023-10-23 01:27:33 --> Trying to access array offset on value of type null
in APPPATH\Views\add_view.php on line 46.
 1 APPPATH\Views\add_view.php(46): CodeIgniter\Debug\Exceptions->errorHandler(2, 'Trying to access array offset on value of type null', 'C:\\xampp\\htdocs\\ci4project\\app\\Views\\add_view.php', 46)
 2 SYSTEMPATH\View\View.php(226): include('C:\\xampp\\htdocs\\ci4project\\app\\Views\\add_view.php')
 3 SYSTEMPATH\View\View.php(229): CodeIgniter\View\View->CodeIgniter\View\{closure}()
 4 SYSTEMPATH\Common.php(1188): CodeIgniter\View\View->render('add_view', [], true)
 5 APPPATH\Controllers\Add.php(47): view('add_view', [...])
 6 SYSTEMPATH\CodeIgniter.php(919): App\Controllers\Add->index()
 7 SYSTEMPATH\CodeIgniter.php(494): CodeIgniter\CodeIgniter->runController(Object(App\Controllers\Add))
 8 SYSTEMPATH\CodeIgniter.php(353): CodeIgniter\CodeIgniter->handleRequest(null, Object(Config\Cache), false)
 9 FCPATH\index.php(79): CodeIgniter\CodeIgniter->run()
10 SYSTEMPATH\Commands\Server\rewrite.php(47): require_once('C:\\xampp\\htdocs\\ci4project\\public\\index.php')
CRITICAL - 2023-10-23 01:27:59 --> Trying to access array offset on value of type null
in APPPATH\Views\add_view.php on line 46.
 1 APPPATH\Views\add_view.php(46): CodeIgniter\Debug\Exceptions->errorHandler(2, 'Trying to access array offset on value of type null', 'C:\\xampp\\htdocs\\ci4project\\app\\Views\\add_view.php', 46)
 2 SYSTEMPATH\View\View.php(226): include('C:\\xampp\\htdocs\\ci4project\\app\\Views\\add_view.php')
 3 SYSTEMPATH\View\View.php(229): CodeIgniter\View\View->CodeIgniter\View\{closure}()
 4 SYSTEMPATH\Common.php(1188): CodeIgniter\View\View->render('add_view', [], true)
 5 APPPATH\Controllers\Add.php(44): view('add_view', [...])
 6 SYSTEMPATH\CodeIgniter.php(919): App\Controllers\Add->index()
 7 SYSTEMPATH\CodeIgniter.php(494): CodeIgniter\CodeIgniter->runController(Object(App\Controllers\Add))
 8 SYSTEMPATH\CodeIgniter.php(353): CodeIgniter\CodeIgniter->handleRequest(null, Object(Config\Cache), false)
 9 FCPATH\index.php(79): CodeIgniter\CodeIgniter->run()
10 SYSTEMPATH\Commands\Server\rewrite.php(47): require_once('C:\\xampp\\htdocs\\ci4project\\public\\index.php')
CRITICAL - 2023-10-23 03:07:59 --> Undefined array key "PoUnit"
in APPPATH\Views\partial\footer.php on line 212.
 1 APPPATH\Views\partial\footer.php(212): CodeIgniter\Debug\Exceptions->errorHandler(2, 'Undefined array key "PoUnit"', 'C:\\xampp\\htdocs\\ci4project\\app\\Views\\partial\\footer.php', 212)
 2 SYSTEMPATH\View\View.php(226): include('C:\\xampp\\htdocs\\ci4project\\app\\Views\\partial\\footer.php')
 3 SYSTEMPATH\View\View.php(229): CodeIgniter\View\View->CodeIgniter\View\{closure}()
 4 SYSTEMPATH\Common.php(1188): CodeIgniter\View\View->render('partial/footer', [], true)
 5 APPPATH\Controllers\Add.php(49): view('partial/footer')
 6 SYSTEMPATH\CodeIgniter.php(919): App\Controllers\Add->index()
 7 SYSTEMPATH\CodeIgniter.php(494): CodeIgniter\CodeIgniter->runController(Object(App\Controllers\Add))
 8 SYSTEMPATH\CodeIgniter.php(353): CodeIgniter\CodeIgniter->handleRequest(null, Object(Config\Cache), false)
 9 FCPATH\index.php(79): CodeIgniter\CodeIgniter->run()
10 SYSTEMPATH\Commands\Server\rewrite.php(47): require_once('C:\\xampp\\htdocs\\ci4project\\public\\index.php')
CRITICAL - 2023-10-23 03:18:01 --> Undefined array key "category, item_name"
in APPPATH\Views\partial\footer.php on line 195.
 1 APPPATH\Views\partial\footer.php(195): CodeIgniter\Debug\Exceptions->errorHandler(2, 'Undefined array key "category, item_name"', 'C:\\xampp\\htdocs\\ci4project\\app\\Views\\partial\\footer.php', 195)
 2 SYSTEMPATH\View\View.php(226): include('C:\\xampp\\htdocs\\ci4project\\app\\Views\\partial\\footer.php')
 3 SYSTEMPATH\View\View.php(229): CodeIgniter\View\View->CodeIgniter\View\{closure}()
 4 SYSTEMPATH\Common.php(1188): CodeIgniter\View\View->render('partial/footer', [], true)
 5 APPPATH\Controllers\Add.php(49): view('partial/footer')
 6 SYSTEMPATH\CodeIgniter.php(919): App\Controllers\Add->index()
 7 SYSTEMPATH\CodeIgniter.php(494): CodeIgniter\CodeIgniter->runController(Object(App\Controllers\Add))
 8 SYSTEMPATH\CodeIgniter.php(353): CodeIgniter\CodeIgniter->handleRequest(null, Object(Config\Cache), false)
 9 FCPATH\index.php(79): CodeIgniter\CodeIgniter->run()
10 SYSTEMPATH\Commands\Server\rewrite.php(47): require_once('C:\\xampp\\htdocs\\ci4project\\public\\index.php')
CRITICAL - 2023-10-23 03:19:02 --> syntax error, unexpected single-quoted string "item_name", expecting "]"
in APPPATH\Views\partial\footer.php on line 195.
 1 SYSTEMPATH\View\View.php(229): CodeIgniter\View\View->CodeIgniter\View\{closure}()
 2 SYSTEMPATH\Common.php(1188): CodeIgniter\View\View->render('partial/footer', [], true)
 3 APPPATH\Controllers\Add.php(49): view('partial/footer')
 4 SYSTEMPATH\CodeIgniter.php(919): App\Controllers\Add->index()
 5 SYSTEMPATH\CodeIgniter.php(494): CodeIgniter\CodeIgniter->runController(Object(App\Controllers\Add))
 6 SYSTEMPATH\CodeIgniter.php(353): CodeIgniter\CodeIgniter->handleRequest(null, Object(Config\Cache), false)
 7 FCPATH\index.php(79): CodeIgniter\CodeIgniter->run()
 8 SYSTEMPATH\Commands\Server\rewrite.php(47): require_once('C:\\xampp\\htdocs\\ci4project\\public\\index.php')
CRITICAL - 2023-10-23 03:19:22 --> Cannot access offset of type string on string
in APPPATH\Views\partial\footer.php on line 195.
 1 SYSTEMPATH\View\View.php(226): include()
 2 SYSTEMPATH\View\View.php(229): CodeIgniter\View\View->CodeIgniter\View\{closure}()
 3 SYSTEMPATH\Common.php(1188): CodeIgniter\View\View->render('partial/footer', [], true)
 4 APPPATH\Controllers\Add.php(49): view('partial/footer')
 5 SYSTEMPATH\CodeIgniter.php(919): App\Controllers\Add->index()
 6 SYSTEMPATH\CodeIgniter.php(494): CodeIgniter\CodeIgniter->runController(Object(App\Controllers\Add))
 7 SYSTEMPATH\CodeIgniter.php(353): CodeIgniter\CodeIgniter->handleRequest(null, Object(Config\Cache), false)
 8 FCPATH\index.php(79): CodeIgniter\CodeIgniter->run()
 9 SYSTEMPATH\Commands\Server\rewrite.php(47): require_once('C:\\xampp\\htdocs\\ci4project\\public\\index.php')
CRITICAL - 2023-10-23 03:19:49 --> Cannot access offset of type string on string
in APPPATH\Views\partial\footer.php on line 195.
 1 SYSTEMPATH\View\View.php(226): include()
 2 SYSTEMPATH\View\View.php(229): CodeIgniter\View\View->CodeIgniter\View\{closure}()
 3 SYSTEMPATH\Common.php(1188): CodeIgniter\View\View->render('partial/footer', [], true)
 4 APPPATH\Controllers\Add.php(49): view('partial/footer')
 5 SYSTEMPATH\CodeIgniter.php(919): App\Controllers\Add->index()
 6 SYSTEMPATH\CodeIgniter.php(494): CodeIgniter\CodeIgniter->runController(Object(App\Controllers\Add))
 7 SYSTEMPATH\CodeIgniter.php(353): CodeIgniter\CodeIgniter->handleRequest(null, Object(Config\Cache), false)
 8 FCPATH\index.php(79): CodeIgniter\CodeIgniter->run()
 9 SYSTEMPATH\Commands\Server\rewrite.php(47): require_once('C:\\xampp\\htdocs\\ci4project\\public\\index.php')
ERROR - 2023-10-23 03:25:04 --> [Microsoft][ODBC Driver 17 for SQL Server][SQL Server]Invalid column name 'DISTINCT'.
CRITICAL - 2023-10-23 03:25:04 --> [Microsoft][ODBC Driver 17 for SQL Server][SQL Server]Invalid column name 'DISTINCT'.
in SYSTEMPATH\Database\BaseConnection.php on line 646.
 1 SYSTEMPATH\Database\SQLSRV\Builder.php(610): CodeIgniter\Database\BaseConnection->query('SELECT "DISTINCT" "item_code"
FROM "CBInv"."dbo"."tbarang"
WHERE "category" = :category:', [...], false)
 2 SYSTEMPATH\Model.php(237): CodeIgniter\Database\SQLSRV\Builder->get()
 3 SYSTEMPATH\BaseModel.php(624): CodeIgniter\Model->doFindAll(0, 0)
 4 APPPATH\Controllers\Add.php(46): CodeIgniter\BaseModel->findAll()
 5 SYSTEMPATH\CodeIgniter.php(919): App\Controllers\Add->index()
 6 SYSTEMPATH\CodeIgniter.php(494): CodeIgniter\CodeIgniter->runController(Object(App\Controllers\Add))
 7 SYSTEMPATH\CodeIgniter.php(353): CodeIgniter\CodeIgniter->handleRequest(null, Object(Config\Cache), false)
 8 FCPATH\index.php(79): CodeIgniter\CodeIgniter->run()
 9 SYSTEMPATH\Commands\Server\rewrite.php(47): require_once('C:\\xampp\\htdocs\\ci4project\\public\\index.php')
CRITICAL - 2023-10-23 03:25:15 --> Undefined array key "category"
in APPPATH\Views\partial\footer.php on line 195.
 1 APPPATH\Views\partial\footer.php(195): CodeIgniter\Debug\Exceptions->errorHandler(2, 'Undefined array key "category"', 'C:\\xampp\\htdocs\\ci4project\\app\\Views\\partial\\footer.php', 195)
 2 SYSTEMPATH\View\View.php(226): include('C:\\xampp\\htdocs\\ci4project\\app\\Views\\partial\\footer.php')
 3 SYSTEMPATH\View\View.php(229): CodeIgniter\View\View->CodeIgniter\View\{closure}()
 4 SYSTEMPATH\Common.php(1188): CodeIgniter\View\View->render('partial/footer', [], true)
 5 APPPATH\Controllers\Add.php(50): view('partial/footer')
 6 SYSTEMPATH\CodeIgniter.php(919): App\Controllers\Add->index()
 7 SYSTEMPATH\CodeIgniter.php(494): CodeIgniter\CodeIgniter->runController(Object(App\Controllers\Add))
 8 SYSTEMPATH\CodeIgniter.php(353): CodeIgniter\CodeIgniter->handleRequest(null, Object(Config\Cache), false)
 9 FCPATH\index.php(79): CodeIgniter\CodeIgniter->run()
10 SYSTEMPATH\Commands\Server\rewrite.php(47): require_once('C:\\xampp\\htdocs\\ci4project\\public\\index.php')
ERROR - 2023-10-23 03:26:21 --> Memory limit of 50240 KB exceeded for buffered query
CRITICAL - 2023-10-23 03:26:21 --> Memory limit of 50240 KB exceeded for buffered query
in SYSTEMPATH\Database\BaseConnection.php on line 646.
 1 SYSTEMPATH\Database\SQLSRV\Builder.php(610): CodeIgniter\Database\BaseConnection->query('SELECT DISTINCT *
FROM "CBInv"."dbo"."tbarang"', [], false)
 2 SYSTEMPATH\Model.php(237): CodeIgniter\Database\SQLSRV\Builder->get()
 3 SYSTEMPATH\BaseModel.php(624): CodeIgniter\Model->doFindAll(0, 0)
 4 APPPATH\Controllers\Add.php(45): CodeIgniter\BaseModel->findAll()
 5 SYSTEMPATH\CodeIgniter.php(919): App\Controllers\Add->index()
 6 SYSTEMPATH\CodeIgniter.php(494): CodeIgniter\CodeIgniter->runController(Object(App\Controllers\Add))
 7 SYSTEMPATH\CodeIgniter.php(353): CodeIgniter\CodeIgniter->handleRequest(null, Object(Config\Cache), false)
 8 FCPATH\index.php(79): CodeIgniter\CodeIgniter->run()
 9 SYSTEMPATH\Commands\Server\rewrite.php(47): require_once('C:\\xampp\\htdocs\\ci4project\\public\\index.php')
CRITICAL - 2023-10-23 03:33:30 --> Undefined variable $activeMenu
in APPPATH\Views\partial\header.php on line 102.
 1 APPPATH\Views\partial\header.php(102): CodeIgniter\Debug\Exceptions->errorHandler(2, 'Undefined variable $activeMenu', 'C:\\xampp\\htdocs\\ci4project\\app\\Views\\partial\\header.php', 102)
 2 SYSTEMPATH\View\View.php(226): include('C:\\xampp\\htdocs\\ci4project\\app\\Views\\partial\\header.php')
 3 SYSTEMPATH\View\View.php(229): CodeIgniter\View\View->CodeIgniter\View\{closure}()
 4 SYSTEMPATH\Common.php(1188): CodeIgniter\View\View->render('partial/header', [], true)
 5 APPPATH\Controllers\Add.php(48): view('partial/header', [...])
 6 SYSTEMPATH\CodeIgniter.php(919): App\Controllers\Add->index()
 7 SYSTEMPATH\CodeIgniter.php(494): CodeIgniter\CodeIgniter->runController(Object(App\Controllers\Add))
 8 SYSTEMPATH\CodeIgniter.php(353): CodeIgniter\CodeIgniter->handleRequest(null, Object(Config\Cache), false)
 9 FCPATH\index.php(79): CodeIgniter\CodeIgniter->run()
10 SYSTEMPATH\Commands\Server\rewrite.php(47): require_once('C:\\xampp\\htdocs\\ci4project\\public\\index.php')
CRITICAL - 2023-10-23 03:33:33 --> Undefined variable $activeMenu
in APPPATH\Views\partial\header.php on line 102.
 1 APPPATH\Views\partial\header.php(102): CodeIgniter\Debug\Exceptions->errorHandler(2, 'Undefined variable $activeMenu', 'C:\\xampp\\htdocs\\ci4project\\app\\Views\\partial\\header.php', 102)
 2 SYSTEMPATH\View\View.php(226): include('C:\\xampp\\htdocs\\ci4project\\app\\Views\\partial\\header.php')
 3 SYSTEMPATH\View\View.php(229): CodeIgniter\View\View->CodeIgniter\View\{closure}()
 4 SYSTEMPATH\Common.php(1188): CodeIgniter\View\View->render('partial/header', [], true)
 5 APPPATH\Controllers\Add.php(48): view('partial/header', [...])
 6 SYSTEMPATH\CodeIgniter.php(919): App\Controllers\Add->index()
 7 SYSTEMPATH\CodeIgniter.php(494): CodeIgniter\CodeIgniter->runController(Object(App\Controllers\Add))
 8 SYSTEMPATH\CodeIgniter.php(353): CodeIgniter\CodeIgniter->handleRequest(null, Object(Config\Cache), false)
 9 FCPATH\index.php(79): CodeIgniter\CodeIgniter->run()
10 SYSTEMPATH\Commands\Server\rewrite.php(47): require_once('C:\\xampp\\htdocs\\ci4project\\public\\index.php')
CRITICAL - 2023-10-23 03:39:21 --> Cannot use object of type stdClass as array
in APPPATH\Views\partial\footer.php on line 195.
 1 SYSTEMPATH\View\View.php(226): include()
 2 SYSTEMPATH\View\View.php(229): CodeIgniter\View\View->CodeIgniter\View\{closure}()
 3 SYSTEMPATH\Common.php(1188): CodeIgniter\View\View->render('partial/footer', [], true)
 4 APPPATH\Controllers\Add.php(47): view('partial/footer')
 5 SYSTEMPATH\CodeIgniter.php(919): App\Controllers\Add->index()
 6 SYSTEMPATH\CodeIgniter.php(494): CodeIgniter\CodeIgniter->runController(Object(App\Controllers\Add))
 7 SYSTEMPATH\CodeIgniter.php(353): CodeIgniter\CodeIgniter->handleRequest(null, Object(Config\Cache), false)
 8 FCPATH\index.php(79): CodeIgniter\CodeIgniter->run()
 9 SYSTEMPATH\Commands\Server\rewrite.php(47): require_once('C:\\xampp\\htdocs\\ci4project\\public\\index.php')
CRITICAL - 2023-10-23 03:39:56 --> Undefined variable $JASA
in APPPATH\Views\partial\footer.php on line 194.
 1 APPPATH\Views\partial\footer.php(194): CodeIgniter\Debug\Exceptions->errorHandler(2, 'Undefined variable $JASA', 'C:\\xampp\\htdocs\\ci4project\\app\\Views\\partial\\footer.php', 194)
 2 SYSTEMPATH\View\View.php(226): include('C:\\xampp\\htdocs\\ci4project\\app\\Views\\partial\\footer.php')
 3 SYSTEMPATH\View\View.php(229): CodeIgniter\View\View->CodeIgniter\View\{closure}()
 4 SYSTEMPATH\Common.php(1188): CodeIgniter\View\View->render('partial/footer', [], true)
 5 APPPATH\Controllers\Add.php(47): view('partial/footer')
 6 SYSTEMPATH\CodeIgniter.php(919): App\Controllers\Add->index()
 7 SYSTEMPATH\CodeIgniter.php(494): CodeIgniter\CodeIgniter->runController(Object(App\Controllers\Add))
 8 SYSTEMPATH\CodeIgniter.php(353): CodeIgniter\CodeIgniter->handleRequest(null, Object(Config\Cache), false)
 9 FCPATH\index.php(79): CodeIgniter\CodeIgniter->run()
10 SYSTEMPATH\Commands\Server\rewrite.php(47): require_once('C:\\xampp\\htdocs\\ci4project\\public\\index.php')
CRITICAL - 2023-10-23 03:41:25 --> Cannot use object of type stdClass as array
in APPPATH\Views\partial\footer.php on line 195.
 1 SYSTEMPATH\View\View.php(226): include()
 2 SYSTEMPATH\View\View.php(229): CodeIgniter\View\View->CodeIgniter\View\{closure}()
 3 SYSTEMPATH\Common.php(1188): CodeIgniter\View\View->render('partial/footer', [], true)
 4 APPPATH\Controllers\Add.php(47): view('partial/footer')
 5 SYSTEMPATH\CodeIgniter.php(919): App\Controllers\Add->index()
 6 SYSTEMPATH\CodeIgniter.php(494): CodeIgniter\CodeIgniter->runController(Object(App\Controllers\Add))
 7 SYSTEMPATH\CodeIgniter.php(353): CodeIgniter\CodeIgniter->handleRequest(null, Object(Config\Cache), false)
 8 FCPATH\index.php(79): CodeIgniter\CodeIgniter->run()
 9 SYSTEMPATH\Commands\Server\rewrite.php(47): require_once('C:\\xampp\\htdocs\\ci4project\\public\\index.php')
CRITICAL - 2023-10-23 03:54:29 --> Undefined variable $tbarang
in APPPATH\Views\partial\footer.php on line 194.
 1 APPPATH\Views\partial\footer.php(194): CodeIgniter\Debug\Exceptions->errorHandler(2, 'Undefined variable $tbarang', 'C:\\xampp\\htdocs\\ci4project\\app\\Views\\partial\\footer.php', 194)
 2 SYSTEMPATH\View\View.php(226): include('C:\\xampp\\htdocs\\ci4project\\app\\Views\\partial\\footer.php')
 3 SYSTEMPATH\View\View.php(229): CodeIgniter\View\View->CodeIgniter\View\{closure}()
 4 SYSTEMPATH\Common.php(1188): CodeIgniter\View\View->render('partial/footer', [], true)
 5 APPPATH\Controllers\Add.php(45): view('partial/footer')
 6 SYSTEMPATH\CodeIgniter.php(919): App\Controllers\Add->index()
 7 SYSTEMPATH\CodeIgniter.php(494): CodeIgniter\CodeIgniter->runController(Object(App\Controllers\Add))
 8 SYSTEMPATH\CodeIgniter.php(353): CodeIgniter\CodeIgniter->handleRequest(null, Object(Config\Cache), false)
 9 FCPATH\index.php(79): CodeIgniter\CodeIgniter->run()
10 SYSTEMPATH\Commands\Server\rewrite.php(47): require_once('C:\\xampp\\htdocs\\ci4project\\public\\index.php')
CRITICAL - 2023-10-23 03:55:56 --> Attempt to read property "item_name" on array
in APPPATH\Views\partial\footer.php on line 202.
 1 APPPATH\Views\partial\footer.php(202): CodeIgniter\Debug\Exceptions->errorHandler(2, 'Attempt to read property "item_name" on array', 'C:\\xampp\\htdocs\\ci4project\\app\\Views\\partial\\footer.php', 202)
 2 SYSTEMPATH\View\View.php(226): include('C:\\xampp\\htdocs\\ci4project\\app\\Views\\partial\\footer.php')
 3 SYSTEMPATH\View\View.php(229): CodeIgniter\View\View->CodeIgniter\View\{closure}()
 4 SYSTEMPATH\Common.php(1188): CodeIgniter\View\View->render('partial/footer', [], true)
 5 APPPATH\Controllers\Add.php(49): view('partial/footer')
 6 SYSTEMPATH\CodeIgniter.php(919): App\Controllers\Add->index()
 7 SYSTEMPATH\CodeIgniter.php(494): CodeIgniter\CodeIgniter->runController(Object(App\Controllers\Add))
 8 SYSTEMPATH\CodeIgniter.php(353): CodeIgniter\CodeIgniter->handleRequest(null, Object(Config\Cache), false)
 9 FCPATH\index.php(79): CodeIgniter\CodeIgniter->run()
10 SYSTEMPATH\Commands\Server\rewrite.php(47): require_once('C:\\xampp\\htdocs\\ci4project\\public\\index.php')
CRITICAL - 2023-10-23 04:06:32 --> Undefined variable $tbarang
in APPPATH\Views\partial\footer.php on line 201.
 1 APPPATH\Views\partial\footer.php(201): CodeIgniter\Debug\Exceptions->errorHandler(2, 'Undefined variable $tbarang', 'C:\\xampp\\htdocs\\ci4project\\app\\Views\\partial\\footer.php', 201)
 2 SYSTEMPATH\View\View.php(226): include('C:\\xampp\\htdocs\\ci4project\\app\\Views\\partial\\footer.php')
 3 SYSTEMPATH\View\View.php(229): CodeIgniter\View\View->CodeIgniter\View\{closure}()
 4 SYSTEMPATH\Common.php(1188): CodeIgniter\View\View->render('partial/footer', [], true)
 5 APPPATH\Controllers\Add.php(44): view('partial/footer')
 6 SYSTEMPATH\CodeIgniter.php(919): App\Controllers\Add->index()
 7 SYSTEMPATH\CodeIgniter.php(494): CodeIgniter\CodeIgniter->runController(Object(App\Controllers\Add))
 8 SYSTEMPATH\CodeIgniter.php(353): CodeIgniter\CodeIgniter->handleRequest(null, Object(Config\Cache), false)
 9 FCPATH\index.php(79): CodeIgniter\CodeIgniter->run()
10 SYSTEMPATH\Commands\Server\rewrite.php(47): require_once('C:\\xampp\\htdocs\\ci4project\\public\\index.php')
CRITICAL - 2023-10-23 04:08:53 --> Undefined variable $tbarang
in APPPATH\Views\partial\footer.php on line 201.
 1 APPPATH\Views\partial\footer.php(201): CodeIgniter\Debug\Exceptions->errorHandler(2, 'Undefined variable $tbarang', 'C:\\xampp\\htdocs\\ci4project\\app\\Views\\partial\\footer.php', 201)
 2 SYSTEMPATH\View\View.php(226): include('C:\\xampp\\htdocs\\ci4project\\app\\Views\\partial\\footer.php')
 3 SYSTEMPATH\View\View.php(229): CodeIgniter\View\View->CodeIgniter\View\{closure}()
 4 SYSTEMPATH\Common.php(1188): CodeIgniter\View\View->render('partial/footer', [], true)
 5 APPPATH\Controllers\Add.php(44): view('partial/footer')
 6 SYSTEMPATH\CodeIgniter.php(919): App\Controllers\Add->index()
 7 SYSTEMPATH\CodeIgniter.php(494): CodeIgniter\CodeIgniter->runController(Object(App\Controllers\Add))
 8 SYSTEMPATH\CodeIgniter.php(353): CodeIgniter\CodeIgniter->handleRequest(null, Object(Config\Cache), false)
 9 FCPATH\index.php(79): CodeIgniter\CodeIgniter->run()
10 SYSTEMPATH\Commands\Server\rewrite.php(47): require_once('C:\\xampp\\htdocs\\ci4project\\public\\index.php')
CRITICAL - 2023-10-23 04:09:09 --> Undefined variable $tbarang
in APPPATH\Views\partial\footer.php on line 201.
 1 APPPATH\Views\partial\footer.php(201): CodeIgniter\Debug\Exceptions->errorHandler(2, 'Undefined variable $tbarang', 'C:\\xampp\\htdocs\\ci4project\\app\\Views\\partial\\footer.php', 201)
 2 SYSTEMPATH\View\View.php(226): include('C:\\xampp\\htdocs\\ci4project\\app\\Views\\partial\\footer.php')
 3 SYSTEMPATH\View\View.php(229): CodeIgniter\View\View->CodeIgniter\View\{closure}()
 4 SYSTEMPATH\Common.php(1188): CodeIgniter\View\View->render('partial/footer', [], true)
 5 APPPATH\Controllers\Add.php(44): view('partial/footer')
 6 SYSTEMPATH\CodeIgniter.php(919): App\Controllers\Add->index()
 7 SYSTEMPATH\CodeIgniter.php(494): CodeIgniter\CodeIgniter->runController(Object(App\Controllers\Add))
 8 SYSTEMPATH\CodeIgniter.php(353): CodeIgniter\CodeIgniter->handleRequest(null, Object(Config\Cache), false)
 9 FCPATH\index.php(79): CodeIgniter\CodeIgniter->run()
10 SYSTEMPATH\Commands\Server\rewrite.php(47): require_once('C:\\xampp\\htdocs\\ci4project\\public\\index.php')
CRITICAL - 2023-10-23 04:09:23 --> Undefined variable $tbarang
in APPPATH\Views\partial\footer.php on line 201.
 1 APPPATH\Views\partial\footer.php(201): CodeIgniter\Debug\Exceptions->errorHandler(2, 'Undefined variable $tbarang', 'C:\\xampp\\htdocs\\ci4project\\app\\Views\\partial\\footer.php', 201)
 2 SYSTEMPATH\View\View.php(226): include('C:\\xampp\\htdocs\\ci4project\\app\\Views\\partial\\footer.php')
 3 SYSTEMPATH\View\View.php(229): CodeIgniter\View\View->CodeIgniter\View\{closure}()
 4 SYSTEMPATH\Common.php(1188): CodeIgniter\View\View->render('partial/footer', [], true)
 5 APPPATH\Controllers\Add.php(44): view('partial/footer')
 6 SYSTEMPATH\CodeIgniter.php(919): App\Controllers\Add->index()
 7 SYSTEMPATH\CodeIgniter.php(494): CodeIgniter\CodeIgniter->runController(Object(App\Controllers\Add))
 8 SYSTEMPATH\CodeIgniter.php(353): CodeIgniter\CodeIgniter->handleRequest(null, Object(Config\Cache), false)
 9 FCPATH\index.php(79): CodeIgniter\CodeIgniter->run()
10 SYSTEMPATH\Commands\Server\rewrite.php(47): require_once('C:\\xampp\\htdocs\\ci4project\\public\\index.php')
CRITICAL - 2023-10-23 04:10:45 --> Undefined variable $tbarang
in APPPATH\Views\partial\footer.php on line 201.
 1 APPPATH\Views\partial\footer.php(201): CodeIgniter\Debug\Exceptions->errorHandler(2, 'Undefined variable $tbarang', 'C:\\xampp\\htdocs\\ci4project\\app\\Views\\partial\\footer.php', 201)
 2 SYSTEMPATH\View\View.php(226): include('C:\\xampp\\htdocs\\ci4project\\app\\Views\\partial\\footer.php')
 3 SYSTEMPATH\View\View.php(229): CodeIgniter\View\View->CodeIgniter\View\{closure}()
 4 SYSTEMPATH\Common.php(1188): CodeIgniter\View\View->render('partial/footer', [], true)
 5 APPPATH\Controllers\Add.php(44): view('partial/footer')
 6 SYSTEMPATH\CodeIgniter.php(919): App\Controllers\Add->index()
 7 SYSTEMPATH\CodeIgniter.php(494): CodeIgniter\CodeIgniter->runController(Object(App\Controllers\Add))
 8 SYSTEMPATH\CodeIgniter.php(353): CodeIgniter\CodeIgniter->handleRequest(null, Object(Config\Cache), false)
 9 FCPATH\index.php(79): CodeIgniter\CodeIgniter->run()
10 SYSTEMPATH\Commands\Server\rewrite.php(47): require_once('C:\\xampp\\htdocs\\ci4project\\public\\index.php')
CRITICAL - 2023-10-23 04:10:47 --> Undefined variable $tbarang
in APPPATH\Views\partial\footer.php on line 201.
 1 APPPATH\Views\partial\footer.php(201): CodeIgniter\Debug\Exceptions->errorHandler(2, 'Undefined variable $tbarang', 'C:\\xampp\\htdocs\\ci4project\\app\\Views\\partial\\footer.php', 201)
 2 SYSTEMPATH\View\View.php(226): include('C:\\xampp\\htdocs\\ci4project\\app\\Views\\partial\\footer.php')
 3 SYSTEMPATH\View\View.php(229): CodeIgniter\View\View->CodeIgniter\View\{closure}()
 4 SYSTEMPATH\Common.php(1188): CodeIgniter\View\View->render('partial/footer', [], true)
 5 APPPATH\Controllers\Add.php(44): view('partial/footer')
 6 SYSTEMPATH\CodeIgniter.php(919): App\Controllers\Add->index()
 7 SYSTEMPATH\CodeIgniter.php(494): CodeIgniter\CodeIgniter->runController(Object(App\Controllers\Add))
 8 SYSTEMPATH\CodeIgniter.php(353): CodeIgniter\CodeIgniter->handleRequest(null, Object(Config\Cache), false)
 9 FCPATH\index.php(79): CodeIgniter\CodeIgniter->run()
10 SYSTEMPATH\Commands\Server\rewrite.php(47): require_once('C:\\xampp\\htdocs\\ci4project\\public\\index.php')
CRITICAL - 2023-10-23 04:10:51 --> Undefined variable $tbarang
in APPPATH\Views\partial\footer.php on line 201.
 1 APPPATH\Views\partial\footer.php(201): CodeIgniter\Debug\Exceptions->errorHandler(2, 'Undefined variable $tbarang', 'C:\\xampp\\htdocs\\ci4project\\app\\Views\\partial\\footer.php', 201)
 2 SYSTEMPATH\View\View.php(226): include('C:\\xampp\\htdocs\\ci4project\\app\\Views\\partial\\footer.php')
 3 SYSTEMPATH\View\View.php(229): CodeIgniter\View\View->CodeIgniter\View\{closure}()
 4 SYSTEMPATH\Common.php(1188): CodeIgniter\View\View->render('partial/footer', [], true)
 5 APPPATH\Controllers\Add.php(44): view('partial/footer')
 6 SYSTEMPATH\CodeIgniter.php(919): App\Controllers\Add->index()
 7 SYSTEMPATH\CodeIgniter.php(494): CodeIgniter\CodeIgniter->runController(Object(App\Controllers\Add))
 8 SYSTEMPATH\CodeIgniter.php(353): CodeIgniter\CodeIgniter->handleRequest(null, Object(Config\Cache), false)
 9 FCPATH\index.php(79): CodeIgniter\CodeIgniter->run()
10 SYSTEMPATH\Commands\Server\rewrite.php(47): require_once('C:\\xampp\\htdocs\\ci4project\\public\\index.php')
CRITICAL - 2023-10-23 04:10:57 --> Undefined variable $tbarang
in APPPATH\Views\partial\footer.php on line 201.
 1 APPPATH\Views\partial\footer.php(201): CodeIgniter\Debug\Exceptions->errorHandler(2, 'Undefined variable $tbarang', 'C:\\xampp\\htdocs\\ci4project\\app\\Views\\partial\\footer.php', 201)
 2 SYSTEMPATH\View\View.php(226): include('C:\\xampp\\htdocs\\ci4project\\app\\Views\\partial\\footer.php')
 3 SYSTEMPATH\View\View.php(229): CodeIgniter\View\View->CodeIgniter\View\{closure}()
 4 SYSTEMPATH\Common.php(1188): CodeIgniter\View\View->render('partial/footer', [], true)
 5 APPPATH\Controllers\Add.php(44): view('partial/footer')
 6 SYSTEMPATH\CodeIgniter.php(919): App\Controllers\Add->index()
 7 SYSTEMPATH\CodeIgniter.php(494): CodeIgniter\CodeIgniter->runController(Object(App\Controllers\Add))
 8 SYSTEMPATH\CodeIgniter.php(353): CodeIgniter\CodeIgniter->handleRequest(null, Object(Config\Cache), false)
 9 FCPATH\index.php(79): CodeIgniter\CodeIgniter->run()
10 SYSTEMPATH\Commands\Server\rewrite.php(47): require_once('C:\\xampp\\htdocs\\ci4project\\public\\index.php')
CRITICAL - 2023-10-23 04:12:19 --> Undefined variable $tbarang
in APPPATH\Views\partial\footer.php on line 201.
 1 APPPATH\Views\partial\footer.php(201): CodeIgniter\Debug\Exceptions->errorHandler(2, 'Undefined variable $tbarang', 'C:\\xampp\\htdocs\\ci4project\\app\\Views\\partial\\footer.php', 201)
 2 SYSTEMPATH\View\View.php(226): include('C:\\xampp\\htdocs\\ci4project\\app\\Views\\partial\\footer.php')
 3 SYSTEMPATH\View\View.php(229): CodeIgniter\View\View->CodeIgniter\View\{closure}()
 4 SYSTEMPATH\Common.php(1188): CodeIgniter\View\View->render('partial/footer', [], true)
 5 APPPATH\Controllers\Add.php(44): view('partial/footer')
 6 SYSTEMPATH\CodeIgniter.php(919): App\Controllers\Add->index()
 7 SYSTEMPATH\CodeIgniter.php(494): CodeIgniter\CodeIgniter->runController(Object(App\Controllers\Add))
 8 SYSTEMPATH\CodeIgniter.php(353): CodeIgniter\CodeIgniter->handleRequest(null, Object(Config\Cache), false)
 9 FCPATH\index.php(79): CodeIgniter\CodeIgniter->run()
10 SYSTEMPATH\Commands\Server\rewrite.php(47): require_once('C:\\xampp\\htdocs\\ci4project\\public\\index.php')
CRITICAL - 2023-10-23 04:12:20 --> Undefined variable $tbarang
in APPPATH\Views\partial\footer.php on line 201.
 1 APPPATH\Views\partial\footer.php(201): CodeIgniter\Debug\Exceptions->errorHandler(2, 'Undefined variable $tbarang', 'C:\\xampp\\htdocs\\ci4project\\app\\Views\\partial\\footer.php', 201)
 2 SYSTEMPATH\View\View.php(226): include('C:\\xampp\\htdocs\\ci4project\\app\\Views\\partial\\footer.php')
 3 SYSTEMPATH\View\View.php(229): CodeIgniter\View\View->CodeIgniter\View\{closure}()
 4 SYSTEMPATH\Common.php(1188): CodeIgniter\View\View->render('partial/footer', [], true)
 5 APPPATH\Controllers\Add.php(44): view('partial/footer')
 6 SYSTEMPATH\CodeIgniter.php(919): App\Controllers\Add->index()
 7 SYSTEMPATH\CodeIgniter.php(494): CodeIgniter\CodeIgniter->runController(Object(App\Controllers\Add))
 8 SYSTEMPATH\CodeIgniter.php(353): CodeIgniter\CodeIgniter->handleRequest(null, Object(Config\Cache), false)
 9 FCPATH\index.php(79): CodeIgniter\CodeIgniter->run()
10 SYSTEMPATH\Commands\Server\rewrite.php(47): require_once('C:\\xampp\\htdocs\\ci4project\\public\\index.php')
CRITICAL - 2023-10-23 04:12:48 --> Undefined variable $tbarang
in APPPATH\Views\partial\footer.php on line 201.
 1 APPPATH\Views\partial\footer.php(201): CodeIgniter\Debug\Exceptions->errorHandler(2, 'Undefined variable $tbarang', 'C:\\xampp\\htdocs\\ci4project\\app\\Views\\partial\\footer.php', 201)
 2 SYSTEMPATH\View\View.php(226): include('C:\\xampp\\htdocs\\ci4project\\app\\Views\\partial\\footer.php')
 3 SYSTEMPATH\View\View.php(229): CodeIgniter\View\View->CodeIgniter\View\{closure}()
 4 SYSTEMPATH\Common.php(1188): CodeIgniter\View\View->render('partial/footer', [], true)
 5 APPPATH\Controllers\Add.php(44): view('partial/footer')
 6 SYSTEMPATH\CodeIgniter.php(919): App\Controllers\Add->index()
 7 SYSTEMPATH\CodeIgniter.php(494): CodeIgniter\CodeIgniter->runController(Object(App\Controllers\Add))
 8 SYSTEMPATH\CodeIgniter.php(353): CodeIgniter\CodeIgniter->handleRequest(null, Object(Config\Cache), false)
 9 FCPATH\index.php(79): CodeIgniter\CodeIgniter->run()
10 SYSTEMPATH\Commands\Server\rewrite.php(47): require_once('C:\\xampp\\htdocs\\ci4project\\public\\index.php')
CRITICAL - 2023-10-23 04:23:06 --> Undefined variable $tbarang
in APPPATH\Views\partial\footer.php on line 201.
 1 APPPATH\Views\partial\footer.php(201): CodeIgniter\Debug\Exceptions->errorHandler(2, 'Undefined variable $tbarang', 'C:\\xampp\\htdocs\\ci4project\\app\\Views\\partial\\footer.php', 201)
 2 SYSTEMPATH\View\View.php(226): include('C:\\xampp\\htdocs\\ci4project\\app\\Views\\partial\\footer.php')
 3 SYSTEMPATH\View\View.php(229): CodeIgniter\View\View->CodeIgniter\View\{closure}()
 4 SYSTEMPATH\Common.php(1188): CodeIgniter\View\View->render('partial/footer', [], true)
 5 APPPATH\Controllers\Add.php(44): view('partial/footer')
 6 SYSTEMPATH\CodeIgniter.php(919): App\Controllers\Add->index()
 7 SYSTEMPATH\CodeIgniter.php(494): CodeIgniter\CodeIgniter->runController(Object(App\Controllers\Add))
 8 SYSTEMPATH\CodeIgniter.php(353): CodeIgniter\CodeIgniter->handleRequest(null, Object(Config\Cache), false)
 9 FCPATH\index.php(79): CodeIgniter\CodeIgniter->run()
10 SYSTEMPATH\Commands\Server\rewrite.php(47): require_once('C:\\xampp\\htdocs\\ci4project\\public\\index.php')
CRITICAL - 2023-10-23 04:23:29 --> Undefined variable $tbarang
in APPPATH\Views\partial\footer.php on line 201.
 1 APPPATH\Views\partial\footer.php(201): CodeIgniter\Debug\Exceptions->errorHandler(2, 'Undefined variable $tbarang', 'C:\\xampp\\htdocs\\ci4project\\app\\Views\\partial\\footer.php', 201)
 2 SYSTEMPATH\View\View.php(226): include('C:\\xampp\\htdocs\\ci4project\\app\\Views\\partial\\footer.php')
 3 SYSTEMPATH\View\View.php(229): CodeIgniter\View\View->CodeIgniter\View\{closure}()
 4 SYSTEMPATH\Common.php(1188): CodeIgniter\View\View->render('partial/footer', [], true)
 5 APPPATH\Controllers\Add.php(44): view('partial/footer')
 6 SYSTEMPATH\CodeIgniter.php(919): App\Controllers\Add->index('selectCategory')
 7 SYSTEMPATH\CodeIgniter.php(494): CodeIgniter\CodeIgniter->runController(Object(App\Controllers\Add))
 8 SYSTEMPATH\CodeIgniter.php(353): CodeIgniter\CodeIgniter->handleRequest(null, Object(Config\Cache), false)
 9 FCPATH\index.php(79): CodeIgniter\CodeIgniter->run()
10 SYSTEMPATH\Commands\Server\rewrite.php(47): require_once('C:\\xampp\\htdocs\\ci4project\\public\\index.php')
CRITICAL - 2023-10-23 04:23:53 --> Undefined variable $tbarang
in APPPATH\Views\partial\footer.php on line 201.
 1 APPPATH\Views\partial\footer.php(201): CodeIgniter\Debug\Exceptions->errorHandler(2, 'Undefined variable $tbarang', 'C:\\xampp\\htdocs\\ci4project\\app\\Views\\partial\\footer.php', 201)
 2 SYSTEMPATH\View\View.php(226): include('C:\\xampp\\htdocs\\ci4project\\app\\Views\\partial\\footer.php')
 3 SYSTEMPATH\View\View.php(229): CodeIgniter\View\View->CodeIgniter\View\{closure}()
 4 SYSTEMPATH\Common.php(1188): CodeIgniter\View\View->render('partial/footer', [], true)
 5 APPPATH\Controllers\Add.php(44): view('partial/footer')
 6 SYSTEMPATH\CodeIgniter.php(919): App\Controllers\Add->index('selectCategory')
 7 SYSTEMPATH\CodeIgniter.php(494): CodeIgniter\CodeIgniter->runController(Object(App\Controllers\Add))
 8 SYSTEMPATH\CodeIgniter.php(353): CodeIgniter\CodeIgniter->handleRequest(null, Object(Config\Cache), false)
 9 FCPATH\index.php(79): CodeIgniter\CodeIgniter->run()
10 SYSTEMPATH\Commands\Server\rewrite.php(47): require_once('C:\\xampp\\htdocs\\ci4project\\public\\index.php')
CRITICAL - 2023-10-23 04:24:08 --> Undefined variable $tbarang
in APPPATH\Views\partial\footer.php on line 201.
 1 APPPATH\Views\partial\footer.php(201): CodeIgniter\Debug\Exceptions->errorHandler(2, 'Undefined variable $tbarang', 'C:\\xampp\\htdocs\\ci4project\\app\\Views\\partial\\footer.php', 201)
 2 SYSTEMPATH\View\View.php(226): include('C:\\xampp\\htdocs\\ci4project\\app\\Views\\partial\\footer.php')
 3 SYSTEMPATH\View\View.php(229): CodeIgniter\View\View->CodeIgniter\View\{closure}()
 4 SYSTEMPATH\Common.php(1188): CodeIgniter\View\View->render('partial/footer', [], true)
 5 APPPATH\Controllers\Add.php(44): view('partial/footer')
 6 SYSTEMPATH\CodeIgniter.php(919): App\Controllers\Add->index()
 7 SYSTEMPATH\CodeIgniter.php(494): CodeIgniter\CodeIgniter->runController(Object(App\Controllers\Add))
 8 SYSTEMPATH\CodeIgniter.php(353): CodeIgniter\CodeIgniter->handleRequest(null, Object(Config\Cache), false)
 9 FCPATH\index.php(79): CodeIgniter\CodeIgniter->run()
10 SYSTEMPATH\Commands\Server\rewrite.php(47): require_once('C:\\xampp\\htdocs\\ci4project\\public\\index.php')
CRITICAL - 2023-10-23 04:24:13 --> Undefined variable $tbarang
in APPPATH\Views\partial\footer.php on line 201.
 1 APPPATH\Views\partial\footer.php(201): CodeIgniter\Debug\Exceptions->errorHandler(2, 'Undefined variable $tbarang', 'C:\\xampp\\htdocs\\ci4project\\app\\Views\\partial\\footer.php', 201)
 2 SYSTEMPATH\View\View.php(226): include('C:\\xampp\\htdocs\\ci4project\\app\\Views\\partial\\footer.php')
 3 SYSTEMPATH\View\View.php(229): CodeIgniter\View\View->CodeIgniter\View\{closure}()
 4 SYSTEMPATH\Common.php(1188): CodeIgniter\View\View->render('partial/footer', [], true)
 5 APPPATH\Controllers\Add.php(44): view('partial/footer')
 6 SYSTEMPATH\CodeIgniter.php(919): App\Controllers\Add->index()
 7 SYSTEMPATH\CodeIgniter.php(494): CodeIgniter\CodeIgniter->runController(Object(App\Controllers\Add))
 8 SYSTEMPATH\CodeIgniter.php(353): CodeIgniter\CodeIgniter->handleRequest(null, Object(Config\Cache), false)
 9 FCPATH\index.php(79): CodeIgniter\CodeIgniter->run()
10 SYSTEMPATH\Commands\Server\rewrite.php(47): require_once('C:\\xampp\\htdocs\\ci4project\\public\\index.php')
CRITICAL - 2023-10-23 06:01:08 --> Attempt to read property "subcategory" on array
in APPPATH\Views\partial\footer.php on line 201.
 1 APPPATH\Views\partial\footer.php(201): CodeIgniter\Debug\Exceptions->errorHandler(2, 'Attempt to read property "subcategory" on array', 'C:\\xampp\\htdocs\\ci4project\\app\\Views\\partial\\footer.php', 201)
 2 SYSTEMPATH\View\View.php(226): include('C:\\xampp\\htdocs\\ci4project\\app\\Views\\partial\\footer.php')
 3 SYSTEMPATH\View\View.php(229): CodeIgniter\View\View->CodeIgniter\View\{closure}()
 4 SYSTEMPATH\Common.php(1188): CodeIgniter\View\View->render('partial/footer', [], true)
 5 APPPATH\Controllers\Add.php(49): view('partial/footer')
 6 SYSTEMPATH\CodeIgniter.php(919): App\Controllers\Add->index()
 7 SYSTEMPATH\CodeIgniter.php(494): CodeIgniter\CodeIgniter->runController(Object(App\Controllers\Add))
 8 SYSTEMPATH\CodeIgniter.php(353): CodeIgniter\CodeIgniter->handleRequest(null, Object(Config\Cache), false)
 9 FCPATH\index.php(79): CodeIgniter\CodeIgniter->run()
10 SYSTEMPATH\Commands\Server\rewrite.php(47): require_once('C:\\xampp\\htdocs\\ci4project\\public\\index.php')
CRITICAL - 2023-10-23 06:01:11 --> Attempt to read property "subcategory" on array
in APPPATH\Views\partial\footer.php on line 201.
 1 APPPATH\Views\partial\footer.php(201): CodeIgniter\Debug\Exceptions->errorHandler(2, 'Attempt to read property "subcategory" on array', 'C:\\xampp\\htdocs\\ci4project\\app\\Views\\partial\\footer.php', 201)
 2 SYSTEMPATH\View\View.php(226): include('C:\\xampp\\htdocs\\ci4project\\app\\Views\\partial\\footer.php')
 3 SYSTEMPATH\View\View.php(229): CodeIgniter\View\View->CodeIgniter\View\{closure}()
 4 SYSTEMPATH\Common.php(1188): CodeIgniter\View\View->render('partial/footer', [], true)
 5 APPPATH\Controllers\Add.php(49): view('partial/footer')
 6 SYSTEMPATH\CodeIgniter.php(919): App\Controllers\Add->index()
 7 SYSTEMPATH\CodeIgniter.php(494): CodeIgniter\CodeIgniter->runController(Object(App\Controllers\Add))
 8 SYSTEMPATH\CodeIgniter.php(353): CodeIgniter\CodeIgniter->handleRequest(null, Object(Config\Cache), false)
 9 FCPATH\index.php(79): CodeIgniter\CodeIgniter->run()
10 SYSTEMPATH\Commands\Server\rewrite.php(47): require_once('C:\\xampp\\htdocs\\ci4project\\public\\index.php')
ERROR - 2023-10-23 06:21:56 --> [Microsoft][ODBC Driver 17 for SQL Server][SQL Server]Invalid object name 'CBInv.dbo.`tbarang`'.
CRITICAL - 2023-10-23 06:21:56 --> [Microsoft][ODBC Driver 17 for SQL Server][SQL Server]Invalid object name 'CBInv.dbo.`tbarang`'.
in SYSTEMPATH\Database\BaseConnection.php on line 646.
 1 SYSTEMPATH\Database\SQLSRV\Builder.php(610): CodeIgniter\Database\BaseConnection->query('SELECT "distinct" "category"
FROM "CBInv"."dbo"."`tbarang`"
WHERE "category" = :category:', [...], false)
 2 APPPATH\Models\ModelGoods.php(23): CodeIgniter\Database\SQLSRV\Builder->get()
 3 APPPATH\Controllers\Add.php(43): App\Models\ModelGoods->JASA()
 4 SYSTEMPATH\CodeIgniter.php(919): App\Controllers\Add->index()
 5 SYSTEMPATH\CodeIgniter.php(494): CodeIgniter\CodeIgniter->runController(Object(App\Controllers\Add))
 6 SYSTEMPATH\CodeIgniter.php(353): CodeIgniter\CodeIgniter->handleRequest(null, Object(Config\Cache), false)
 7 FCPATH\index.php(79): CodeIgniter\CodeIgniter->run()
 8 SYSTEMPATH\Commands\Server\rewrite.php(47): require_once('C:\\xampp\\htdocs\\ci4project\\public\\index.php')
ERROR - 2023-10-23 06:22:10 --> [Microsoft][ODBC Driver 17 for SQL Server][SQL Server]Invalid object name 'CBInv.dbo.`tbarang`'.
CRITICAL - 2023-10-23 06:22:10 --> [Microsoft][ODBC Driver 17 for SQL Server][SQL Server]Invalid object name 'CBInv.dbo.`tbarang`'.
in SYSTEMPATH\Database\BaseConnection.php on line 646.
 1 SYSTEMPATH\Database\SQLSRV\Builder.php(610): CodeIgniter\Database\BaseConnection->query('SELECT "distinct" "category"
FROM "CBInv"."dbo"."`tbarang`"
WHERE "category" = :category:', [...], false)
 2 APPPATH\Models\ModelGoods.php(23): CodeIgniter\Database\SQLSRV\Builder->get()
 3 APPPATH\Controllers\Add.php(43): App\Models\ModelGoods->JASA()
 4 SYSTEMPATH\CodeIgniter.php(919): App\Controllers\Add->index()
 5 SYSTEMPATH\CodeIgniter.php(494): CodeIgniter\CodeIgniter->runController(Object(App\Controllers\Add))
 6 SYSTEMPATH\CodeIgniter.php(353): CodeIgniter\CodeIgniter->handleRequest(null, Object(Config\Cache), false)
 7 FCPATH\index.php(79): CodeIgniter\CodeIgniter->run()
 8 SYSTEMPATH\Commands\Server\rewrite.php(47): require_once('C:\\xampp\\htdocs\\ci4project\\public\\index.php')
ERROR - 2023-10-23 06:22:30 --> [Microsoft][ODBC Driver 17 for SQL Server][SQL Server]Invalid column name 'distinct'.
CRITICAL - 2023-10-23 06:22:30 --> [Microsoft][ODBC Driver 17 for SQL Server][SQL Server]Invalid column name 'distinct'.
in SYSTEMPATH\Database\BaseConnection.php on line 646.
 1 SYSTEMPATH\Database\SQLSRV\Builder.php(610): CodeIgniter\Database\BaseConnection->query('SELECT "distinct" "category"
FROM "CBInv"."dbo"."tbarang"
WHERE "category" = :category:', [...], false)
 2 APPPATH\Models\ModelGoods.php(23): CodeIgniter\Database\SQLSRV\Builder->get()
 3 APPPATH\Controllers\Add.php(43): App\Models\ModelGoods->JASA()
 4 SYSTEMPATH\CodeIgniter.php(919): App\Controllers\Add->index()
 5 SYSTEMPATH\CodeIgniter.php(494): CodeIgniter\CodeIgniter->runController(Object(App\Controllers\Add))
 6 SYSTEMPATH\CodeIgniter.php(353): CodeIgniter\CodeIgniter->handleRequest(null, Object(Config\Cache), false)
 7 FCPATH\index.php(79): CodeIgniter\CodeIgniter->run()
 8 SYSTEMPATH\Commands\Server\rewrite.php(47): require_once('C:\\xampp\\htdocs\\ci4project\\public\\index.php')
CRITICAL - 2023-10-23 06:28:08 --> Undefined array key "subcategory"
in APPPATH\Views\add_view.php on line 178.
 1 APPPATH\Views\add_view.php(178): CodeIgniter\Debug\Exceptions->errorHandler(2, 'Undefined array key "subcategory"', 'C:\\xampp\\htdocs\\ci4project\\app\\Views\\add_view.php', 178)
 2 SYSTEMPATH\View\View.php(226): include('C:\\xampp\\htdocs\\ci4project\\app\\Views\\add_view.php')
 3 SYSTEMPATH\View\View.php(229): CodeIgniter\View\View->CodeIgniter\View\{closure}()
 4 SYSTEMPATH\Common.php(1188): CodeIgniter\View\View->render('add_view', [], true)
 5 APPPATH\Controllers\Add.php(48): view('add_view', [...])
 6 SYSTEMPATH\CodeIgniter.php(919): App\Controllers\Add->index()
 7 SYSTEMPATH\CodeIgniter.php(494): CodeIgniter\CodeIgniter->runController(Object(App\Controllers\Add))
 8 SYSTEMPATH\CodeIgniter.php(353): CodeIgniter\CodeIgniter->handleRequest(null, Object(Config\Cache), false)
 9 FCPATH\index.php(79): CodeIgniter\CodeIgniter->run()
10 SYSTEMPATH\Commands\Server\rewrite.php(47): require_once('C:\\xampp\\htdocs\\ci4project\\public\\index.php')
CRITICAL - 2023-10-23 06:28:45 --> Attempt to read property "subcategory" on array
in APPPATH\Views\add_view.php on line 178.
 1 APPPATH\Views\add_view.php(178): CodeIgniter\Debug\Exceptions->errorHandler(2, 'Attempt to read property "subcategory" on array', 'C:\\xampp\\htdocs\\ci4project\\app\\Views\\add_view.php', 178)
 2 SYSTEMPATH\View\View.php(226): include('C:\\xampp\\htdocs\\ci4project\\app\\Views\\add_view.php')
 3 SYSTEMPATH\View\View.php(229): CodeIgniter\View\View->CodeIgniter\View\{closure}()
 4 SYSTEMPATH\Common.php(1188): CodeIgniter\View\View->render('add_view', [], true)
 5 APPPATH\Controllers\Add.php(48): view('add_view', [...])
 6 SYSTEMPATH\CodeIgniter.php(919): App\Controllers\Add->index()
 7 SYSTEMPATH\CodeIgniter.php(494): CodeIgniter\CodeIgniter->runController(Object(App\Controllers\Add))
 8 SYSTEMPATH\CodeIgniter.php(353): CodeIgniter\CodeIgniter->handleRequest(null, Object(Config\Cache), false)
 9 FCPATH\index.php(79): CodeIgniter\CodeIgniter->run()
10 SYSTEMPATH\Commands\Server\rewrite.php(47): require_once('C:\\xampp\\htdocs\\ci4project\\public\\index.php')
CRITICAL - 2023-10-23 06:41:50 --> Undefined array key "subcategory"
in APPPATH\Views\add_view.php on line 178.
 1 APPPATH\Views\add_view.php(178): CodeIgniter\Debug\Exceptions->errorHandler(2, 'Undefined array key "subcategory"', 'C:\\xampp\\htdocs\\ci4project\\app\\Views\\add_view.php', 178)
 2 SYSTEMPATH\View\View.php(226): include('C:\\xampp\\htdocs\\ci4project\\app\\Views\\add_view.php')
 3 SYSTEMPATH\View\View.php(229): CodeIgniter\View\View->CodeIgniter\View\{closure}()
 4 SYSTEMPATH\Common.php(1188): CodeIgniter\View\View->render('add_view', [], true)
 5 APPPATH\Controllers\Add.php(48): view('add_view', [...])
 6 SYSTEMPATH\CodeIgniter.php(919): App\Controllers\Add->index()
 7 SYSTEMPATH\CodeIgniter.php(494): CodeIgniter\CodeIgniter->runController(Object(App\Controllers\Add))
 8 SYSTEMPATH\CodeIgniter.php(353): CodeIgniter\CodeIgniter->handleRequest(null, Object(Config\Cache), false)
 9 FCPATH\index.php(79): CodeIgniter\CodeIgniter->run()
10 SYSTEMPATH\Commands\Server\rewrite.php(47): require_once('C:\\xampp\\htdocs\\ci4project\\public\\index.php')
ERROR - 2023-10-23 07:03:19 --> [Microsoft][ODBC Driver 17 for SQL Server][SQL Server]Invalid column name 'category'.
CRITICAL - 2023-10-23 07:03:19 --> [Microsoft][ODBC Driver 17 for SQL Server][SQL Server]Invalid column name 'category'.
in SYSTEMPATH\Database\BaseConnection.php on line 646.
 1 SYSTEMPATH\Database\SQLSRV\Builder.php(610): CodeIgniter\Database\BaseConnection->query('SELECT DISTINCT category
FROM "CBInv"."dbo"."tpoheader"', [], false)
 2 SYSTEMPATH\Model.php(237): CodeIgniter\Database\SQLSRV\Builder->get()
 3 SYSTEMPATH\BaseModel.php(624): CodeIgniter\Model->doFindAll(0, 0)
 4 APPPATH\Controllers\Add.php(45): CodeIgniter\BaseModel->findAll()
 5 SYSTEMPATH\CodeIgniter.php(919): App\Controllers\Add->index()
 6 SYSTEMPATH\CodeIgniter.php(494): CodeIgniter\CodeIgniter->runController(Object(App\Controllers\Add))
 7 SYSTEMPATH\CodeIgniter.php(353): CodeIgniter\CodeIgniter->handleRequest(null, Object(Config\Cache), false)
 8 FCPATH\index.php(79): CodeIgniter\CodeIgniter->run()
 9 SYSTEMPATH\Commands\Server\rewrite.php(47): require_once('C:\\xampp\\htdocs\\ci4project\\public\\index.php')
CRITICAL - 2023-10-23 07:04:56 --> Undefined array key "KodeDept"
in APPPATH\Views\add_view.php on line 178.
 1 APPPATH\Views\add_view.php(178): CodeIgniter\Debug\Exceptions->errorHandler(2, 'Undefined array key "KodeDept"', 'C:\\xampp\\htdocs\\ci4project\\app\\Views\\add_view.php', 178)
 2 SYSTEMPATH\View\View.php(226): include('C:\\xampp\\htdocs\\ci4project\\app\\Views\\add_view.php')
 3 SYSTEMPATH\View\View.php(229): CodeIgniter\View\View->CodeIgniter\View\{closure}()
 4 SYSTEMPATH\Common.php(1188): CodeIgniter\View\View->render('add_view', [], true)
 5 APPPATH\Controllers\Add.php(52): view('add_view', [...])
 6 SYSTEMPATH\CodeIgniter.php(919): App\Controllers\Add->index()
 7 SYSTEMPATH\CodeIgniter.php(494): CodeIgniter\CodeIgniter->runController(Object(App\Controllers\Add))
 8 SYSTEMPATH\CodeIgniter.php(353): CodeIgniter\CodeIgniter->handleRequest(null, Object(Config\Cache), false)
 9 FCPATH\index.php(79): CodeIgniter\CodeIgniter->run()
10 SYSTEMPATH\Commands\Server\rewrite.php(47): require_once('C:\\xampp\\htdocs\\ci4project\\public\\index.php')
CRITICAL - 2023-10-23 07:05:11 --> Undefined array key "subcategory"
in APPPATH\Views\add_view.php on line 178.
 1 APPPATH\Views\add_view.php(178): CodeIgniter\Debug\Exceptions->errorHandler(2, 'Undefined array key "subcategory"', 'C:\\xampp\\htdocs\\ci4project\\app\\Views\\add_view.php', 178)
 2 SYSTEMPATH\View\View.php(226): include('C:\\xampp\\htdocs\\ci4project\\app\\Views\\add_view.php')
 3 SYSTEMPATH\View\View.php(229): CodeIgniter\View\View->CodeIgniter\View\{closure}()
 4 SYSTEMPATH\Common.php(1188): CodeIgniter\View\View->render('add_view', [], true)
 5 APPPATH\Controllers\Add.php(52): view('add_view', [...])
 6 SYSTEMPATH\CodeIgniter.php(919): App\Controllers\Add->index()
 7 SYSTEMPATH\CodeIgniter.php(494): CodeIgniter\CodeIgniter->runController(Object(App\Controllers\Add))
 8 SYSTEMPATH\CodeIgniter.php(353): CodeIgniter\CodeIgniter->handleRequest(null, Object(Config\Cache), false)
 9 FCPATH\index.php(79): CodeIgniter\CodeIgniter->run()
10 SYSTEMPATH\Commands\Server\rewrite.php(47): require_once('C:\\xampp\\htdocs\\ci4project\\public\\index.php')
CRITICAL - 2023-10-23 07:14:26 --> Undefined array key "subcategory"
in APPPATH\Views\add_view.php on line 178.
 1 APPPATH\Views\add_view.php(178): CodeIgniter\Debug\Exceptions->errorHandler(2, 'Undefined array key "subcategory"', 'C:\\xampp\\htdocs\\ci4project\\app\\Views\\add_view.php', 178)
 2 SYSTEMPATH\View\View.php(226): include('C:\\xampp\\htdocs\\ci4project\\app\\Views\\add_view.php')
 3 SYSTEMPATH\View\View.php(229): CodeIgniter\View\View->CodeIgniter\View\{closure}()
 4 SYSTEMPATH\Common.php(1188): CodeIgniter\View\View->render('add_view', [], true)
 5 APPPATH\Controllers\Add.php(52): view('add_view', [...])
 6 SYSTEMPATH\CodeIgniter.php(919): App\Controllers\Add->index()
 7 SYSTEMPATH\CodeIgniter.php(494): CodeIgniter\CodeIgniter->runController(Object(App\Controllers\Add))
 8 SYSTEMPATH\CodeIgniter.php(353): CodeIgniter\CodeIgniter->handleRequest(null, Object(Config\Cache), false)
 9 FCPATH\index.php(79): CodeIgniter\CodeIgniter->run()
10 SYSTEMPATH\Commands\Server\rewrite.php(47): require_once('C:\\xampp\\htdocs\\ci4project\\public\\index.php')
CRITICAL - 2023-10-23 07:17:25 --> Undefined property: stdClass::$item_code
in APPPATH\Views\partial\footer.php on line 202.
 1 APPPATH\Views\partial\footer.php(202): CodeIgniter\Debug\Exceptions->errorHandler(2, 'Undefined property: stdClass::$item_code', 'C:\\xampp\\htdocs\\ci4project\\app\\Views\\partial\\footer.php', 202)
 2 SYSTEMPATH\View\View.php(226): include('C:\\xampp\\htdocs\\ci4project\\app\\Views\\partial\\footer.php')
 3 SYSTEMPATH\View\View.php(229): CodeIgniter\View\View->CodeIgniter\View\{closure}()
 4 SYSTEMPATH\Common.php(1188): CodeIgniter\View\View->render('partial/footer', [], true)
 5 APPPATH\Controllers\Add.php(53): view('partial/footer')
 6 SYSTEMPATH\CodeIgniter.php(919): App\Controllers\Add->index()
 7 SYSTEMPATH\CodeIgniter.php(494): CodeIgniter\CodeIgniter->runController(Object(App\Controllers\Add))
 8 SYSTEMPATH\CodeIgniter.php(353): CodeIgniter\CodeIgniter->handleRequest(null, Object(Config\Cache), false)
 9 FCPATH\index.php(79): CodeIgniter\CodeIgniter->run()
10 SYSTEMPATH\Commands\Server\rewrite.php(47): require_once('C:\\xampp\\htdocs\\ci4project\\public\\index.php')
CRITICAL - 2023-10-23 07:17:45 --> Undefined property: stdClass::$item_code
in APPPATH\Views\partial\footer.php on line 202.
 1 APPPATH\Views\partial\footer.php(202): CodeIgniter\Debug\Exceptions->errorHandler(2, 'Undefined property: stdClass::$item_code', 'C:\\xampp\\htdocs\\ci4project\\app\\Views\\partial\\footer.php', 202)
 2 SYSTEMPATH\View\View.php(226): include('C:\\xampp\\htdocs\\ci4project\\app\\Views\\partial\\footer.php')
 3 SYSTEMPATH\View\View.php(229): CodeIgniter\View\View->CodeIgniter\View\{closure}()
 4 SYSTEMPATH\Common.php(1188): CodeIgniter\View\View->render('partial/footer', [], true)
 5 APPPATH\Controllers\Add.php(53): view('partial/footer')
 6 SYSTEMPATH\CodeIgniter.php(919): App\Controllers\Add->index()
 7 SYSTEMPATH\CodeIgniter.php(494): CodeIgniter\CodeIgniter->runController(Object(App\Controllers\Add))
 8 SYSTEMPATH\CodeIgniter.php(353): CodeIgniter\CodeIgniter->handleRequest(null, Object(Config\Cache), false)
 9 FCPATH\index.php(79): CodeIgniter\CodeIgniter->run()
10 SYSTEMPATH\Commands\Server\rewrite.php(47): require_once('C:\\xampp\\htdocs\\ci4project\\public\\index.php')
CRITICAL - 2023-10-23 07:18:28 --> Undefined property: stdClass::$item_code
in APPPATH\Views\partial\footer.php on line 202.
 1 APPPATH\Views\partial\footer.php(202): CodeIgniter\Debug\Exceptions->errorHandler(2, 'Undefined property: stdClass::$item_code', 'C:\\xampp\\htdocs\\ci4project\\app\\Views\\partial\\footer.php', 202)
 2 SYSTEMPATH\View\View.php(226): include('C:\\xampp\\htdocs\\ci4project\\app\\Views\\partial\\footer.php')
 3 SYSTEMPATH\View\View.php(229): CodeIgniter\View\View->CodeIgniter\View\{closure}()
 4 SYSTEMPATH\Common.php(1188): CodeIgniter\View\View->render('partial/footer', [], true)
 5 APPPATH\Controllers\Add.php(53): view('partial/footer')
 6 SYSTEMPATH\CodeIgniter.php(919): App\Controllers\Add->index()
 7 SYSTEMPATH\CodeIgniter.php(494): CodeIgniter\CodeIgniter->runController(Object(App\Controllers\Add))
 8 SYSTEMPATH\CodeIgniter.php(353): CodeIgniter\CodeIgniter->handleRequest(null, Object(Config\Cache), false)
 9 FCPATH\index.php(79): CodeIgniter\CodeIgniter->run()
10 SYSTEMPATH\Commands\Server\rewrite.php(47): require_once('C:\\xampp\\htdocs\\ci4project\\public\\index.php')
ERROR - 2023-10-23 07:19:17 --> [Microsoft][ODBC Driver 17 for SQL Server][SQL Server]Invalid column name 'distinct'.
CRITICAL - 2023-10-23 07:19:17 --> [Microsoft][ODBC Driver 17 for SQL Server][SQL Server]Invalid column name 'distinct'.
in SYSTEMPATH\Database\BaseConnection.php on line 646.
 1 SYSTEMPATH\Database\SQLSRV\Builder.php(610): CodeIgniter\Database\BaseConnection->query('SELECT "distinct" "category"
FROM "CBInv"."dbo"."tbarang"
WHERE "category" = :category:', [...], false)
 2 APPPATH\Models\ModelGoods.php(23): CodeIgniter\Database\SQLSRV\Builder->get()
 3 APPPATH\Controllers\Add.php(43): App\Models\ModelGoods->JASA()
 4 SYSTEMPATH\CodeIgniter.php(919): App\Controllers\Add->index()
 5 SYSTEMPATH\CodeIgniter.php(494): CodeIgniter\CodeIgniter->runController(Object(App\Controllers\Add))
 6 SYSTEMPATH\CodeIgniter.php(353): CodeIgniter\CodeIgniter->handleRequest(null, Object(Config\Cache), false)
 7 FCPATH\index.php(79): CodeIgniter\CodeIgniter->run()
 8 SYSTEMPATH\Commands\Server\rewrite.php(47): require_once('C:\\xampp\\htdocs\\ci4project\\public\\index.php')
CRITICAL - 2023-10-23 07:20:09 --> Undefined property: stdClass::$item_code
in APPPATH\Views\partial\footer.php on line 202.
 1 APPPATH\Views\partial\footer.php(202): CodeIgniter\Debug\Exceptions->errorHandler(2, 'Undefined property: stdClass::$item_code', 'C:\\xampp\\htdocs\\ci4project\\app\\Views\\partial\\footer.php', 202)
 2 SYSTEMPATH\View\View.php(226): include('C:\\xampp\\htdocs\\ci4project\\app\\Views\\partial\\footer.php')
 3 SYSTEMPATH\View\View.php(229): CodeIgniter\View\View->CodeIgniter\View\{closure}()
 4 SYSTEMPATH\Common.php(1188): CodeIgniter\View\View->render('partial/footer', [], true)
 5 APPPATH\Controllers\Add.php(49): view('partial/footer')
 6 SYSTEMPATH\CodeIgniter.php(919): App\Controllers\Add->index()
 7 SYSTEMPATH\CodeIgniter.php(494): CodeIgniter\CodeIgniter->runController(Object(App\Controllers\Add))
 8 SYSTEMPATH\CodeIgniter.php(353): CodeIgniter\CodeIgniter->handleRequest(null, Object(Config\Cache), false)
 9 FCPATH\index.php(79): CodeIgniter\CodeIgniter->run()
10 SYSTEMPATH\Commands\Server\rewrite.php(47): require_once('C:\\xampp\\htdocs\\ci4project\\public\\index.php')
CRITICAL - 2023-10-23 07:22:05 --> Undefined property: stdClass::$item_code
in APPPATH\Views\partial\footer.php on line 202.
 1 APPPATH\Views\partial\footer.php(202): CodeIgniter\Debug\Exceptions->errorHandler(2, 'Undefined property: stdClass::$item_code', 'C:\\xampp\\htdocs\\ci4project\\app\\Views\\partial\\footer.php', 202)
 2 SYSTEMPATH\View\View.php(226): include('C:\\xampp\\htdocs\\ci4project\\app\\Views\\partial\\footer.php')
 3 SYSTEMPATH\View\View.php(229): CodeIgniter\View\View->CodeIgniter\View\{closure}()
 4 SYSTEMPATH\Common.php(1188): CodeIgniter\View\View->render('partial/footer', [], true)
 5 APPPATH\Controllers\Add.php(49): view('partial/footer')
 6 SYSTEMPATH\CodeIgniter.php(919): App\Controllers\Add->index()
 7 SYSTEMPATH\CodeIgniter.php(494): CodeIgniter\CodeIgniter->runController(Object(App\Controllers\Add))
 8 SYSTEMPATH\CodeIgniter.php(353): CodeIgniter\CodeIgniter->handleRequest(null, Object(Config\Cache), false)
 9 FCPATH\index.php(79): CodeIgniter\CodeIgniter->run()
10 SYSTEMPATH\Commands\Server\rewrite.php(47): require_once('C:\\xampp\\htdocs\\ci4project\\public\\index.php')
CRITICAL - 2023-10-23 07:23:00 --> Undefined property: stdClass::$item_code
in APPPATH\Views\partial\footer.php on line 202.
 1 APPPATH\Views\partial\footer.php(202): CodeIgniter\Debug\Exceptions->errorHandler(2, 'Undefined property: stdClass::$item_code', 'C:\\xampp\\htdocs\\ci4project\\app\\Views\\partial\\footer.php', 202)
 2 SYSTEMPATH\View\View.php(226): include('C:\\xampp\\htdocs\\ci4project\\app\\Views\\partial\\footer.php')
 3 SYSTEMPATH\View\View.php(229): CodeIgniter\View\View->CodeIgniter\View\{closure}()
 4 SYSTEMPATH\Common.php(1188): CodeIgniter\View\View->render('partial/footer', [], true)
 5 APPPATH\Controllers\Add.php(49): view('partial/footer')
 6 SYSTEMPATH\CodeIgniter.php(919): App\Controllers\Add->index()
 7 SYSTEMPATH\CodeIgniter.php(494): CodeIgniter\CodeIgniter->runController(Object(App\Controllers\Add))
 8 SYSTEMPATH\CodeIgniter.php(353): CodeIgniter\CodeIgniter->handleRequest(null, Object(Config\Cache), false)
 9 FCPATH\index.php(79): CodeIgniter\CodeIgniter->run()
10 SYSTEMPATH\Commands\Server\rewrite.php(47): require_once('C:\\xampp\\htdocs\\ci4project\\public\\index.php')
CRITICAL - 2023-10-23 07:29:41 --> Undefined array key "JASA"
in APPPATH\Views\partial\footer.php on line 201.
 1 APPPATH\Views\partial\footer.php(201): CodeIgniter\Debug\Exceptions->errorHandler(2, 'Undefined array key "JASA"', 'C:\\xampp\\htdocs\\ci4project\\app\\Views\\partial\\footer.php', 201)
 2 SYSTEMPATH\View\View.php(226): include('C:\\xampp\\htdocs\\ci4project\\app\\Views\\partial\\footer.php')
 3 SYSTEMPATH\View\View.php(229): CodeIgniter\View\View->CodeIgniter\View\{closure}()
 4 SYSTEMPATH\Common.php(1188): CodeIgniter\View\View->render('partial/footer', [], true)
 5 APPPATH\Controllers\Add.php(49): view('partial/footer')
 6 SYSTEMPATH\CodeIgniter.php(919): App\Controllers\Add->index()
 7 SYSTEMPATH\CodeIgniter.php(494): CodeIgniter\CodeIgniter->runController(Object(App\Controllers\Add))
 8 SYSTEMPATH\CodeIgniter.php(353): CodeIgniter\CodeIgniter->handleRequest(null, Object(Config\Cache), false)
 9 FCPATH\index.php(79): CodeIgniter\CodeIgniter->run()
10 SYSTEMPATH\Commands\Server\rewrite.php(47): require_once('C:\\xampp\\htdocs\\ci4project\\public\\index.php')
CRITICAL - 2023-10-23 07:30:35 --> Undefined array key "JASA"
in APPPATH\Views\partial\footer.php on line 201.
 1 APPPATH\Views\partial\footer.php(201): CodeIgniter\Debug\Exceptions->errorHandler(2, 'Undefined array key "JASA"', 'C:\\xampp\\htdocs\\ci4project\\app\\Views\\partial\\footer.php', 201)
 2 SYSTEMPATH\View\View.php(226): include('C:\\xampp\\htdocs\\ci4project\\app\\Views\\partial\\footer.php')
 3 SYSTEMPATH\View\View.php(229): CodeIgniter\View\View->CodeIgniter\View\{closure}()
 4 SYSTEMPATH\Common.php(1188): CodeIgniter\View\View->render('partial/footer', [], true)
 5 APPPATH\Controllers\Add.php(49): view('partial/footer')
 6 SYSTEMPATH\CodeIgniter.php(919): App\Controllers\Add->index()
 7 SYSTEMPATH\CodeIgniter.php(494): CodeIgniter\CodeIgniter->runController(Object(App\Controllers\Add))
 8 SYSTEMPATH\CodeIgniter.php(353): CodeIgniter\CodeIgniter->handleRequest(null, Object(Config\Cache), false)
 9 FCPATH\index.php(79): CodeIgniter\CodeIgniter->run()
10 SYSTEMPATH\Commands\Server\rewrite.php(47): require_once('C:\\xampp\\htdocs\\ci4project\\public\\index.php')
CRITICAL - 2023-10-23 07:30:51 --> Undefined array key "JASA"
in APPPATH\Views\partial\footer.php on line 201.
 1 APPPATH\Views\partial\footer.php(201): CodeIgniter\Debug\Exceptions->errorHandler(2, 'Undefined array key "JASA"', 'C:\\xampp\\htdocs\\ci4project\\app\\Views\\partial\\footer.php', 201)
 2 SYSTEMPATH\View\View.php(226): include('C:\\xampp\\htdocs\\ci4project\\app\\Views\\partial\\footer.php')
 3 SYSTEMPATH\View\View.php(229): CodeIgniter\View\View->CodeIgniter\View\{closure}()
 4 SYSTEMPATH\Common.php(1188): CodeIgniter\View\View->render('partial/footer', [], true)
 5 APPPATH\Controllers\Add.php(49): view('partial/footer')
 6 SYSTEMPATH\CodeIgniter.php(919): App\Controllers\Add->index()
 7 SYSTEMPATH\CodeIgniter.php(494): CodeIgniter\CodeIgniter->runController(Object(App\Controllers\Add))
 8 SYSTEMPATH\CodeIgniter.php(353): CodeIgniter\CodeIgniter->handleRequest(null, Object(Config\Cache), false)
 9 FCPATH\index.php(79): CodeIgniter\CodeIgniter->run()
10 SYSTEMPATH\Commands\Server\rewrite.php(47): require_once('C:\\xampp\\htdocs\\ci4project\\public\\index.php')
CRITICAL - 2023-10-23 07:48:29 --> Call to undefined method App\Models\ModelGoods::JASA
in SYSTEMPATH\Model.php on line 873.
 1 APPPATH\Controllers\Add.php(43): CodeIgniter\Model->__call('JASA', [])
 2 SYSTEMPATH\CodeIgniter.php(919): App\Controllers\Add->index()
 3 SYSTEMPATH\CodeIgniter.php(494): CodeIgniter\CodeIgniter->runController(Object(App\Controllers\Add))
 4 SYSTEMPATH\CodeIgniter.php(353): CodeIgniter\CodeIgniter->handleRequest(null, Object(Config\Cache), false)
 5 FCPATH\index.php(79): CodeIgniter\CodeIgniter->run()
 6 SYSTEMPATH\Commands\Server\rewrite.php(47): require_once('C:\\xampp\\htdocs\\ci4project\\public\\index.php')
