CRITICAL - 2023-10-18 01:31:05 --> Undefined variable $vpo_test
in APPPATH\Views\add_view.php on line 44.
 1 APPPATH\Views\add_view.php(44): CodeIgniter\Debug\Exceptions->errorHandler(2, 'Undefined variable $vpo_test', 'C:\\xampp\\htdocs\\ci4project\\app\\Views\\add_view.php', 44)
 2 SYSTEMPATH\View\View.php(226): include('C:\\xampp\\htdocs\\ci4project\\app\\Views\\add_view.php')
 3 SYSTEMPATH\View\View.php(229): CodeIgniter\View\View->CodeIgniter\View\{closure}()
 4 SYSTEMPATH\Common.php(1188): CodeIgniter\View\View->render('add_view', [], true)
 5 APPPATH\Controllers\Add.php(38): view('add_view', [...])
 6 SYSTEMPATH\CodeIgniter.php(919): App\Controllers\Add->indexDetail()
 7 SYSTEMPATH\CodeIgniter.php(494): CodeIgniter\CodeIgniter->runController(Object(App\Controllers\Add))
 8 SYSTEMPATH\CodeIgniter.php(353): CodeIgniter\CodeIgniter->handleRequest(null, Object(Config\Cache), false)
 9 FCPATH\index.php(79): CodeIgniter\CodeIgniter->run()
CRITICAL - 2023-10-18 01:31:53 --> Undefined array key "item_name"
in APPPATH\Views\add_view.php on line 47.
 1 APPPATH\Views\add_view.php(47): CodeIgniter\Debug\Exceptions->errorHandler(2, 'Undefined array key "item_name"', 'C:\\xampp\\htdocs\\ci4project\\app\\Views\\add_view.php', 47)
 2 SYSTEMPATH\View\View.php(226): include('C:\\xampp\\htdocs\\ci4project\\app\\Views\\add_view.php')
 3 SYSTEMPATH\View\View.php(229): CodeIgniter\View\View->CodeIgniter\View\{closure}()
 4 SYSTEMPATH\Common.php(1188): CodeIgniter\View\View->render('add_view', [], true)
 5 APPPATH\Controllers\Add.php(38): view('add_view', [...])
 6 SYSTEMPATH\CodeIgniter.php(919): App\Controllers\Add->indexDetail()
 7 SYSTEMPATH\CodeIgniter.php(494): CodeIgniter\CodeIgniter->runController(Object(App\Controllers\Add))
 8 SYSTEMPATH\CodeIgniter.php(353): CodeIgniter\CodeIgniter->handleRequest(null, Object(Config\Cache), false)
 9 FCPATH\index.php(79): CodeIgniter\CodeIgniter->run()
CRITICAL - 2023-10-18 01:32:13 --> Undefined array key "item_name"
in APPPATH\Views\add_view.php on line 132.
 1 APPPATH\Views\add_view.php(132): CodeIgniter\Debug\Exceptions->errorHandler(2, 'Undefined array key "item_name"', 'C:\\xampp\\htdocs\\ci4project\\app\\Views\\add_view.php', 132)
 2 SYSTEMPATH\View\View.php(226): include('C:\\xampp\\htdocs\\ci4project\\app\\Views\\add_view.php')
 3 SYSTEMPATH\View\View.php(229): CodeIgniter\View\View->CodeIgniter\View\{closure}()
 4 SYSTEMPATH\Common.php(1188): CodeIgniter\View\View->render('add_view', [], true)
 5 APPPATH\Controllers\Add.php(38): view('add_view', [...])
 6 SYSTEMPATH\CodeIgniter.php(919): App\Controllers\Add->indexDetail()
 7 SYSTEMPATH\CodeIgniter.php(494): CodeIgniter\CodeIgniter->runController(Object(App\Controllers\Add))
 8 SYSTEMPATH\CodeIgniter.php(353): CodeIgniter\CodeIgniter->handleRequest(null, Object(Config\Cache), false)
 9 FCPATH\index.php(79): CodeIgniter\CodeIgniter->run()
CRITICAL - 2023-10-18 01:32:29 --> Undefined variable $vpo_test
in APPPATH\Views\add_view.php on line 136.
 1 APPPATH\Views\add_view.php(136): CodeIgniter\Debug\Exceptions->errorHandler(2, 'Undefined variable $vpo_test', 'C:\\xampp\\htdocs\\ci4project\\app\\Views\\add_view.php', 136)
 2 SYSTEMPATH\View\View.php(226): include('C:\\xampp\\htdocs\\ci4project\\app\\Views\\add_view.php')
 3 SYSTEMPATH\View\View.php(229): CodeIgniter\View\View->CodeIgniter\View\{closure}()
 4 SYSTEMPATH\Common.php(1188): CodeIgniter\View\View->render('add_view', [], true)
 5 APPPATH\Controllers\Add.php(38): view('add_view', [...])
 6 SYSTEMPATH\CodeIgniter.php(919): App\Controllers\Add->indexDetail()
 7 SYSTEMPATH\CodeIgniter.php(494): CodeIgniter\CodeIgniter->runController(Object(App\Controllers\Add))
 8 SYSTEMPATH\CodeIgniter.php(353): CodeIgniter\CodeIgniter->handleRequest(null, Object(Config\Cache), false)
 9 FCPATH\index.php(79): CodeIgniter\CodeIgniter->run()
CRITICAL - 2023-10-18 01:45:47 --> Undefined variable $tpodetail
in APPPATH\Views\add_view.php on line 146.
 1 APPPATH\Views\add_view.php(146): CodeIgniter\Debug\Exceptions->errorHandler(2, 'Undefined variable $tpodetail', 'C:\\xampp\\htdocs\\ci4project\\app\\Views\\add_view.php', 146)
 2 SYSTEMPATH\View\View.php(226): include('C:\\xampp\\htdocs\\ci4project\\app\\Views\\add_view.php')
 3 SYSTEMPATH\View\View.php(229): CodeIgniter\View\View->CodeIgniter\View\{closure}()
 4 SYSTEMPATH\Common.php(1188): CodeIgniter\View\View->render('add_view', [], true)
 5 APPPATH\Controllers\Add.php(24): view('add_view', [...])
 6 SYSTEMPATH\CodeIgniter.php(919): App\Controllers\Add->index()
 7 SYSTEMPATH\CodeIgniter.php(494): CodeIgniter\CodeIgniter->runController(Object(App\Controllers\Add))
 8 SYSTEMPATH\CodeIgniter.php(353): CodeIgniter\CodeIgniter->handleRequest(null, Object(Config\Cache), false)
 9 FCPATH\index.php(79): CodeIgniter\CodeIgniter->run()
CRITICAL - 2023-10-18 01:46:09 --> Undefined variable $tpodetail
in APPPATH\Views\add_view.php on line 146.
 1 APPPATH\Views\add_view.php(146): CodeIgniter\Debug\Exceptions->errorHandler(2, 'Undefined variable $tpodetail', 'C:\\xampp\\htdocs\\ci4project\\app\\Views\\add_view.php', 146)
 2 SYSTEMPATH\View\View.php(226): include('C:\\xampp\\htdocs\\ci4project\\app\\Views\\add_view.php')
 3 SYSTEMPATH\View\View.php(229): CodeIgniter\View\View->CodeIgniter\View\{closure}()
 4 SYSTEMPATH\Common.php(1188): CodeIgniter\View\View->render('add_view', [], true)
 5 APPPATH\Controllers\Add.php(24): view('add_view', [...])
 6 SYSTEMPATH\CodeIgniter.php(919): App\Controllers\Add->index()
 7 SYSTEMPATH\CodeIgniter.php(494): CodeIgniter\CodeIgniter->runController(Object(App\Controllers\Add))
 8 SYSTEMPATH\CodeIgniter.php(353): CodeIgniter\CodeIgniter->handleRequest(null, Object(Config\Cache), false)
 9 FCPATH\index.php(79): CodeIgniter\CodeIgniter->run()
CRITICAL - 2023-10-18 01:46:14 --> Undefined variable $tpodetail
in APPPATH\Views\add_view.php on line 146.
 1 APPPATH\Views\add_view.php(146): CodeIgniter\Debug\Exceptions->errorHandler(2, 'Undefined variable $tpodetail', 'C:\\xampp\\htdocs\\ci4project\\app\\Views\\add_view.php', 146)
 2 SYSTEMPATH\View\View.php(226): include('C:\\xampp\\htdocs\\ci4project\\app\\Views\\add_view.php')
 3 SYSTEMPATH\View\View.php(229): CodeIgniter\View\View->CodeIgniter\View\{closure}()
 4 SYSTEMPATH\Common.php(1188): CodeIgniter\View\View->render('add_view', [], true)
 5 APPPATH\Controllers\Add.php(24): view('add_view', [...])
 6 SYSTEMPATH\CodeIgniter.php(919): App\Controllers\Add->index()
 7 SYSTEMPATH\CodeIgniter.php(494): CodeIgniter\CodeIgniter->runController(Object(App\Controllers\Add))
 8 SYSTEMPATH\CodeIgniter.php(353): CodeIgniter\CodeIgniter->handleRequest(null, Object(Config\Cache), false)
 9 FCPATH\index.php(79): CodeIgniter\CodeIgniter->run()
CRITICAL - 2023-10-18 01:46:31 --> Undefined variable $vpo_test
in APPPATH\Views\add_view.php on line 44.
 1 APPPATH\Views\add_view.php(44): CodeIgniter\Debug\Exceptions->errorHandler(2, 'Undefined variable $vpo_test', 'C:\\xampp\\htdocs\\ci4project\\app\\Views\\add_view.php', 44)
 2 SYSTEMPATH\View\View.php(226): include('C:\\xampp\\htdocs\\ci4project\\app\\Views\\add_view.php')
 3 SYSTEMPATH\View\View.php(229): CodeIgniter\View\View->CodeIgniter\View\{closure}()
 4 SYSTEMPATH\Common.php(1188): CodeIgniter\View\View->render('add_view', [], true)
 5 APPPATH\Controllers\Add.php(38): view('add_view', [...])
 6 SYSTEMPATH\CodeIgniter.php(919): App\Controllers\Add->indexDetail()
 7 SYSTEMPATH\CodeIgniter.php(494): CodeIgniter\CodeIgniter->runController(Object(App\Controllers\Add))
 8 SYSTEMPATH\CodeIgniter.php(353): CodeIgniter\CodeIgniter->handleRequest(null, Object(Config\Cache), false)
 9 FCPATH\index.php(79): CodeIgniter\CodeIgniter->run()
CRITICAL - 2023-10-18 01:47:10 --> Undefined variable $vpo_test
in APPPATH\Views\add_view.php on line 44.
 1 APPPATH\Views\add_view.php(44): CodeIgniter\Debug\Exceptions->errorHandler(2, 'Undefined variable $vpo_test', 'C:\\xampp\\htdocs\\ci4project\\app\\Views\\add_view.php', 44)
 2 SYSTEMPATH\View\View.php(226): include('C:\\xampp\\htdocs\\ci4project\\app\\Views\\add_view.php')
 3 SYSTEMPATH\View\View.php(229): CodeIgniter\View\View->CodeIgniter\View\{closure}()
 4 SYSTEMPATH\Common.php(1188): CodeIgniter\View\View->render('add_view', [], true)
 5 APPPATH\Controllers\Add.php(38): view('add_view', [...])
 6 SYSTEMPATH\CodeIgniter.php(919): App\Controllers\Add->indexDetail()
 7 SYSTEMPATH\CodeIgniter.php(494): CodeIgniter\CodeIgniter->runController(Object(App\Controllers\Add))
 8 SYSTEMPATH\CodeIgniter.php(353): CodeIgniter\CodeIgniter->handleRequest(null, Object(Config\Cache), false)
 9 FCPATH\index.php(79): CodeIgniter\CodeIgniter->run()
CRITICAL - 2023-10-18 01:56:56 --> Undefined variable $vpo_test
in APPPATH\Views\add_view.php on line 44.
 1 APPPATH\Views\add_view.php(44): CodeIgniter\Debug\Exceptions->errorHandler(2, 'Undefined variable $vpo_test', 'C:\\xampp\\htdocs\\ci4project\\app\\Views\\add_view.php', 44)
 2 SYSTEMPATH\View\View.php(226): include('C:\\xampp\\htdocs\\ci4project\\app\\Views\\add_view.php')
 3 SYSTEMPATH\View\View.php(229): CodeIgniter\View\View->CodeIgniter\View\{closure}()
 4 SYSTEMPATH\Common.php(1188): CodeIgniter\View\View->render('add_view', [], true)
 5 APPPATH\Controllers\Add.php(38): view('add_view', [...])
 6 SYSTEMPATH\CodeIgniter.php(919): App\Controllers\Add->indexDetail()
 7 SYSTEMPATH\CodeIgniter.php(494): CodeIgniter\CodeIgniter->runController(Object(App\Controllers\Add))
 8 SYSTEMPATH\CodeIgniter.php(353): CodeIgniter\CodeIgniter->handleRequest(null, Object(Config\Cache), false)
 9 FCPATH\index.php(79): CodeIgniter\CodeIgniter->run()
CRITICAL - 2023-10-18 01:57:01 --> Undefined variable $vpo_test
in APPPATH\Views\add_view.php on line 44.
 1 APPPATH\Views\add_view.php(44): CodeIgniter\Debug\Exceptions->errorHandler(2, 'Undefined variable $vpo_test', 'C:\\xampp\\htdocs\\ci4project\\app\\Views\\add_view.php', 44)
 2 SYSTEMPATH\View\View.php(226): include('C:\\xampp\\htdocs\\ci4project\\app\\Views\\add_view.php')
 3 SYSTEMPATH\View\View.php(229): CodeIgniter\View\View->CodeIgniter\View\{closure}()
 4 SYSTEMPATH\Common.php(1188): CodeIgniter\View\View->render('add_view', [], true)
 5 APPPATH\Controllers\Add.php(38): view('add_view', [...])
 6 SYSTEMPATH\CodeIgniter.php(919): App\Controllers\Add->indexDetail()
 7 SYSTEMPATH\CodeIgniter.php(494): CodeIgniter\CodeIgniter->runController(Object(App\Controllers\Add))
 8 SYSTEMPATH\CodeIgniter.php(353): CodeIgniter\CodeIgniter->handleRequest(null, Object(Config\Cache), false)
 9 FCPATH\index.php(79): CodeIgniter\CodeIgniter->run()
CRITICAL - 2023-10-18 02:00:55 --> Undefined variable $vpo_test
in APPPATH\Views\add_view.php on line 44.
 1 APPPATH\Views\add_view.php(44): CodeIgniter\Debug\Exceptions->errorHandler(2, 'Undefined variable $vpo_test', 'C:\\xampp\\htdocs\\ci4project\\app\\Views\\add_view.php', 44)
 2 SYSTEMPATH\View\View.php(226): include('C:\\xampp\\htdocs\\ci4project\\app\\Views\\add_view.php')
 3 SYSTEMPATH\View\View.php(229): CodeIgniter\View\View->CodeIgniter\View\{closure}()
 4 SYSTEMPATH\Common.php(1188): CodeIgniter\View\View->render('add_view', [], true)
 5 APPPATH\Controllers\Add.php(38): view('add_view', [...])
 6 SYSTEMPATH\CodeIgniter.php(919): App\Controllers\Add->indexDetail()
 7 SYSTEMPATH\CodeIgniter.php(494): CodeIgniter\CodeIgniter->runController(Object(App\Controllers\Add))
 8 SYSTEMPATH\CodeIgniter.php(353): CodeIgniter\CodeIgniter->handleRequest(null, Object(Config\Cache), false)
 9 FCPATH\index.php(79): CodeIgniter\CodeIgniter->run()
CRITICAL - 2023-10-18 02:01:29 --> Undefined variable $vpo_test
in APPPATH\Views\add_view.php on line 44.
 1 APPPATH\Views\add_view.php(44): CodeIgniter\Debug\Exceptions->errorHandler(2, 'Undefined variable $vpo_test', 'C:\\xampp\\htdocs\\ci4project\\app\\Views\\add_view.php', 44)
 2 SYSTEMPATH\View\View.php(226): include('C:\\xampp\\htdocs\\ci4project\\app\\Views\\add_view.php')
 3 SYSTEMPATH\View\View.php(229): CodeIgniter\View\View->CodeIgniter\View\{closure}()
 4 SYSTEMPATH\Common.php(1188): CodeIgniter\View\View->render('add_view', [], true)
 5 APPPATH\Controllers\Add.php(38): view('add_view', [...])
 6 SYSTEMPATH\CodeIgniter.php(919): App\Controllers\Add->indexDetail()
 7 SYSTEMPATH\CodeIgniter.php(494): CodeIgniter\CodeIgniter->runController(Object(App\Controllers\Add))
 8 SYSTEMPATH\CodeIgniter.php(353): CodeIgniter\CodeIgniter->handleRequest(null, Object(Config\Cache), false)
 9 FCPATH\index.php(79): CodeIgniter\CodeIgniter->run()
CRITICAL - 2023-10-18 02:03:45 --> Undefined array key "item_name"
in APPPATH\Views\add_view.php on line 153.
 1 APPPATH\Views\add_view.php(153): CodeIgniter\Debug\Exceptions->errorHandler(2, 'Undefined array key "item_name"', 'C:\\xampp\\htdocs\\ci4project\\app\\Views\\add_view.php', 153)
 2 SYSTEMPATH\View\View.php(226): include('C:\\xampp\\htdocs\\ci4project\\app\\Views\\add_view.php')
 3 SYSTEMPATH\View\View.php(229): CodeIgniter\View\View->CodeIgniter\View\{closure}()
 4 SYSTEMPATH\Common.php(1188): CodeIgniter\View\View->render('add_view', [], true)
 5 APPPATH\Controllers\Add.php(31): view('add_view', [...])
 6 SYSTEMPATH\CodeIgniter.php(919): App\Controllers\Add->index()
 7 SYSTEMPATH\CodeIgniter.php(494): CodeIgniter\CodeIgniter->runController(Object(App\Controllers\Add))
 8 SYSTEMPATH\CodeIgniter.php(353): CodeIgniter\CodeIgniter->handleRequest(null, Object(Config\Cache), false)
 9 FCPATH\index.php(79): CodeIgniter\CodeIgniter->run()
CRITICAL - 2023-10-18 02:04:29 --> Undefined array key "item_name"
in APPPATH\Views\add_view.php on line 153.
 1 APPPATH\Views\add_view.php(153): CodeIgniter\Debug\Exceptions->errorHandler(2, 'Undefined array key "item_name"', 'C:\\xampp\\htdocs\\ci4project\\app\\Views\\add_view.php', 153)
 2 SYSTEMPATH\View\View.php(226): include('C:\\xampp\\htdocs\\ci4project\\app\\Views\\add_view.php')
 3 SYSTEMPATH\View\View.php(229): CodeIgniter\View\View->CodeIgniter\View\{closure}()
 4 SYSTEMPATH\Common.php(1188): CodeIgniter\View\View->render('add_view', [], true)
 5 APPPATH\Controllers\Add.php(31): view('add_view', [...])
 6 SYSTEMPATH\CodeIgniter.php(919): App\Controllers\Add->index()
 7 SYSTEMPATH\CodeIgniter.php(494): CodeIgniter\CodeIgniter->runController(Object(App\Controllers\Add))
 8 SYSTEMPATH\CodeIgniter.php(353): CodeIgniter\CodeIgniter->handleRequest(null, Object(Config\Cache), false)
 9 FCPATH\index.php(79): CodeIgniter\CodeIgniter->run()
CRITICAL - 2023-10-18 02:17:46 --> Undefined array key "item_name"
in APPPATH\Views\add_view.php on line 153.
 1 APPPATH\Views\add_view.php(153): CodeIgniter\Debug\Exceptions->errorHandler(2, 'Undefined array key "item_name"', 'C:\\xampp\\htdocs\\ci4project\\app\\Views\\add_view.php', 153)
 2 SYSTEMPATH\View\View.php(226): include('C:\\xampp\\htdocs\\ci4project\\app\\Views\\add_view.php')
 3 SYSTEMPATH\View\View.php(229): CodeIgniter\View\View->CodeIgniter\View\{closure}()
 4 SYSTEMPATH\Common.php(1188): CodeIgniter\View\View->render('add_view', [], true)
 5 APPPATH\Controllers\Add.php(31): view('add_view', [...])
 6 SYSTEMPATH\CodeIgniter.php(919): App\Controllers\Add->index()
 7 SYSTEMPATH\CodeIgniter.php(494): CodeIgniter\CodeIgniter->runController(Object(App\Controllers\Add))
 8 SYSTEMPATH\CodeIgniter.php(353): CodeIgniter\CodeIgniter->handleRequest(null, Object(Config\Cache), false)
 9 FCPATH\index.php(79): CodeIgniter\CodeIgniter->run()
CRITICAL - 2023-10-18 03:39:25 --> Undefined variable $ModelAddHeader
in APPPATH\Controllers\Add.php on line 35.
 1 APPPATH\Controllers\Add.php(35): CodeIgniter\Debug\Exceptions->errorHandler(2, 'Undefined variable $ModelAddHeader', 'C:\\xampp\\htdocs\\ci4project\\app\\Controllers\\Add.php', 35)
 2 SYSTEMPATH\CodeIgniter.php(919): App\Controllers\Add->index()
 3 SYSTEMPATH\CodeIgniter.php(494): CodeIgniter\CodeIgniter->runController(Object(App\Controllers\Add))
 4 SYSTEMPATH\CodeIgniter.php(353): CodeIgniter\CodeIgniter->handleRequest(null, Object(Config\Cache), false)
 5 FCPATH\index.php(79): CodeIgniter\CodeIgniter->run()
CRITICAL - 2023-10-18 03:41:21 --> Undefined array key "Item_Code"
in APPPATH\Views\add_view.php on line 132.
 1 APPPATH\Views\add_view.php(132): CodeIgniter\Debug\Exceptions->errorHandler(2, 'Undefined array key "Item_Code"', 'C:\\xampp\\htdocs\\ci4project\\app\\Views\\add_view.php', 132)
 2 SYSTEMPATH\View\View.php(226): include('C:\\xampp\\htdocs\\ci4project\\app\\Views\\add_view.php')
 3 SYSTEMPATH\View\View.php(229): CodeIgniter\View\View->CodeIgniter\View\{closure}()
 4 SYSTEMPATH\Common.php(1188): CodeIgniter\View\View->render('add_view', [], true)
 5 APPPATH\Controllers\Add.php(39): view('add_view', [...])
 6 SYSTEMPATH\CodeIgniter.php(919): App\Controllers\Add->index()
 7 SYSTEMPATH\CodeIgniter.php(494): CodeIgniter\CodeIgniter->runController(Object(App\Controllers\Add))
 8 SYSTEMPATH\CodeIgniter.php(353): CodeIgniter\CodeIgniter->handleRequest(null, Object(Config\Cache), false)
 9 FCPATH\index.php(79): CodeIgniter\CodeIgniter->run()
CRITICAL - 2023-10-18 03:41:47 --> Undefined array key "Item_Code"
in APPPATH\Views\add_view.php on line 132.
 1 APPPATH\Views\add_view.php(132): CodeIgniter\Debug\Exceptions->errorHandler(2, 'Undefined array key "Item_Code"', 'C:\\xampp\\htdocs\\ci4project\\app\\Views\\add_view.php', 132)
 2 SYSTEMPATH\View\View.php(226): include('C:\\xampp\\htdocs\\ci4project\\app\\Views\\add_view.php')
 3 SYSTEMPATH\View\View.php(229): CodeIgniter\View\View->CodeIgniter\View\{closure}()
 4 SYSTEMPATH\Common.php(1188): CodeIgniter\View\View->render('add_view', [], true)
 5 APPPATH\Controllers\Add.php(39): view('add_view', [...])
 6 SYSTEMPATH\CodeIgniter.php(919): App\Controllers\Add->index()
 7 SYSTEMPATH\CodeIgniter.php(494): CodeIgniter\CodeIgniter->runController(Object(App\Controllers\Add))
 8 SYSTEMPATH\CodeIgniter.php(353): CodeIgniter\CodeIgniter->handleRequest(null, Object(Config\Cache), false)
 9 FCPATH\index.php(79): CodeIgniter\CodeIgniter->run()
CRITICAL - 2023-10-18 03:42:08 --> Undefined array key "Item_Code"
in APPPATH\Views\add_view.php on line 132.
 1 APPPATH\Views\add_view.php(132): CodeIgniter\Debug\Exceptions->errorHandler(2, 'Undefined array key "Item_Code"', 'C:\\xampp\\htdocs\\ci4project\\app\\Views\\add_view.php', 132)
 2 SYSTEMPATH\View\View.php(226): include('C:\\xampp\\htdocs\\ci4project\\app\\Views\\add_view.php')
 3 SYSTEMPATH\View\View.php(229): CodeIgniter\View\View->CodeIgniter\View\{closure}()
 4 SYSTEMPATH\Common.php(1188): CodeIgniter\View\View->render('add_view', [], true)
 5 APPPATH\Controllers\Add.php(39): view('add_view', [...])
 6 SYSTEMPATH\CodeIgniter.php(919): App\Controllers\Add->index()
 7 SYSTEMPATH\CodeIgniter.php(494): CodeIgniter\CodeIgniter->runController(Object(App\Controllers\Add))
 8 SYSTEMPATH\CodeIgniter.php(353): CodeIgniter\CodeIgniter->handleRequest(null, Object(Config\Cache), false)
 9 FCPATH\index.php(79): CodeIgniter\CodeIgniter->run()
ERROR - 2023-10-18 03:45:23 --> [Microsoft][ODBC Driver 17 for SQL Server][SQL Server]Invalid column name 'Distinct'.
CRITICAL - 2023-10-18 03:45:23 --> [Microsoft][ODBC Driver 17 for SQL Server][SQL Server]Invalid column name 'Distinct'.
in SYSTEMPATH\Database\BaseConnection.php on line 646.
 1 SYSTEMPATH\Database\SQLSRV\Builder.php(610): CodeIgniter\Database\BaseConnection->query('SELECT "Distinct"
FROM "CBInv"."dbo"."tpoheader"
WHERE "PoNo" >= :PoNo:
AND "PoNo" <= :PoNo.1:
ORDER BY "PoNo" DESC', [...], false)
 2 SYSTEMPATH\Model.php(237): CodeIgniter\Database\SQLSRV\Builder->get()
 3 SYSTEMPATH\BaseModel.php(624): CodeIgniter\Model->doFindAll(0, 0)
 4 APPPATH\Controllers\Add.php(38): CodeIgniter\BaseModel->findAll()
 5 SYSTEMPATH\CodeIgniter.php(919): App\Controllers\Add->index()
 6 SYSTEMPATH\CodeIgniter.php(494): CodeIgniter\CodeIgniter->runController(Object(App\Controllers\Add))
 7 SYSTEMPATH\CodeIgniter.php(353): CodeIgniter\CodeIgniter->handleRequest(null, Object(Config\Cache), false)
 8 FCPATH\index.php(79): CodeIgniter\CodeIgniter->run()
ERROR - 2023-10-18 03:46:21 --> [Microsoft][ODBC Driver 17 for SQL Server][SQL Server]The text data type cannot be selected as DISTINCT because it is not comparable.
CRITICAL - 2023-10-18 03:46:21 --> [Microsoft][ODBC Driver 17 for SQL Server][SQL Server]The text data type cannot be selected as DISTINCT because it is not comparable.
in SYSTEMPATH\Database\BaseConnection.php on line 646.
 1 SYSTEMPATH\Database\SQLSRV\Builder.php(610): CodeIgniter\Database\BaseConnection->query('SELECT DISTINCT *
FROM "CBInv"."dbo"."tpoheader"
WHERE "PoNo" >= :PoNo:
AND "PoNo" <= :PoNo.1:
ORDER BY "PoNo" DESC', [...], false)
 2 SYSTEMPATH\Model.php(237): CodeIgniter\Database\SQLSRV\Builder->get()
 3 SYSTEMPATH\BaseModel.php(624): CodeIgniter\Model->doFindAll(0, 0)
 4 APPPATH\Controllers\Add.php(38): CodeIgniter\BaseModel->findAll()
 5 SYSTEMPATH\CodeIgniter.php(919): App\Controllers\Add->index()
 6 SYSTEMPATH\CodeIgniter.php(494): CodeIgniter\CodeIgniter->runController(Object(App\Controllers\Add))
 7 SYSTEMPATH\CodeIgniter.php(353): CodeIgniter\CodeIgniter->handleRequest(null, Object(Config\Cache), false)
 8 FCPATH\index.php(79): CodeIgniter\CodeIgniter->run()
ERROR - 2023-10-18 03:52:16 --> [Microsoft][ODBC Driver 17 for SQL Server][SQL Server]Incorrect syntax near '`'.
CRITICAL - 2023-10-18 03:52:16 --> [Microsoft][ODBC Driver 17 for SQL Server][SQL Server]Incorrect syntax near '`'.
in SYSTEMPATH\Database\BaseConnection.php on line 646.
 1 SYSTEMPATH\Database\SQLSRV\Builder.php(610): CodeIgniter\Database\BaseConnection->query('SELECT DISTINCT `KodeDept`
FROM "CBInv"."dbo"."tpoheader"
WHERE "PoNo" >= :PoNo:
AND "PoNo" <= :PoNo.1:
ORDER BY "PoNo" DESC', [...], false)
 2 SYSTEMPATH\Model.php(237): CodeIgniter\Database\SQLSRV\Builder->get()
 3 SYSTEMPATH\BaseModel.php(624): CodeIgniter\Model->doFindAll(0, 0)
 4 APPPATH\Controllers\Add.php(38): CodeIgniter\BaseModel->findAll()
 5 SYSTEMPATH\CodeIgniter.php(919): App\Controllers\Add->index()
 6 SYSTEMPATH\CodeIgniter.php(494): CodeIgniter\CodeIgniter->runController(Object(App\Controllers\Add))
 7 SYSTEMPATH\CodeIgniter.php(353): CodeIgniter\CodeIgniter->handleRequest(null, Object(Config\Cache), false)
 8 FCPATH\index.php(79): CodeIgniter\CodeIgniter->run()
ERROR - 2023-10-18 03:53:10 --> [Microsoft][ODBC Driver 17 for SQL Server][SQL Server]Incorrect syntax near '`'.
CRITICAL - 2023-10-18 03:53:10 --> [Microsoft][ODBC Driver 17 for SQL Server][SQL Server]Incorrect syntax near '`'.
in SYSTEMPATH\Database\BaseConnection.php on line 646.
 1 SYSTEMPATH\Database\SQLSRV\Builder.php(610): CodeIgniter\Database\BaseConnection->query('SELECT DISTINCT `KodeDept`
FROM "CBInv"."dbo"."tpoheader"
WHERE "PoNo" >= :PoNo:
AND "PoNo" <= :PoNo.1:
ORDER BY "PoNo" DESC', [...], false)
 2 SYSTEMPATH\Model.php(237): CodeIgniter\Database\SQLSRV\Builder->get()
 3 SYSTEMPATH\BaseModel.php(624): CodeIgniter\Model->doFindAll(0, 0)
 4 APPPATH\Controllers\Add.php(38): CodeIgniter\BaseModel->findAll()
 5 SYSTEMPATH\CodeIgniter.php(919): App\Controllers\Add->index()
 6 SYSTEMPATH\CodeIgniter.php(494): CodeIgniter\CodeIgniter->runController(Object(App\Controllers\Add))
 7 SYSTEMPATH\CodeIgniter.php(353): CodeIgniter\CodeIgniter->handleRequest(null, Object(Config\Cache), false)
 8 FCPATH\index.php(79): CodeIgniter\CodeIgniter->run()
ERROR - 2023-10-18 03:54:31 --> [Microsoft][ODBC Driver 17 for SQL Server][SQL Server]ORDER BY items must appear in the select list if SELECT DISTINCT is specified.
CRITICAL - 2023-10-18 03:54:31 --> [Microsoft][ODBC Driver 17 for SQL Server][SQL Server]ORDER BY items must appear in the select list if SELECT DISTINCT is specified.
in SYSTEMPATH\Database\BaseConnection.php on line 646.
 1 SYSTEMPATH\Database\SQLSRV\Builder.php(610): CodeIgniter\Database\BaseConnection->query('SELECT DISTINCT KodeDept
FROM "CBInv"."dbo"."tpoheader"
WHERE "PoNo" >= :PoNo:
AND "PoNo" <= :PoNo.1:
ORDER BY "PoNo" DESC', [...], false)
 2 SYSTEMPATH\Model.php(237): CodeIgniter\Database\SQLSRV\Builder->get()
 3 SYSTEMPATH\BaseModel.php(624): CodeIgniter\Model->doFindAll(0, 0)
 4 APPPATH\Controllers\Add.php(38): CodeIgniter\BaseModel->findAll()
 5 SYSTEMPATH\CodeIgniter.php(919): App\Controllers\Add->index()
 6 SYSTEMPATH\CodeIgniter.php(494): CodeIgniter\CodeIgniter->runController(Object(App\Controllers\Add))
 7 SYSTEMPATH\CodeIgniter.php(353): CodeIgniter\CodeIgniter->handleRequest(null, Object(Config\Cache), false)
 8 FCPATH\index.php(79): CodeIgniter\CodeIgniter->run()
ERROR - 2023-10-18 04:24:16 --> [Microsoft][ODBC Driver 17 for SQL Server][SQL Server]String or binary data would be truncated.
CRITICAL - 2023-10-18 04:24:16 --> [Microsoft][ODBC Driver 17 for SQL Server][SQL Server]String or binary data would be truncated.
in SYSTEMPATH\Database\BaseConnection.php on line 646.
 1 SYSTEMPATH\Database\BaseBuilder.php(2308): CodeIgniter\Database\BaseConnection->query('INSERT INTO "CBInv"."dbo"."tpodetail" ("PoNo","KodeDept","DkmNo","Item_Code") VALUES (:PoNo:, :KodeDept:, :DkmNo:, :Item_Code:)', [...], false)
 2 APPPATH\Models\ModelAddDetail.php(28): CodeIgniter\Database\BaseBuilder->insert([...])
 3 APPPATH\Controllers\Add.php(126): App\Models\ModelAddDetail->add([...])
 4 SYSTEMPATH\CodeIgniter.php(919): App\Controllers\Add->insertData()
 5 SYSTEMPATH\CodeIgniter.php(494): CodeIgniter\CodeIgniter->runController(Object(App\Controllers\Add))
 6 SYSTEMPATH\CodeIgniter.php(353): CodeIgniter\CodeIgniter->handleRequest(null, Object(Config\Cache), false)
 7 FCPATH\index.php(79): CodeIgniter\CodeIgniter->run()
CRITICAL - 2023-10-18 04:32:13 --> Undefined array key "item_name"
in APPPATH\Views\add_view.php on line 153.
 1 APPPATH\Views\add_view.php(153): CodeIgniter\Debug\Exceptions->errorHandler(2, 'Undefined array key "item_name"', 'C:\\xampp\\htdocs\\ci4project\\app\\Views\\add_view.php', 153)
 2 SYSTEMPATH\View\View.php(226): include('C:\\xampp\\htdocs\\ci4project\\app\\Views\\add_view.php')
 3 SYSTEMPATH\View\View.php(229): CodeIgniter\View\View->CodeIgniter\View\{closure}()
 4 SYSTEMPATH\Common.php(1188): CodeIgniter\View\View->render('add_view', [], true)
 5 APPPATH\Controllers\Add.php(39): view('add_view', [...])
 6 SYSTEMPATH\CodeIgniter.php(919): App\Controllers\Add->index()
 7 SYSTEMPATH\CodeIgniter.php(494): CodeIgniter\CodeIgniter->runController(Object(App\Controllers\Add))
 8 SYSTEMPATH\CodeIgniter.php(353): CodeIgniter\CodeIgniter->handleRequest(null, Object(Config\Cache), false)
 9 FCPATH\index.php(79): CodeIgniter\CodeIgniter->run()
ERROR - 2023-10-18 04:33:49 --> [Microsoft][ODBC Driver 17 for SQL Server][SQL Server]Invalid column name 'PoNo'.
CRITICAL - 2023-10-18 04:33:49 --> [Microsoft][ODBC Driver 17 for SQL Server][SQL Server]Invalid column name 'PoNo'.
in SYSTEMPATH\Database\BaseConnection.php on line 646.
 1 SYSTEMPATH\Database\SQLSRV\Builder.php(610): CodeIgniter\Database\BaseConnection->query('SELECT *
FROM "CBInv"."dbo"."tbarang"
WHERE "PoNo" >= :PoNo:
AND "PoNo" <= :PoNo.1:
ORDER BY "PoNo" DESC', [...], false)
 2 SYSTEMPATH\Model.php(237): CodeIgniter\Database\SQLSRV\Builder->get()
 3 SYSTEMPATH\BaseModel.php(624): CodeIgniter\Model->doFindAll(0, 0)
 4 APPPATH\Controllers\Add.php(45): CodeIgniter\BaseModel->findAll()
 5 SYSTEMPATH\CodeIgniter.php(919): App\Controllers\Add->index()
 6 SYSTEMPATH\CodeIgniter.php(494): CodeIgniter\CodeIgniter->runController(Object(App\Controllers\Add))
 7 SYSTEMPATH\CodeIgniter.php(353): CodeIgniter\CodeIgniter->handleRequest(null, Object(Config\Cache), false)
 8 FCPATH\index.php(79): CodeIgniter\CodeIgniter->run()
ERROR - 2023-10-18 04:33:53 --> [Microsoft][ODBC Driver 17 for SQL Server][SQL Server]Invalid column name 'PoNo'.
CRITICAL - 2023-10-18 04:33:53 --> [Microsoft][ODBC Driver 17 for SQL Server][SQL Server]Invalid column name 'PoNo'.
in SYSTEMPATH\Database\BaseConnection.php on line 646.
 1 SYSTEMPATH\Database\SQLSRV\Builder.php(610): CodeIgniter\Database\BaseConnection->query('SELECT *
FROM "CBInv"."dbo"."tbarang"
WHERE "PoNo" >= :PoNo:
AND "PoNo" <= :PoNo.1:
ORDER BY "PoNo" DESC', [...], false)
 2 SYSTEMPATH\Model.php(237): CodeIgniter\Database\SQLSRV\Builder->get()
 3 SYSTEMPATH\BaseModel.php(624): CodeIgniter\Model->doFindAll(0, 0)
 4 APPPATH\Controllers\Add.php(45): CodeIgniter\BaseModel->findAll()
 5 SYSTEMPATH\CodeIgniter.php(919): App\Controllers\Add->index()
 6 SYSTEMPATH\CodeIgniter.php(494): CodeIgniter\CodeIgniter->runController(Object(App\Controllers\Add))
 7 SYSTEMPATH\CodeIgniter.php(353): CodeIgniter\CodeIgniter->handleRequest(null, Object(Config\Cache), false)
 8 FCPATH\index.php(79): CodeIgniter\CodeIgniter->run()
ERROR - 2023-10-18 04:34:27 --> Memory limit of 50240 KB exceeded for buffered query
CRITICAL - 2023-10-18 04:34:27 --> Memory limit of 50240 KB exceeded for buffered query
in SYSTEMPATH\Database\BaseConnection.php on line 646.
 1 SYSTEMPATH\Database\SQLSRV\Builder.php(610): CodeIgniter\Database\BaseConnection->query('SELECT *
FROM "CBInv"."dbo"."tbarang"', [], false)
 2 SYSTEMPATH\Model.php(237): CodeIgniter\Database\SQLSRV\Builder->get()
 3 SYSTEMPATH\BaseModel.php(624): CodeIgniter\Model->doFindAll(0, 0)
 4 APPPATH\Controllers\Add.php(42): CodeIgniter\BaseModel->findAll()
 5 SYSTEMPATH\CodeIgniter.php(919): App\Controllers\Add->index()
 6 SYSTEMPATH\CodeIgniter.php(494): CodeIgniter\CodeIgniter->runController(Object(App\Controllers\Add))
 7 SYSTEMPATH\CodeIgniter.php(353): CodeIgniter\CodeIgniter->handleRequest(null, Object(Config\Cache), false)
 8 FCPATH\index.php(79): CodeIgniter\CodeIgniter->run()
CRITICAL - 2023-10-18 04:35:35 --> Undefined array key "Item_Code"
in APPPATH\Views\add_view.php on line 147.
 1 APPPATH\Views\add_view.php(147): CodeIgniter\Debug\Exceptions->errorHandler(2, 'Undefined array key "Item_Code"', 'C:\\xampp\\htdocs\\ci4project\\app\\Views\\add_view.php', 147)
 2 SYSTEMPATH\View\View.php(226): include('C:\\xampp\\htdocs\\ci4project\\app\\Views\\add_view.php')
 3 SYSTEMPATH\View\View.php(229): CodeIgniter\View\View->CodeIgniter\View\{closure}()
 4 SYSTEMPATH\Common.php(1188): CodeIgniter\View\View->render('add_view', [], true)
 5 APPPATH\Controllers\Add.php(46): view('add_view', [...])
 6 SYSTEMPATH\CodeIgniter.php(919): App\Controllers\Add->index()
 7 SYSTEMPATH\CodeIgniter.php(494): CodeIgniter\CodeIgniter->runController(Object(App\Controllers\Add))
 8 SYSTEMPATH\CodeIgniter.php(353): CodeIgniter\CodeIgniter->handleRequest(null, Object(Config\Cache), false)
 9 FCPATH\index.php(79): CodeIgniter\CodeIgniter->run()
CRITICAL - 2023-10-18 06:13:20 --> Undefined array key "PoQty"
in APPPATH\Views\add_view.php on line 150.
 1 APPPATH\Views\add_view.php(150): CodeIgniter\Debug\Exceptions->errorHandler(2, 'Undefined array key "PoQty"', 'C:\\xampp\\htdocs\\ci4project\\app\\Views\\add_view.php', 150)
 2 SYSTEMPATH\View\View.php(226): include('C:\\xampp\\htdocs\\ci4project\\app\\Views\\add_view.php')
 3 SYSTEMPATH\View\View.php(229): CodeIgniter\View\View->CodeIgniter\View\{closure}()
 4 SYSTEMPATH\Common.php(1188): CodeIgniter\View\View->render('add_view', [], true)
 5 APPPATH\Controllers\Add.php(46): view('add_view', [...])
 6 SYSTEMPATH\CodeIgniter.php(919): App\Controllers\Add->index()
 7 SYSTEMPATH\CodeIgniter.php(494): CodeIgniter\CodeIgniter->runController(Object(App\Controllers\Add))
 8 SYSTEMPATH\CodeIgniter.php(353): CodeIgniter\CodeIgniter->handleRequest(null, Object(Config\Cache), false)
 9 FCPATH\index.php(79): CodeIgniter\CodeIgniter->run()
CRITICAL - 2023-10-18 06:13:39 --> Undefined array key "item_code"
in APPPATH\Views\add_view.php on line 147.
 1 APPPATH\Views\add_view.php(147): CodeIgniter\Debug\Exceptions->errorHandler(2, 'Undefined array key "item_code"', 'C:\\xampp\\htdocs\\ci4project\\app\\Views\\add_view.php', 147)
 2 SYSTEMPATH\View\View.php(226): include('C:\\xampp\\htdocs\\ci4project\\app\\Views\\add_view.php')
 3 SYSTEMPATH\View\View.php(229): CodeIgniter\View\View->CodeIgniter\View\{closure}()
 4 SYSTEMPATH\Common.php(1188): CodeIgniter\View\View->render('add_view', [], true)
 5 APPPATH\Controllers\Add.php(46): view('add_view', [...])
 6 SYSTEMPATH\CodeIgniter.php(919): App\Controllers\Add->index()
 7 SYSTEMPATH\CodeIgniter.php(494): CodeIgniter\CodeIgniter->runController(Object(App\Controllers\Add))
 8 SYSTEMPATH\CodeIgniter.php(353): CodeIgniter\CodeIgniter->handleRequest(null, Object(Config\Cache), false)
 9 FCPATH\index.php(79): CodeIgniter\CodeIgniter->run()
ERROR - 2023-10-18 06:36:45 --> [Microsoft][ODBC Driver 17 for SQL Server][SQL Server]ORDER BY items must appear in the select list if SELECT DISTINCT is specified.
CRITICAL - 2023-10-18 06:36:45 --> [Microsoft][ODBC Driver 17 for SQL Server][SQL Server]ORDER BY items must appear in the select list if SELECT DISTINCT is specified.
in SYSTEMPATH\Database\BaseConnection.php on line 646.
 1 SYSTEMPATH\Database\SQLSRV\Builder.php(610): CodeIgniter\Database\BaseConnection->query('SELECT DISTINCT PoUnit
FROM "CBInv"."dbo"."vpo_test"
WHERE "PoNo" >= :PoNo:
AND "PoNo" <= :PoNo.1:
ORDER BY "PoNo" DESC', [...], false)
 2 SYSTEMPATH\Model.php(237): CodeIgniter\Database\SQLSRV\Builder->get()
 3 SYSTEMPATH\BaseModel.php(624): CodeIgniter\Model->doFindAll(0, 0)
 4 APPPATH\Controllers\Add.php(28): CodeIgniter\BaseModel->findAll()
 5 SYSTEMPATH\CodeIgniter.php(919): App\Controllers\Add->index()
 6 SYSTEMPATH\CodeIgniter.php(494): CodeIgniter\CodeIgniter->runController(Object(App\Controllers\Add))
 7 SYSTEMPATH\CodeIgniter.php(353): CodeIgniter\CodeIgniter->handleRequest(null, Object(Config\Cache), false)
 8 FCPATH\index.php(79): CodeIgniter\CodeIgniter->run()
CRITICAL - 2023-10-18 06:37:01 --> Undefined array key "Item_Code"
in APPPATH\Views\add_view.php on line 46.
 1 APPPATH\Views\add_view.php(46): CodeIgniter\Debug\Exceptions->errorHandler(2, 'Undefined array key "Item_Code"', 'C:\\xampp\\htdocs\\ci4project\\app\\Views\\add_view.php', 46)
 2 SYSTEMPATH\View\View.php(226): include('C:\\xampp\\htdocs\\ci4project\\app\\Views\\add_view.php')
 3 SYSTEMPATH\View\View.php(229): CodeIgniter\View\View->CodeIgniter\View\{closure}()
 4 SYSTEMPATH\Common.php(1188): CodeIgniter\View\View->render('add_view', [], true)
 5 APPPATH\Controllers\Add.php(46): view('add_view', [...])
 6 SYSTEMPATH\CodeIgniter.php(919): App\Controllers\Add->index()
 7 SYSTEMPATH\CodeIgniter.php(494): CodeIgniter\CodeIgniter->runController(Object(App\Controllers\Add))
 8 SYSTEMPATH\CodeIgniter.php(353): CodeIgniter\CodeIgniter->handleRequest(null, Object(Config\Cache), false)
 9 FCPATH\index.php(79): CodeIgniter\CodeIgniter->run()
ERROR - 2023-10-18 06:37:48 --> [Microsoft][ODBC Driver 17 for SQL Server][SQL Server]Incorrect syntax near 'PoUnit'.
CRITICAL - 2023-10-18 06:37:48 --> [Microsoft][ODBC Driver 17 for SQL Server][SQL Server]Incorrect syntax near 'PoUnit'.
in SYSTEMPATH\Database\BaseConnection.php on line 646.
 1 SYSTEMPATH\Database\SQLSRV\Builder.php(610): CodeIgniter\Database\BaseConnection->query('SELECT *
FROM "CBInv"."dbo"."vpo_test"
WHERE "DISTINCT" "PoUnit" = :DISTINCT PoUnit:
AND "PoNo" >= :PoNo:
AND "PoNo" <= :PoNo.1:
ORDER BY "PoNo" DESC', [...], false)
 2 SYSTEMPATH\Model.php(237): CodeIgniter\Database\SQLSRV\Builder->get()
 3 SYSTEMPATH\BaseModel.php(624): CodeIgniter\Model->doFindAll(0, 0)
 4 APPPATH\Controllers\Add.php(28): CodeIgniter\BaseModel->findAll()
 5 SYSTEMPATH\CodeIgniter.php(919): App\Controllers\Add->index()
 6 SYSTEMPATH\CodeIgniter.php(494): CodeIgniter\CodeIgniter->runController(Object(App\Controllers\Add))
 7 SYSTEMPATH\CodeIgniter.php(353): CodeIgniter\CodeIgniter->handleRequest(null, Object(Config\Cache), false)
 8 FCPATH\index.php(79): CodeIgniter\CodeIgniter->run()
ERROR - 2023-10-18 06:38:25 --> [Microsoft][ODBC Driver 17 for SQL Server][SQL Server]Incorrect syntax near 'PoUnit'.
CRITICAL - 2023-10-18 06:38:25 --> [Microsoft][ODBC Driver 17 for SQL Server][SQL Server]Incorrect syntax near 'PoUnit'.
in SYSTEMPATH\Database\BaseConnection.php on line 646.
 1 SYSTEMPATH\Database\SQLSRV\Builder.php(610): CodeIgniter\Database\BaseConnection->query('SELECT *
FROM "CBInv"."dbo"."vpo_test"
WHERE "DISTINCT" "PoUnit" = :DISTINCT PoUnit:', [...], false)
 2 SYSTEMPATH\Model.php(237): CodeIgniter\Database\SQLSRV\Builder->get()
 3 SYSTEMPATH\BaseModel.php(624): CodeIgniter\Model->doFindAll(0, 0)
 4 APPPATH\Controllers\Add.php(25): CodeIgniter\BaseModel->findAll()
 5 SYSTEMPATH\CodeIgniter.php(919): App\Controllers\Add->index()
 6 SYSTEMPATH\CodeIgniter.php(494): CodeIgniter\CodeIgniter->runController(Object(App\Controllers\Add))
 7 SYSTEMPATH\CodeIgniter.php(353): CodeIgniter\CodeIgniter->handleRequest(null, Object(Config\Cache), false)
 8 FCPATH\index.php(79): CodeIgniter\CodeIgniter->run()
CRITICAL - 2023-10-18 06:56:40 --> Undefined array key "Item_Code"
in APPPATH\Views\add_view.php on line 149.
 1 APPPATH\Views\add_view.php(149): CodeIgniter\Debug\Exceptions->errorHandler(2, 'Undefined array key "Item_Code"', 'C:\\xampp\\htdocs\\ci4project\\app\\Views\\add_view.php', 149)
 2 SYSTEMPATH\View\View.php(226): include('C:\\xampp\\htdocs\\ci4project\\app\\Views\\add_view.php')
 3 SYSTEMPATH\View\View.php(229): CodeIgniter\View\View->CodeIgniter\View\{closure}()
 4 SYSTEMPATH\Common.php(1188): CodeIgniter\View\View->render('add_view', [], true)
 5 APPPATH\Controllers\Add.php(46): view('add_view', [...])
 6 SYSTEMPATH\CodeIgniter.php(919): App\Controllers\Add->index()
 7 SYSTEMPATH\CodeIgniter.php(494): CodeIgniter\CodeIgniter->runController(Object(App\Controllers\Add))
 8 SYSTEMPATH\CodeIgniter.php(353): CodeIgniter\CodeIgniter->handleRequest(null, Object(Config\Cache), false)
 9 FCPATH\index.php(79): CodeIgniter\CodeIgniter->run()
