WARNING - 2023-09-29 00:26:57 --> [DEPRECATED] Creation of dynamic property App\Controllers\Submission::$ModelSubmission is deprecated in APPPATH\Controllers\Submission.php on line 11.
 1 SYSTEMPATH\CodeIgniter.php(891): App\Controllers\Submission->__construct()
 2 SYSTEMPATH\CodeIgniter.php(485): CodeIgniter\CodeIgniter->createController()
 3 SYSTEMPATH\CodeIgniter.php(353): CodeIgniter\CodeIgniter->handleRequest(null, Object(Config\Cache), false)
 4 FCPATH\index.php(79): CodeIgniter\CodeIgniter->run()
INFO - 2023-09-29 00:34:08 --> REDIRECTED ROUTE at http://localhost/ci4project/public/%5CApp%5CControllers%5CHome::index
CRITICAL - 2023-09-29 02:01:50 --> You must set the database table to be used with your query.
in SYSTEMPATH\Database\BaseConnection.php on line 883.
 1 SYSTEMPATH\Model.php(635): CodeIgniter\Database\BaseConnection->table(null)
 2 SYSTEMPATH\Model.php(863): CodeIgniter\Model->builder()
 3 APPPATH\Controllers\PreOrder.php(12): CodeIgniter\Model->__call('orderBy', [...])
 4 SYSTEMPATH\CodeIgniter.php(919): App\Controllers\PreOrder->index()
 5 SYSTEMPATH\CodeIgniter.php(494): CodeIgniter\CodeIgniter->runController(Object(App\Controllers\PreOrder))
 6 SYSTEMPATH\CodeIgniter.php(353): CodeIgniter\CodeIgniter->handleRequest(null, Object(Config\Cache), false)
 7 FCPATH\index.php(79): CodeIgniter\CodeIgniter->run()
WARNING - 2023-09-29 02:17:24 --> [DEPRECATED] Creation of dynamic property App\Controllers\PreOrder::$db is deprecated in APPPATH\Controllers\PreOrder.php on line 10.
 1 SYSTEMPATH\CodeIgniter.php(891): App\Controllers\PreOrder->__construct()
 2 SYSTEMPATH\CodeIgniter.php(485): CodeIgniter\CodeIgniter->createController()
 3 SYSTEMPATH\CodeIgniter.php(353): CodeIgniter\CodeIgniter->handleRequest(null, Object(Config\Cache), false)
 4 FCPATH\index.php(79): CodeIgniter\CodeIgniter->run()
WARNING - 2023-09-29 02:17:25 --> [DEPRECATED] Creation of dynamic property App\Controllers\PreOrder::$vspk_testc is deprecated in APPPATH\Controllers\PreOrder.php on line 11.
 1 SYSTEMPATH\CodeIgniter.php(891): App\Controllers\PreOrder->__construct()
 2 SYSTEMPATH\CodeIgniter.php(485): CodeIgniter\CodeIgniter->createController()
 3 SYSTEMPATH\CodeIgniter.php(353): CodeIgniter\CodeIgniter->handleRequest(null, Object(Config\Cache), false)
 4 FCPATH\index.php(79): CodeIgniter\CodeIgniter->run()
WARNING - 2023-09-29 02:18:37 --> [DEPRECATED] Creation of dynamic property App\Controllers\PreOrder::$db is deprecated in APPPATH\Controllers\PreOrder.php on line 10.
 1 SYSTEMPATH\CodeIgniter.php(891): App\Controllers\PreOrder->__construct()
 2 SYSTEMPATH\CodeIgniter.php(485): CodeIgniter\CodeIgniter->createController()
 3 SYSTEMPATH\CodeIgniter.php(353): CodeIgniter\CodeIgniter->handleRequest(null, Object(Config\Cache), false)
 4 FCPATH\index.php(79): CodeIgniter\CodeIgniter->run()
WARNING - 2023-09-29 02:18:37 --> [DEPRECATED] Creation of dynamic property App\Controllers\PreOrder::$vspk_testc is deprecated in APPPATH\Controllers\PreOrder.php on line 11.
 1 SYSTEMPATH\CodeIgniter.php(891): App\Controllers\PreOrder->__construct()
 2 SYSTEMPATH\CodeIgniter.php(485): CodeIgniter\CodeIgniter->createController()
 3 SYSTEMPATH\CodeIgniter.php(353): CodeIgniter\CodeIgniter->handleRequest(null, Object(Config\Cache), false)
 4 FCPATH\index.php(79): CodeIgniter\CodeIgniter->run()
CRITICAL - 2023-09-29 02:18:37 --> Class "App\Models\ModelPreOrder" not found
in APPPATH\Controllers\PreOrder.php on line 24.
 1 SYSTEMPATH\CodeIgniter.php(919): App\Controllers\PreOrder->index()
 2 SYSTEMPATH\CodeIgniter.php(494): CodeIgniter\CodeIgniter->runController(Object(App\Controllers\PreOrder))
 3 SYSTEMPATH\CodeIgniter.php(353): CodeIgniter\CodeIgniter->handleRequest(null, Object(Config\Cache), false)
 4 FCPATH\index.php(79): CodeIgniter\CodeIgniter->run()
WARNING - 2023-09-29 02:19:06 --> [DEPRECATED] Creation of dynamic property App\Controllers\PreOrder::$db is deprecated in APPPATH\Controllers\PreOrder.php on line 12.
 1 SYSTEMPATH\CodeIgniter.php(891): App\Controllers\PreOrder->__construct()
 2 SYSTEMPATH\CodeIgniter.php(485): CodeIgniter\CodeIgniter->createController()
 3 SYSTEMPATH\CodeIgniter.php(353): CodeIgniter\CodeIgniter->handleRequest(null, Object(Config\Cache), false)
 4 FCPATH\index.php(79): CodeIgniter\CodeIgniter->run()
WARNING - 2023-09-29 02:19:06 --> [DEPRECATED] Creation of dynamic property App\Controllers\PreOrder::$vspk_testc is deprecated in APPPATH\Controllers\PreOrder.php on line 13.
 1 SYSTEMPATH\CodeIgniter.php(891): App\Controllers\PreOrder->__construct()
 2 SYSTEMPATH\CodeIgniter.php(485): CodeIgniter\CodeIgniter->createController()
 3 SYSTEMPATH\CodeIgniter.php(353): CodeIgniter\CodeIgniter->handleRequest(null, Object(Config\Cache), false)
 4 FCPATH\index.php(79): CodeIgniter\CodeIgniter->run()
CRITICAL - 2023-09-29 02:19:06 --> Class "App\Models\ModelPreOrder" not found
in APPPATH\Controllers\PreOrder.php on line 26.
 1 SYSTEMPATH\CodeIgniter.php(919): App\Controllers\PreOrder->index()
 2 SYSTEMPATH\CodeIgniter.php(494): CodeIgniter\CodeIgniter->runController(Object(App\Controllers\PreOrder))
 3 SYSTEMPATH\CodeIgniter.php(353): CodeIgniter\CodeIgniter->handleRequest(null, Object(Config\Cache), false)
 4 FCPATH\index.php(79): CodeIgniter\CodeIgniter->run()
WARNING - 2023-09-29 02:19:07 --> [DEPRECATED] Creation of dynamic property App\Controllers\PreOrder::$db is deprecated in APPPATH\Controllers\PreOrder.php on line 12.
 1 SYSTEMPATH\CodeIgniter.php(891): App\Controllers\PreOrder->__construct()
 2 SYSTEMPATH\CodeIgniter.php(485): CodeIgniter\CodeIgniter->createController()
 3 SYSTEMPATH\CodeIgniter.php(353): CodeIgniter\CodeIgniter->handleRequest(null, Object(Config\Cache), false)
 4 FCPATH\index.php(79): CodeIgniter\CodeIgniter->run()
WARNING - 2023-09-29 02:19:07 --> [DEPRECATED] Creation of dynamic property App\Controllers\PreOrder::$vspk_testc is deprecated in APPPATH\Controllers\PreOrder.php on line 13.
 1 SYSTEMPATH\CodeIgniter.php(891): App\Controllers\PreOrder->__construct()
 2 SYSTEMPATH\CodeIgniter.php(485): CodeIgniter\CodeIgniter->createController()
 3 SYSTEMPATH\CodeIgniter.php(353): CodeIgniter\CodeIgniter->handleRequest(null, Object(Config\Cache), false)
 4 FCPATH\index.php(79): CodeIgniter\CodeIgniter->run()
CRITICAL - 2023-09-29 02:19:07 --> Class "App\Models\ModelPreOrder" not found
in APPPATH\Controllers\PreOrder.php on line 26.
 1 SYSTEMPATH\CodeIgniter.php(919): App\Controllers\PreOrder->index()
 2 SYSTEMPATH\CodeIgniter.php(494): CodeIgniter\CodeIgniter->runController(Object(App\Controllers\PreOrder))
 3 SYSTEMPATH\CodeIgniter.php(353): CodeIgniter\CodeIgniter->handleRequest(null, Object(Config\Cache), false)
 4 FCPATH\index.php(79): CodeIgniter\CodeIgniter->run()
WARNING - 2023-09-29 02:19:17 --> [DEPRECATED] Creation of dynamic property App\Controllers\PreOrder::$db is deprecated in APPPATH\Controllers\PreOrder.php on line 12.
 1 SYSTEMPATH\CodeIgniter.php(891): App\Controllers\PreOrder->__construct()
 2 SYSTEMPATH\CodeIgniter.php(485): CodeIgniter\CodeIgniter->createController()
 3 SYSTEMPATH\CodeIgniter.php(353): CodeIgniter\CodeIgniter->handleRequest(null, Object(Config\Cache), false)
 4 FCPATH\index.php(79): CodeIgniter\CodeIgniter->run()
WARNING - 2023-09-29 02:19:17 --> [DEPRECATED] Creation of dynamic property App\Controllers\PreOrder::$vspk_testc is deprecated in APPPATH\Controllers\PreOrder.php on line 13.
 1 SYSTEMPATH\CodeIgniter.php(891): App\Controllers\PreOrder->__construct()
 2 SYSTEMPATH\CodeIgniter.php(485): CodeIgniter\CodeIgniter->createController()
 3 SYSTEMPATH\CodeIgniter.php(353): CodeIgniter\CodeIgniter->handleRequest(null, Object(Config\Cache), false)
 4 FCPATH\index.php(79): CodeIgniter\CodeIgniter->run()
ERROR - 2023-09-29 02:19:18 --> [Microsoft][ODBC Driver 17 for SQL Server][SQL Server]Invalid column name 'item_name'.
CRITICAL - 2023-09-29 02:19:18 --> [Microsoft][ODBC Driver 17 for SQL Server][SQL Server]Invalid column name 'item_name'.
in SYSTEMPATH\Database\BaseConnection.php on line 646.
 1 SYSTEMPATH\Database\SQLSRV\Builder.php(610): CodeIgniter\Database\BaseConnection->query('SELECT *
FROM "CBInv"."dbo"."vspk_testc"
ORDER BY "item_name"', [], false)
 2 SYSTEMPATH\Model.php(237): CodeIgniter\Database\SQLSRV\Builder->get()
 3 SYSTEMPATH\BaseModel.php(624): CodeIgniter\Model->doFindAll(0, 0)
 4 APPPATH\Controllers\PreOrder.php(27): CodeIgniter\BaseModel->findAll()
 5 SYSTEMPATH\CodeIgniter.php(919): App\Controllers\PreOrder->index()
 6 SYSTEMPATH\CodeIgniter.php(494): CodeIgniter\CodeIgniter->runController(Object(App\Controllers\PreOrder))
 7 SYSTEMPATH\CodeIgniter.php(353): CodeIgniter\CodeIgniter->handleRequest(null, Object(Config\Cache), false)
 8 FCPATH\index.php(79): CodeIgniter\CodeIgniter->run()
WARNING - 2023-09-29 02:19:40 --> [DEPRECATED] Creation of dynamic property App\Controllers\PreOrder::$db is deprecated in APPPATH\Controllers\PreOrder.php on line 12.
 1 SYSTEMPATH\CodeIgniter.php(891): App\Controllers\PreOrder->__construct()
 2 SYSTEMPATH\CodeIgniter.php(485): CodeIgniter\CodeIgniter->createController()
 3 SYSTEMPATH\CodeIgniter.php(353): CodeIgniter\CodeIgniter->handleRequest(null, Object(Config\Cache), false)
 4 FCPATH\index.php(79): CodeIgniter\CodeIgniter->run()
WARNING - 2023-09-29 02:19:40 --> [DEPRECATED] Creation of dynamic property App\Controllers\PreOrder::$vspk_testc is deprecated in APPPATH\Controllers\PreOrder.php on line 13.
 1 SYSTEMPATH\CodeIgniter.php(891): App\Controllers\PreOrder->__construct()
 2 SYSTEMPATH\CodeIgniter.php(485): CodeIgniter\CodeIgniter->createController()
 3 SYSTEMPATH\CodeIgniter.php(353): CodeIgniter\CodeIgniter->handleRequest(null, Object(Config\Cache), false)
 4 FCPATH\index.php(79): CodeIgniter\CodeIgniter->run()
WARNING - 2023-09-29 02:19:59 --> [DEPRECATED] Creation of dynamic property App\Controllers\PreOrder::$db is deprecated in APPPATH\Controllers\PreOrder.php on line 12.
 1 SYSTEMPATH\CodeIgniter.php(891): App\Controllers\PreOrder->__construct()
 2 SYSTEMPATH\CodeIgniter.php(485): CodeIgniter\CodeIgniter->createController()
 3 SYSTEMPATH\CodeIgniter.php(353): CodeIgniter\CodeIgniter->handleRequest(null, Object(Config\Cache), false)
 4 FCPATH\index.php(79): CodeIgniter\CodeIgniter->run()
WARNING - 2023-09-29 02:19:59 --> [DEPRECATED] Creation of dynamic property App\Controllers\PreOrder::$vspk_testc is deprecated in APPPATH\Controllers\PreOrder.php on line 13.
 1 SYSTEMPATH\CodeIgniter.php(891): App\Controllers\PreOrder->__construct()
 2 SYSTEMPATH\CodeIgniter.php(485): CodeIgniter\CodeIgniter->createController()
 3 SYSTEMPATH\CodeIgniter.php(353): CodeIgniter\CodeIgniter->handleRequest(null, Object(Config\Cache), false)
 4 FCPATH\index.php(79): CodeIgniter\CodeIgniter->run()
WARNING - 2023-09-29 02:20:14 --> [DEPRECATED] Creation of dynamic property App\Controllers\PreOrder::$db is deprecated in APPPATH\Controllers\PreOrder.php on line 12.
 1 SYSTEMPATH\CodeIgniter.php(891): App\Controllers\PreOrder->__construct()
 2 SYSTEMPATH\CodeIgniter.php(485): CodeIgniter\CodeIgniter->createController()
 3 SYSTEMPATH\CodeIgniter.php(353): CodeIgniter\CodeIgniter->handleRequest(null, Object(Config\Cache), false)
 4 FCPATH\index.php(79): CodeIgniter\CodeIgniter->run()
WARNING - 2023-09-29 02:20:14 --> [DEPRECATED] Creation of dynamic property App\Controllers\PreOrder::$vspk_test is deprecated in APPPATH\Controllers\PreOrder.php on line 13.
 1 SYSTEMPATH\CodeIgniter.php(891): App\Controllers\PreOrder->__construct()
 2 SYSTEMPATH\CodeIgniter.php(485): CodeIgniter\CodeIgniter->createController()
 3 SYSTEMPATH\CodeIgniter.php(353): CodeIgniter\CodeIgniter->handleRequest(null, Object(Config\Cache), false)
 4 FCPATH\index.php(79): CodeIgniter\CodeIgniter->run()
WARNING - 2023-09-29 02:20:19 --> [DEPRECATED] Creation of dynamic property App\Controllers\PreOrder::$db is deprecated in APPPATH\Controllers\PreOrder.php on line 12.
 1 SYSTEMPATH\CodeIgniter.php(891): App\Controllers\PreOrder->__construct()
 2 SYSTEMPATH\CodeIgniter.php(485): CodeIgniter\CodeIgniter->createController()
 3 SYSTEMPATH\CodeIgniter.php(353): CodeIgniter\CodeIgniter->handleRequest(null, Object(Config\Cache), false)
 4 FCPATH\index.php(79): CodeIgniter\CodeIgniter->run()
WARNING - 2023-09-29 02:20:19 --> [DEPRECATED] Creation of dynamic property App\Controllers\PreOrder::$vspk_test is deprecated in APPPATH\Controllers\PreOrder.php on line 13.
 1 SYSTEMPATH\CodeIgniter.php(891): App\Controllers\PreOrder->__construct()
 2 SYSTEMPATH\CodeIgniter.php(485): CodeIgniter\CodeIgniter->createController()
 3 SYSTEMPATH\CodeIgniter.php(353): CodeIgniter\CodeIgniter->handleRequest(null, Object(Config\Cache), false)
 4 FCPATH\index.php(79): CodeIgniter\CodeIgniter->run()
WARNING - 2023-09-29 02:20:29 --> [DEPRECATED] Creation of dynamic property App\Controllers\PreOrder::$db is deprecated in APPPATH\Controllers\PreOrder.php on line 12.
 1 SYSTEMPATH\CodeIgniter.php(891): App\Controllers\PreOrder->__construct()
 2 SYSTEMPATH\CodeIgniter.php(485): CodeIgniter\CodeIgniter->createController()
 3 SYSTEMPATH\CodeIgniter.php(353): CodeIgniter\CodeIgniter->handleRequest(null, Object(Config\Cache), false)
 4 FCPATH\index.php(79): CodeIgniter\CodeIgniter->run()
WARNING - 2023-09-29 02:20:29 --> [DEPRECATED] Creation of dynamic property App\Controllers\PreOrder::$vspk_test is deprecated in APPPATH\Controllers\PreOrder.php on line 13.
 1 SYSTEMPATH\CodeIgniter.php(891): App\Controllers\PreOrder->__construct()
 2 SYSTEMPATH\CodeIgniter.php(485): CodeIgniter\CodeIgniter->createController()
 3 SYSTEMPATH\CodeIgniter.php(353): CodeIgniter\CodeIgniter->handleRequest(null, Object(Config\Cache), false)
 4 FCPATH\index.php(79): CodeIgniter\CodeIgniter->run()
ERROR - 2023-09-29 02:20:29 --> Memory limit of 10240 KB exceeded for buffered query
CRITICAL - 2023-09-29 02:20:29 --> Memory limit of 10240 KB exceeded for buffered query
in SYSTEMPATH\Database\BaseConnection.php on line 646.
 1 SYSTEMPATH\Database\SQLSRV\Builder.php(610): CodeIgniter\Database\BaseConnection->query('SELECT *
FROM "CBInv"."dbo"."vspk_test"
ORDER BY "PoDate"', [], false)
 2 SYSTEMPATH\Model.php(237): CodeIgniter\Database\SQLSRV\Builder->get()
 3 SYSTEMPATH\BaseModel.php(624): CodeIgniter\Model->doFindAll(0, 0)
 4 APPPATH\Controllers\PreOrder.php(27): CodeIgniter\BaseModel->findAll()
 5 SYSTEMPATH\CodeIgniter.php(919): App\Controllers\PreOrder->index()
 6 SYSTEMPATH\CodeIgniter.php(494): CodeIgniter\CodeIgniter->runController(Object(App\Controllers\PreOrder))
 7 SYSTEMPATH\CodeIgniter.php(353): CodeIgniter\CodeIgniter->handleRequest(null, Object(Config\Cache), false)
 8 FCPATH\index.php(79): CodeIgniter\CodeIgniter->run()
CRITICAL - 2023-09-29 02:22:05 --> syntax error, unexpected token "("
in APPPATH\Controllers\PreOrder.php on line 16.
 1 SYSTEMPATH\Router\Router.php(512): CodeIgniter\Router\AutoRouter->getRoute('PreOrder', 'get')
 2 SYSTEMPATH\Router\Router.php(208): CodeIgniter\Router\Router->autoRoute('PreOrder')
 3 SYSTEMPATH\CodeIgniter.php(800): CodeIgniter\Router\Router->handle('PreOrder')
 4 SYSTEMPATH\CodeIgniter.php(442): CodeIgniter\CodeIgniter->tryToRouteIt(Object(CodeIgniter\Router\RouteCollection))
 5 SYSTEMPATH\CodeIgniter.php(353): CodeIgniter\CodeIgniter->handleRequest(null, Object(Config\Cache), false)
 6 FCPATH\index.php(79): CodeIgniter\CodeIgniter->run()
ERROR - 2023-09-29 02:25:29 --> Memory limit of 10240 KB exceeded for buffered query
CRITICAL - 2023-09-29 02:25:29 --> Memory limit of 10240 KB exceeded for buffered query
in SYSTEMPATH\Database\BaseConnection.php on line 646.
 1 SYSTEMPATH\Database\SQLSRV\Builder.php(610): CodeIgniter\Database\BaseConnection->query('SELECT *
FROM "CBInv"."dbo"."vspk_test"
ORDER BY "PoDate"', [], false)
 2 SYSTEMPATH\Model.php(237): CodeIgniter\Database\SQLSRV\Builder->get()
 3 SYSTEMPATH\BaseModel.php(624): CodeIgniter\Model->doFindAll(0, 0)
 4 APPPATH\Controllers\PreOrder.php(12): CodeIgniter\BaseModel->findAll()
 5 SYSTEMPATH\CodeIgniter.php(919): App\Controllers\PreOrder->index()
 6 SYSTEMPATH\CodeIgniter.php(494): CodeIgniter\CodeIgniter->runController(Object(App\Controllers\PreOrder))
 7 SYSTEMPATH\CodeIgniter.php(353): CodeIgniter\CodeIgniter->handleRequest(null, Object(Config\Cache), false)
 8 FCPATH\index.php(79): CodeIgniter\CodeIgniter->run()
CRITICAL - 2023-09-29 02:46:39 --> Cannot use object of type stdClass as array
in APPPATH\Views\preorder_view.php on line 29.
 1 SYSTEMPATH\View\View.php(226): include()
 2 SYSTEMPATH\View\View.php(229): CodeIgniter\View\View->CodeIgniter\View\{closure}()
 3 SYSTEMPATH\Common.php(1188): CodeIgniter\View\View->render('preorder_view', [], true)
 4 APPPATH\Controllers\PreOrder.php(16): view('preorder_view', [...])
 5 SYSTEMPATH\CodeIgniter.php(919): App\Controllers\PreOrder->index()
 6 SYSTEMPATH\CodeIgniter.php(494): CodeIgniter\CodeIgniter->runController(Object(App\Controllers\PreOrder))
 7 SYSTEMPATH\CodeIgniter.php(353): CodeIgniter\CodeIgniter->handleRequest(null, Object(Config\Cache), false)
 8 FCPATH\index.php(79): CodeIgniter\CodeIgniter->run()
ERROR - 2023-09-29 02:49:16 --> Memory limit of 10240 KB exceeded for buffered query
CRITICAL - 2023-09-29 02:49:16 --> Memory limit of 10240 KB exceeded for buffered query
in SYSTEMPATH\Database\BaseConnection.php on line 646.
 1 SYSTEMPATH\Database\SQLSRV\Builder.php(610): CodeIgniter\Database\BaseConnection->query('SELECT *
FROM "CBInv"."dbo"."vspk_test"', [], false)
 2 APPPATH\Controllers\PreOrder.php(14): CodeIgniter\Database\SQLSRV\Builder->get()
 3 SYSTEMPATH\CodeIgniter.php(919): App\Controllers\PreOrder->index()
 4 SYSTEMPATH\CodeIgniter.php(494): CodeIgniter\CodeIgniter->runController(Object(App\Controllers\PreOrder))
 5 SYSTEMPATH\CodeIgniter.php(353): CodeIgniter\CodeIgniter->handleRequest(null, Object(Config\Cache), false)
 6 FCPATH\index.php(79): CodeIgniter\CodeIgniter->run()
CRITICAL - 2023-09-29 02:50:53 --> Cannot use object of type stdClass as array
in APPPATH\Views\preorder_view.php on line 29.
 1 SYSTEMPATH\View\View.php(226): include()
 2 SYSTEMPATH\View\View.php(229): CodeIgniter\View\View->CodeIgniter\View\{closure}()
 3 SYSTEMPATH\Common.php(1188): CodeIgniter\View\View->render('preorder_view', [], true)
 4 APPPATH\Controllers\PreOrder.php(16): view('preorder_view', [...])
 5 SYSTEMPATH\CodeIgniter.php(919): App\Controllers\PreOrder->index()
 6 SYSTEMPATH\CodeIgniter.php(494): CodeIgniter\CodeIgniter->runController(Object(App\Controllers\PreOrder))
 7 SYSTEMPATH\CodeIgniter.php(353): CodeIgniter\CodeIgniter->handleRequest(null, Object(Config\Cache), false)
 8 FCPATH\index.php(79): CodeIgniter\CodeIgniter->run()
CRITICAL - 2023-09-29 02:51:04 --> Cannot use object of type stdClass as array
in APPPATH\Views\preorder_view.php on line 29.
 1 SYSTEMPATH\View\View.php(226): include()
 2 SYSTEMPATH\View\View.php(229): CodeIgniter\View\View->CodeIgniter\View\{closure}()
 3 SYSTEMPATH\Common.php(1188): CodeIgniter\View\View->render('preorder_view', [], true)
 4 APPPATH\Controllers\PreOrder.php(16): view('preorder_view', [...])
 5 SYSTEMPATH\CodeIgniter.php(919): App\Controllers\PreOrder->index()
 6 SYSTEMPATH\CodeIgniter.php(494): CodeIgniter\CodeIgniter->runController(Object(App\Controllers\PreOrder))
 7 SYSTEMPATH\CodeIgniter.php(353): CodeIgniter\CodeIgniter->handleRequest(null, Object(Config\Cache), false)
 8 FCPATH\index.php(79): CodeIgniter\CodeIgniter->run()
ERROR - 2023-09-29 02:59:33 --> [Microsoft][ODBC Driver 17 for SQL Server][SQL Server]Invalid column name 'created_at'.
CRITICAL - 2023-09-29 02:59:33 --> [Microsoft][ODBC Driver 17 for SQL Server][SQL Server]Invalid column name 'created_at'.
in SYSTEMPATH\Database\BaseConnection.php on line 646.
 1 SYSTEMPATH\Database\SQLSRV\Builder.php(610): CodeIgniter\Database\BaseConnection->query('SELECT *
FROM "CBInv"."dbo"."vspk_testc"
WHERE YEAR(created_at) = :YEAR(created_at):', [...], false)
 2 SYSTEMPATH\Model.php(237): CodeIgniter\Database\SQLSRV\Builder->get()
 3 SYSTEMPATH\BaseModel.php(624): CodeIgniter\Model->doFindAll(0, 0)
 4 APPPATH\Controllers\PreOrder.php(12): CodeIgniter\BaseModel->findAll()
 5 SYSTEMPATH\CodeIgniter.php(919): App\Controllers\PreOrder->index()
 6 SYSTEMPATH\CodeIgniter.php(494): CodeIgniter\CodeIgniter->runController(Object(App\Controllers\PreOrder))
 7 SYSTEMPATH\CodeIgniter.php(353): CodeIgniter\CodeIgniter->handleRequest(null, Object(Config\Cache), false)
 8 FCPATH\index.php(79): CodeIgniter\CodeIgniter->run()
ERROR - 2023-09-29 02:59:40 --> [Microsoft][ODBC Driver 17 for SQL Server][SQL Server]Invalid column name 'created_at'.
CRITICAL - 2023-09-29 02:59:40 --> [Microsoft][ODBC Driver 17 for SQL Server][SQL Server]Invalid column name 'created_at'.
in SYSTEMPATH\Database\BaseConnection.php on line 646.
 1 SYSTEMPATH\Database\SQLSRV\Builder.php(610): CodeIgniter\Database\BaseConnection->query('SELECT *
FROM "CBInv"."dbo"."vspk_testc"
WHERE YEAR(created_at) = :YEAR(created_at):', [...], false)
 2 SYSTEMPATH\Model.php(237): CodeIgniter\Database\SQLSRV\Builder->get()
 3 SYSTEMPATH\BaseModel.php(624): CodeIgniter\Model->doFindAll(0, 0)
 4 APPPATH\Controllers\PreOrder.php(12): CodeIgniter\BaseModel->findAll()
 5 SYSTEMPATH\CodeIgniter.php(919): App\Controllers\PreOrder->index()
 6 SYSTEMPATH\CodeIgniter.php(494): CodeIgniter\CodeIgniter->runController(Object(App\Controllers\PreOrder))
 7 SYSTEMPATH\CodeIgniter.php(353): CodeIgniter\CodeIgniter->handleRequest(null, Object(Config\Cache), false)
 8 FCPATH\index.php(79): CodeIgniter\CodeIgniter->run()
CRITICAL - 2023-09-29 03:00:50 --> Undefined variable $dataPreOrder
in APPPATH\Views\preorder_view.php on line 27.
 1 APPPATH\Views\preorder_view.php(27): CodeIgniter\Debug\Exceptions->errorHandler(2, 'Undefined variable $dataPreOrder', 'C:\\xampp\\htdocs\\ci4project\\app\\Views\\preorder_view.php', 27)
 2 SYSTEMPATH\View\View.php(226): include('C:\\xampp\\htdocs\\ci4project\\app\\Views\\preorder_view.php')
 3 SYSTEMPATH\View\View.php(229): CodeIgniter\View\View->CodeIgniter\View\{closure}()
 4 SYSTEMPATH\Common.php(1188): CodeIgniter\View\View->render('preorder_view', [], true)
 5 APPPATH\Controllers\PreOrder.php(14): view('preorder_view', [...])
 6 SYSTEMPATH\CodeIgniter.php(919): App\Controllers\PreOrder->index()
 7 SYSTEMPATH\CodeIgniter.php(494): CodeIgniter\CodeIgniter->runController(Object(App\Controllers\PreOrder))
 8 SYSTEMPATH\CodeIgniter.php(353): CodeIgniter\CodeIgniter->handleRequest(null, Object(Config\Cache), false)
 9 FCPATH\index.php(79): CodeIgniter\CodeIgniter->run()
CRITICAL - 2023-09-29 03:04:37 --> syntax error, unexpected single-quoted string "PoNumber", expecting identifier or variable or "{" or "$"
in APPPATH\Views\preorder_view.php on line 29.
 1 SYSTEMPATH\View\View.php(229): CodeIgniter\View\View->CodeIgniter\View\{closure}()
 2 SYSTEMPATH\Common.php(1188): CodeIgniter\View\View->render('preorder_view', [], true)
 3 APPPATH\Controllers\PreOrder.php(14): view('preorder_view', [...])
 4 SYSTEMPATH\CodeIgniter.php(919): App\Controllers\PreOrder->index()
 5 SYSTEMPATH\CodeIgniter.php(494): CodeIgniter\CodeIgniter->runController(Object(App\Controllers\PreOrder))
 6 SYSTEMPATH\CodeIgniter.php(353): CodeIgniter\CodeIgniter->handleRequest(null, Object(Config\Cache), false)
 7 FCPATH\index.php(79): CodeIgniter\CodeIgniter->run()
CRITICAL - 2023-09-29 03:05:59 --> syntax error, unexpected token ":", expecting ";"
in APPPATH\Views\preorder_view.php on line 37.
 1 SYSTEMPATH\View\View.php(229): CodeIgniter\View\View->CodeIgniter\View\{closure}()
 2 SYSTEMPATH\Common.php(1188): CodeIgniter\View\View->render('preorder_view', [], true)
 3 APPPATH\Controllers\PreOrder.php(14): view('preorder_view', [...])
 4 SYSTEMPATH\CodeIgniter.php(919): App\Controllers\PreOrder->index()
 5 SYSTEMPATH\CodeIgniter.php(494): CodeIgniter\CodeIgniter->runController(Object(App\Controllers\PreOrder))
 6 SYSTEMPATH\CodeIgniter.php(353): CodeIgniter\CodeIgniter->handleRequest(null, Object(Config\Cache), false)
 7 FCPATH\index.php(79): CodeIgniter\CodeIgniter->run()
CRITICAL - 2023-09-29 03:06:49 --> Undefined variable $results
in APPPATH\Views\preorder_view.php on line 27.
 1 APPPATH\Views\preorder_view.php(27): CodeIgniter\Debug\Exceptions->errorHandler(2, 'Undefined variable $results', 'C:\\xampp\\htdocs\\ci4project\\app\\Views\\preorder_view.php', 27)
 2 SYSTEMPATH\View\View.php(226): include('C:\\xampp\\htdocs\\ci4project\\app\\Views\\preorder_view.php')
 3 SYSTEMPATH\View\View.php(229): CodeIgniter\View\View->CodeIgniter\View\{closure}()
 4 SYSTEMPATH\Common.php(1188): CodeIgniter\View\View->render('preorder_view', [], true)
 5 APPPATH\Controllers\PreOrder.php(14): view('preorder_view', [...])
 6 SYSTEMPATH\CodeIgniter.php(919): App\Controllers\PreOrder->index()
 7 SYSTEMPATH\CodeIgniter.php(494): CodeIgniter\CodeIgniter->runController(Object(App\Controllers\PreOrder))
 8 SYSTEMPATH\CodeIgniter.php(353): CodeIgniter\CodeIgniter->handleRequest(null, Object(Config\Cache), false)
 9 FCPATH\index.php(79): CodeIgniter\CodeIgniter->run()
CRITICAL - 2023-09-29 03:07:03 --> Attempt to read property "PoNumber" on array
in APPPATH\Views\preorder_view.php on line 29.
 1 APPPATH\Views\preorder_view.php(29): CodeIgniter\Debug\Exceptions->errorHandler(2, 'Attempt to read property "PoNumber" on array', 'C:\\xampp\\htdocs\\ci4project\\app\\Views\\preorder_view.php', 29)
 2 SYSTEMPATH\View\View.php(226): include('C:\\xampp\\htdocs\\ci4project\\app\\Views\\preorder_view.php')
 3 SYSTEMPATH\View\View.php(229): CodeIgniter\View\View->CodeIgniter\View\{closure}()
 4 SYSTEMPATH\Common.php(1188): CodeIgniter\View\View->render('preorder_view', [], true)
 5 APPPATH\Controllers\PreOrder.php(14): view('preorder_view', [...])
 6 SYSTEMPATH\CodeIgniter.php(919): App\Controllers\PreOrder->index()
 7 SYSTEMPATH\CodeIgniter.php(494): CodeIgniter\CodeIgniter->runController(Object(App\Controllers\PreOrder))
 8 SYSTEMPATH\CodeIgniter.php(353): CodeIgniter\CodeIgniter->handleRequest(null, Object(Config\Cache), false)
 9 FCPATH\index.php(79): CodeIgniter\CodeIgniter->run()
CRITICAL - 2023-09-29 03:27:16 --> Invalid file: "add.php"
in SYSTEMPATH\Exceptions\FrameworkException.php on line 39.
 1 SYSTEMPATH\View\View.php(214): CodeIgniter\Exceptions\FrameworkException::forInvalidFile('add.php')
 2 SYSTEMPATH\Common.php(1188): CodeIgniter\View\View->render('add', [], true)
 3 APPPATH\Controllers\Add.php(14): view('add', [...])
 4 SYSTEMPATH\CodeIgniter.php(919): App\Controllers\Add->index()
 5 SYSTEMPATH\CodeIgniter.php(494): CodeIgniter\CodeIgniter->runController(Object(App\Controllers\Add))
 6 SYSTEMPATH\CodeIgniter.php(353): CodeIgniter\CodeIgniter->handleRequest(null, Object(Config\Cache), false)
 7 FCPATH\index.php(79): CodeIgniter\CodeIgniter->run()
CRITICAL - 2023-09-29 03:31:48 --> Invalid file: "add.php"
in SYSTEMPATH\Exceptions\FrameworkException.php on line 39.
 1 SYSTEMPATH\View\View.php(214): CodeIgniter\Exceptions\FrameworkException::forInvalidFile('add.php')
 2 SYSTEMPATH\Common.php(1188): CodeIgniter\View\View->render('add', [], true)
 3 APPPATH\Controllers\Add.php(14): view('add', [...])
 4 SYSTEMPATH\CodeIgniter.php(919): App\Controllers\Add->index()
 5 SYSTEMPATH\CodeIgniter.php(494): CodeIgniter\CodeIgniter->runController(Object(App\Controllers\Add))
 6 SYSTEMPATH\CodeIgniter.php(353): CodeIgniter\CodeIgniter->handleRequest(null, Object(Config\Cache), false)
 7 FCPATH\index.php(79): CodeIgniter\CodeIgniter->run()
CRITICAL - 2023-09-29 03:33:21 --> Invalid file: "add.php"
in SYSTEMPATH\Exceptions\FrameworkException.php on line 39.
 1 SYSTEMPATH\View\View.php(214): CodeIgniter\Exceptions\FrameworkException::forInvalidFile('add.php')
 2 SYSTEMPATH\Common.php(1188): CodeIgniter\View\View->render('add', [], true)
 3 APPPATH\Controllers\Add.php(14): view('add', [...])
 4 SYSTEMPATH\CodeIgniter.php(919): App\Controllers\Add->index()
 5 SYSTEMPATH\CodeIgniter.php(494): CodeIgniter\CodeIgniter->runController(Object(App\Controllers\Add))
 6 SYSTEMPATH\CodeIgniter.php(353): CodeIgniter\CodeIgniter->handleRequest(null, Object(Config\Cache), false)
 7 FCPATH\index.php(79): CodeIgniter\CodeIgniter->run()
ERROR - 2023-09-29 03:36:42 --> [Microsoft][ODBC Driver 17 for SQL Server][SQL Server]Cannot insert the value NULL into column 'PoNo', table 'CBInv.dbo.tpoheader'; column does not allow nulls. INSERT fails.
CRITICAL - 2023-09-29 03:36:42 --> [Microsoft][ODBC Driver 17 for SQL Server][SQL Server]Cannot insert the value NULL into column 'PoNo', table 'CBInv.dbo.tpoheader'; column does not allow nulls. INSERT fails.
in SYSTEMPATH\Database\BaseConnection.php on line 646.
 1 SYSTEMPATH\Database\BaseBuilder.php(2308): CodeIgniter\Database\BaseConnection->query('INSERT INTO "CBInv"."dbo"."tpoheader" ("PoNo","KodeDept") VALUES (:PoNo:, :KodeDept:)', [...], false)
 2 SYSTEMPATH\Model.php(319): CodeIgniter\Database\BaseBuilder->insert()
 3 SYSTEMPATH\BaseModel.php(788): CodeIgniter\Model->doInsert([...])
 4 SYSTEMPATH\Model.php(715): CodeIgniter\BaseModel->insert([...], false)
 5 SYSTEMPATH\BaseModel.php(698): CodeIgniter\Model->insert([...], false)
 6 APPPATH\Controllers\Add.php(31): CodeIgniter\BaseModel->save([...])
 7 SYSTEMPATH\CodeIgniter.php(919): App\Controllers\Add->create()
 8 SYSTEMPATH\CodeIgniter.php(494): CodeIgniter\CodeIgniter->runController(Object(App\Controllers\Add))
 9 SYSTEMPATH\CodeIgniter.php(353): CodeIgniter\CodeIgniter->handleRequest(null, Object(Config\Cache), false)
10 FCPATH\index.php(79): CodeIgniter\CodeIgniter->run()
ERROR - 2023-09-29 03:40:13 --> [Microsoft][ODBC Driver 17 for SQL Server][SQL Server]Cannot insert the value NULL into column 'KodeDept', table 'CBInv.dbo.tpoheader'; column does not allow nulls. INSERT fails.
CRITICAL - 2023-09-29 03:40:13 --> [Microsoft][ODBC Driver 17 for SQL Server][SQL Server]Cannot insert the value NULL into column 'KodeDept', table 'CBInv.dbo.tpoheader'; column does not allow nulls. INSERT fails.
in SYSTEMPATH\Database\BaseConnection.php on line 646.
 1 SYSTEMPATH\Database\BaseBuilder.php(2308): CodeIgniter\Database\BaseConnection->query('INSERT INTO "CBInv"."dbo"."tpoheader" ("KodeDept") VALUES (:KodeDept:)', [...], false)
 2 SYSTEMPATH\Model.php(319): CodeIgniter\Database\BaseBuilder->insert()
 3 SYSTEMPATH\BaseModel.php(788): CodeIgniter\Model->doInsert([...])
 4 SYSTEMPATH\Model.php(715): CodeIgniter\BaseModel->insert([...], false)
 5 SYSTEMPATH\BaseModel.php(698): CodeIgniter\Model->insert([...], false)
 6 APPPATH\Controllers\Add.php(30): CodeIgniter\BaseModel->save([...])
 7 SYSTEMPATH\CodeIgniter.php(919): App\Controllers\Add->create()
 8 SYSTEMPATH\CodeIgniter.php(494): CodeIgniter\CodeIgniter->runController(Object(App\Controllers\Add))
 9 SYSTEMPATH\CodeIgniter.php(353): CodeIgniter\CodeIgniter->handleRequest(null, Object(Config\Cache), false)
10 FCPATH\index.php(79): CodeIgniter\CodeIgniter->run()
ERROR - 2023-09-29 03:40:19 --> [Microsoft][ODBC Driver 17 for SQL Server][SQL Server]Cannot insert the value NULL into column 'KodeDept', table 'CBInv.dbo.tpoheader'; column does not allow nulls. INSERT fails.
CRITICAL - 2023-09-29 03:40:19 --> [Microsoft][ODBC Driver 17 for SQL Server][SQL Server]Cannot insert the value NULL into column 'KodeDept', table 'CBInv.dbo.tpoheader'; column does not allow nulls. INSERT fails.
in SYSTEMPATH\Database\BaseConnection.php on line 646.
 1 SYSTEMPATH\Database\BaseBuilder.php(2308): CodeIgniter\Database\BaseConnection->query('INSERT INTO "CBInv"."dbo"."tpoheader" ("KodeDept") VALUES (:KodeDept:)', [...], false)
 2 SYSTEMPATH\Model.php(319): CodeIgniter\Database\BaseBuilder->insert()
 3 SYSTEMPATH\BaseModel.php(788): CodeIgniter\Model->doInsert([...])
 4 SYSTEMPATH\Model.php(715): CodeIgniter\BaseModel->insert([...], false)
 5 SYSTEMPATH\BaseModel.php(698): CodeIgniter\Model->insert([...], false)
 6 APPPATH\Controllers\Add.php(30): CodeIgniter\BaseModel->save([...])
 7 SYSTEMPATH\CodeIgniter.php(919): App\Controllers\Add->create()
 8 SYSTEMPATH\CodeIgniter.php(494): CodeIgniter\CodeIgniter->runController(Object(App\Controllers\Add))
 9 SYSTEMPATH\CodeIgniter.php(353): CodeIgniter\CodeIgniter->handleRequest(null, Object(Config\Cache), false)
10 FCPATH\index.php(79): CodeIgniter\CodeIgniter->run()
ERROR - 2023-09-29 03:46:32 --> [Microsoft][ODBC Driver 17 for SQL Server][SQL Server]Cannot insert the value NULL into column 'KodeDept', table 'CBInv.dbo.tpoheader'; column does not allow nulls. INSERT fails.
CRITICAL - 2023-09-29 03:46:32 --> [Microsoft][ODBC Driver 17 for SQL Server][SQL Server]Cannot insert the value NULL into column 'KodeDept', table 'CBInv.dbo.tpoheader'; column does not allow nulls. INSERT fails.
in SYSTEMPATH\Database\BaseConnection.php on line 646.
 1 SYSTEMPATH\Database\BaseBuilder.php(2308): CodeIgniter\Database\BaseConnection->query('INSERT INTO "CBInv"."dbo"."tpoheader" ("KodeDept") VALUES (:KodeDept:)', [...], false)
 2 SYSTEMPATH\Model.php(319): CodeIgniter\Database\BaseBuilder->insert()
 3 SYSTEMPATH\BaseModel.php(788): CodeIgniter\Model->doInsert([...])
 4 SYSTEMPATH\Model.php(715): CodeIgniter\BaseModel->insert([...], false)
 5 SYSTEMPATH\BaseModel.php(698): CodeIgniter\Model->insert([...], false)
 6 APPPATH\Controllers\Add.php(30): CodeIgniter\BaseModel->save([...])
 7 SYSTEMPATH\CodeIgniter.php(919): App\Controllers\Add->create()
 8 SYSTEMPATH\CodeIgniter.php(494): CodeIgniter\CodeIgniter->runController(Object(App\Controllers\Add))
 9 SYSTEMPATH\CodeIgniter.php(353): CodeIgniter\CodeIgniter->handleRequest(null, Object(Config\Cache), false)
10 FCPATH\index.php(79): CodeIgniter\CodeIgniter->run()
WARNING - 2023-09-29 03:46:38 --> [DEPRECATED] Creation of dynamic property App\Controllers\Submission::$ModelSubmission is deprecated in APPPATH\Controllers\Submission.php on line 11.
 1 SYSTEMPATH\CodeIgniter.php(891): App\Controllers\Submission->__construct()
 2 SYSTEMPATH\CodeIgniter.php(485): CodeIgniter\CodeIgniter->createController()
 3 SYSTEMPATH\CodeIgniter.php(353): CodeIgniter\CodeIgniter->handleRequest(null, Object(Config\Cache), false)
 4 FCPATH\index.php(79): CodeIgniter\CodeIgniter->run()
ERROR - 2023-09-29 03:46:44 --> [Microsoft][ODBC Driver 17 for SQL Server][SQL Server]Cannot insert the value NULL into column 'KodeDept', table 'CBInv.dbo.tpoheader'; column does not allow nulls. INSERT fails.
CRITICAL - 2023-09-29 03:46:44 --> [Microsoft][ODBC Driver 17 for SQL Server][SQL Server]Cannot insert the value NULL into column 'KodeDept', table 'CBInv.dbo.tpoheader'; column does not allow nulls. INSERT fails.
in SYSTEMPATH\Database\BaseConnection.php on line 646.
 1 SYSTEMPATH\Database\BaseBuilder.php(2308): CodeIgniter\Database\BaseConnection->query('INSERT INTO "CBInv"."dbo"."tpoheader" ("KodeDept") VALUES (:KodeDept:)', [...], false)
 2 SYSTEMPATH\Model.php(319): CodeIgniter\Database\BaseBuilder->insert()
 3 SYSTEMPATH\BaseModel.php(788): CodeIgniter\Model->doInsert([...])
 4 SYSTEMPATH\Model.php(715): CodeIgniter\BaseModel->insert([...], false)
 5 SYSTEMPATH\BaseModel.php(698): CodeIgniter\Model->insert([...], false)
 6 APPPATH\Controllers\Add.php(30): CodeIgniter\BaseModel->save([...])
 7 SYSTEMPATH\CodeIgniter.php(919): App\Controllers\Add->create()
 8 SYSTEMPATH\CodeIgniter.php(494): CodeIgniter\CodeIgniter->runController(Object(App\Controllers\Add))
 9 SYSTEMPATH\CodeIgniter.php(353): CodeIgniter\CodeIgniter->handleRequest(null, Object(Config\Cache), false)
10 FCPATH\index.php(79): CodeIgniter\CodeIgniter->run()
ERROR - 2023-09-29 03:49:18 --> [Microsoft][ODBC Driver 17 for SQL Server][SQL Server]Cannot insert the value NULL into column 'PoNo', table 'CBInv.dbo.tpoheader'; column does not allow nulls. INSERT fails.
CRITICAL - 2023-09-29 03:49:18 --> [Microsoft][ODBC Driver 17 for SQL Server][SQL Server]Cannot insert the value NULL into column 'PoNo', table 'CBInv.dbo.tpoheader'; column does not allow nulls. INSERT fails.
in SYSTEMPATH\Database\BaseConnection.php on line 646.
 1 SYSTEMPATH\Database\BaseBuilder.php(2308): CodeIgniter\Database\BaseConnection->query('INSERT INTO "CBInv"."dbo"."tpoheader" ("KodeDept") VALUES (:KodeDept:)', [...], false)
 2 SYSTEMPATH\Model.php(319): CodeIgniter\Database\BaseBuilder->insert()
 3 SYSTEMPATH\BaseModel.php(788): CodeIgniter\Model->doInsert([...])
 4 SYSTEMPATH\Model.php(715): CodeIgniter\BaseModel->insert([...], false)
 5 SYSTEMPATH\BaseModel.php(698): CodeIgniter\Model->insert([...], false)
 6 APPPATH\Controllers\Add.php(30): CodeIgniter\BaseModel->save([...])
 7 SYSTEMPATH\CodeIgniter.php(919): App\Controllers\Add->create()
 8 SYSTEMPATH\CodeIgniter.php(494): CodeIgniter\CodeIgniter->runController(Object(App\Controllers\Add))
 9 SYSTEMPATH\CodeIgniter.php(353): CodeIgniter\CodeIgniter->handleRequest(null, Object(Config\Cache), false)
10 FCPATH\index.php(79): CodeIgniter\CodeIgniter->run()
CRITICAL - 2023-09-29 03:57:18 --> Undefined variable $results
in APPPATH\Views\add_view.php on line 65.
 1 APPPATH\Views\add_view.php(65): CodeIgniter\Debug\Exceptions->errorHandler(2, 'Undefined variable $results', 'C:\\xampp\\htdocs\\ci4project\\app\\Views\\add_view.php', 65)
 2 SYSTEMPATH\View\View.php(226): include('C:\\xampp\\htdocs\\ci4project\\app\\Views\\add_view.php')
 3 SYSTEMPATH\View\View.php(229): CodeIgniter\View\View->CodeIgniter\View\{closure}()
 4 SYSTEMPATH\Common.php(1188): CodeIgniter\View\View->render('add_view', [], true)
 5 APPPATH\Controllers\Add.php(14): view('add_view', [...])
 6 SYSTEMPATH\CodeIgniter.php(919): App\Controllers\Add->index()
 7 SYSTEMPATH\CodeIgniter.php(494): CodeIgniter\CodeIgniter->runController(Object(App\Controllers\Add))
 8 SYSTEMPATH\CodeIgniter.php(353): CodeIgniter\CodeIgniter->handleRequest(null, Object(Config\Cache), false)
 9 FCPATH\index.php(79): CodeIgniter\CodeIgniter->run()
CRITICAL - 2023-09-29 04:03:12 --> Undefined variable $results
in APPPATH\Views\add_view.php on line 73.
 1 APPPATH\Views\add_view.php(73): CodeIgniter\Debug\Exceptions->errorHandler(2, 'Undefined variable $results', 'C:\\xampp\\htdocs\\ci4project\\app\\Views\\add_view.php', 73)
 2 SYSTEMPATH\View\View.php(226): include('C:\\xampp\\htdocs\\ci4project\\app\\Views\\add_view.php')
 3 SYSTEMPATH\View\View.php(229): CodeIgniter\View\View->CodeIgniter\View\{closure}()
 4 SYSTEMPATH\Common.php(1188): CodeIgniter\View\View->render('add_view', [], true)
 5 APPPATH\Controllers\Add.php(24): view('add_view', [...])
 6 SYSTEMPATH\CodeIgniter.php(919): App\Controllers\Add->index()
 7 SYSTEMPATH\CodeIgniter.php(494): CodeIgniter\CodeIgniter->runController(Object(App\Controllers\Add))
 8 SYSTEMPATH\CodeIgniter.php(353): CodeIgniter\CodeIgniter->handleRequest(null, Object(Config\Cache), false)
 9 FCPATH\index.php(79): CodeIgniter\CodeIgniter->run()
CRITICAL - 2023-09-29 04:03:28 --> Undefined variable $results
in APPPATH\Views\add_view.php on line 73.
 1 APPPATH\Views\add_view.php(73): CodeIgniter\Debug\Exceptions->errorHandler(2, 'Undefined variable $results', 'C:\\xampp\\htdocs\\ci4project\\app\\Views\\add_view.php', 73)
 2 SYSTEMPATH\View\View.php(226): include('C:\\xampp\\htdocs\\ci4project\\app\\Views\\add_view.php')
 3 SYSTEMPATH\View\View.php(229): CodeIgniter\View\View->CodeIgniter\View\{closure}()
 4 SYSTEMPATH\Common.php(1188): CodeIgniter\View\View->render('add_view', [], true)
 5 APPPATH\Controllers\Add.php(24): view('add_view', [...])
 6 SYSTEMPATH\CodeIgniter.php(919): App\Controllers\Add->index()
 7 SYSTEMPATH\CodeIgniter.php(494): CodeIgniter\CodeIgniter->runController(Object(App\Controllers\Add))
 8 SYSTEMPATH\CodeIgniter.php(353): CodeIgniter\CodeIgniter->handleRequest(null, Object(Config\Cache), false)
 9 FCPATH\index.php(79): CodeIgniter\CodeIgniter->run()
CRITICAL - 2023-09-29 04:04:11 --> Undefined variable $results
in APPPATH\Views\add_view.php on line 73.
 1 APPPATH\Views\add_view.php(73): CodeIgniter\Debug\Exceptions->errorHandler(2, 'Undefined variable $results', 'C:\\xampp\\htdocs\\ci4project\\app\\Views\\add_view.php', 73)
 2 SYSTEMPATH\View\View.php(226): include('C:\\xampp\\htdocs\\ci4project\\app\\Views\\add_view.php')
 3 SYSTEMPATH\View\View.php(229): CodeIgniter\View\View->CodeIgniter\View\{closure}()
 4 SYSTEMPATH\Common.php(1188): CodeIgniter\View\View->render('add_view', [], true)
 5 APPPATH\Controllers\Add.php(24): view('add_view', [...])
 6 SYSTEMPATH\CodeIgniter.php(919): App\Controllers\Add->index()
 7 SYSTEMPATH\CodeIgniter.php(494): CodeIgniter\CodeIgniter->runController(Object(App\Controllers\Add))
 8 SYSTEMPATH\CodeIgniter.php(353): CodeIgniter\CodeIgniter->handleRequest(null, Object(Config\Cache), false)
 9 FCPATH\index.php(79): CodeIgniter\CodeIgniter->run()
CRITICAL - 2023-09-29 04:05:19 --> Undefined variable $results
in APPPATH\Views\add_view.php on line 73.
 1 APPPATH\Views\add_view.php(73): CodeIgniter\Debug\Exceptions->errorHandler(2, 'Undefined variable $results', 'C:\\xampp\\htdocs\\ci4project\\app\\Views\\add_view.php', 73)
 2 SYSTEMPATH\View\View.php(226): include('C:\\xampp\\htdocs\\ci4project\\app\\Views\\add_view.php')
 3 SYSTEMPATH\View\View.php(229): CodeIgniter\View\View->CodeIgniter\View\{closure}()
 4 SYSTEMPATH\Common.php(1188): CodeIgniter\View\View->render('add_view', [], true)
 5 APPPATH\Controllers\Add.php(24): view('add_view', [...])
 6 SYSTEMPATH\CodeIgniter.php(919): App\Controllers\Add->index()
 7 SYSTEMPATH\CodeIgniter.php(494): CodeIgniter\CodeIgniter->runController(Object(App\Controllers\Add))
 8 SYSTEMPATH\CodeIgniter.php(353): CodeIgniter\CodeIgniter->handleRequest(null, Object(Config\Cache), false)
 9 FCPATH\index.php(79): CodeIgniter\CodeIgniter->run()
CRITICAL - 2023-09-29 04:06:03 --> Undefined variable $views
in APPPATH\Views\add_view.php on line 73.
 1 APPPATH\Views\add_view.php(73): CodeIgniter\Debug\Exceptions->errorHandler(2, 'Undefined variable $views', 'C:\\xampp\\htdocs\\ci4project\\app\\Views\\add_view.php', 73)
 2 SYSTEMPATH\View\View.php(226): include('C:\\xampp\\htdocs\\ci4project\\app\\Views\\add_view.php')
 3 SYSTEMPATH\View\View.php(229): CodeIgniter\View\View->CodeIgniter\View\{closure}()
 4 SYSTEMPATH\Common.php(1188): CodeIgniter\View\View->render('add_view', [], true)
 5 APPPATH\Controllers\Add.php(24): view('add_view', [...])
 6 SYSTEMPATH\CodeIgniter.php(919): App\Controllers\Add->index()
 7 SYSTEMPATH\CodeIgniter.php(494): CodeIgniter\CodeIgniter->runController(Object(App\Controllers\Add))
 8 SYSTEMPATH\CodeIgniter.php(353): CodeIgniter\CodeIgniter->handleRequest(null, Object(Config\Cache), false)
 9 FCPATH\index.php(79): CodeIgniter\CodeIgniter->run()
CRITICAL - 2023-09-29 04:06:53 --> Undefined variable $views
in APPPATH\Views\add_view.php on line 73.
 1 APPPATH\Views\add_view.php(73): CodeIgniter\Debug\Exceptions->errorHandler(2, 'Undefined variable $views', 'C:\\xampp\\htdocs\\ci4project\\app\\Views\\add_view.php', 73)
 2 SYSTEMPATH\View\View.php(226): include('C:\\xampp\\htdocs\\ci4project\\app\\Views\\add_view.php')
 3 SYSTEMPATH\View\View.php(229): CodeIgniter\View\View->CodeIgniter\View\{closure}()
 4 SYSTEMPATH\Common.php(1188): CodeIgniter\View\View->render('add_view', [], true)
 5 APPPATH\Controllers\Add.php(24): view('add_view', [...])
 6 SYSTEMPATH\CodeIgniter.php(919): App\Controllers\Add->index()
 7 SYSTEMPATH\CodeIgniter.php(494): CodeIgniter\CodeIgniter->runController(Object(App\Controllers\Add))
 8 SYSTEMPATH\CodeIgniter.php(353): CodeIgniter\CodeIgniter->handleRequest(null, Object(Config\Cache), false)
 9 FCPATH\index.php(79): CodeIgniter\CodeIgniter->run()
CRITICAL - 2023-09-29 04:06:54 --> Undefined variable $views
in APPPATH\Views\add_view.php on line 73.
 1 APPPATH\Views\add_view.php(73): CodeIgniter\Debug\Exceptions->errorHandler(2, 'Undefined variable $views', 'C:\\xampp\\htdocs\\ci4project\\app\\Views\\add_view.php', 73)
 2 SYSTEMPATH\View\View.php(226): include('C:\\xampp\\htdocs\\ci4project\\app\\Views\\add_view.php')
 3 SYSTEMPATH\View\View.php(229): CodeIgniter\View\View->CodeIgniter\View\{closure}()
 4 SYSTEMPATH\Common.php(1188): CodeIgniter\View\View->render('add_view', [], true)
 5 APPPATH\Controllers\Add.php(24): view('add_view', [...])
 6 SYSTEMPATH\CodeIgniter.php(919): App\Controllers\Add->index()
 7 SYSTEMPATH\CodeIgniter.php(494): CodeIgniter\CodeIgniter->runController(Object(App\Controllers\Add))
 8 SYSTEMPATH\CodeIgniter.php(353): CodeIgniter\CodeIgniter->handleRequest(null, Object(Config\Cache), false)
 9 FCPATH\index.php(79): CodeIgniter\CodeIgniter->run()
CRITICAL - 2023-09-29 04:07:43 --> Undefined variable $views
in APPPATH\Views\add_view.php on line 73.
 1 APPPATH\Views\add_view.php(73): CodeIgniter\Debug\Exceptions->errorHandler(2, 'Undefined variable $views', 'C:\\xampp\\htdocs\\ci4project\\app\\Views\\add_view.php', 73)
 2 SYSTEMPATH\View\View.php(226): include('C:\\xampp\\htdocs\\ci4project\\app\\Views\\add_view.php')
 3 SYSTEMPATH\View\View.php(229): CodeIgniter\View\View->CodeIgniter\View\{closure}()
 4 SYSTEMPATH\Common.php(1188): CodeIgniter\View\View->render('add_view', [], true)
 5 APPPATH\Controllers\Add.php(24): view('add_view', [...])
 6 SYSTEMPATH\CodeIgniter.php(919): App\Controllers\Add->index()
 7 SYSTEMPATH\CodeIgniter.php(494): CodeIgniter\CodeIgniter->runController(Object(App\Controllers\Add))
 8 SYSTEMPATH\CodeIgniter.php(353): CodeIgniter\CodeIgniter->handleRequest(null, Object(Config\Cache), false)
 9 FCPATH\index.php(79): CodeIgniter\CodeIgniter->run()
CRITICAL - 2023-09-29 04:08:35 --> Undefined variable $results
in APPPATH\Views\add_view.php on line 73.
 1 APPPATH\Views\add_view.php(73): CodeIgniter\Debug\Exceptions->errorHandler(2, 'Undefined variable $results', 'C:\\xampp\\htdocs\\ci4project\\app\\Views\\add_view.php', 73)
 2 SYSTEMPATH\View\View.php(226): include('C:\\xampp\\htdocs\\ci4project\\app\\Views\\add_view.php')
 3 SYSTEMPATH\View\View.php(229): CodeIgniter\View\View->CodeIgniter\View\{closure}()
 4 SYSTEMPATH\Common.php(1188): CodeIgniter\View\View->render('add_view', [], true)
 5 APPPATH\Controllers\Add.php(15): view('add_view', [...])
 6 SYSTEMPATH\CodeIgniter.php(919): App\Controllers\Add->index()
 7 SYSTEMPATH\CodeIgniter.php(494): CodeIgniter\CodeIgniter->runController(Object(App\Controllers\Add))
 8 SYSTEMPATH\CodeIgniter.php(353): CodeIgniter\CodeIgniter->handleRequest(null, Object(Config\Cache), false)
 9 FCPATH\index.php(79): CodeIgniter\CodeIgniter->run()
CRITICAL - 2023-09-29 04:08:44 --> Undefined variable $results
in APPPATH\Views\add_view.php on line 73.
 1 APPPATH\Views\add_view.php(73): CodeIgniter\Debug\Exceptions->errorHandler(2, 'Undefined variable $results', 'C:\\xampp\\htdocs\\ci4project\\app\\Views\\add_view.php', 73)
 2 SYSTEMPATH\View\View.php(226): include('C:\\xampp\\htdocs\\ci4project\\app\\Views\\add_view.php')
 3 SYSTEMPATH\View\View.php(229): CodeIgniter\View\View->CodeIgniter\View\{closure}()
 4 SYSTEMPATH\Common.php(1188): CodeIgniter\View\View->render('add_view', [], true)
 5 APPPATH\Controllers\Add.php(15): view('add_view', [...])
 6 SYSTEMPATH\CodeIgniter.php(919): App\Controllers\Add->index()
 7 SYSTEMPATH\CodeIgniter.php(494): CodeIgniter\CodeIgniter->runController(Object(App\Controllers\Add))
 8 SYSTEMPATH\CodeIgniter.php(353): CodeIgniter\CodeIgniter->handleRequest(null, Object(Config\Cache), false)
 9 FCPATH\index.php(79): CodeIgniter\CodeIgniter->run()
CRITICAL - 2023-09-29 04:09:20 --> Undefined variable $results
in APPPATH\Views\add_view.php on line 73.
 1 APPPATH\Views\add_view.php(73): CodeIgniter\Debug\Exceptions->errorHandler(2, 'Undefined variable $results', 'C:\\xampp\\htdocs\\ci4project\\app\\Views\\add_view.php', 73)
 2 SYSTEMPATH\View\View.php(226): include('C:\\xampp\\htdocs\\ci4project\\app\\Views\\add_view.php')
 3 SYSTEMPATH\View\View.php(229): CodeIgniter\View\View->CodeIgniter\View\{closure}()
 4 SYSTEMPATH\Common.php(1188): CodeIgniter\View\View->render('add_view', [], true)
 5 APPPATH\Controllers\Add.php(15): view('add_view', [...])
 6 SYSTEMPATH\CodeIgniter.php(919): App\Controllers\Add->index()
 7 SYSTEMPATH\CodeIgniter.php(494): CodeIgniter\CodeIgniter->runController(Object(App\Controllers\Add))
 8 SYSTEMPATH\CodeIgniter.php(353): CodeIgniter\CodeIgniter->handleRequest(null, Object(Config\Cache), false)
 9 FCPATH\index.php(79): CodeIgniter\CodeIgniter->run()
CRITICAL - 2023-09-29 04:10:19 --> Undefined variable $results
in APPPATH\Views\add_view.php on line 73.
 1 APPPATH\Views\add_view.php(73): CodeIgniter\Debug\Exceptions->errorHandler(2, 'Undefined variable $results', 'C:\\xampp\\htdocs\\ci4project\\app\\Views\\add_view.php', 73)
 2 SYSTEMPATH\View\View.php(226): include('C:\\xampp\\htdocs\\ci4project\\app\\Views\\add_view.php')
 3 SYSTEMPATH\View\View.php(229): CodeIgniter\View\View->CodeIgniter\View\{closure}()
 4 SYSTEMPATH\Common.php(1188): CodeIgniter\View\View->render('add_view', [], true)
 5 APPPATH\Controllers\Add.php(15): view('add_view', [...])
 6 SYSTEMPATH\CodeIgniter.php(919): App\Controllers\Add->index()
 7 SYSTEMPATH\CodeIgniter.php(494): CodeIgniter\CodeIgniter->runController(Object(App\Controllers\Add))
 8 SYSTEMPATH\CodeIgniter.php(353): CodeIgniter\CodeIgniter->handleRequest(null, Object(Config\Cache), false)
 9 FCPATH\index.php(79): CodeIgniter\CodeIgniter->run()
CRITICAL - 2023-09-29 04:10:42 --> Undefined variable $results
in APPPATH\Views\add_view.php on line 73.
 1 APPPATH\Views\add_view.php(73): CodeIgniter\Debug\Exceptions->errorHandler(2, 'Undefined variable $results', 'C:\\xampp\\htdocs\\ci4project\\app\\Views\\add_view.php', 73)
 2 SYSTEMPATH\View\View.php(226): include('C:\\xampp\\htdocs\\ci4project\\app\\Views\\add_view.php')
 3 SYSTEMPATH\View\View.php(229): CodeIgniter\View\View->CodeIgniter\View\{closure}()
 4 SYSTEMPATH\Common.php(1188): CodeIgniter\View\View->render('add_view', [], true)
 5 APPPATH\Controllers\Add.php(15): view('add_view', [...])
 6 SYSTEMPATH\CodeIgniter.php(919): App\Controllers\Add->index()
 7 SYSTEMPATH\CodeIgniter.php(494): CodeIgniter\CodeIgniter->runController(Object(App\Controllers\Add))
 8 SYSTEMPATH\CodeIgniter.php(353): CodeIgniter\CodeIgniter->handleRequest(null, Object(Config\Cache), false)
 9 FCPATH\index.php(79): CodeIgniter\CodeIgniter->run()
CRITICAL - 2023-09-29 04:10:54 --> Undefined variable $view
in APPPATH\Views\add_view.php on line 73.
 1 APPPATH\Views\add_view.php(73): CodeIgniter\Debug\Exceptions->errorHandler(2, 'Undefined variable $view', 'C:\\xampp\\htdocs\\ci4project\\app\\Views\\add_view.php', 73)
 2 SYSTEMPATH\View\View.php(226): include('C:\\xampp\\htdocs\\ci4project\\app\\Views\\add_view.php')
 3 SYSTEMPATH\View\View.php(229): CodeIgniter\View\View->CodeIgniter\View\{closure}()
 4 SYSTEMPATH\Common.php(1188): CodeIgniter\View\View->render('add_view', [], true)
 5 APPPATH\Controllers\Add.php(15): view('add_view', [...])
 6 SYSTEMPATH\CodeIgniter.php(919): App\Controllers\Add->index()
 7 SYSTEMPATH\CodeIgniter.php(494): CodeIgniter\CodeIgniter->runController(Object(App\Controllers\Add))
 8 SYSTEMPATH\CodeIgniter.php(353): CodeIgniter\CodeIgniter->handleRequest(null, Object(Config\Cache), false)
 9 FCPATH\index.php(79): CodeIgniter\CodeIgniter->run()
ERROR - 2023-09-29 04:14:04 --> Memory limit of 10240 KB exceeded for buffered query
CRITICAL - 2023-09-29 04:14:04 --> Memory limit of 10240 KB exceeded for buffered query
in SYSTEMPATH\Database\BaseConnection.php on line 646.
 1 SYSTEMPATH\Database\SQLSRV\Builder.php(610): CodeIgniter\Database\BaseConnection->query('SELECT *
FROM "CBInv"."dbo"."tpoheader"
WHERE YEAR(PoDate) = :YEAR(PoDate):', [...], false)
 2 SYSTEMPATH\Model.php(237): CodeIgniter\Database\SQLSRV\Builder->get()
 3 SYSTEMPATH\BaseModel.php(624): CodeIgniter\Model->doFindAll(0, 0)
 4 APPPATH\Controllers\PreOrder.php(12): CodeIgniter\BaseModel->findAll()
 5 SYSTEMPATH\CodeIgniter.php(919): App\Controllers\PreOrder->index()
 6 SYSTEMPATH\CodeIgniter.php(494): CodeIgniter\CodeIgniter->runController(Object(App\Controllers\PreOrder))
 7 SYSTEMPATH\CodeIgniter.php(353): CodeIgniter\CodeIgniter->handleRequest(null, Object(Config\Cache), false)
 8 FCPATH\index.php(79): CodeIgniter\CodeIgniter->run()
ERROR - 2023-09-29 04:14:46 --> Memory limit of 10240 KB exceeded for buffered query
CRITICAL - 2023-09-29 04:14:46 --> Memory limit of 10240 KB exceeded for buffered query
in SYSTEMPATH\Database\BaseConnection.php on line 646.
 1 SYSTEMPATH\Database\SQLSRV\Builder.php(610): CodeIgniter\Database\BaseConnection->query('SELECT *
FROM "CBInv"."dbo"."tpoheader"
WHERE YEAR(PoDate) = :YEAR(PoDate):', [...], false)
 2 SYSTEMPATH\Model.php(237): CodeIgniter\Database\SQLSRV\Builder->get()
 3 SYSTEMPATH\BaseModel.php(624): CodeIgniter\Model->doFindAll(0, 0)
 4 APPPATH\Controllers\PreOrder.php(12): CodeIgniter\BaseModel->findAll()
 5 SYSTEMPATH\CodeIgniter.php(919): App\Controllers\PreOrder->index()
 6 SYSTEMPATH\CodeIgniter.php(494): CodeIgniter\CodeIgniter->runController(Object(App\Controllers\PreOrder))
 7 SYSTEMPATH\CodeIgniter.php(353): CodeIgniter\CodeIgniter->handleRequest(null, Object(Config\Cache), false)
 8 FCPATH\index.php(79): CodeIgniter\CodeIgniter->run()
ERROR - 2023-09-29 04:14:59 --> Memory limit of 10240 KB exceeded for buffered query
CRITICAL - 2023-09-29 04:14:59 --> Memory limit of 10240 KB exceeded for buffered query
in SYSTEMPATH\Database\BaseConnection.php on line 646.
 1 SYSTEMPATH\Database\SQLSRV\Builder.php(610): CodeIgniter\Database\BaseConnection->query('SELECT *
FROM "CBInv"."dbo"."tpoheader"
WHERE YEAR(PoDate) = :YEAR(PoDate):', [...], false)
 2 SYSTEMPATH\Model.php(237): CodeIgniter\Database\SQLSRV\Builder->get()
 3 SYSTEMPATH\BaseModel.php(624): CodeIgniter\Model->doFindAll(0, 0)
 4 APPPATH\Controllers\PreOrder.php(12): CodeIgniter\BaseModel->findAll()
 5 SYSTEMPATH\CodeIgniter.php(919): App\Controllers\PreOrder->index()
 6 SYSTEMPATH\CodeIgniter.php(494): CodeIgniter\CodeIgniter->runController(Object(App\Controllers\PreOrder))
 7 SYSTEMPATH\CodeIgniter.php(353): CodeIgniter\CodeIgniter->handleRequest(null, Object(Config\Cache), false)
 8 FCPATH\index.php(79): CodeIgniter\CodeIgniter->run()
CRITICAL - 2023-09-29 04:17:54 --> Undefined variable $results
in APPPATH\Views\add_view.php on line 73.
 1 APPPATH\Views\add_view.php(73): CodeIgniter\Debug\Exceptions->errorHandler(2, 'Undefined variable $results', 'C:\\xampp\\htdocs\\ci4project\\app\\Views\\add_view.php', 73)
 2 SYSTEMPATH\View\View.php(226): include('C:\\xampp\\htdocs\\ci4project\\app\\Views\\add_view.php')
 3 SYSTEMPATH\View\View.php(229): CodeIgniter\View\View->CodeIgniter\View\{closure}()
 4 SYSTEMPATH\Common.php(1188): CodeIgniter\View\View->render('add_view', [], true)
 5 APPPATH\Controllers\Add.php(15): view('add_view', [...])
 6 SYSTEMPATH\CodeIgniter.php(919): App\Controllers\Add->index()
 7 SYSTEMPATH\CodeIgniter.php(494): CodeIgniter\CodeIgniter->runController(Object(App\Controllers\Add))
 8 SYSTEMPATH\CodeIgniter.php(353): CodeIgniter\CodeIgniter->handleRequest(null, Object(Config\Cache), false)
 9 FCPATH\index.php(79): CodeIgniter\CodeIgniter->run()
CRITICAL - 2023-09-29 04:18:17 --> Undefined variable $results
in APPPATH\Views\add_view.php on line 73.
 1 APPPATH\Views\add_view.php(73): CodeIgniter\Debug\Exceptions->errorHandler(2, 'Undefined variable $results', 'C:\\xampp\\htdocs\\ci4project\\app\\Views\\add_view.php', 73)
 2 SYSTEMPATH\View\View.php(226): include('C:\\xampp\\htdocs\\ci4project\\app\\Views\\add_view.php')
 3 SYSTEMPATH\View\View.php(229): CodeIgniter\View\View->CodeIgniter\View\{closure}()
 4 SYSTEMPATH\Common.php(1188): CodeIgniter\View\View->render('add_view', [], true)
 5 APPPATH\Controllers\Add.php(15): view('add_view', [...])
 6 SYSTEMPATH\CodeIgniter.php(919): App\Controllers\Add->index()
 7 SYSTEMPATH\CodeIgniter.php(494): CodeIgniter\CodeIgniter->runController(Object(App\Controllers\Add))
 8 SYSTEMPATH\CodeIgniter.php(353): CodeIgniter\CodeIgniter->handleRequest(null, Object(Config\Cache), false)
 9 FCPATH\index.php(79): CodeIgniter\CodeIgniter->run()
CRITICAL - 2023-09-29 04:22:40 --> Undefined variable $result
in APPPATH\Views\add_view.php on line 73.
 1 APPPATH\Views\add_view.php(73): CodeIgniter\Debug\Exceptions->errorHandler(2, 'Undefined variable $result', 'C:\\xampp\\htdocs\\ci4project\\app\\Views\\add_view.php', 73)
 2 SYSTEMPATH\View\View.php(226): include('C:\\xampp\\htdocs\\ci4project\\app\\Views\\add_view.php')
 3 SYSTEMPATH\View\View.php(229): CodeIgniter\View\View->CodeIgniter\View\{closure}()
 4 SYSTEMPATH\Common.php(1188): CodeIgniter\View\View->render('add_view', [], true)
 5 APPPATH\Controllers\Add.php(15): view('add_view', [...])
 6 SYSTEMPATH\CodeIgniter.php(919): App\Controllers\Add->index()
 7 SYSTEMPATH\CodeIgniter.php(494): CodeIgniter\CodeIgniter->runController(Object(App\Controllers\Add))
 8 SYSTEMPATH\CodeIgniter.php(353): CodeIgniter\CodeIgniter->handleRequest(null, Object(Config\Cache), false)
 9 FCPATH\index.php(79): CodeIgniter\CodeIgniter->run()
ERROR - 2023-09-29 04:27:28 --> [Microsoft][ODBC Driver 17 for SQL Server][SQL Server]Incorrect syntax near the keyword 'BETWEEN'.
CRITICAL - 2023-09-29 04:27:28 --> [Microsoft][ODBC Driver 17 for SQL Server][SQL Server]Incorrect syntax near the keyword 'BETWEEN'.
in SYSTEMPATH\Database\BaseConnection.php on line 646.
 1 SYSTEMPATH\Database\SQLSRV\Builder.php(610): CodeIgniter\Database\BaseConnection->query('SELECT *
FROM "CBInv"."dbo"."tpoheader"
WHERE BETWEEN(PoDate) = :BETWEEN(PoDate):', [...], false)
 2 SYSTEMPATH\Model.php(237): CodeIgniter\Database\SQLSRV\Builder->get()
 3 SYSTEMPATH\BaseModel.php(624): CodeIgniter\Model->doFindAll(0, 0)
 4 APPPATH\Controllers\Add.php(15): CodeIgniter\BaseModel->findAll()
 5 SYSTEMPATH\CodeIgniter.php(919): App\Controllers\Add->index()
 6 SYSTEMPATH\CodeIgniter.php(494): CodeIgniter\CodeIgniter->runController(Object(App\Controllers\Add))
 7 SYSTEMPATH\CodeIgniter.php(353): CodeIgniter\CodeIgniter->handleRequest(null, Object(Config\Cache), false)
 8 FCPATH\index.php(79): CodeIgniter\CodeIgniter->run()
ERROR - 2023-09-29 04:27:46 --> [Microsoft][ODBC Driver 17 for SQL Server][SQL Server]Invalid column name 'BETWEEN'.
CRITICAL - 2023-09-29 04:27:46 --> [Microsoft][ODBC Driver 17 for SQL Server][SQL Server]Invalid column name 'BETWEEN'.
in SYSTEMPATH\Database\BaseConnection.php on line 646.
 1 SYSTEMPATH\Database\SQLSRV\Builder.php(610): CodeIgniter\Database\BaseConnection->query('SELECT *
FROM "CBInv"."dbo"."tpoheader"
WHERE "BETWEEN" = :BETWEEN:', [...], false)
 2 SYSTEMPATH\Model.php(237): CodeIgniter\Database\SQLSRV\Builder->get()
 3 SYSTEMPATH\BaseModel.php(624): CodeIgniter\Model->doFindAll(0, 0)
 4 APPPATH\Controllers\Add.php(15): CodeIgniter\BaseModel->findAll()
 5 SYSTEMPATH\CodeIgniter.php(919): App\Controllers\Add->index()
 6 SYSTEMPATH\CodeIgniter.php(494): CodeIgniter\CodeIgniter->runController(Object(App\Controllers\Add))
 7 SYSTEMPATH\CodeIgniter.php(353): CodeIgniter\CodeIgniter->handleRequest(null, Object(Config\Cache), false)
 8 FCPATH\index.php(79): CodeIgniter\CodeIgniter->run()
ERROR - 2023-09-29 04:29:17 --> [Microsoft][ODBC Driver 17 for SQL Server][SQL Server]Invalid column name 'date_column'.
CRITICAL - 2023-09-29 04:29:17 --> [Microsoft][ODBC Driver 17 for SQL Server][SQL Server]Invalid column name 'date_column'.
in SYSTEMPATH\Database\BaseConnection.php on line 646.
 1 SYSTEMPATH\Database\SQLSRV\Builder.php(610): CodeIgniter\Database\BaseConnection->query('SELECT *
FROM "CBInv"."dbo"."tpoheader"
WHERE "date_column" >= :date_column:
AND "date_column" <= :date_column.1:', [...], false)
 2 SYSTEMPATH\Model.php(871): CodeIgniter\Database\SQLSRV\Builder->get()
 3 APPPATH\Controllers\Add.php(18): CodeIgniter\Model->__call('get', [])
 4 SYSTEMPATH\CodeIgniter.php(919): App\Controllers\Add->index()
 5 SYSTEMPATH\CodeIgniter.php(494): CodeIgniter\CodeIgniter->runController(Object(App\Controllers\Add))
 6 SYSTEMPATH\CodeIgniter.php(353): CodeIgniter\CodeIgniter->handleRequest(null, Object(Config\Cache), false)
 7 FCPATH\index.php(79): CodeIgniter\CodeIgniter->run()
ERROR - 2023-09-29 04:29:18 --> [Microsoft][ODBC Driver 17 for SQL Server][SQL Server]Invalid column name 'date_column'.
CRITICAL - 2023-09-29 04:29:18 --> [Microsoft][ODBC Driver 17 for SQL Server][SQL Server]Invalid column name 'date_column'.
in SYSTEMPATH\Database\BaseConnection.php on line 646.
 1 SYSTEMPATH\Database\SQLSRV\Builder.php(610): CodeIgniter\Database\BaseConnection->query('SELECT *
FROM "CBInv"."dbo"."tpoheader"
WHERE "date_column" >= :date_column:
AND "date_column" <= :date_column.1:', [...], false)
 2 SYSTEMPATH\Model.php(871): CodeIgniter\Database\SQLSRV\Builder->get()
 3 APPPATH\Controllers\Add.php(18): CodeIgniter\Model->__call('get', [])
 4 SYSTEMPATH\CodeIgniter.php(919): App\Controllers\Add->index()
 5 SYSTEMPATH\CodeIgniter.php(494): CodeIgniter\CodeIgniter->runController(Object(App\Controllers\Add))
 6 SYSTEMPATH\CodeIgniter.php(353): CodeIgniter\CodeIgniter->handleRequest(null, Object(Config\Cache), false)
 7 FCPATH\index.php(79): CodeIgniter\CodeIgniter->run()
ERROR - 2023-09-29 04:29:28 --> Memory limit of 10240 KB exceeded for buffered query
CRITICAL - 2023-09-29 04:29:28 --> Memory limit of 10240 KB exceeded for buffered query
in SYSTEMPATH\Database\BaseConnection.php on line 646.
 1 SYSTEMPATH\Database\SQLSRV\Builder.php(610): CodeIgniter\Database\BaseConnection->query('SELECT *
FROM "CBInv"."dbo"."tpoheader"
WHERE "PoDate" >= :PoDate:
AND "PoDate" <= :PoDate.1:', [...], false)
 2 SYSTEMPATH\Model.php(871): CodeIgniter\Database\SQLSRV\Builder->get()
 3 APPPATH\Controllers\Add.php(18): CodeIgniter\Model->__call('get', [])
 4 SYSTEMPATH\CodeIgniter.php(919): App\Controllers\Add->index()
 5 SYSTEMPATH\CodeIgniter.php(494): CodeIgniter\CodeIgniter->runController(Object(App\Controllers\Add))
 6 SYSTEMPATH\CodeIgniter.php(353): CodeIgniter\CodeIgniter->handleRequest(null, Object(Config\Cache), false)
 7 FCPATH\index.php(79): CodeIgniter\CodeIgniter->run()
CRITICAL - 2023-09-29 04:29:37 --> Cannot use object of type stdClass as array
in APPPATH\Views\add_view.php on line 75.
 1 SYSTEMPATH\View\View.php(226): include()
 2 SYSTEMPATH\View\View.php(229): CodeIgniter\View\View->CodeIgniter\View\{closure}()
 3 SYSTEMPATH\Common.php(1188): CodeIgniter\View\View->render('add_view', [], true)
 4 APPPATH\Controllers\Add.php(21): view('add_view', [...])
 5 SYSTEMPATH\CodeIgniter.php(919): App\Controllers\Add->index()
 6 SYSTEMPATH\CodeIgniter.php(494): CodeIgniter\CodeIgniter->runController(Object(App\Controllers\Add))
 7 SYSTEMPATH\CodeIgniter.php(353): CodeIgniter\CodeIgniter->handleRequest(null, Object(Config\Cache), false)
 8 FCPATH\index.php(79): CodeIgniter\CodeIgniter->run()
CRITICAL - 2023-09-29 04:31:32 --> Undefined variable $results
in APPPATH\Views\add_view.php on line 73.
 1 APPPATH\Views\add_view.php(73): CodeIgniter\Debug\Exceptions->errorHandler(2, 'Undefined variable $results', 'C:\\xampp\\htdocs\\ci4project\\app\\Views\\add_view.php', 73)
 2 SYSTEMPATH\View\View.php(226): include('C:\\xampp\\htdocs\\ci4project\\app\\Views\\add_view.php')
 3 SYSTEMPATH\View\View.php(229): CodeIgniter\View\View->CodeIgniter\View\{closure}()
 4 SYSTEMPATH\Common.php(1188): CodeIgniter\View\View->render('add_view', [], true)
 5 APPPATH\Controllers\Add.php(21): view('add_view', [...])
 6 SYSTEMPATH\CodeIgniter.php(919): App\Controllers\Add->index()
 7 SYSTEMPATH\CodeIgniter.php(494): CodeIgniter\CodeIgniter->runController(Object(App\Controllers\Add))
 8 SYSTEMPATH\CodeIgniter.php(353): CodeIgniter\CodeIgniter->handleRequest(null, Object(Config\Cache), false)
 9 FCPATH\index.php(79): CodeIgniter\CodeIgniter->run()
CRITICAL - 2023-09-29 04:31:42 --> Cannot use object of type stdClass as array
in APPPATH\Views\add_view.php on line 75.
 1 SYSTEMPATH\View\View.php(226): include()
 2 SYSTEMPATH\View\View.php(229): CodeIgniter\View\View->CodeIgniter\View\{closure}()
 3 SYSTEMPATH\Common.php(1188): CodeIgniter\View\View->render('add_view', [], true)
 4 APPPATH\Controllers\Add.php(21): view('add_view', [...])
 5 SYSTEMPATH\CodeIgniter.php(919): App\Controllers\Add->index()
 6 SYSTEMPATH\CodeIgniter.php(494): CodeIgniter\CodeIgniter->runController(Object(App\Controllers\Add))
 7 SYSTEMPATH\CodeIgniter.php(353): CodeIgniter\CodeIgniter->handleRequest(null, Object(Config\Cache), false)
 8 FCPATH\index.php(79): CodeIgniter\CodeIgniter->run()
CRITICAL - 2023-09-29 04:33:54 --> Cannot use object of type stdClass as array
in APPPATH\Views\add_view.php on line 75.
 1 SYSTEMPATH\View\View.php(226): include()
 2 SYSTEMPATH\View\View.php(229): CodeIgniter\View\View->CodeIgniter\View\{closure}()
 3 SYSTEMPATH\Common.php(1188): CodeIgniter\View\View->render('add_view', [], true)
 4 APPPATH\Controllers\Add.php(21): view('add_view', [...])
 5 SYSTEMPATH\CodeIgniter.php(919): App\Controllers\Add->index()
 6 SYSTEMPATH\CodeIgniter.php(494): CodeIgniter\CodeIgniter->runController(Object(App\Controllers\Add))
 7 SYSTEMPATH\CodeIgniter.php(353): CodeIgniter\CodeIgniter->handleRequest(null, Object(Config\Cache), false)
 8 FCPATH\index.php(79): CodeIgniter\CodeIgniter->run()
ERROR - 2023-09-29 04:33:59 --> Memory limit of 10240 KB exceeded for buffered query
CRITICAL - 2023-09-29 04:33:59 --> Memory limit of 10240 KB exceeded for buffered query
in SYSTEMPATH\Database\BaseConnection.php on line 646.
 1 SYSTEMPATH\Database\SQLSRV\Builder.php(610): CodeIgniter\Database\BaseConnection->query('SELECT *
FROM "CBInv"."dbo"."tpoheader"
WHERE YEAR(PoDate) = :YEAR(PoDate):', [...], false)
 2 SYSTEMPATH\Model.php(237): CodeIgniter\Database\SQLSRV\Builder->get()
 3 SYSTEMPATH\BaseModel.php(624): CodeIgniter\Model->doFindAll(0, 0)
 4 APPPATH\Controllers\PreOrder.php(12): CodeIgniter\BaseModel->findAll()
 5 SYSTEMPATH\CodeIgniter.php(919): App\Controllers\PreOrder->index()
 6 SYSTEMPATH\CodeIgniter.php(494): CodeIgniter\CodeIgniter->runController(Object(App\Controllers\PreOrder))
 7 SYSTEMPATH\CodeIgniter.php(353): CodeIgniter\CodeIgniter->handleRequest(null, Object(Config\Cache), false)
 8 FCPATH\index.php(79): CodeIgniter\CodeIgniter->run()
CRITICAL - 2023-09-29 04:33:59 --> Cannot use object of type stdClass as array
in APPPATH\Views\add_view.php on line 75.
 1 SYSTEMPATH\View\View.php(226): include()
 2 SYSTEMPATH\View\View.php(229): CodeIgniter\View\View->CodeIgniter\View\{closure}()
 3 SYSTEMPATH\Common.php(1188): CodeIgniter\View\View->render('add_view', [], true)
 4 APPPATH\Controllers\Add.php(21): view('add_view', [...])
 5 SYSTEMPATH\CodeIgniter.php(919): App\Controllers\Add->index()
 6 SYSTEMPATH\CodeIgniter.php(494): CodeIgniter\CodeIgniter->runController(Object(App\Controllers\Add))
 7 SYSTEMPATH\CodeIgniter.php(353): CodeIgniter\CodeIgniter->handleRequest(null, Object(Config\Cache), false)
 8 FCPATH\index.php(79): CodeIgniter\CodeIgniter->run()
WARNING - 2023-09-29 04:34:07 --> [DEPRECATED] Creation of dynamic property App\Controllers\Submission::$ModelSubmission is deprecated in APPPATH\Controllers\Submission.php on line 11.
 1 SYSTEMPATH\CodeIgniter.php(891): App\Controllers\Submission->__construct()
 2 SYSTEMPATH\CodeIgniter.php(485): CodeIgniter\CodeIgniter->createController()
 3 SYSTEMPATH\CodeIgniter.php(353): CodeIgniter\CodeIgniter->handleRequest(null, Object(Config\Cache), false)
 4 FCPATH\index.php(79): CodeIgniter\CodeIgniter->run()
WARNING - 2023-09-29 04:34:09 --> [DEPRECATED] Creation of dynamic property App\Controllers\Submission::$ModelSubmission is deprecated in APPPATH\Controllers\Submission.php on line 11.
 1 SYSTEMPATH\CodeIgniter.php(891): App\Controllers\Submission->__construct()
 2 SYSTEMPATH\CodeIgniter.php(485): CodeIgniter\CodeIgniter->createController()
 3 SYSTEMPATH\CodeIgniter.php(353): CodeIgniter\CodeIgniter->handleRequest(null, Object(Config\Cache), false)
 4 FCPATH\index.php(79): CodeIgniter\CodeIgniter->run()
ERROR - 2023-09-29 04:34:16 --> Memory limit of 10240 KB exceeded for buffered query
CRITICAL - 2023-09-29 04:34:16 --> Memory limit of 10240 KB exceeded for buffered query
in SYSTEMPATH\Database\BaseConnection.php on line 646.
 1 SYSTEMPATH\Database\SQLSRV\Builder.php(610): CodeIgniter\Database\BaseConnection->query('SELECT *
FROM "CBInv"."dbo"."tpoheader"
WHERE "PoDate" >= :PoDate:
AND "PoDate" <= :PoDate.1:', [...], false)
 2 SYSTEMPATH\Model.php(871): CodeIgniter\Database\SQLSRV\Builder->get()
 3 APPPATH\Controllers\Add.php(18): CodeIgniter\Model->__call('get', [])
 4 SYSTEMPATH\CodeIgniter.php(919): App\Controllers\Add->index()
 5 SYSTEMPATH\CodeIgniter.php(494): CodeIgniter\CodeIgniter->runController(Object(App\Controllers\Add))
 6 SYSTEMPATH\CodeIgniter.php(353): CodeIgniter\CodeIgniter->handleRequest(null, Object(Config\Cache), false)
 7 FCPATH\index.php(79): CodeIgniter\CodeIgniter->run()
CRITICAL - 2023-09-29 04:37:27 --> Cannot use object of type stdClass as array
in APPPATH\Views\add_view.php on line 75.
 1 SYSTEMPATH\View\View.php(226): include()
 2 SYSTEMPATH\View\View.php(229): CodeIgniter\View\View->CodeIgniter\View\{closure}()
 3 SYSTEMPATH\Common.php(1188): CodeIgniter\View\View->render('add_view', [], true)
 4 APPPATH\Controllers\Add.php(21): view('add_view', [...])
 5 SYSTEMPATH\CodeIgniter.php(919): App\Controllers\Add->index()
 6 SYSTEMPATH\CodeIgniter.php(494): CodeIgniter\CodeIgniter->runController(Object(App\Controllers\Add))
 7 SYSTEMPATH\CodeIgniter.php(353): CodeIgniter\CodeIgniter->handleRequest(null, Object(Config\Cache), false)
 8 FCPATH\index.php(79): CodeIgniter\CodeIgniter->run()
WARNING - 2023-09-29 04:37:38 --> [DEPRECATED] Creation of dynamic property App\Controllers\Submission::$ModelSubmission is deprecated in APPPATH\Controllers\Submission.php on line 11.
 1 SYSTEMPATH\CodeIgniter.php(891): App\Controllers\Submission->__construct()
 2 SYSTEMPATH\CodeIgniter.php(485): CodeIgniter\CodeIgniter->createController()
 3 SYSTEMPATH\CodeIgniter.php(353): CodeIgniter\CodeIgniter->handleRequest(null, Object(Config\Cache), false)
 4 FCPATH\index.php(79): CodeIgniter\CodeIgniter->run()
CRITICAL - 2023-09-29 04:37:40 --> Undefined array key "vendorname"
in APPPATH\Views\preorder_view.php on line 32.
 1 APPPATH\Views\preorder_view.php(32): CodeIgniter\Debug\Exceptions->errorHandler(2, 'Undefined array key "vendorname"', 'C:\\xampp\\htdocs\\ci4project\\app\\Views\\preorder_view.php', 32)
 2 SYSTEMPATH\View\View.php(226): include('C:\\xampp\\htdocs\\ci4project\\app\\Views\\preorder_view.php')
 3 SYSTEMPATH\View\View.php(229): CodeIgniter\View\View->CodeIgniter\View\{closure}()
 4 SYSTEMPATH\Common.php(1188): CodeIgniter\View\View->render('preorder_view', [], true)
 5 APPPATH\Controllers\PreOrder.php(14): view('preorder_view', [...])
 6 SYSTEMPATH\CodeIgniter.php(919): App\Controllers\PreOrder->index()
 7 SYSTEMPATH\CodeIgniter.php(494): CodeIgniter\CodeIgniter->runController(Object(App\Controllers\PreOrder))
 8 SYSTEMPATH\CodeIgniter.php(353): CodeIgniter\CodeIgniter->handleRequest(null, Object(Config\Cache), false)
 9 FCPATH\index.php(79): CodeIgniter\CodeIgniter->run()
CRITICAL - 2023-09-29 04:38:23 --> Allowed memory size of 536870912 bytes exhausted (tried to allocate 4194312 bytes)
in SYSTEMPATH\ThirdParty\Kint\Utils.php on line 92.
 1 [internal function]: CodeIgniter\Debug\Exceptions->shutdownHandler()
ERROR - 2023-09-29 04:39:52 --> Memory limit of 10240 KB exceeded for buffered query
CRITICAL - 2023-09-29 04:39:52 --> Memory limit of 10240 KB exceeded for buffered query
in SYSTEMPATH\Database\BaseConnection.php on line 646.
 1 SYSTEMPATH\Database\SQLSRV\Builder.php(610): CodeIgniter\Database\BaseConnection->query('SELECT *
FROM "CBInv"."dbo"."vspk_test"
ORDER BY "PoDate"', [], false)
 2 SYSTEMPATH\Model.php(237): CodeIgniter\Database\SQLSRV\Builder->get()
 3 SYSTEMPATH\BaseModel.php(624): CodeIgniter\Model->doFindAll(0, 0)
 4 APPPATH\Controllers\PreOrder.php(12): CodeIgniter\BaseModel->findAll()
 5 SYSTEMPATH\CodeIgniter.php(919): App\Controllers\PreOrder->index()
 6 SYSTEMPATH\CodeIgniter.php(494): CodeIgniter\CodeIgniter->runController(Object(App\Controllers\PreOrder))
 7 SYSTEMPATH\CodeIgniter.php(353): CodeIgniter\CodeIgniter->handleRequest(null, Object(Config\Cache), false)
 8 FCPATH\index.php(79): CodeIgniter\CodeIgniter->run()
CRITICAL - 2023-09-29 04:40:27 --> Allowed memory size of 536870912 bytes exhausted (tried to allocate 4194312 bytes)
in SYSTEMPATH\ThirdParty\Kint\Utils.php on line 92.
 1 [internal function]: CodeIgniter\Debug\Exceptions->shutdownHandler()
CRITICAL - 2023-09-29 04:40:51 --> Cannot use object of type stdClass as array
in APPPATH\Views\add_view.php on line 75.
 1 SYSTEMPATH\View\View.php(226): include()
 2 SYSTEMPATH\View\View.php(229): CodeIgniter\View\View->CodeIgniter\View\{closure}()
 3 SYSTEMPATH\Common.php(1188): CodeIgniter\View\View->render('add_view', [], true)
 4 APPPATH\Controllers\Add.php(21): view('add_view', [...])
 5 SYSTEMPATH\CodeIgniter.php(919): App\Controllers\Add->index()
 6 SYSTEMPATH\CodeIgniter.php(494): CodeIgniter\CodeIgniter->runController(Object(App\Controllers\Add))
 7 SYSTEMPATH\CodeIgniter.php(353): CodeIgniter\CodeIgniter->handleRequest(null, Object(Config\Cache), false)
 8 FCPATH\index.php(79): CodeIgniter\CodeIgniter->run()
CRITICAL - 2023-09-29 04:44:17 --> Undefined variable $results
in APPPATH\Controllers\Add.php on line 15.
 1 APPPATH\Controllers\Add.php(15): CodeIgniter\Debug\Exceptions->errorHandler(2, 'Undefined variable $results', 'C:\\xampp\\htdocs\\ci4project\\app\\Controllers\\Add.php', 15)
 2 SYSTEMPATH\CodeIgniter.php(919): App\Controllers\Add->index()
 3 SYSTEMPATH\CodeIgniter.php(494): CodeIgniter\CodeIgniter->runController(Object(App\Controllers\Add))
 4 SYSTEMPATH\CodeIgniter.php(353): CodeIgniter\CodeIgniter->handleRequest(null, Object(Config\Cache), false)
 5 FCPATH\index.php(79): CodeIgniter\CodeIgniter->run()
CRITICAL - 2023-09-29 04:44:27 --> Attempt to read property "PoNo" on array
in APPPATH\Views\add_view.php on line 75.
 1 APPPATH\Views\add_view.php(75): CodeIgniter\Debug\Exceptions->errorHandler(2, 'Attempt to read property "PoNo" on array', 'C:\\xampp\\htdocs\\ci4project\\app\\Views\\add_view.php', 75)
 2 SYSTEMPATH\View\View.php(226): include('C:\\xampp\\htdocs\\ci4project\\app\\Views\\add_view.php')
 3 SYSTEMPATH\View\View.php(229): CodeIgniter\View\View->CodeIgniter\View\{closure}()
 4 SYSTEMPATH\Common.php(1188): CodeIgniter\View\View->render('add_view', [], true)
 5 APPPATH\Controllers\Add.php(17): view('add_view', [...])
 6 SYSTEMPATH\CodeIgniter.php(919): App\Controllers\Add->index()
 7 SYSTEMPATH\CodeIgniter.php(494): CodeIgniter\CodeIgniter->runController(Object(App\Controllers\Add))
 8 SYSTEMPATH\CodeIgniter.php(353): CodeIgniter\CodeIgniter->handleRequest(null, Object(Config\Cache), false)
 9 FCPATH\index.php(79): CodeIgniter\CodeIgniter->run()
WARNING - 2023-09-29 06:39:14 --> [DEPRECATED] Creation of dynamic property App\Controllers\Submission::$ModelSubmission is deprecated in APPPATH\Controllers\Submission.php on line 11.
 1 SYSTEMPATH\CodeIgniter.php(891): App\Controllers\Submission->__construct()
 2 SYSTEMPATH\CodeIgniter.php(485): CodeIgniter\CodeIgniter->createController()
 3 SYSTEMPATH\CodeIgniter.php(353): CodeIgniter\CodeIgniter->handleRequest(null, Object(Config\Cache), false)
 4 FCPATH\index.php(79): CodeIgniter\CodeIgniter->run()
WARNING - 2023-09-29 06:39:23 --> [DEPRECATED] Creation of dynamic property App\Controllers\Submission::$ModelSubmission is deprecated in APPPATH\Controllers\Submission.php on line 11.
 1 SYSTEMPATH\CodeIgniter.php(891): App\Controllers\Submission->__construct()
 2 SYSTEMPATH\CodeIgniter.php(485): CodeIgniter\CodeIgniter->createController()
 3 SYSTEMPATH\CodeIgniter.php(353): CodeIgniter\CodeIgniter->handleRequest(null, Object(Config\Cache), false)
 4 FCPATH\index.php(79): CodeIgniter\CodeIgniter->run()
