CRITICAL - 2023-11-10 02:56:19 --> Undefined variable $vpo
in APPPATH\Views\add_view.php on line 44.
 1 APPPATH\Views\add_view.php(44): CodeIgniter\Debug\Exceptions->errorHandler(2, 'Undefined variable $vpo', 'C:\\xampp\\htdocs\\ci4project\\app\\Views\\add_view.php', 44)
 2 SYSTEMPATH\View\View.php(226): include('C:\\xampp\\htdocs\\ci4project\\app\\Views\\add_view.php')
 3 SYSTEMPATH\View\View.php(229): CodeIgniter\View\View->CodeIgniter\View\{closure}()
 4 SYSTEMPATH\Common.php(1188): CodeIgniter\View\View->render('add_view', [], true)
 5 APPPATH\Controllers\Add.php(59): view('add_view', [...])
 6 SYSTEMPATH\CodeIgniter.php(919): App\Controllers\Add->searchItem()
 7 SYSTEMPATH\CodeIgniter.php(494): CodeIgniter\CodeIgniter->runController(Object(App\Controllers\Add))
 8 SYSTEMPATH\CodeIgniter.php(353): CodeIgniter\CodeIgniter->handleRequest(null, Object(Config\Cache), false)
 9 FCPATH\index.php(79): CodeIgniter\CodeIgniter->run()
10 SYSTEMPATH\Commands\Server\rewrite.php(47): require_once('C:\\xampp\\htdocs\\ci4project\\public\\index.php')
CRITICAL - 2023-11-10 03:40:21 --> Undefined variable $category
in APPPATH\Views\display_items.php on line 2.
 1 APPPATH\Views\display_items.php(2): CodeIgniter\Debug\Exceptions->errorHandler(2, 'Undefined variable $category', 'C:\\xampp\\htdocs\\ci4project\\app\\Views\\display_items.php', 2)
 2 SYSTEMPATH\View\View.php(226): include('C:\\xampp\\htdocs\\ci4project\\app\\Views\\display_items.php')
 3 SYSTEMPATH\View\View.php(229): CodeIgniter\View\View->CodeIgniter\View\{closure}()
 4 SYSTEMPATH\Common.php(1188): CodeIgniter\View\View->render('display_items', [], true)
 5 APPPATH\Views\add_view.php(45): view('display_items')
 6 SYSTEMPATH\View\View.php(226): include('C:\\xampp\\htdocs\\ci4project\\app\\Views\\add_view.php')
 7 SYSTEMPATH\View\View.php(229): CodeIgniter\View\View->CodeIgniter\View\{closure}()
 8 SYSTEMPATH\Common.php(1188): CodeIgniter\View\View->render('add_view', [], true)
 9 APPPATH\Controllers\Add.php(33): view('add_view', [...])
10 SYSTEMPATH\CodeIgniter.php(919): App\Controllers\Add->index()
11 SYSTEMPATH\CodeIgniter.php(494): CodeIgniter\CodeIgniter->runController(Object(App\Controllers\Add))
12 SYSTEMPATH\CodeIgniter.php(353): CodeIgniter\CodeIgniter->handleRequest(null, Object(Config\Cache), false)
13 FCPATH\index.php(79): CodeIgniter\CodeIgniter->run()
14 SYSTEMPATH\Commands\Server\rewrite.php(47): require_once('C:\\xampp\\htdocs\\ci4project\\public\\index.php')
CRITICAL - 2023-11-10 03:40:23 --> Undefined variable $category
in APPPATH\Views\display_items.php on line 2.
 1 APPPATH\Views\display_items.php(2): CodeIgniter\Debug\Exceptions->errorHandler(2, 'Undefined variable $category', 'C:\\xampp\\htdocs\\ci4project\\app\\Views\\display_items.php', 2)
 2 SYSTEMPATH\View\View.php(226): include('C:\\xampp\\htdocs\\ci4project\\app\\Views\\display_items.php')
 3 SYSTEMPATH\View\View.php(229): CodeIgniter\View\View->CodeIgniter\View\{closure}()
 4 SYSTEMPATH\Common.php(1188): CodeIgniter\View\View->render('display_items', [], true)
 5 APPPATH\Views\add_view.php(45): view('display_items')
 6 SYSTEMPATH\View\View.php(226): include('C:\\xampp\\htdocs\\ci4project\\app\\Views\\add_view.php')
 7 SYSTEMPATH\View\View.php(229): CodeIgniter\View\View->CodeIgniter\View\{closure}()
 8 SYSTEMPATH\Common.php(1188): CodeIgniter\View\View->render('add_view', [], true)
 9 APPPATH\Controllers\Add.php(33): view('add_view', [...])
10 SYSTEMPATH\CodeIgniter.php(919): App\Controllers\Add->index()
11 SYSTEMPATH\CodeIgniter.php(494): CodeIgniter\CodeIgniter->runController(Object(App\Controllers\Add))
12 SYSTEMPATH\CodeIgniter.php(353): CodeIgniter\CodeIgniter->handleRequest(null, Object(Config\Cache), false)
13 FCPATH\index.php(79): CodeIgniter\CodeIgniter->run()
14 SYSTEMPATH\Commands\Server\rewrite.php(47): require_once('C:\\xampp\\htdocs\\ci4project\\public\\index.php')
CRITICAL - 2023-11-10 03:42:26 --> Undefined variable $category
in APPPATH\Views\display_items.php on line 3.
 1 APPPATH\Views\display_items.php(3): CodeIgniter\Debug\Exceptions->errorHandler(2, 'Undefined variable $category', 'C:\\xampp\\htdocs\\ci4project\\app\\Views\\display_items.php', 3)
 2 SYSTEMPATH\View\View.php(226): include('C:\\xampp\\htdocs\\ci4project\\app\\Views\\display_items.php')
 3 SYSTEMPATH\View\View.php(229): CodeIgniter\View\View->CodeIgniter\View\{closure}()
 4 SYSTEMPATH\Common.php(1188): CodeIgniter\View\View->render('display_items', [], true)
 5 APPPATH\Views\add_view.php(45): view('display_items')
 6 SYSTEMPATH\View\View.php(226): include('C:\\xampp\\htdocs\\ci4project\\app\\Views\\add_view.php')
 7 SYSTEMPATH\View\View.php(229): CodeIgniter\View\View->CodeIgniter\View\{closure}()
 8 SYSTEMPATH\Common.php(1188): CodeIgniter\View\View->render('add_view', [], true)
 9 APPPATH\Controllers\Add.php(33): view('add_view', [...])
10 SYSTEMPATH\CodeIgniter.php(919): App\Controllers\Add->index()
11 SYSTEMPATH\CodeIgniter.php(494): CodeIgniter\CodeIgniter->runController(Object(App\Controllers\Add))
12 SYSTEMPATH\CodeIgniter.php(353): CodeIgniter\CodeIgniter->handleRequest(null, Object(Config\Cache), false)
13 FCPATH\index.php(79): CodeIgniter\CodeIgniter->run()
14 SYSTEMPATH\Commands\Server\rewrite.php(47): require_once('C:\\xampp\\htdocs\\ci4project\\public\\index.php')
CRITICAL - 2023-11-10 03:42:55 --> Undefined variable $category
in APPPATH\Views\display_items.php on line 3.
 1 APPPATH\Views\display_items.php(3): CodeIgniter\Debug\Exceptions->errorHandler(2, 'Undefined variable $category', 'C:\\xampp\\htdocs\\ci4project\\app\\Views\\display_items.php', 3)
 2 SYSTEMPATH\View\View.php(226): include('C:\\xampp\\htdocs\\ci4project\\app\\Views\\display_items.php')
 3 SYSTEMPATH\View\View.php(229): CodeIgniter\View\View->CodeIgniter\View\{closure}()
 4 SYSTEMPATH\Common.php(1188): CodeIgniter\View\View->render('display_items', [], true)
 5 APPPATH\Views\add_view.php(45): view('display_items')
 6 SYSTEMPATH\View\View.php(226): include('C:\\xampp\\htdocs\\ci4project\\app\\Views\\add_view.php')
 7 SYSTEMPATH\View\View.php(229): CodeIgniter\View\View->CodeIgniter\View\{closure}()
 8 SYSTEMPATH\Common.php(1188): CodeIgniter\View\View->render('add_view', [], true)
 9 APPPATH\Controllers\Add.php(26): view('add_view', [...])
10 SYSTEMPATH\CodeIgniter.php(919): App\Controllers\Add->index()
11 SYSTEMPATH\CodeIgniter.php(494): CodeIgniter\CodeIgniter->runController(Object(App\Controllers\Add))
12 SYSTEMPATH\CodeIgniter.php(353): CodeIgniter\CodeIgniter->handleRequest(null, Object(Config\Cache), false)
13 FCPATH\index.php(79): CodeIgniter\CodeIgniter->run()
14 SYSTEMPATH\Commands\Server\rewrite.php(47): require_once('C:\\xampp\\htdocs\\ci4project\\public\\index.php')
CRITICAL - 2023-11-10 03:43:19 --> Undefined variable $category
in APPPATH\Views\display_items.php on line 3.
 1 APPPATH\Views\display_items.php(3): CodeIgniter\Debug\Exceptions->errorHandler(2, 'Undefined variable $category', 'C:\\xampp\\htdocs\\ci4project\\app\\Views\\display_items.php', 3)
 2 SYSTEMPATH\View\View.php(226): include('C:\\xampp\\htdocs\\ci4project\\app\\Views\\display_items.php')
 3 SYSTEMPATH\View\View.php(229): CodeIgniter\View\View->CodeIgniter\View\{closure}()
 4 SYSTEMPATH\Common.php(1188): CodeIgniter\View\View->render('display_items', [], true)
 5 APPPATH\Views\add_view.php(45): view('display_items')
 6 SYSTEMPATH\View\View.php(226): include('C:\\xampp\\htdocs\\ci4project\\app\\Views\\add_view.php')
 7 SYSTEMPATH\View\View.php(229): CodeIgniter\View\View->CodeIgniter\View\{closure}()
 8 SYSTEMPATH\Common.php(1188): CodeIgniter\View\View->render('add_view', [], true)
 9 APPPATH\Controllers\Add.php(26): view('add_view', [...])
10 SYSTEMPATH\CodeIgniter.php(919): App\Controllers\Add->index()
11 SYSTEMPATH\CodeIgniter.php(494): CodeIgniter\CodeIgniter->runController(Object(App\Controllers\Add))
12 SYSTEMPATH\CodeIgniter.php(353): CodeIgniter\CodeIgniter->handleRequest(null, Object(Config\Cache), false)
13 FCPATH\index.php(79): CodeIgniter\CodeIgniter->run()
14 SYSTEMPATH\Commands\Server\rewrite.php(47): require_once('C:\\xampp\\htdocs\\ci4project\\public\\index.php')
CRITICAL - 2023-11-10 03:43:52 --> Undefined variable $category
in APPPATH\Views\display_items.php on line 3.
 1 APPPATH\Views\display_items.php(3): CodeIgniter\Debug\Exceptions->errorHandler(2, 'Undefined variable $category', 'C:\\xampp\\htdocs\\ci4project\\app\\Views\\display_items.php', 3)
 2 SYSTEMPATH\View\View.php(226): include('C:\\xampp\\htdocs\\ci4project\\app\\Views\\display_items.php')
 3 SYSTEMPATH\View\View.php(229): CodeIgniter\View\View->CodeIgniter\View\{closure}()
 4 SYSTEMPATH\Common.php(1188): CodeIgniter\View\View->render('display_items', [], true)
 5 APPPATH\Views\add_view.php(45): view('display_items')
 6 SYSTEMPATH\View\View.php(226): include('C:\\xampp\\htdocs\\ci4project\\app\\Views\\add_view.php')
 7 SYSTEMPATH\View\View.php(229): CodeIgniter\View\View->CodeIgniter\View\{closure}()
 8 SYSTEMPATH\Common.php(1188): CodeIgniter\View\View->render('add_view', [], true)
 9 APPPATH\Controllers\Add.php(26): view('add_view', [...])
10 SYSTEMPATH\CodeIgniter.php(919): App\Controllers\Add->index()
11 SYSTEMPATH\CodeIgniter.php(494): CodeIgniter\CodeIgniter->runController(Object(App\Controllers\Add))
12 SYSTEMPATH\CodeIgniter.php(353): CodeIgniter\CodeIgniter->handleRequest(null, Object(Config\Cache), false)
13 FCPATH\index.php(79): CodeIgniter\CodeIgniter->run()
14 SYSTEMPATH\Commands\Server\rewrite.php(47): require_once('C:\\xampp\\htdocs\\ci4project\\public\\index.php')
CRITICAL - 2023-11-10 05:39:38 --> Call to undefined method App\Models\ModelDataDetail::getItemsByCategory
in SYSTEMPATH\Model.php on line 873.
 1 APPPATH\Controllers\Add.php(22): CodeIgniter\Model->__call('getItemsByCategory', [...])
 2 SYSTEMPATH\CodeIgniter.php(919): App\Controllers\Add->index()
 3 SYSTEMPATH\CodeIgniter.php(494): CodeIgniter\CodeIgniter->runController(Object(App\Controllers\Add))
 4 SYSTEMPATH\CodeIgniter.php(353): CodeIgniter\CodeIgniter->handleRequest(null, Object(Config\Cache), false)
 5 FCPATH\index.php(79): CodeIgniter\CodeIgniter->run()
 6 SYSTEMPATH\Commands\Server\rewrite.php(47): require_once('C:\\xampp\\htdocs\\ci4project\\public\\index.php')
CRITICAL - 2023-11-10 05:40:42 --> Call to undefined method App\Models\ModelGoods::ModelGoods
in SYSTEMPATH\Model.php on line 873.
 1 APPPATH\Controllers\Add.php(22): CodeIgniter\Model->__call('ModelGoods', [...])
 2 SYSTEMPATH\CodeIgniter.php(919): App\Controllers\Add->index()
 3 SYSTEMPATH\CodeIgniter.php(494): CodeIgniter\CodeIgniter->runController(Object(App\Controllers\Add))
 4 SYSTEMPATH\CodeIgniter.php(353): CodeIgniter\CodeIgniter->handleRequest(null, Object(Config\Cache), false)
 5 FCPATH\index.php(79): CodeIgniter\CodeIgniter->run()
 6 SYSTEMPATH\Commands\Server\rewrite.php(47): require_once('C:\\xampp\\htdocs\\ci4project\\public\\index.php')
ERROR - 2023-11-10 06:12:25 --> [Microsoft][ODBC Driver 17 for SQL Server][SQL Server]Cannot insert the value NULL into column 'KodeDept', table 'CBInv.dbo.tpoheader'; column does not allow nulls. INSERT fails.
CRITICAL - 2023-11-10 06:12:25 --> [Microsoft][ODBC Driver 17 for SQL Server][SQL Server]Cannot insert the value NULL into column 'KodeDept', table 'CBInv.dbo.tpoheader'; column does not allow nulls. INSERT fails.
in SYSTEMPATH\Database\BaseConnection.php on line 646.
 1 SYSTEMPATH\Database\BaseBuilder.php(2308): CodeIgniter\Database\BaseConnection->query('INSERT INTO "CBInv"."dbo"."tpoheader" ("KodeDept","PoDate","VendorNo","ShipmentTerms","ShipmentLoc","PersonInCharge","TermsOfPayment","MataUang","Delivery","OrderedBy","CheckedBy","FinanceBy","ApprovedBy","KodeProd","PoNo","PoNumber") VALUES (:KodeDept:, :PoDate:, :VendorNo:, :ShipmentTerms:, :ShipmentLoc:, :PersonInCharge:, :TermsOfPayment:, :MataUang:, :Delivery:, :OrderedBy:, :CheckedBy:, :FinanceBy:, :ApprovedBy:, :KodeProd:, :PoNo:, :PoNumber:)', [...], false)
 2 APPPATH\Models\ModelDataHeader.php(77): CodeIgniter\Database\BaseBuilder->insert([...])
 3 APPPATH\Controllers\Add.php(78): App\Models\ModelDataHeader->insertHeader(null, [...])
 4 SYSTEMPATH\CodeIgniter.php(919): App\Controllers\Add->insertDataHeader()
 5 SYSTEMPATH\CodeIgniter.php(494): CodeIgniter\CodeIgniter->runController(Object(App\Controllers\Add))
 6 SYSTEMPATH\CodeIgniter.php(353): CodeIgniter\CodeIgniter->handleRequest(null, Object(Config\Cache), false)
 7 FCPATH\index.php(79): CodeIgniter\CodeIgniter->run()
 8 SYSTEMPATH\Commands\Server\rewrite.php(47): require_once('C:\\xampp\\htdocs\\ci4project\\public\\index.php')
CRITICAL - 2023-11-10 06:22:01 --> Undefined variable $category
in APPPATH\Views\display_items.php on line 3.
 1 APPPATH\Views\display_items.php(3): CodeIgniter\Debug\Exceptions->errorHandler(2, 'Undefined variable $category', 'C:\\xampp\\htdocs\\ci4project\\app\\Views\\display_items.php', 3)
 2 SYSTEMPATH\View\View.php(226): include('C:\\xampp\\htdocs\\ci4project\\app\\Views\\display_items.php')
 3 SYSTEMPATH\View\View.php(229): CodeIgniter\View\View->CodeIgniter\View\{closure}()
 4 SYSTEMPATH\Common.php(1188): CodeIgniter\View\View->render('display_items', [], true)
 5 APPPATH\Views\add_view.php(45): view('display_items')
 6 SYSTEMPATH\View\View.php(226): include('C:\\xampp\\htdocs\\ci4project\\app\\Views\\add_view.php')
 7 SYSTEMPATH\View\View.php(229): CodeIgniter\View\View->CodeIgniter\View\{closure}()
 8 SYSTEMPATH\Common.php(1188): CodeIgniter\View\View->render('add_view', [], true)
 9 APPPATH\Controllers\Add.php(34): view('add_view', [...])
10 SYSTEMPATH\CodeIgniter.php(919): App\Controllers\Add->index()
11 SYSTEMPATH\CodeIgniter.php(494): CodeIgniter\CodeIgniter->runController(Object(App\Controllers\Add))
12 SYSTEMPATH\CodeIgniter.php(353): CodeIgniter\CodeIgniter->handleRequest(null, Object(Config\Cache), false)
13 FCPATH\index.php(79): CodeIgniter\CodeIgniter->run()
14 SYSTEMPATH\Commands\Server\rewrite.php(47): require_once('C:\\xampp\\htdocs\\ci4project\\public\\index.php')
CRITICAL - 2023-11-10 06:22:23 --> Undefined variable $category
in APPPATH\Views\display_items.php on line 3.
 1 APPPATH\Views\display_items.php(3): CodeIgniter\Debug\Exceptions->errorHandler(2, 'Undefined variable $category', 'C:\\xampp\\htdocs\\ci4project\\app\\Views\\display_items.php', 3)
 2 SYSTEMPATH\View\View.php(226): include('C:\\xampp\\htdocs\\ci4project\\app\\Views\\display_items.php')
 3 SYSTEMPATH\View\View.php(229): CodeIgniter\View\View->CodeIgniter\View\{closure}()
 4 SYSTEMPATH\Common.php(1188): CodeIgniter\View\View->render('display_items', [], true)
 5 APPPATH\Views\add_view.php(45): view('display_items')
 6 SYSTEMPATH\View\View.php(226): include('C:\\xampp\\htdocs\\ci4project\\app\\Views\\add_view.php')
 7 SYSTEMPATH\View\View.php(229): CodeIgniter\View\View->CodeIgniter\View\{closure}()
 8 SYSTEMPATH\Common.php(1188): CodeIgniter\View\View->render('add_view', [], true)
 9 APPPATH\Controllers\Add.php(34): view('add_view', [...])
10 SYSTEMPATH\CodeIgniter.php(919): App\Controllers\Add->index()
11 SYSTEMPATH\CodeIgniter.php(494): CodeIgniter\CodeIgniter->runController(Object(App\Controllers\Add))
12 SYSTEMPATH\CodeIgniter.php(353): CodeIgniter\CodeIgniter->handleRequest(null, Object(Config\Cache), false)
13 FCPATH\index.php(79): CodeIgniter\CodeIgniter->run()
14 SYSTEMPATH\Commands\Server\rewrite.php(47): require_once('C:\\xampp\\htdocs\\ci4project\\public\\index.php')
CRITICAL - 2023-11-10 06:22:33 --> Undefined variable $category
in APPPATH\Views\display_items.php on line 3.
 1 APPPATH\Views\display_items.php(3): CodeIgniter\Debug\Exceptions->errorHandler(2, 'Undefined variable $category', 'C:\\xampp\\htdocs\\ci4project\\app\\Views\\display_items.php', 3)
 2 SYSTEMPATH\View\View.php(226): include('C:\\xampp\\htdocs\\ci4project\\app\\Views\\display_items.php')
 3 SYSTEMPATH\View\View.php(229): CodeIgniter\View\View->CodeIgniter\View\{closure}()
 4 SYSTEMPATH\Common.php(1188): CodeIgniter\View\View->render('display_items', [], true)
 5 APPPATH\Views\add_view.php(45): view('display_items')
 6 SYSTEMPATH\View\View.php(226): include('C:\\xampp\\htdocs\\ci4project\\app\\Views\\add_view.php')
 7 SYSTEMPATH\View\View.php(229): CodeIgniter\View\View->CodeIgniter\View\{closure}()
 8 SYSTEMPATH\Common.php(1188): CodeIgniter\View\View->render('add_view', [], true)
 9 APPPATH\Controllers\Add.php(34): view('add_view', [...])
10 SYSTEMPATH\CodeIgniter.php(919): App\Controllers\Add->index()
11 SYSTEMPATH\CodeIgniter.php(494): CodeIgniter\CodeIgniter->runController(Object(App\Controllers\Add))
12 SYSTEMPATH\CodeIgniter.php(353): CodeIgniter\CodeIgniter->handleRequest(null, Object(Config\Cache), false)
13 FCPATH\index.php(79): CodeIgniter\CodeIgniter->run()
14 SYSTEMPATH\Commands\Server\rewrite.php(47): require_once('C:\\xampp\\htdocs\\ci4project\\public\\index.php')
CRITICAL - 2023-11-10 06:23:02 --> Undefined variable $category
in APPPATH\Views\display_items.php on line 3.
 1 APPPATH\Views\display_items.php(3): CodeIgniter\Debug\Exceptions->errorHandler(2, 'Undefined variable $category', 'C:\\xampp\\htdocs\\ci4project\\app\\Views\\display_items.php', 3)
 2 SYSTEMPATH\View\View.php(226): include('C:\\xampp\\htdocs\\ci4project\\app\\Views\\display_items.php')
 3 SYSTEMPATH\View\View.php(229): CodeIgniter\View\View->CodeIgniter\View\{closure}()
 4 SYSTEMPATH\Common.php(1188): CodeIgniter\View\View->render('display_items', [], true)
 5 APPPATH\Views\add_view.php(45): view('display_items')
 6 SYSTEMPATH\View\View.php(226): include('C:\\xampp\\htdocs\\ci4project\\app\\Views\\add_view.php')
 7 SYSTEMPATH\View\View.php(229): CodeIgniter\View\View->CodeIgniter\View\{closure}()
 8 SYSTEMPATH\Common.php(1188): CodeIgniter\View\View->render('add_view', [], true)
 9 APPPATH\Controllers\Add.php(27): view('add_view', [...])
10 SYSTEMPATH\CodeIgniter.php(919): App\Controllers\Add->index()
11 SYSTEMPATH\CodeIgniter.php(494): CodeIgniter\CodeIgniter->runController(Object(App\Controllers\Add))
12 SYSTEMPATH\CodeIgniter.php(353): CodeIgniter\CodeIgniter->handleRequest(null, Object(Config\Cache), false)
13 FCPATH\index.php(79): CodeIgniter\CodeIgniter->run()
14 SYSTEMPATH\Commands\Server\rewrite.php(47): require_once('C:\\xampp\\htdocs\\ci4project\\public\\index.php')
CRITICAL - 2023-11-10 06:23:17 --> Invalid file: "display_items.php"
in SYSTEMPATH\Exceptions\FrameworkException.php on line 39.
 1 SYSTEMPATH\View\View.php(214): CodeIgniter\Exceptions\FrameworkException::forInvalidFile('display_items.php')
 2 SYSTEMPATH\Common.php(1188): CodeIgniter\View\View->render('display_items', [], true)
 3 APPPATH\Views\add_view.php(45): view('display_items')
 4 SYSTEMPATH\View\View.php(226): include('C:\\xampp\\htdocs\\ci4project\\app\\Views\\add_view.php')
 5 SYSTEMPATH\View\View.php(229): CodeIgniter\View\View->CodeIgniter\View\{closure}()
 6 SYSTEMPATH\Common.php(1188): CodeIgniter\View\View->render('add_view', [], true)
 7 APPPATH\Controllers\Add.php(27): view('add_view', [...])
 8 SYSTEMPATH\CodeIgniter.php(919): App\Controllers\Add->index()
 9 SYSTEMPATH\CodeIgniter.php(494): CodeIgniter\CodeIgniter->runController(Object(App\Controllers\Add))
10 SYSTEMPATH\CodeIgniter.php(353): CodeIgniter\CodeIgniter->handleRequest(null, Object(Config\Cache), false)
11 FCPATH\index.php(79): CodeIgniter\CodeIgniter->run()
12 SYSTEMPATH\Commands\Server\rewrite.php(47): require_once('C:\\xampp\\htdocs\\ci4project\\public\\index.php')
CRITICAL - 2023-11-10 06:25:48 --> Undefined variable $vpo
in APPPATH\Views\add_view.php on line 45.
 1 APPPATH\Views\add_view.php(45): CodeIgniter\Debug\Exceptions->errorHandler(2, 'Undefined variable $vpo', 'C:\\xampp\\htdocs\\ci4project\\app\\Views\\add_view.php', 45)
 2 SYSTEMPATH\View\View.php(226): include('C:\\xampp\\htdocs\\ci4project\\app\\Views\\add_view.php')
 3 SYSTEMPATH\View\View.php(229): CodeIgniter\View\View->CodeIgniter\View\{closure}()
 4 SYSTEMPATH\Common.php(1188): CodeIgniter\View\View->render('add_view', [], true)
 5 APPPATH\Controllers\Add.php(84): view('add_view', [...])
 6 SYSTEMPATH\CodeIgniter.php(919): App\Controllers\Add->insertDataHeader()
 7 SYSTEMPATH\CodeIgniter.php(494): CodeIgniter\CodeIgniter->runController(Object(App\Controllers\Add))
 8 SYSTEMPATH\CodeIgniter.php(353): CodeIgniter\CodeIgniter->handleRequest(null, Object(Config\Cache), false)
 9 FCPATH\index.php(79): CodeIgniter\CodeIgniter->run()
10 SYSTEMPATH\Commands\Server\rewrite.php(47): require_once('C:\\xampp\\htdocs\\ci4project\\public\\index.php')
CRITICAL - 2023-11-10 08:17:03 --> Call to undefined method App\Models\ModelDataDetail::insertHeader
in SYSTEMPATH\Model.php on line 873.
 1 APPPATH\Controllers\Add.php(105): CodeIgniter\Model->__call('insertHeader', [...])
 2 SYSTEMPATH\CodeIgniter.php(919): App\Controllers\Add->insertDataDetail()
 3 SYSTEMPATH\CodeIgniter.php(494): CodeIgniter\CodeIgniter->runController(Object(App\Controllers\Add))
 4 SYSTEMPATH\CodeIgniter.php(353): CodeIgniter\CodeIgniter->handleRequest(null, Object(Config\Cache), false)
 5 FCPATH\index.php(79): CodeIgniter\CodeIgniter->run()
 6 SYSTEMPATH\Commands\Server\rewrite.php(47): require_once('C:\\xampp\\htdocs\\ci4project\\public\\index.php')
ERROR - 2023-11-10 08:17:36 --> [Microsoft][ODBC Driver 17 for SQL Server][SQL Server]Invalid column name 'PoDate'.
CRITICAL - 2023-11-10 08:17:36 --> [Microsoft][ODBC Driver 17 for SQL Server][SQL Server]Invalid column name 'PoDate'.
in SYSTEMPATH\Database\BaseConnection.php on line 646.
 1 SYSTEMPATH\Database\BaseBuilder.php(2308): CodeIgniter\Database\BaseConnection->query('INSERT INTO "CBInv"."dbo"."tpodetail" ("Item_Code","PoDate","PoNo") VALUES (:Item_Code:, :PoDate:, :PoNo:)', [...], false)
 2 APPPATH\Models\ModelDataDetail.php(68): CodeIgniter\Database\BaseBuilder->insert([...])
 3 APPPATH\Controllers\Add.php(105): App\Models\ModelDataDetail->insertDetail('IT', [...])
 4 SYSTEMPATH\CodeIgniter.php(919): App\Controllers\Add->insertDataDetail()
 5 SYSTEMPATH\CodeIgniter.php(494): CodeIgniter\CodeIgniter->runController(Object(App\Controllers\Add))
 6 SYSTEMPATH\CodeIgniter.php(353): CodeIgniter\CodeIgniter->handleRequest(null, Object(Config\Cache), false)
 7 FCPATH\index.php(79): CodeIgniter\CodeIgniter->run()
 8 SYSTEMPATH\Commands\Server\rewrite.php(47): require_once('C:\\xampp\\htdocs\\ci4project\\public\\index.php')
CRITICAL - 2023-11-10 08:18:48 --> Call to undefined method App\Models\ModelDataDetail::generateUniquePoNo
in SYSTEMPATH\Model.php on line 873.
 1 APPPATH\Models\ModelDataDetail.php(66): CodeIgniter\Model->__call('generateUniquePoNo', [...])
 2 APPPATH\Controllers\Add.php(105): App\Models\ModelDataDetail->insertDetail('IT', [...])
 3 SYSTEMPATH\CodeIgniter.php(919): App\Controllers\Add->insertDataDetail()
 4 SYSTEMPATH\CodeIgniter.php(494): CodeIgniter\CodeIgniter->runController(Object(App\Controllers\Add))
 5 SYSTEMPATH\CodeIgniter.php(353): CodeIgniter\CodeIgniter->handleRequest(null, Object(Config\Cache), false)
 6 FCPATH\index.php(79): CodeIgniter\CodeIgniter->run()
 7 SYSTEMPATH\Commands\Server\rewrite.php(47): require_once('C:\\xampp\\htdocs\\ci4project\\public\\index.php')
ERROR - 2023-11-10 08:19:23 --> [Microsoft][ODBC Driver 17 for SQL Server][SQL Server]Invalid column name 'PoDate'.
CRITICAL - 2023-11-10 08:19:23 --> [Microsoft][ODBC Driver 17 for SQL Server][SQL Server]Invalid column name 'PoDate'.
in SYSTEMPATH\Database\BaseConnection.php on line 646.
 1 SYSTEMPATH\Database\BaseBuilder.php(1699): CodeIgniter\Database\BaseConnection->query('SELECT COUNT(*) AS "numrows"
FROM "CBInv"."dbo"."tpodetail"
WHERE "KodeDept" = :KodeDept:
AND YEAR(PoDate) = :YEAR(PoDate):
AND MONTH(PoDate) = :MONTH(PoDate):', [...], false)
 2 SYSTEMPATH\Model.php(599): CodeIgniter\Database\BaseBuilder->countAllResults(true)
 3 APPPATH\Models\ModelDataDetail.php(55): CodeIgniter\Model->countAllResults()
 4 APPPATH\Models\ModelDataDetail.php(66): App\Models\ModelDataDetail->generateUniquePoNo('IT')
 5 APPPATH\Controllers\Add.php(105): App\Models\ModelDataDetail->insertDetail('IT', [...])
 6 SYSTEMPATH\CodeIgniter.php(919): App\Controllers\Add->insertDataDetail()
 7 SYSTEMPATH\CodeIgniter.php(494): CodeIgniter\CodeIgniter->runController(Object(App\Controllers\Add))
 8 SYSTEMPATH\CodeIgniter.php(353): CodeIgniter\CodeIgniter->handleRequest(null, Object(Config\Cache), false)
 9 FCPATH\index.php(79): CodeIgniter\CodeIgniter->run()
10 SYSTEMPATH\Commands\Server\rewrite.php(47): require_once('C:\\xampp\\htdocs\\ci4project\\public\\index.php')
