CRITICAL - 2023-12-12 07:15:15 --> Call to undefined method App\Models\ModelGoods::index
in SYSTEMPATH\Model.php on line 873.
 1 APPPATH\Controllers\Goods_SPK.php(25): CodeIgniter\Model->__call('index', [])
 2 APPPATH\Controllers\Goods_SPK.php(11): App\Controllers\Goods_SPK->viewBarang()
 3 SYSTEMPATH\CodeIgniter.php(919): App\Controllers\Goods_SPK->index()
 4 SYSTEMPATH\CodeIgniter.php(494): CodeIgniter\CodeIgniter->runController(Object(App\Controllers\Goods_SPK))
 5 SYSTEMPATH\CodeIgniter.php(353): CodeIgniter\CodeIgniter->handleRequest(null, Object(Config\Cache), false)
 6 FCPATH\index.php(79): CodeIgniter\CodeIgniter->run()
 7 SYSTEMPATH\Commands\Server\rewrite.php(47): require_once('C:\\Users\\Nicholas Ansya\\ci4new\\public\\index.php')
CRITICAL - 2023-12-12 07:16:00 --> Undefined variable $activeMenu
in APPPATH\Views\partial\header.php on line 43.
 1 APPPATH\Views\partial\header.php(43): CodeIgniter\Debug\Exceptions->errorHandler(2, 'Undefined variable $activeMenu', 'C:\\Users\\Nicholas Ansya\\ci4new\\app\\Views\\partial\\header.php', 43)
 2 SYSTEMPATH\View\View.php(226): include('C:\\Users\\Nicholas Ansya\\ci4new\\app\\Views\\partial\\header.php')
 3 SYSTEMPATH\View\View.php(229): CodeIgniter\View\View->CodeIgniter\View\{closure}()
 4 SYSTEMPATH\Common.php(1188): CodeIgniter\View\View->render('partial/header', [], true)
 5 APPPATH\Controllers\Goods_SPK.php(17): view('partial/header', [...])
 6 SYSTEMPATH\CodeIgniter.php(919): App\Controllers\Goods_SPK->index()
 7 SYSTEMPATH\CodeIgniter.php(494): CodeIgniter\CodeIgniter->runController(Object(App\Controllers\Goods_SPK))
 8 SYSTEMPATH\CodeIgniter.php(353): CodeIgniter\CodeIgniter->handleRequest(null, Object(Config\Cache), false)
 9 FCPATH\index.php(79): CodeIgniter\CodeIgniter->run()
10 SYSTEMPATH\Commands\Server\rewrite.php(47): require_once('C:\\Users\\Nicholas Ansya\\ci4new\\public\\index.php')
CRITICAL - 2023-12-12 07:16:44 --> Undefined variable $activeMenu
in APPPATH\Views\partial\header.php on line 43.
 1 APPPATH\Views\partial\header.php(43): CodeIgniter\Debug\Exceptions->errorHandler(2, 'Undefined variable $activeMenu', 'C:\\Users\\Nicholas Ansya\\ci4new\\app\\Views\\partial\\header.php', 43)
 2 SYSTEMPATH\View\View.php(226): include('C:\\Users\\Nicholas Ansya\\ci4new\\app\\Views\\partial\\header.php')
 3 SYSTEMPATH\View\View.php(229): CodeIgniter\View\View->CodeIgniter\View\{closure}()
 4 SYSTEMPATH\Common.php(1188): CodeIgniter\View\View->render('partial/header', [], true)
 5 APPPATH\Controllers\Goods_SPK.php(17): view('partial/header', [...])
 6 SYSTEMPATH\CodeIgniter.php(919): App\Controllers\Goods_SPK->index()
 7 SYSTEMPATH\CodeIgniter.php(494): CodeIgniter\CodeIgniter->runController(Object(App\Controllers\Goods_SPK))
 8 SYSTEMPATH\CodeIgniter.php(353): CodeIgniter\CodeIgniter->handleRequest(null, Object(Config\Cache), false)
 9 FCPATH\index.php(79): CodeIgniter\CodeIgniter->run()
10 SYSTEMPATH\Commands\Server\rewrite.php(47): require_once('C:\\Users\\Nicholas Ansya\\ci4new\\public\\index.php')
CRITICAL - 2023-12-12 07:17:33 --> Undefined variable $activeMenu
in APPPATH\Views\partial\header.php on line 43.
 1 APPPATH\Views\partial\header.php(43): CodeIgniter\Debug\Exceptions->errorHandler(2, 'Undefined variable $activeMenu', 'C:\\Users\\Nicholas Ansya\\ci4new\\app\\Views\\partial\\header.php', 43)
 2 SYSTEMPATH\View\View.php(226): include('C:\\Users\\Nicholas Ansya\\ci4new\\app\\Views\\partial\\header.php')
 3 SYSTEMPATH\View\View.php(229): CodeIgniter\View\View->CodeIgniter\View\{closure}()
 4 SYSTEMPATH\Common.php(1188): CodeIgniter\View\View->render('partial/header', [], true)
 5 APPPATH\Controllers\Goods_SPK.php(17): view('partial/header', [...])
 6 SYSTEMPATH\CodeIgniter.php(919): App\Controllers\Goods_SPK->index()
 7 SYSTEMPATH\CodeIgniter.php(494): CodeIgniter\CodeIgniter->runController(Object(App\Controllers\Goods_SPK))
 8 SYSTEMPATH\CodeIgniter.php(353): CodeIgniter\CodeIgniter->handleRequest(null, Object(Config\Cache), false)
 9 FCPATH\index.php(79): CodeIgniter\CodeIgniter->run()
10 SYSTEMPATH\Commands\Server\rewrite.php(47): require_once('C:\\Users\\Nicholas Ansya\\ci4new\\public\\index.php')
CRITICAL - 2023-12-12 07:18:15 --> Undefined variable $activeMenu
in APPPATH\Views\partial\header.php on line 43.
 1 APPPATH\Views\partial\header.php(43): CodeIgniter\Debug\Exceptions->errorHandler(2, 'Undefined variable $activeMenu', 'C:\\Users\\Nicholas Ansya\\ci4new\\app\\Views\\partial\\header.php', 43)
 2 SYSTEMPATH\View\View.php(226): include('C:\\Users\\Nicholas Ansya\\ci4new\\app\\Views\\partial\\header.php')
 3 SYSTEMPATH\View\View.php(229): CodeIgniter\View\View->CodeIgniter\View\{closure}()
 4 SYSTEMPATH\Common.php(1188): CodeIgniter\View\View->render('partial/header', [], true)
 5 APPPATH\Controllers\Goods_SPK.php(17): view('partial/header', [...])
 6 SYSTEMPATH\CodeIgniter.php(919): App\Controllers\Goods_SPK->index()
 7 SYSTEMPATH\CodeIgniter.php(494): CodeIgniter\CodeIgniter->runController(Object(App\Controllers\Goods_SPK))
 8 SYSTEMPATH\CodeIgniter.php(353): CodeIgniter\CodeIgniter->handleRequest(null, Object(Config\Cache), false)
 9 FCPATH\index.php(79): CodeIgniter\CodeIgniter->run()
10 SYSTEMPATH\Commands\Server\rewrite.php(47): require_once('C:\\Users\\Nicholas Ansya\\ci4new\\public\\index.php')
INFO - 2023-12-12 07:18:24 --> REDIRECTED ROUTE at http://localhost:8080/Dashboard
CRITICAL - 2023-12-12 07:18:31 --> Undefined variable $activeMenu
in APPPATH\Views\partial\header.php on line 43.
 1 APPPATH\Views\partial\header.php(43): CodeIgniter\Debug\Exceptions->errorHandler(2, 'Undefined variable $activeMenu', 'C:\\Users\\Nicholas Ansya\\ci4new\\app\\Views\\partial\\header.php', 43)
 2 SYSTEMPATH\View\View.php(226): include('C:\\Users\\Nicholas Ansya\\ci4new\\app\\Views\\partial\\header.php')
 3 SYSTEMPATH\View\View.php(229): CodeIgniter\View\View->CodeIgniter\View\{closure}()
 4 SYSTEMPATH\Common.php(1188): CodeIgniter\View\View->render('partial/header', [], true)
 5 APPPATH\Controllers\Goods_SPK.php(17): view('partial/header', [...])
 6 SYSTEMPATH\CodeIgniter.php(919): App\Controllers\Goods_SPK->index()
 7 SYSTEMPATH\CodeIgniter.php(494): CodeIgniter\CodeIgniter->runController(Object(App\Controllers\Goods_SPK))
 8 SYSTEMPATH\CodeIgniter.php(353): CodeIgniter\CodeIgniter->handleRequest(null, Object(Config\Cache), false)
 9 FCPATH\index.php(79): CodeIgniter\CodeIgniter->run()
10 SYSTEMPATH\Commands\Server\rewrite.php(47): require_once('C:\\Users\\Nicholas Ansya\\ci4new\\public\\index.php')
CRITICAL - 2023-12-12 07:19:58 --> Undefined variable $activeMenu
in APPPATH\Views\partial\header.php on line 43.
 1 APPPATH\Views\partial\header.php(43): CodeIgniter\Debug\Exceptions->errorHandler(2, 'Undefined variable $activeMenu', 'C:\\Users\\Nicholas Ansya\\ci4new\\app\\Views\\partial\\header.php', 43)
 2 SYSTEMPATH\View\View.php(226): include('C:\\Users\\Nicholas Ansya\\ci4new\\app\\Views\\partial\\header.php')
 3 SYSTEMPATH\View\View.php(229): CodeIgniter\View\View->CodeIgniter\View\{closure}()
 4 SYSTEMPATH\Common.php(1188): CodeIgniter\View\View->render('partial/header', [], true)
 5 APPPATH\Controllers\Goods_SPK.php(17): view('partial/header', [...])
 6 SYSTEMPATH\CodeIgniter.php(919): App\Controllers\Goods_SPK->index()
 7 SYSTEMPATH\CodeIgniter.php(494): CodeIgniter\CodeIgniter->runController(Object(App\Controllers\Goods_SPK))
 8 SYSTEMPATH\CodeIgniter.php(353): CodeIgniter\CodeIgniter->handleRequest(null, Object(Config\Cache), false)
 9 FCPATH\index.php(79): CodeIgniter\CodeIgniter->run()
10 SYSTEMPATH\Commands\Server\rewrite.php(47): require_once('C:\\Users\\Nicholas Ansya\\ci4new\\public\\index.php')
CRITICAL - 2023-12-12 07:21:05 --> Undefined variable $activeMenu
in APPPATH\Views\partial\header.php on line 43.
 1 APPPATH\Views\partial\header.php(43): CodeIgniter\Debug\Exceptions->errorHandler(2, 'Undefined variable $activeMenu', 'C:\\Users\\Nicholas Ansya\\ci4new\\app\\Views\\partial\\header.php', 43)
 2 SYSTEMPATH\View\View.php(226): include('C:\\Users\\Nicholas Ansya\\ci4new\\app\\Views\\partial\\header.php')
 3 SYSTEMPATH\View\View.php(229): CodeIgniter\View\View->CodeIgniter\View\{closure}()
 4 SYSTEMPATH\Common.php(1188): CodeIgniter\View\View->render('partial/header', [], true)
 5 APPPATH\Controllers\Goods_SPK.php(17): view('partial/header', [...])
 6 SYSTEMPATH\CodeIgniter.php(919): App\Controllers\Goods_SPK->index()
 7 SYSTEMPATH\CodeIgniter.php(494): CodeIgniter\CodeIgniter->runController(Object(App\Controllers\Goods_SPK))
 8 SYSTEMPATH\CodeIgniter.php(353): CodeIgniter\CodeIgniter->handleRequest(null, Object(Config\Cache), false)
 9 FCPATH\index.php(79): CodeIgniter\CodeIgniter->run()
10 SYSTEMPATH\Commands\Server\rewrite.php(47): require_once('C:\\Users\\Nicholas Ansya\\ci4new\\public\\index.php')
CRITICAL - 2023-12-12 07:28:10 --> Undefined variable $activeMenu
in APPPATH\Views\partial\header.php on line 43.
 1 APPPATH\Views\partial\header.php(43): CodeIgniter\Debug\Exceptions->errorHandler(2, 'Undefined variable $activeMenu', 'C:\\Users\\Nicholas Ansya\\ci4new\\app\\Views\\partial\\header.php', 43)
 2 SYSTEMPATH\View\View.php(226): include('C:\\Users\\Nicholas Ansya\\ci4new\\app\\Views\\partial\\header.php')
 3 SYSTEMPATH\View\View.php(229): CodeIgniter\View\View->CodeIgniter\View\{closure}()
 4 SYSTEMPATH\Common.php(1188): CodeIgniter\View\View->render('partial/header', [], true)
 5 APPPATH\Controllers\Goods_SPK.php(17): view('partial/header', [...])
 6 SYSTEMPATH\CodeIgniter.php(919): App\Controllers\Goods_SPK->index()
 7 SYSTEMPATH\CodeIgniter.php(494): CodeIgniter\CodeIgniter->runController(Object(App\Controllers\Goods_SPK))
 8 SYSTEMPATH\CodeIgniter.php(353): CodeIgniter\CodeIgniter->handleRequest(null, Object(Config\Cache), false)
 9 FCPATH\index.php(79): CodeIgniter\CodeIgniter->run()
10 SYSTEMPATH\Commands\Server\rewrite.php(47): require_once('C:\\Users\\Nicholas Ansya\\ci4new\\public\\index.php')
INFO - 2023-12-12 08:51:02 --> REDIRECTED ROUTE at http://localhost:8080/Dashboard
INFO - 2023-12-12 08:53:33 --> REDIRECTED ROUTE at http://localhost:8080/Dashboard
