WARNING - 2023-09-26 00:28:39 --> [DEPRECATED] Creation of dynamic property App\Controllers\Submission::$ModelSubmission is deprecated in APPPATH\Controllers\Submission.php on line 11.
 1 SYSTEMPATH\CodeIgniter.php(891): App\Controllers\Submission->__construct()
 2 SYSTEMPATH\CodeIgniter.php(485): CodeIgniter\CodeIgniter->createController()
 3 SYSTEMPATH\CodeIgniter.php(353): CodeIgniter\CodeIgniter->handleRequest(null, Object(Config\Cache), false)
 4 FCPATH\index.php(79): CodeIgniter\CodeIgniter->run()
WARNING - 2023-09-26 00:29:14 --> [DEPRECATED] Creation of dynamic property App\Controllers\Submission::$ModelSubmission is deprecated in APPPATH\Controllers\Submission.php on line 11.
 1 SYSTEMPATH\CodeIgniter.php(891): App\Controllers\Submission->__construct()
 2 SYSTEMPATH\CodeIgniter.php(485): CodeIgniter\CodeIgniter->createController()
 3 SYSTEMPATH\CodeIgniter.php(353): CodeIgniter\CodeIgniter->handleRequest(null, Object(Config\Cache), false)
 4 FCPATH\index.php(79): CodeIgniter\CodeIgniter->run()
WARNING - 2023-09-26 00:31:01 --> [DEPRECATED] Creation of dynamic property App\Controllers\Submission::$ModelSubmission is deprecated in APPPATH\Controllers\Submission.php on line 11.
 1 SYSTEMPATH\CodeIgniter.php(891): App\Controllers\Submission->__construct()
 2 SYSTEMPATH\CodeIgniter.php(485): CodeIgniter\CodeIgniter->createController()
 3 SYSTEMPATH\CodeIgniter.php(353): CodeIgniter\CodeIgniter->handleRequest(null, Object(Config\Cache), false)
 4 FCPATH\index.php(79): CodeIgniter\CodeIgniter->run()
WARNING - 2023-09-26 00:32:45 --> [DEPRECATED] Creation of dynamic property App\Controllers\Submission::$ModelSubmission is deprecated in APPPATH\Controllers\Submission.php on line 11.
 1 SYSTEMPATH\CodeIgniter.php(891): App\Controllers\Submission->__construct()
 2 SYSTEMPATH\CodeIgniter.php(485): CodeIgniter\CodeIgniter->createController()
 3 SYSTEMPATH\CodeIgniter.php(353): CodeIgniter\CodeIgniter->handleRequest(null, Object(Config\Cache), false)
 4 FCPATH\index.php(79): CodeIgniter\CodeIgniter->run()
WARNING - 2023-09-26 00:32:47 --> [DEPRECATED] Creation of dynamic property App\Controllers\Submission::$ModelSubmission is deprecated in APPPATH\Controllers\Submission.php on line 11.
 1 SYSTEMPATH\CodeIgniter.php(891): App\Controllers\Submission->__construct()
 2 SYSTEMPATH\CodeIgniter.php(485): CodeIgniter\CodeIgniter->createController()
 3 SYSTEMPATH\CodeIgniter.php(353): CodeIgniter\CodeIgniter->handleRequest(null, Object(Config\Cache), false)
 4 FCPATH\index.php(79): CodeIgniter\CodeIgniter->run()
WARNING - 2023-09-26 00:32:55 --> [DEPRECATED] Creation of dynamic property App\Controllers\Submission::$ModelSubmission is deprecated in APPPATH\Controllers\Submission.php on line 11.
 1 SYSTEMPATH\CodeIgniter.php(891): App\Controllers\Submission->__construct()
 2 SYSTEMPATH\CodeIgniter.php(485): CodeIgniter\CodeIgniter->createController()
 3 SYSTEMPATH\CodeIgniter.php(353): CodeIgniter\CodeIgniter->handleRequest(null, Object(Config\Cache), false)
 4 FCPATH\index.php(79): CodeIgniter\CodeIgniter->run()
WARNING - 2023-09-26 00:33:19 --> [DEPRECATED] Creation of dynamic property App\Controllers\Submission::$ModelSubmission is deprecated in APPPATH\Controllers\Submission.php on line 11.
 1 SYSTEMPATH\CodeIgniter.php(891): App\Controllers\Submission->__construct()
 2 SYSTEMPATH\CodeIgniter.php(485): CodeIgniter\CodeIgniter->createController()
 3 SYSTEMPATH\CodeIgniter.php(353): CodeIgniter\CodeIgniter->handleRequest(null, Object(Config\Cache), false)
 4 FCPATH\index.php(79): CodeIgniter\CodeIgniter->run()
WARNING - 2023-09-26 00:46:46 --> [DEPRECATED] Creation of dynamic property App\Controllers\Submission::$ModelSubmission is deprecated in APPPATH\Controllers\Submission.php on line 11.
 1 SYSTEMPATH\CodeIgniter.php(891): App\Controllers\Submission->__construct()
 2 SYSTEMPATH\CodeIgniter.php(485): CodeIgniter\CodeIgniter->createController()
 3 SYSTEMPATH\CodeIgniter.php(353): CodeIgniter\CodeIgniter->handleRequest(null, Object(Config\Cache), false)
 4 FCPATH\index.php(79): CodeIgniter\CodeIgniter->run()
WARNING - 2023-09-26 00:47:17 --> [DEPRECATED] Creation of dynamic property App\Controllers\Submission::$ModelSubmission is deprecated in APPPATH\Controllers\Submission.php on line 11.
 1 SYSTEMPATH\CodeIgniter.php(891): App\Controllers\Submission->__construct()
 2 SYSTEMPATH\CodeIgniter.php(485): CodeIgniter\CodeIgniter->createController()
 3 SYSTEMPATH\CodeIgniter.php(353): CodeIgniter\CodeIgniter->handleRequest(null, Object(Config\Cache), false)
 4 FCPATH\index.php(79): CodeIgniter\CodeIgniter->run()
WARNING - 2023-09-26 00:47:20 --> [DEPRECATED] Creation of dynamic property App\Controllers\Submission::$ModelSubmission is deprecated in APPPATH\Controllers\Submission.php on line 11.
 1 SYSTEMPATH\CodeIgniter.php(891): App\Controllers\Submission->__construct()
 2 SYSTEMPATH\CodeIgniter.php(485): CodeIgniter\CodeIgniter->createController()
 3 SYSTEMPATH\CodeIgniter.php(353): CodeIgniter\CodeIgniter->handleRequest(null, Object(Config\Cache), false)
 4 FCPATH\index.php(79): CodeIgniter\CodeIgniter->run()
WARNING - 2023-09-26 01:35:21 --> [DEPRECATED] Creation of dynamic property App\Controllers\Submission::$ModelSubmission is deprecated in APPPATH\Controllers\Submission.php on line 11.
 1 SYSTEMPATH\CodeIgniter.php(891): App\Controllers\Submission->__construct()
 2 SYSTEMPATH\CodeIgniter.php(485): CodeIgniter\CodeIgniter->createController()
 3 SYSTEMPATH\CodeIgniter.php(353): CodeIgniter\CodeIgniter->handleRequest(null, Object(Config\Cache), false)
 4 FCPATH\index.php(79): CodeIgniter\CodeIgniter->run()
WARNING - 2023-09-26 01:35:33 --> [DEPRECATED] Creation of dynamic property App\Controllers\Submission::$ModelSubmission is deprecated in APPPATH\Controllers\Submission.php on line 11.
 1 SYSTEMPATH\CodeIgniter.php(891): App\Controllers\Submission->__construct()
 2 SYSTEMPATH\CodeIgniter.php(485): CodeIgniter\CodeIgniter->createController()
 3 SYSTEMPATH\CodeIgniter.php(353): CodeIgniter\CodeIgniter->handleRequest(null, Object(Config\Cache), false)
 4 FCPATH\index.php(79): CodeIgniter\CodeIgniter->run()
WARNING - 2023-09-26 01:35:49 --> [DEPRECATED] Creation of dynamic property App\Controllers\Submission::$ModelSubmission is deprecated in APPPATH\Controllers\Submission.php on line 11.
 1 SYSTEMPATH\CodeIgniter.php(891): App\Controllers\Submission->__construct()
 2 SYSTEMPATH\CodeIgniter.php(485): CodeIgniter\CodeIgniter->createController()
 3 SYSTEMPATH\CodeIgniter.php(353): CodeIgniter\CodeIgniter->handleRequest(null, Object(Config\Cache), false)
 4 FCPATH\index.php(79): CodeIgniter\CodeIgniter->run()
WARNING - 2023-09-26 01:36:22 --> [DEPRECATED] Creation of dynamic property App\Controllers\Submission::$ModelSubmission is deprecated in APPPATH\Controllers\Submission.php on line 11.
 1 SYSTEMPATH\CodeIgniter.php(891): App\Controllers\Submission->__construct()
 2 SYSTEMPATH\CodeIgniter.php(485): CodeIgniter\CodeIgniter->createController()
 3 SYSTEMPATH\CodeIgniter.php(353): CodeIgniter\CodeIgniter->handleRequest(null, Object(Config\Cache), false)
 4 FCPATH\index.php(79): CodeIgniter\CodeIgniter->run()
WARNING - 2023-09-26 01:37:20 --> [DEPRECATED] Creation of dynamic property App\Controllers\Submission::$ModelSubmission is deprecated in APPPATH\Controllers\Submission.php on line 11.
 1 SYSTEMPATH\CodeIgniter.php(891): App\Controllers\Submission->__construct()
 2 SYSTEMPATH\CodeIgniter.php(485): CodeIgniter\CodeIgniter->createController()
 3 SYSTEMPATH\CodeIgniter.php(353): CodeIgniter\CodeIgniter->handleRequest(null, Object(Config\Cache), false)
 4 FCPATH\index.php(79): CodeIgniter\CodeIgniter->run()
WARNING - 2023-09-26 01:37:35 --> [DEPRECATED] Creation of dynamic property App\Controllers\Submission::$ModelSubmission is deprecated in APPPATH\Controllers\Submission.php on line 11.
 1 SYSTEMPATH\CodeIgniter.php(891): App\Controllers\Submission->__construct()
 2 SYSTEMPATH\CodeIgniter.php(485): CodeIgniter\CodeIgniter->createController()
 3 SYSTEMPATH\CodeIgniter.php(353): CodeIgniter\CodeIgniter->handleRequest(null, Object(Config\Cache), false)
 4 FCPATH\index.php(79): CodeIgniter\CodeIgniter->run()
WARNING - 2023-09-26 01:40:09 --> [DEPRECATED] Creation of dynamic property App\Controllers\Submission::$ModelSubmission is deprecated in APPPATH\Controllers\Submission.php on line 11.
 1 SYSTEMPATH\CodeIgniter.php(891): App\Controllers\Submission->__construct()
 2 SYSTEMPATH\CodeIgniter.php(485): CodeIgniter\CodeIgniter->createController()
 3 SYSTEMPATH\CodeIgniter.php(353): CodeIgniter\CodeIgniter->handleRequest(null, Object(Config\Cache), false)
 4 FCPATH\index.php(79): CodeIgniter\CodeIgniter->run()
WARNING - 2023-09-26 01:42:08 --> [DEPRECATED] Creation of dynamic property App\Controllers\Submission::$ModelSubmission is deprecated in APPPATH\Controllers\Submission.php on line 11.
 1 SYSTEMPATH\CodeIgniter.php(891): App\Controllers\Submission->__construct()
 2 SYSTEMPATH\CodeIgniter.php(485): CodeIgniter\CodeIgniter->createController()
 3 SYSTEMPATH\CodeIgniter.php(353): CodeIgniter\CodeIgniter->handleRequest(null, Object(Config\Cache), false)
 4 FCPATH\index.php(79): CodeIgniter\CodeIgniter->run()
WARNING - 2023-09-26 01:44:54 --> [DEPRECATED] Creation of dynamic property App\Controllers\Submission::$ModelSubmission is deprecated in APPPATH\Controllers\Submission.php on line 11.
 1 SYSTEMPATH\CodeIgniter.php(891): App\Controllers\Submission->__construct()
 2 SYSTEMPATH\CodeIgniter.php(485): CodeIgniter\CodeIgniter->createController()
 3 SYSTEMPATH\CodeIgniter.php(353): CodeIgniter\CodeIgniter->handleRequest(null, Object(Config\Cache), false)
 4 FCPATH\index.php(79): CodeIgniter\CodeIgniter->run()
WARNING - 2023-09-26 01:45:04 --> [DEPRECATED] Creation of dynamic property App\Controllers\Submission::$ModelSubmission is deprecated in APPPATH\Controllers\Submission.php on line 11.
 1 SYSTEMPATH\CodeIgniter.php(891): App\Controllers\Submission->__construct()
 2 SYSTEMPATH\CodeIgniter.php(485): CodeIgniter\CodeIgniter->createController()
 3 SYSTEMPATH\CodeIgniter.php(353): CodeIgniter\CodeIgniter->handleRequest(null, Object(Config\Cache), false)
 4 FCPATH\index.php(79): CodeIgniter\CodeIgniter->run()
WARNING - 2023-09-26 01:45:28 --> [DEPRECATED] Creation of dynamic property App\Controllers\Submission::$ModelSubmission is deprecated in APPPATH\Controllers\Submission.php on line 11.
 1 SYSTEMPATH\CodeIgniter.php(891): App\Controllers\Submission->__construct()
 2 SYSTEMPATH\CodeIgniter.php(485): CodeIgniter\CodeIgniter->createController()
 3 SYSTEMPATH\CodeIgniter.php(353): CodeIgniter\CodeIgniter->handleRequest(null, Object(Config\Cache), false)
 4 FCPATH\index.php(79): CodeIgniter\CodeIgniter->run()
WARNING - 2023-09-26 01:45:54 --> [DEPRECATED] Creation of dynamic property App\Controllers\Submission::$ModelSubmission is deprecated in APPPATH\Controllers\Submission.php on line 11.
 1 SYSTEMPATH\CodeIgniter.php(891): App\Controllers\Submission->__construct()
 2 SYSTEMPATH\CodeIgniter.php(485): CodeIgniter\CodeIgniter->createController()
 3 SYSTEMPATH\CodeIgniter.php(353): CodeIgniter\CodeIgniter->handleRequest(null, Object(Config\Cache), false)
 4 FCPATH\index.php(79): CodeIgniter\CodeIgniter->run()
WARNING - 2023-09-26 01:46:22 --> [DEPRECATED] Creation of dynamic property App\Controllers\Submission::$ModelSubmission is deprecated in APPPATH\Controllers\Submission.php on line 11.
 1 SYSTEMPATH\CodeIgniter.php(891): App\Controllers\Submission->__construct()
 2 SYSTEMPATH\CodeIgniter.php(485): CodeIgniter\CodeIgniter->createController()
 3 SYSTEMPATH\CodeIgniter.php(353): CodeIgniter\CodeIgniter->handleRequest(null, Object(Config\Cache), false)
 4 FCPATH\index.php(79): CodeIgniter\CodeIgniter->run()
WARNING - 2023-09-26 01:46:52 --> [DEPRECATED] Creation of dynamic property App\Controllers\Submission::$ModelSubmission is deprecated in APPPATH\Controllers\Submission.php on line 11.
 1 SYSTEMPATH\CodeIgniter.php(891): App\Controllers\Submission->__construct()
 2 SYSTEMPATH\CodeIgniter.php(485): CodeIgniter\CodeIgniter->createController()
 3 SYSTEMPATH\CodeIgniter.php(353): CodeIgniter\CodeIgniter->handleRequest(null, Object(Config\Cache), false)
 4 FCPATH\index.php(79): CodeIgniter\CodeIgniter->run()
WARNING - 2023-09-26 01:47:14 --> [DEPRECATED] Creation of dynamic property App\Controllers\Submission::$ModelSubmission is deprecated in APPPATH\Controllers\Submission.php on line 11.
 1 SYSTEMPATH\CodeIgniter.php(891): App\Controllers\Submission->__construct()
 2 SYSTEMPATH\CodeIgniter.php(485): CodeIgniter\CodeIgniter->createController()
 3 SYSTEMPATH\CodeIgniter.php(353): CodeIgniter\CodeIgniter->handleRequest(null, Object(Config\Cache), false)
 4 FCPATH\index.php(79): CodeIgniter\CodeIgniter->run()
WARNING - 2023-09-26 01:47:55 --> [DEPRECATED] Creation of dynamic property App\Controllers\Submission::$ModelSubmission is deprecated in APPPATH\Controllers\Submission.php on line 11.
 1 SYSTEMPATH\CodeIgniter.php(891): App\Controllers\Submission->__construct()
 2 SYSTEMPATH\CodeIgniter.php(485): CodeIgniter\CodeIgniter->createController()
 3 SYSTEMPATH\CodeIgniter.php(353): CodeIgniter\CodeIgniter->handleRequest(null, Object(Config\Cache), false)
 4 FCPATH\index.php(79): CodeIgniter\CodeIgniter->run()
WARNING - 2023-09-26 01:50:46 --> [DEPRECATED] Creation of dynamic property App\Controllers\Submission::$ModelSubmission is deprecated in APPPATH\Controllers\Submission.php on line 11.
 1 SYSTEMPATH\CodeIgniter.php(891): App\Controllers\Submission->__construct()
 2 SYSTEMPATH\CodeIgniter.php(485): CodeIgniter\CodeIgniter->createController()
 3 SYSTEMPATH\CodeIgniter.php(353): CodeIgniter\CodeIgniter->handleRequest(null, Object(Config\Cache), false)
 4 FCPATH\index.php(79): CodeIgniter\CodeIgniter->run()
WARNING - 2023-09-26 01:51:01 --> [DEPRECATED] Creation of dynamic property App\Controllers\Submission::$ModelSubmission is deprecated in APPPATH\Controllers\Submission.php on line 11.
 1 SYSTEMPATH\CodeIgniter.php(891): App\Controllers\Submission->__construct()
 2 SYSTEMPATH\CodeIgniter.php(485): CodeIgniter\CodeIgniter->createController()
 3 SYSTEMPATH\CodeIgniter.php(353): CodeIgniter\CodeIgniter->handleRequest(null, Object(Config\Cache), false)
 4 FCPATH\index.php(79): CodeIgniter\CodeIgniter->run()
WARNING - 2023-09-26 01:51:06 --> [DEPRECATED] Creation of dynamic property App\Controllers\Submission::$ModelSubmission is deprecated in APPPATH\Controllers\Submission.php on line 11.
 1 SYSTEMPATH\CodeIgniter.php(891): App\Controllers\Submission->__construct()
 2 SYSTEMPATH\CodeIgniter.php(485): CodeIgniter\CodeIgniter->createController()
 3 SYSTEMPATH\CodeIgniter.php(353): CodeIgniter\CodeIgniter->handleRequest(null, Object(Config\Cache), false)
 4 FCPATH\index.php(79): CodeIgniter\CodeIgniter->run()
WARNING - 2023-09-26 01:51:20 --> [DEPRECATED] Creation of dynamic property App\Controllers\Submission::$ModelSubmission is deprecated in APPPATH\Controllers\Submission.php on line 11.
 1 SYSTEMPATH\CodeIgniter.php(891): App\Controllers\Submission->__construct()
 2 SYSTEMPATH\CodeIgniter.php(485): CodeIgniter\CodeIgniter->createController()
 3 SYSTEMPATH\CodeIgniter.php(353): CodeIgniter\CodeIgniter->handleRequest(null, Object(Config\Cache), false)
 4 FCPATH\index.php(79): CodeIgniter\CodeIgniter->run()
WARNING - 2023-09-26 01:52:39 --> [DEPRECATED] Creation of dynamic property App\Controllers\Submission::$ModelSubmission is deprecated in APPPATH\Controllers\Submission.php on line 11.
 1 SYSTEMPATH\CodeIgniter.php(891): App\Controllers\Submission->__construct()
 2 SYSTEMPATH\CodeIgniter.php(485): CodeIgniter\CodeIgniter->createController()
 3 SYSTEMPATH\CodeIgniter.php(353): CodeIgniter\CodeIgniter->handleRequest(null, Object(Config\Cache), false)
 4 FCPATH\index.php(79): CodeIgniter\CodeIgniter->run()
WARNING - 2023-09-26 01:53:33 --> [DEPRECATED] Creation of dynamic property App\Controllers\Submission::$ModelSubmission is deprecated in APPPATH\Controllers\Submission.php on line 11.
 1 SYSTEMPATH\CodeIgniter.php(891): App\Controllers\Submission->__construct()
 2 SYSTEMPATH\CodeIgniter.php(485): CodeIgniter\CodeIgniter->createController()
 3 SYSTEMPATH\CodeIgniter.php(353): CodeIgniter\CodeIgniter->handleRequest(null, Object(Config\Cache), false)
 4 FCPATH\index.php(79): CodeIgniter\CodeIgniter->run()
WARNING - 2023-09-26 01:57:19 --> [DEPRECATED] Creation of dynamic property App\Controllers\Submission::$ModelSubmission is deprecated in APPPATH\Controllers\Submission.php on line 11.
 1 SYSTEMPATH\CodeIgniter.php(891): App\Controllers\Submission->__construct()
 2 SYSTEMPATH\CodeIgniter.php(485): CodeIgniter\CodeIgniter->createController()
 3 SYSTEMPATH\CodeIgniter.php(353): CodeIgniter\CodeIgniter->handleRequest(null, Object(Config\Cache), false)
 4 FCPATH\index.php(79): CodeIgniter\CodeIgniter->run()
WARNING - 2023-09-26 01:57:48 --> [DEPRECATED] Creation of dynamic property App\Controllers\Submission::$ModelSubmission is deprecated in APPPATH\Controllers\Submission.php on line 11.
 1 SYSTEMPATH\CodeIgniter.php(891): App\Controllers\Submission->__construct()
 2 SYSTEMPATH\CodeIgniter.php(485): CodeIgniter\CodeIgniter->createController()
 3 SYSTEMPATH\CodeIgniter.php(353): CodeIgniter\CodeIgniter->handleRequest(null, Object(Config\Cache), false)
 4 FCPATH\index.php(79): CodeIgniter\CodeIgniter->run()
WARNING - 2023-09-26 01:57:55 --> [DEPRECATED] Creation of dynamic property App\Controllers\Submission::$ModelSubmission is deprecated in APPPATH\Controllers\Submission.php on line 11.
 1 SYSTEMPATH\CodeIgniter.php(891): App\Controllers\Submission->__construct()
 2 SYSTEMPATH\CodeIgniter.php(485): CodeIgniter\CodeIgniter->createController()
 3 SYSTEMPATH\CodeIgniter.php(353): CodeIgniter\CodeIgniter->handleRequest(null, Object(Config\Cache), false)
 4 FCPATH\index.php(79): CodeIgniter\CodeIgniter->run()
WARNING - 2023-09-26 01:58:02 --> [DEPRECATED] Creation of dynamic property App\Controllers\Submission::$ModelSubmission is deprecated in APPPATH\Controllers\Submission.php on line 11.
 1 SYSTEMPATH\CodeIgniter.php(891): App\Controllers\Submission->__construct()
 2 SYSTEMPATH\CodeIgniter.php(485): CodeIgniter\CodeIgniter->createController()
 3 SYSTEMPATH\CodeIgniter.php(353): CodeIgniter\CodeIgniter->handleRequest(null, Object(Config\Cache), false)
 4 FCPATH\index.php(79): CodeIgniter\CodeIgniter->run()
WARNING - 2023-09-26 01:59:12 --> [DEPRECATED] Creation of dynamic property App\Controllers\Submission::$ModelSubmission is deprecated in APPPATH\Controllers\Submission.php on line 11.
 1 SYSTEMPATH\CodeIgniter.php(891): App\Controllers\Submission->__construct()
 2 SYSTEMPATH\CodeIgniter.php(485): CodeIgniter\CodeIgniter->createController()
 3 SYSTEMPATH\CodeIgniter.php(353): CodeIgniter\CodeIgniter->handleRequest(null, Object(Config\Cache), false)
 4 FCPATH\index.php(79): CodeIgniter\CodeIgniter->run()
WARNING - 2023-09-26 01:59:17 --> [DEPRECATED] Creation of dynamic property App\Controllers\Submission::$ModelSubmission is deprecated in APPPATH\Controllers\Submission.php on line 11.
 1 SYSTEMPATH\CodeIgniter.php(891): App\Controllers\Submission->__construct()
 2 SYSTEMPATH\CodeIgniter.php(485): CodeIgniter\CodeIgniter->createController()
 3 SYSTEMPATH\CodeIgniter.php(353): CodeIgniter\CodeIgniter->handleRequest(null, Object(Config\Cache), false)
 4 FCPATH\index.php(79): CodeIgniter\CodeIgniter->run()
WARNING - 2023-09-26 01:59:30 --> [DEPRECATED] Creation of dynamic property App\Controllers\Submission::$ModelSubmission is deprecated in APPPATH\Controllers\Submission.php on line 11.
 1 SYSTEMPATH\CodeIgniter.php(891): App\Controllers\Submission->__construct()
 2 SYSTEMPATH\CodeIgniter.php(485): CodeIgniter\CodeIgniter->createController()
 3 SYSTEMPATH\CodeIgniter.php(353): CodeIgniter\CodeIgniter->handleRequest(null, Object(Config\Cache), false)
 4 FCPATH\index.php(79): CodeIgniter\CodeIgniter->run()
WARNING - 2023-09-26 01:59:44 --> [DEPRECATED] Creation of dynamic property App\Controllers\Submission::$ModelSubmission is deprecated in APPPATH\Controllers\Submission.php on line 11.
 1 SYSTEMPATH\CodeIgniter.php(891): App\Controllers\Submission->__construct()
 2 SYSTEMPATH\CodeIgniter.php(485): CodeIgniter\CodeIgniter->createController()
 3 SYSTEMPATH\CodeIgniter.php(353): CodeIgniter\CodeIgniter->handleRequest(null, Object(Config\Cache), false)
 4 FCPATH\index.php(79): CodeIgniter\CodeIgniter->run()
WARNING - 2023-09-26 02:00:01 --> [DEPRECATED] Creation of dynamic property App\Controllers\Submission::$ModelSubmission is deprecated in APPPATH\Controllers\Submission.php on line 11.
 1 SYSTEMPATH\CodeIgniter.php(891): App\Controllers\Submission->__construct()
 2 SYSTEMPATH\CodeIgniter.php(485): CodeIgniter\CodeIgniter->createController()
 3 SYSTEMPATH\CodeIgniter.php(353): CodeIgniter\CodeIgniter->handleRequest(null, Object(Config\Cache), false)
 4 FCPATH\index.php(79): CodeIgniter\CodeIgniter->run()
WARNING - 2023-09-26 02:00:27 --> [DEPRECATED] Creation of dynamic property App\Controllers\Submission::$ModelSubmission is deprecated in APPPATH\Controllers\Submission.php on line 11.
 1 SYSTEMPATH\CodeIgniter.php(891): App\Controllers\Submission->__construct()
 2 SYSTEMPATH\CodeIgniter.php(485): CodeIgniter\CodeIgniter->createController()
 3 SYSTEMPATH\CodeIgniter.php(353): CodeIgniter\CodeIgniter->handleRequest(null, Object(Config\Cache), false)
 4 FCPATH\index.php(79): CodeIgniter\CodeIgniter->run()
WARNING - 2023-09-26 02:00:57 --> [DEPRECATED] Creation of dynamic property App\Controllers\Submission::$ModelSubmission is deprecated in APPPATH\Controllers\Submission.php on line 11.
 1 SYSTEMPATH\CodeIgniter.php(891): App\Controllers\Submission->__construct()
 2 SYSTEMPATH\CodeIgniter.php(485): CodeIgniter\CodeIgniter->createController()
 3 SYSTEMPATH\CodeIgniter.php(353): CodeIgniter\CodeIgniter->handleRequest(null, Object(Config\Cache), false)
 4 FCPATH\index.php(79): CodeIgniter\CodeIgniter->run()
WARNING - 2023-09-26 02:01:47 --> [DEPRECATED] Creation of dynamic property App\Controllers\Submission::$ModelSubmission is deprecated in APPPATH\Controllers\Submission.php on line 11.
 1 SYSTEMPATH\CodeIgniter.php(891): App\Controllers\Submission->__construct()
 2 SYSTEMPATH\CodeIgniter.php(485): CodeIgniter\CodeIgniter->createController()
 3 SYSTEMPATH\CodeIgniter.php(353): CodeIgniter\CodeIgniter->handleRequest(null, Object(Config\Cache), false)
 4 FCPATH\index.php(79): CodeIgniter\CodeIgniter->run()
WARNING - 2023-09-26 02:01:57 --> [DEPRECATED] Creation of dynamic property App\Controllers\Submission::$ModelSubmission is deprecated in APPPATH\Controllers\Submission.php on line 11.
 1 SYSTEMPATH\CodeIgniter.php(891): App\Controllers\Submission->__construct()
 2 SYSTEMPATH\CodeIgniter.php(485): CodeIgniter\CodeIgniter->createController()
 3 SYSTEMPATH\CodeIgniter.php(353): CodeIgniter\CodeIgniter->handleRequest(null, Object(Config\Cache), false)
 4 FCPATH\index.php(79): CodeIgniter\CodeIgniter->run()
WARNING - 2023-09-26 02:02:04 --> [DEPRECATED] Creation of dynamic property App\Controllers\Submission::$ModelSubmission is deprecated in APPPATH\Controllers\Submission.php on line 11.
 1 SYSTEMPATH\CodeIgniter.php(891): App\Controllers\Submission->__construct()
 2 SYSTEMPATH\CodeIgniter.php(485): CodeIgniter\CodeIgniter->createController()
 3 SYSTEMPATH\CodeIgniter.php(353): CodeIgniter\CodeIgniter->handleRequest(null, Object(Config\Cache), false)
 4 FCPATH\index.php(79): CodeIgniter\CodeIgniter->run()
WARNING - 2023-09-26 02:02:12 --> [DEPRECATED] Creation of dynamic property App\Controllers\Submission::$ModelSubmission is deprecated in APPPATH\Controllers\Submission.php on line 11.
 1 SYSTEMPATH\CodeIgniter.php(891): App\Controllers\Submission->__construct()
 2 SYSTEMPATH\CodeIgniter.php(485): CodeIgniter\CodeIgniter->createController()
 3 SYSTEMPATH\CodeIgniter.php(353): CodeIgniter\CodeIgniter->handleRequest(null, Object(Config\Cache), false)
 4 FCPATH\index.php(79): CodeIgniter\CodeIgniter->run()
WARNING - 2023-09-26 02:04:19 --> [DEPRECATED] Creation of dynamic property App\Controllers\Submission::$ModelSubmission is deprecated in APPPATH\Controllers\Submission.php on line 11.
 1 SYSTEMPATH\CodeIgniter.php(891): App\Controllers\Submission->__construct()
 2 SYSTEMPATH\CodeIgniter.php(485): CodeIgniter\CodeIgniter->createController()
 3 SYSTEMPATH\CodeIgniter.php(353): CodeIgniter\CodeIgniter->handleRequest(null, Object(Config\Cache), false)
 4 FCPATH\index.php(79): CodeIgniter\CodeIgniter->run()
WARNING - 2023-09-26 02:04:53 --> [DEPRECATED] Creation of dynamic property App\Controllers\Submission::$ModelSubmission is deprecated in APPPATH\Controllers\Submission.php on line 11.
 1 SYSTEMPATH\CodeIgniter.php(891): App\Controllers\Submission->__construct()
 2 SYSTEMPATH\CodeIgniter.php(485): CodeIgniter\CodeIgniter->createController()
 3 SYSTEMPATH\CodeIgniter.php(353): CodeIgniter\CodeIgniter->handleRequest(null, Object(Config\Cache), false)
 4 FCPATH\index.php(79): CodeIgniter\CodeIgniter->run()
WARNING - 2023-09-26 02:24:39 --> [DEPRECATED] Creation of dynamic property App\Controllers\Submission::$ModelSubmission is deprecated in APPPATH\Controllers\Submission.php on line 11.
 1 SYSTEMPATH\CodeIgniter.php(891): App\Controllers\Submission->__construct()
 2 SYSTEMPATH\CodeIgniter.php(485): CodeIgniter\CodeIgniter->createController()
 3 SYSTEMPATH\CodeIgniter.php(353): CodeIgniter\CodeIgniter->handleRequest(null, Object(Config\Cache), false)
 4 FCPATH\index.php(79): CodeIgniter\CodeIgniter->run()
WARNING - 2023-09-26 02:29:32 --> [DEPRECATED] Creation of dynamic property App\Controllers\Submission::$ModelSubmission is deprecated in APPPATH\Controllers\Submission.php on line 11.
 1 SYSTEMPATH\CodeIgniter.php(891): App\Controllers\Submission->__construct()
 2 SYSTEMPATH\CodeIgniter.php(485): CodeIgniter\CodeIgniter->createController()
 3 SYSTEMPATH\CodeIgniter.php(353): CodeIgniter\CodeIgniter->handleRequest(null, Object(Config\Cache), false)
 4 FCPATH\index.php(79): CodeIgniter\CodeIgniter->run()
INFO - 2023-09-26 03:34:28 --> REDIRECTED ROUTE at http://localhost/ci4project/public/%5CApp%5CControllers%5CHome::index
WARNING - 2023-09-26 03:34:52 --> [DEPRECATED] Creation of dynamic property App\Controllers\Submission::$ModelSubmission is deprecated in APPPATH\Controllers\Submission.php on line 11.
 1 SYSTEMPATH\CodeIgniter.php(891): App\Controllers\Submission->__construct()
 2 SYSTEMPATH\CodeIgniter.php(485): CodeIgniter\CodeIgniter->createController()
 3 SYSTEMPATH\CodeIgniter.php(353): CodeIgniter\CodeIgniter->handleRequest(null, Object(Config\Cache), false)
 4 FCPATH\index.php(79): CodeIgniter\CodeIgniter->run()
ERROR - 2023-09-26 03:37:05 --> Error connecting to the database: CodeIgniter\Database\Exceptions\DatabaseException: [Microsoft][ODBC Driver 17 for SQL Server]SQL Server Network Interfaces: Error Locating Server/Instance Specified [xFFFFFFFF].  SQLSTATE: 08001, code: -1
[Microsoft][ODBC Driver 17 for SQL Server]Login timeout expired SQLSTATE: HYT00, code: 0
[Microsoft][ODBC Driver 17 for SQL Server]A network-related or instance-specific error has occurred while establishing a connection to SQL Server. Server is not found or not accessible. Check if instance name is correct and if SQL Server is configured to allow remote connections. For more information see SQL Server Books Online. SQLSTATE: 08001, code: -1 in C:\xampp\htdocs\ci4project\system\Database\SQLSRV\Connection.php:142
Stack trace:
#0 C:\xampp\htdocs\ci4project\system\Database\BaseConnection.php(391): CodeIgniter\Database\SQLSRV\Connection->connect(true)
#1 C:\xampp\htdocs\ci4project\system\Database\BaseConnection.php(574): CodeIgniter\Database\BaseConnection->initialize()
#2 C:\xampp\htdocs\ci4project\system\Database\SQLSRV\Builder.php(610): CodeIgniter\Database\BaseConnection->query('SELECT *\nFROM "...', Array, false)
#3 C:\xampp\htdocs\ci4project\system\Model.php(237): CodeIgniter\Database\SQLSRV\Builder->get()
#4 C:\xampp\htdocs\ci4project\system\BaseModel.php(624): CodeIgniter\Model->doFindAll(0, 0)
#5 C:\xampp\htdocs\ci4project\app\Controllers\PreOrder.php(12): CodeIgniter\BaseModel->findAll()
#6 C:\xampp\htdocs\ci4project\system\CodeIgniter.php(919): App\Controllers\PreOrder->index()
#7 C:\xampp\htdocs\ci4project\system\CodeIgniter.php(494): CodeIgniter\CodeIgniter->runController(Object(App\Controllers\PreOrder))
#8 C:\xampp\htdocs\ci4project\system\CodeIgniter.php(353): CodeIgniter\CodeIgniter->handleRequest(NULL, Object(Config\Cache), false)
#9 C:\xampp\htdocs\ci4project\public\index.php(79): CodeIgniter\CodeIgniter->run()
#10 {main}
CRITICAL - 2023-09-26 03:37:05 --> Unable to connect to the database.
Main connection [sqlsrv]: [Microsoft][ODBC Driver 17 for SQL Server]SQL Server Network Interfaces: Error Locating Server/Instance Specified [xFFFFFFFF].  SQLSTATE: 08001, code: -1
[Microsoft][ODBC Driver 17 for SQL Server]Login timeout expired SQLSTATE: HYT00, code: 0
[Microsoft][ODBC Driver 17 for SQL Server]A network-related or instance-specific error has occurred while establishing a connection to SQL Server. Server is not found or not accessible. Check if instance name is correct and if SQL Server is configured to allow remote connections. For more information see SQL Server Books Online. SQLSTATE: 08001, code: -1
in SYSTEMPATH\Database\BaseConnection.php on line 427.
 1 SYSTEMPATH\Database\BaseConnection.php(574): CodeIgniter\Database\BaseConnection->initialize()
 2 SYSTEMPATH\Database\SQLSRV\Builder.php(610): CodeIgniter\Database\BaseConnection->query('SELECT *
FROM "CBInv"."dbo"."vspk_testc"
ORDER BY "PoNumber"', [], false)
 3 SYSTEMPATH\Model.php(237): CodeIgniter\Database\SQLSRV\Builder->get()
 4 SYSTEMPATH\BaseModel.php(624): CodeIgniter\Model->doFindAll(0, 0)
 5 APPPATH\Controllers\PreOrder.php(12): CodeIgniter\BaseModel->findAll()
 6 SYSTEMPATH\CodeIgniter.php(919): App\Controllers\PreOrder->index()
 7 SYSTEMPATH\CodeIgniter.php(494): CodeIgniter\CodeIgniter->runController(Object(App\Controllers\PreOrder))
 8 SYSTEMPATH\CodeIgniter.php(353): CodeIgniter\CodeIgniter->handleRequest(null, Object(Config\Cache), false)
 9 FCPATH\index.php(79): CodeIgniter\CodeIgniter->run()
WARNING - 2023-09-26 03:37:10 --> [DEPRECATED] Creation of dynamic property App\Controllers\Submission::$ModelSubmission is deprecated in APPPATH\Controllers\Submission.php on line 11.
 1 SYSTEMPATH\CodeIgniter.php(891): App\Controllers\Submission->__construct()
 2 SYSTEMPATH\CodeIgniter.php(485): CodeIgniter\CodeIgniter->createController()
 3 SYSTEMPATH\CodeIgniter.php(353): CodeIgniter\CodeIgniter->handleRequest(null, Object(Config\Cache), false)
 4 FCPATH\index.php(79): CodeIgniter\CodeIgniter->run()
WARNING - 2023-09-26 03:44:49 --> [DEPRECATED] Creation of dynamic property App\Controllers\Submission::$ModelSubmission is deprecated in APPPATH\Controllers\Submission.php on line 11.
 1 SYSTEMPATH\CodeIgniter.php(891): App\Controllers\Submission->__construct()
 2 SYSTEMPATH\CodeIgniter.php(485): CodeIgniter\CodeIgniter->createController()
 3 SYSTEMPATH\CodeIgniter.php(353): CodeIgniter\CodeIgniter->handleRequest(null, Object(Config\Cache), false)
 4 FCPATH\index.php(79): CodeIgniter\CodeIgniter->run()
ERROR - 2023-09-26 04:13:02 --> Error connecting to the database: CodeIgniter\Database\Exceptions\DatabaseException: [Microsoft][ODBC Driver 17 for SQL Server]SQL Server Network Interfaces: Error Locating Server/Instance Specified [xFFFFFFFF].  SQLSTATE: 08001, code: -1
[Microsoft][ODBC Driver 17 for SQL Server]Login timeout expired SQLSTATE: HYT00, code: 0
[Microsoft][ODBC Driver 17 for SQL Server]A network-related or instance-specific error has occurred while establishing a connection to SQL Server. Server is not found or not accessible. Check if instance name is correct and if SQL Server is configured to allow remote connections. For more information see SQL Server Books Online. SQLSTATE: 08001, code: -1 in C:\xampp\htdocs\ci4project\system\Database\SQLSRV\Connection.php:142
Stack trace:
#0 C:\xampp\htdocs\ci4project\system\Database\BaseConnection.php(391): CodeIgniter\Database\SQLSRV\Connection->connect(true)
#1 C:\xampp\htdocs\ci4project\system\Database\BaseConnection.php(574): CodeIgniter\Database\BaseConnection->initialize()
#2 C:\xampp\htdocs\ci4project\system\Database\SQLSRV\Builder.php(610): CodeIgniter\Database\BaseConnection->query('SELECT *\nFROM "...', Array, false)
#3 C:\xampp\htdocs\ci4project\system\Model.php(237): CodeIgniter\Database\SQLSRV\Builder->get()
#4 C:\xampp\htdocs\ci4project\system\BaseModel.php(624): CodeIgniter\Model->doFindAll(0, 0)
#5 C:\xampp\htdocs\ci4project\app\Controllers\PreOrder.php(12): CodeIgniter\BaseModel->findAll()
#6 C:\xampp\htdocs\ci4project\system\CodeIgniter.php(919): App\Controllers\PreOrder->index()
#7 C:\xampp\htdocs\ci4project\system\CodeIgniter.php(494): CodeIgniter\CodeIgniter->runController(Object(App\Controllers\PreOrder))
#8 C:\xampp\htdocs\ci4project\system\CodeIgniter.php(353): CodeIgniter\CodeIgniter->handleRequest(NULL, Object(Config\Cache), false)
#9 C:\xampp\htdocs\ci4project\public\index.php(79): CodeIgniter\CodeIgniter->run()
#10 {main}
CRITICAL - 2023-09-26 04:13:02 --> Unable to connect to the database.
Main connection [sqlsrv]: [Microsoft][ODBC Driver 17 for SQL Server]SQL Server Network Interfaces: Error Locating Server/Instance Specified [xFFFFFFFF].  SQLSTATE: 08001, code: -1
[Microsoft][ODBC Driver 17 for SQL Server]Login timeout expired SQLSTATE: HYT00, code: 0
[Microsoft][ODBC Driver 17 for SQL Server]A network-related or instance-specific error has occurred while establishing a connection to SQL Server. Server is not found or not accessible. Check if instance name is correct and if SQL Server is configured to allow remote connections. For more information see SQL Server Books Online. SQLSTATE: 08001, code: -1
in SYSTEMPATH\Database\BaseConnection.php on line 427.
 1 SYSTEMPATH\Database\BaseConnection.php(574): CodeIgniter\Database\BaseConnection->initialize()
 2 SYSTEMPATH\Database\SQLSRV\Builder.php(610): CodeIgniter\Database\BaseConnection->query('SELECT *
FROM "CBInv"."dbo"."vspk_testc"
ORDER BY "PoNumber"', [], false)
 3 SYSTEMPATH\Model.php(237): CodeIgniter\Database\SQLSRV\Builder->get()
 4 SYSTEMPATH\BaseModel.php(624): CodeIgniter\Model->doFindAll(0, 0)
 5 APPPATH\Controllers\PreOrder.php(12): CodeIgniter\BaseModel->findAll()
 6 SYSTEMPATH\CodeIgniter.php(919): App\Controllers\PreOrder->index()
 7 SYSTEMPATH\CodeIgniter.php(494): CodeIgniter\CodeIgniter->runController(Object(App\Controllers\PreOrder))
 8 SYSTEMPATH\CodeIgniter.php(353): CodeIgniter\CodeIgniter->handleRequest(null, Object(Config\Cache), false)
 9 FCPATH\index.php(79): CodeIgniter\CodeIgniter->run()
WARNING - 2023-09-26 05:32:20 --> [DEPRECATED] Creation of dynamic property App\Controllers\Submission::$ModelSubmission is deprecated in APPPATH\Controllers\Submission.php on line 11.
 1 SYSTEMPATH\CodeIgniter.php(891): App\Controllers\Submission->__construct()
 2 SYSTEMPATH\CodeIgniter.php(485): CodeIgniter\CodeIgniter->createController()
 3 SYSTEMPATH\CodeIgniter.php(353): CodeIgniter\CodeIgniter->handleRequest(null, Object(Config\Cache), false)
 4 FCPATH\index.php(79): CodeIgniter\CodeIgniter->run()
WARNING - 2023-09-26 05:35:33 --> [DEPRECATED] Creation of dynamic property App\Controllers\Submission::$ModelSubmission is deprecated in APPPATH\Controllers\Submission.php on line 11.
 1 SYSTEMPATH\CodeIgniter.php(891): App\Controllers\Submission->__construct()
 2 SYSTEMPATH\CodeIgniter.php(485): CodeIgniter\CodeIgniter->createController()
 3 SYSTEMPATH\CodeIgniter.php(353): CodeIgniter\CodeIgniter->handleRequest(null, Object(Config\Cache), false)
 4 FCPATH\index.php(79): CodeIgniter\CodeIgniter->run()
WARNING - 2023-09-26 05:44:10 --> [DEPRECATED] Creation of dynamic property App\Controllers\Submission::$ModelSubmission is deprecated in APPPATH\Controllers\Submission.php on line 11.
 1 SYSTEMPATH\CodeIgniter.php(891): App\Controllers\Submission->__construct()
 2 SYSTEMPATH\CodeIgniter.php(485): CodeIgniter\CodeIgniter->createController()
 3 SYSTEMPATH\CodeIgniter.php(353): CodeIgniter\CodeIgniter->handleRequest(null, Object(Config\Cache), false)
 4 FCPATH\index.php(79): CodeIgniter\CodeIgniter->run()
ERROR - 2023-09-26 05:44:16 --> [Microsoft][ODBC Driver 17 for SQL Server][SQL Server]View or function 'CBInv.dbo.vspk_testc' is not updatable because the modification affects multiple base tables.
CRITICAL - 2023-09-26 05:44:16 --> [Microsoft][ODBC Driver 17 for SQL Server][SQL Server]View or function 'CBInv.dbo.vspk_testc' is not updatable because the modification affects multiple base tables.
in SYSTEMPATH\Database\BaseConnection.php on line 646.
 1 SYSTEMPATH\Database\BaseBuilder.php(2308): CodeIgniter\Database\BaseConnection->query('INSERT INTO "CBInv"."dbo"."vspk_testc" ("PoNumber","PoDate","VendorNo","vendorname","MataUang","total") VALUES (:PoNumber:, :PoDate:, :VendorNo:, :vendorname:, :MataUang:, :total:)', [...], false)
 2 SYSTEMPATH\Model.php(319): CodeIgniter\Database\BaseBuilder->insert()
 3 SYSTEMPATH\BaseModel.php(788): CodeIgniter\Model->doInsert([...])
 4 SYSTEMPATH\Model.php(715): CodeIgniter\BaseModel->insert([...], true)
 5 APPPATH\Models\ModelSubmission.php(15): CodeIgniter\Model->insert([...])
 6 APPPATH\Controllers\Submission.php(37): App\Models\ModelSubmission->add([...])
 7 SYSTEMPATH\CodeIgniter.php(919): App\Controllers\Submission->save()
 8 SYSTEMPATH\CodeIgniter.php(494): CodeIgniter\CodeIgniter->runController(Object(App\Controllers\Submission))
 9 SYSTEMPATH\CodeIgniter.php(353): CodeIgniter\CodeIgniter->handleRequest(null, Object(Config\Cache), false)
10 FCPATH\index.php(79): CodeIgniter\CodeIgniter->run()
WARNING - 2023-09-26 05:44:56 --> [DEPRECATED] Creation of dynamic property App\Controllers\Submission::$ModelSubmission is deprecated in APPPATH\Controllers\Submission.php on line 11.
 1 SYSTEMPATH\CodeIgniter.php(891): App\Controllers\Submission->__construct()
 2 SYSTEMPATH\CodeIgniter.php(485): CodeIgniter\CodeIgniter->createController()
 3 SYSTEMPATH\CodeIgniter.php(353): CodeIgniter\CodeIgniter->handleRequest(null, Object(Config\Cache), false)
 4 FCPATH\index.php(79): CodeIgniter\CodeIgniter->run()
ERROR - 2023-09-26 05:44:56 --> [Microsoft][ODBC Driver 17 for SQL Server][SQL Server]View or function 'CBInv.dbo.vspk_testc' is not updatable because the modification affects multiple base tables.
CRITICAL - 2023-09-26 05:44:56 --> [Microsoft][ODBC Driver 17 for SQL Server][SQL Server]View or function 'CBInv.dbo.vspk_testc' is not updatable because the modification affects multiple base tables.
in SYSTEMPATH\Database\BaseConnection.php on line 646.
 1 SYSTEMPATH\Database\BaseBuilder.php(2308): CodeIgniter\Database\BaseConnection->query('INSERT INTO "CBInv"."dbo"."vspk_testc" ("PoNumber","PoDate","VendorNo","vendorname","MataUang","total") VALUES (:PoNumber:, :PoDate:, :VendorNo:, :vendorname:, :MataUang:, :total:)', [...], false)
 2 SYSTEMPATH\Model.php(319): CodeIgniter\Database\BaseBuilder->insert()
 3 SYSTEMPATH\BaseModel.php(788): CodeIgniter\Model->doInsert([...])
 4 SYSTEMPATH\Model.php(715): CodeIgniter\BaseModel->insert([...], true)
 5 APPPATH\Models\ModelSubmission.php(15): CodeIgniter\Model->insert([...])
 6 APPPATH\Controllers\Submission.php(37): App\Models\ModelSubmission->add([...])
 7 SYSTEMPATH\CodeIgniter.php(919): App\Controllers\Submission->save()
 8 SYSTEMPATH\CodeIgniter.php(494): CodeIgniter\CodeIgniter->runController(Object(App\Controllers\Submission))
 9 SYSTEMPATH\CodeIgniter.php(353): CodeIgniter\CodeIgniter->handleRequest(null, Object(Config\Cache), false)
10 FCPATH\index.php(79): CodeIgniter\CodeIgniter->run()
WARNING - 2023-09-26 06:04:25 --> [DEPRECATED] Creation of dynamic property App\Controllers\Submission::$ModelSubmission is deprecated in APPPATH\Controllers\Submission.php on line 11.
 1 SYSTEMPATH\CodeIgniter.php(891): App\Controllers\Submission->__construct()
 2 SYSTEMPATH\CodeIgniter.php(485): CodeIgniter\CodeIgniter->createController()
 3 SYSTEMPATH\CodeIgniter.php(353): CodeIgniter\CodeIgniter->handleRequest(null, Object(Config\Cache), false)
 4 FCPATH\index.php(79): CodeIgniter\CodeIgniter->run()
ERROR - 2023-09-26 06:04:25 --> [Microsoft][ODBC Driver 17 for SQL Server][SQL Server]View or function 'CBInv.dbo.vspk_testc' is not updatable because the modification affects multiple base tables.
CRITICAL - 2023-09-26 06:04:25 --> [Microsoft][ODBC Driver 17 for SQL Server][SQL Server]View or function 'CBInv.dbo.vspk_testc' is not updatable because the modification affects multiple base tables.
in SYSTEMPATH\Database\BaseConnection.php on line 646.
 1 SYSTEMPATH\Database\BaseBuilder.php(2308): CodeIgniter\Database\BaseConnection->query('INSERT INTO "CBInv"."dbo"."vspk_testc" ("PoNumber","PoDate","VendorNo","vendorname","MataUang","total") VALUES (:PoNumber:, :PoDate:, :VendorNo:, :vendorname:, :MataUang:, :total:)', [...], false)
 2 SYSTEMPATH\Model.php(319): CodeIgniter\Database\BaseBuilder->insert()
 3 SYSTEMPATH\BaseModel.php(788): CodeIgniter\Model->doInsert([...])
 4 SYSTEMPATH\Model.php(715): CodeIgniter\BaseModel->insert([...], true)
 5 APPPATH\Models\ModelSubmission.php(15): CodeIgniter\Model->insert([...])
 6 APPPATH\Controllers\Submission.php(37): App\Models\ModelSubmission->add([...])
 7 SYSTEMPATH\CodeIgniter.php(919): App\Controllers\Submission->save()
 8 SYSTEMPATH\CodeIgniter.php(494): CodeIgniter\CodeIgniter->runController(Object(App\Controllers\Submission))
 9 SYSTEMPATH\CodeIgniter.php(353): CodeIgniter\CodeIgniter->handleRequest(null, Object(Config\Cache), false)
10 FCPATH\index.php(79): CodeIgniter\CodeIgniter->run()
WARNING - 2023-09-26 06:29:11 --> [DEPRECATED] Creation of dynamic property App\Controllers\Submission::$ModelSubmission is deprecated in APPPATH\Controllers\Submission.php on line 11.
 1 SYSTEMPATH\CodeIgniter.php(891): App\Controllers\Submission->__construct()
 2 SYSTEMPATH\CodeIgniter.php(485): CodeIgniter\CodeIgniter->createController()
 3 SYSTEMPATH\CodeIgniter.php(353): CodeIgniter\CodeIgniter->handleRequest(null, Object(Config\Cache), false)
 4 FCPATH\index.php(79): CodeIgniter\CodeIgniter->run()
ERROR - 2023-09-26 06:29:11 --> [Microsoft][ODBC Driver 17 for SQL Server][SQL Server]View or function 'CBInv.dbo.vspk_testc' is not updatable because the modification affects multiple base tables.
CRITICAL - 2023-09-26 06:29:11 --> [Microsoft][ODBC Driver 17 for SQL Server][SQL Server]View or function 'CBInv.dbo.vspk_testc' is not updatable because the modification affects multiple base tables.
in SYSTEMPATH\Database\BaseConnection.php on line 646.
 1 SYSTEMPATH\Database\BaseBuilder.php(2308): CodeIgniter\Database\BaseConnection->query('INSERT INTO "CBInv"."dbo"."vspk_testc" ("PoNumber","PoDate","VendorNo","vendorname","MataUang","total") VALUES (:PoNumber:, :PoDate:, :VendorNo:, :vendorname:, :MataUang:, :total:)', [...], false)
 2 SYSTEMPATH\Model.php(319): CodeIgniter\Database\BaseBuilder->insert()
 3 SYSTEMPATH\BaseModel.php(788): CodeIgniter\Model->doInsert([...])
 4 SYSTEMPATH\Model.php(715): CodeIgniter\BaseModel->insert([...], true)
 5 APPPATH\Models\ModelSubmission.php(15): CodeIgniter\Model->insert([...])
 6 APPPATH\Controllers\Submission.php(37): App\Models\ModelSubmission->add([...])
 7 SYSTEMPATH\CodeIgniter.php(919): App\Controllers\Submission->save()
 8 SYSTEMPATH\CodeIgniter.php(494): CodeIgniter\CodeIgniter->runController(Object(App\Controllers\Submission))
 9 SYSTEMPATH\CodeIgniter.php(353): CodeIgniter\CodeIgniter->handleRequest(null, Object(Config\Cache), false)
10 FCPATH\index.php(79): CodeIgniter\CodeIgniter->run()
WARNING - 2023-09-26 06:31:36 --> [DEPRECATED] Creation of dynamic property App\Controllers\Submission::$ModelSubmission is deprecated in APPPATH\Controllers\Submission.php on line 11.
 1 SYSTEMPATH\CodeIgniter.php(891): App\Controllers\Submission->__construct()
 2 SYSTEMPATH\CodeIgniter.php(485): CodeIgniter\CodeIgniter->createController()
 3 SYSTEMPATH\CodeIgniter.php(353): CodeIgniter\CodeIgniter->handleRequest(null, Object(Config\Cache), false)
 4 FCPATH\index.php(79): CodeIgniter\CodeIgniter->run()
ERROR - 2023-09-26 06:31:36 --> [Microsoft][ODBC Driver 17 for SQL Server][SQL Server]View or function 'CBInv.dbo.vspk_testc' is not updatable because the modification affects multiple base tables.
CRITICAL - 2023-09-26 06:31:36 --> [Microsoft][ODBC Driver 17 for SQL Server][SQL Server]View or function 'CBInv.dbo.vspk_testc' is not updatable because the modification affects multiple base tables.
in SYSTEMPATH\Database\BaseConnection.php on line 646.
 1 SYSTEMPATH\Database\BaseBuilder.php(2308): CodeIgniter\Database\BaseConnection->query('INSERT INTO "CBInv"."dbo"."vspk_testc" ("PoNumber","PoDate","VendorNo","vendorname","MataUang","total") VALUES (:PoNumber:, :PoDate:, :VendorNo:, :vendorname:, :MataUang:, :total:)', [...], false)
 2 SYSTEMPATH\Model.php(319): CodeIgniter\Database\BaseBuilder->insert()
 3 SYSTEMPATH\BaseModel.php(788): CodeIgniter\Model->doInsert([...])
 4 SYSTEMPATH\Model.php(715): CodeIgniter\BaseModel->insert([...], true)
 5 APPPATH\Models\ModelSubmission.php(15): CodeIgniter\Model->insert([...])
 6 APPPATH\Controllers\Submission.php(37): App\Models\ModelSubmission->add([...])
 7 SYSTEMPATH\CodeIgniter.php(919): App\Controllers\Submission->save()
 8 SYSTEMPATH\CodeIgniter.php(494): CodeIgniter\CodeIgniter->runController(Object(App\Controllers\Submission))
 9 SYSTEMPATH\CodeIgniter.php(353): CodeIgniter\CodeIgniter->handleRequest(null, Object(Config\Cache), false)
10 FCPATH\index.php(79): CodeIgniter\CodeIgniter->run()
WARNING - 2023-09-26 06:32:15 --> [DEPRECATED] Creation of dynamic property App\Controllers\Submission::$ModelSubmission is deprecated in APPPATH\Controllers\Submission.php on line 11.
 1 SYSTEMPATH\CodeIgniter.php(891): App\Controllers\Submission->__construct()
 2 SYSTEMPATH\CodeIgniter.php(485): CodeIgniter\CodeIgniter->createController()
 3 SYSTEMPATH\CodeIgniter.php(353): CodeIgniter\CodeIgniter->handleRequest(null, Object(Config\Cache), false)
 4 FCPATH\index.php(79): CodeIgniter\CodeIgniter->run()
ERROR - 2023-09-26 06:32:15 --> [Microsoft][ODBC Driver 17 for SQL Server][SQL Server]View or function 'CBInv.dbo.vspk_testc' is not updatable because the modification affects multiple base tables.
CRITICAL - 2023-09-26 06:32:15 --> [Microsoft][ODBC Driver 17 for SQL Server][SQL Server]View or function 'CBInv.dbo.vspk_testc' is not updatable because the modification affects multiple base tables.
in SYSTEMPATH\Database\BaseConnection.php on line 646.
 1 SYSTEMPATH\Database\BaseBuilder.php(2308): CodeIgniter\Database\BaseConnection->query('INSERT INTO "CBInv"."dbo"."vspk_testc" ("PoNumber","PoDate","VendorNo","vendorname","MataUang","total") VALUES (:PoNumber:, :PoDate:, :VendorNo:, :vendorname:, :MataUang:, :total:)', [...], false)
 2 SYSTEMPATH\Model.php(319): CodeIgniter\Database\BaseBuilder->insert()
 3 SYSTEMPATH\BaseModel.php(788): CodeIgniter\Model->doInsert([...])
 4 SYSTEMPATH\Model.php(715): CodeIgniter\BaseModel->insert([...], true)
 5 APPPATH\Models\ModelSubmission.php(15): CodeIgniter\Model->insert([...])
 6 APPPATH\Controllers\Submission.php(37): App\Models\ModelSubmission->add([...])
 7 SYSTEMPATH\CodeIgniter.php(919): App\Controllers\Submission->save()
 8 SYSTEMPATH\CodeIgniter.php(494): CodeIgniter\CodeIgniter->runController(Object(App\Controllers\Submission))
 9 SYSTEMPATH\CodeIgniter.php(353): CodeIgniter\CodeIgniter->handleRequest(null, Object(Config\Cache), false)
10 FCPATH\index.php(79): CodeIgniter\CodeIgniter->run()
WARNING - 2023-09-26 06:42:45 --> [DEPRECATED] Creation of dynamic property App\Controllers\Submission::$ModelSubmission is deprecated in APPPATH\Controllers\Submission.php on line 11.
 1 SYSTEMPATH\CodeIgniter.php(891): App\Controllers\Submission->__construct()
 2 SYSTEMPATH\CodeIgniter.php(485): CodeIgniter\CodeIgniter->createController()
 3 SYSTEMPATH\CodeIgniter.php(353): CodeIgniter\CodeIgniter->handleRequest(null, Object(Config\Cache), false)
 4 FCPATH\index.php(79): CodeIgniter\CodeIgniter->run()
WARNING - 2023-09-26 06:50:22 --> [DEPRECATED] Creation of dynamic property App\Controllers\Submission::$ModelSubmission is deprecated in APPPATH\Controllers\Submission.php on line 11.
 1 SYSTEMPATH\CodeIgniter.php(891): App\Controllers\Submission->__construct()
 2 SYSTEMPATH\CodeIgniter.php(485): CodeIgniter\CodeIgniter->createController()
 3 SYSTEMPATH\CodeIgniter.php(353): CodeIgniter\CodeIgniter->handleRequest(null, Object(Config\Cache), false)
 4 FCPATH\index.php(79): CodeIgniter\CodeIgniter->run()
ERROR - 2023-09-26 06:50:22 --> [Microsoft][ODBC Driver 17 for SQL Server][SQL Server]View or function 'CBInv.dbo.vspk_testc' is not updatable because the modification affects multiple base tables.
CRITICAL - 2023-09-26 06:50:22 --> [Microsoft][ODBC Driver 17 for SQL Server][SQL Server]View or function 'CBInv.dbo.vspk_testc' is not updatable because the modification affects multiple base tables.
in SYSTEMPATH\Database\BaseConnection.php on line 646.
 1 SYSTEMPATH\Database\BaseBuilder.php(2308): CodeIgniter\Database\BaseConnection->query('INSERT INTO "CBInv"."dbo"."vspk_testc" ("PoNumber","PoDate","VendorNo","vendorname","MataUang","total") VALUES (:PoNumber:, :PoDate:, :VendorNo:, :vendorname:, :MataUang:, :total:)', [...], false)
 2 SYSTEMPATH\Model.php(319): CodeIgniter\Database\BaseBuilder->insert()
 3 SYSTEMPATH\BaseModel.php(788): CodeIgniter\Model->doInsert([...])
 4 SYSTEMPATH\Model.php(715): CodeIgniter\BaseModel->insert([...], true)
 5 APPPATH\Models\ModelSubmission.php(15): CodeIgniter\Model->insert([...])
 6 APPPATH\Controllers\Submission.php(37): App\Models\ModelSubmission->add([...])
 7 SYSTEMPATH\CodeIgniter.php(919): App\Controllers\Submission->save()
 8 SYSTEMPATH\CodeIgniter.php(494): CodeIgniter\CodeIgniter->runController(Object(App\Controllers\Submission))
 9 SYSTEMPATH\CodeIgniter.php(353): CodeIgniter\CodeIgniter->handleRequest(null, Object(Config\Cache), false)
10 FCPATH\index.php(79): CodeIgniter\CodeIgniter->run()
WARNING - 2023-09-26 06:59:51 --> [DEPRECATED] Creation of dynamic property App\Controllers\Submission::$ModelSubmission is deprecated in APPPATH\Controllers\Submission.php on line 11.
 1 SYSTEMPATH\CodeIgniter.php(891): App\Controllers\Submission->__construct()
 2 SYSTEMPATH\CodeIgniter.php(485): CodeIgniter\CodeIgniter->createController()
 3 SYSTEMPATH\CodeIgniter.php(353): CodeIgniter\CodeIgniter->handleRequest(null, Object(Config\Cache), false)
 4 FCPATH\index.php(79): CodeIgniter\CodeIgniter->run()
ERROR - 2023-09-26 06:59:51 --> [Microsoft][ODBC Driver 17 for SQL Server][SQL Server]Invalid column name 'vendorname'.
CRITICAL - 2023-09-26 06:59:51 --> [Microsoft][ODBC Driver 17 for SQL Server][SQL Server]Invalid column name 'vendorname'.
in SYSTEMPATH\Database\BaseConnection.php on line 646.
 1 SYSTEMPATH\Database\BaseBuilder.php(2308): CodeIgniter\Database\BaseConnection->query('INSERT INTO "CBInv"."dbo"."tpoheader" ("PoNumber","PoDate","VendorNo","vendorname","MataUang","total") VALUES (:PoNumber:, :PoDate:, :VendorNo:, :vendorname:, :MataUang:, :total:)', [...], false)
 2 SYSTEMPATH\Model.php(319): CodeIgniter\Database\BaseBuilder->insert()
 3 SYSTEMPATH\BaseModel.php(788): CodeIgniter\Model->doInsert([...])
 4 SYSTEMPATH\Model.php(715): CodeIgniter\BaseModel->insert([...], true)
 5 APPPATH\Models\ModelSubmission.php(15): CodeIgniter\Model->insert([...])
 6 APPPATH\Controllers\Submission.php(37): App\Models\ModelSubmission->add([...])
 7 SYSTEMPATH\CodeIgniter.php(919): App\Controllers\Submission->save()
 8 SYSTEMPATH\CodeIgniter.php(494): CodeIgniter\CodeIgniter->runController(Object(App\Controllers\Submission))
 9 SYSTEMPATH\CodeIgniter.php(353): CodeIgniter\CodeIgniter->handleRequest(null, Object(Config\Cache), false)
10 FCPATH\index.php(79): CodeIgniter\CodeIgniter->run()
WARNING - 2023-09-26 07:00:41 --> [DEPRECATED] Creation of dynamic property App\Controllers\Submission::$ModelSubmission is deprecated in APPPATH\Controllers\Submission.php on line 11.
 1 SYSTEMPATH\CodeIgniter.php(891): App\Controllers\Submission->__construct()
 2 SYSTEMPATH\CodeIgniter.php(485): CodeIgniter\CodeIgniter->createController()
 3 SYSTEMPATH\CodeIgniter.php(353): CodeIgniter\CodeIgniter->handleRequest(null, Object(Config\Cache), false)
 4 FCPATH\index.php(79): CodeIgniter\CodeIgniter->run()
ERROR - 2023-09-26 07:00:41 --> [Microsoft][ODBC Driver 17 for SQL Server][SQL Server]Invalid column name 'total'.
CRITICAL - 2023-09-26 07:00:41 --> [Microsoft][ODBC Driver 17 for SQL Server][SQL Server]Invalid column name 'total'.
in SYSTEMPATH\Database\BaseConnection.php on line 646.
 1 SYSTEMPATH\Database\BaseBuilder.php(2308): CodeIgniter\Database\BaseConnection->query('INSERT INTO "CBInv"."dbo"."tpoheader" ("PoNumber","PoDate","VendorNo","MataUang","total") VALUES (:PoNumber:, :PoDate:, :VendorNo:, :MataUang:, :total:)', [...], false)
 2 SYSTEMPATH\Model.php(319): CodeIgniter\Database\BaseBuilder->insert()
 3 SYSTEMPATH\BaseModel.php(788): CodeIgniter\Model->doInsert([...])
 4 SYSTEMPATH\Model.php(715): CodeIgniter\BaseModel->insert([...], true)
 5 APPPATH\Models\ModelSubmission.php(15): CodeIgniter\Model->insert([...])
 6 APPPATH\Controllers\Submission.php(35): App\Models\ModelSubmission->add([...])
 7 SYSTEMPATH\CodeIgniter.php(919): App\Controllers\Submission->save()
 8 SYSTEMPATH\CodeIgniter.php(494): CodeIgniter\CodeIgniter->runController(Object(App\Controllers\Submission))
 9 SYSTEMPATH\CodeIgniter.php(353): CodeIgniter\CodeIgniter->handleRequest(null, Object(Config\Cache), false)
10 FCPATH\index.php(79): CodeIgniter\CodeIgniter->run()
WARNING - 2023-09-26 07:01:03 --> [DEPRECATED] Creation of dynamic property App\Controllers\Submission::$ModelSubmission is deprecated in APPPATH\Controllers\Submission.php on line 11.
 1 SYSTEMPATH\CodeIgniter.php(891): App\Controllers\Submission->__construct()
 2 SYSTEMPATH\CodeIgniter.php(485): CodeIgniter\CodeIgniter->createController()
 3 SYSTEMPATH\CodeIgniter.php(353): CodeIgniter\CodeIgniter->handleRequest(null, Object(Config\Cache), false)
 4 FCPATH\index.php(79): CodeIgniter\CodeIgniter->run()
ERROR - 2023-09-26 07:01:03 --> [Microsoft][ODBC Driver 17 for SQL Server][SQL Server]Invalid column name 'total'.
CRITICAL - 2023-09-26 07:01:03 --> [Microsoft][ODBC Driver 17 for SQL Server][SQL Server]Invalid column name 'total'.
in SYSTEMPATH\Database\BaseConnection.php on line 646.
 1 SYSTEMPATH\Database\BaseBuilder.php(2308): CodeIgniter\Database\BaseConnection->query('INSERT INTO "CBInv"."dbo"."tpoheader" ("PoNumber","PoDate","VendorNo","MataUang","total") VALUES (:PoNumber:, :PoDate:, :VendorNo:, :MataUang:, :total:)', [...], false)
 2 SYSTEMPATH\Model.php(319): CodeIgniter\Database\BaseBuilder->insert()
 3 SYSTEMPATH\BaseModel.php(788): CodeIgniter\Model->doInsert([...])
 4 SYSTEMPATH\Model.php(715): CodeIgniter\BaseModel->insert([...], true)
 5 APPPATH\Models\ModelSubmission.php(15): CodeIgniter\Model->insert([...])
 6 APPPATH\Controllers\Submission.php(35): App\Models\ModelSubmission->add([...])
 7 SYSTEMPATH\CodeIgniter.php(919): App\Controllers\Submission->save()
 8 SYSTEMPATH\CodeIgniter.php(494): CodeIgniter\CodeIgniter->runController(Object(App\Controllers\Submission))
 9 SYSTEMPATH\CodeIgniter.php(353): CodeIgniter\CodeIgniter->handleRequest(null, Object(Config\Cache), false)
10 FCPATH\index.php(79): CodeIgniter\CodeIgniter->run()
WARNING - 2023-09-26 07:01:53 --> [DEPRECATED] Creation of dynamic property App\Controllers\Submission::$ModelSubmission is deprecated in APPPATH\Controllers\Submission.php on line 11.
 1 SYSTEMPATH\CodeIgniter.php(891): App\Controllers\Submission->__construct()
 2 SYSTEMPATH\CodeIgniter.php(485): CodeIgniter\CodeIgniter->createController()
 3 SYSTEMPATH\CodeIgniter.php(353): CodeIgniter\CodeIgniter->handleRequest(null, Object(Config\Cache), false)
 4 FCPATH\index.php(79): CodeIgniter\CodeIgniter->run()
ERROR - 2023-09-26 07:01:53 --> [Microsoft][ODBC Driver 17 for SQL Server][SQL Server]Cannot insert the value NULL into column 'PoNo', table 'CBInv.dbo.tpoheader'; column does not allow nulls. INSERT fails.
CRITICAL - 2023-09-26 07:01:53 --> [Microsoft][ODBC Driver 17 for SQL Server][SQL Server]Cannot insert the value NULL into column 'PoNo', table 'CBInv.dbo.tpoheader'; column does not allow nulls. INSERT fails.
in SYSTEMPATH\Database\BaseConnection.php on line 646.
 1 SYSTEMPATH\Database\BaseBuilder.php(2308): CodeIgniter\Database\BaseConnection->query('INSERT INTO "CBInv"."dbo"."tpoheader" ("PoNumber","PoDate","VendorNo","MataUang") VALUES (:PoNumber:, :PoDate:, :VendorNo:, :MataUang:)', [...], false)
 2 SYSTEMPATH\Model.php(319): CodeIgniter\Database\BaseBuilder->insert()
 3 SYSTEMPATH\BaseModel.php(788): CodeIgniter\Model->doInsert([...])
 4 SYSTEMPATH\Model.php(715): CodeIgniter\BaseModel->insert([...], true)
 5 APPPATH\Models\ModelSubmission.php(15): CodeIgniter\Model->insert([...])
 6 APPPATH\Controllers\Submission.php(33): App\Models\ModelSubmission->add([...])
 7 SYSTEMPATH\CodeIgniter.php(919): App\Controllers\Submission->save()
 8 SYSTEMPATH\CodeIgniter.php(494): CodeIgniter\CodeIgniter->runController(Object(App\Controllers\Submission))
 9 SYSTEMPATH\CodeIgniter.php(353): CodeIgniter\CodeIgniter->handleRequest(null, Object(Config\Cache), false)
10 FCPATH\index.php(79): CodeIgniter\CodeIgniter->run()
WARNING - 2023-09-26 07:04:45 --> [DEPRECATED] Creation of dynamic property App\Controllers\Submission::$ModelSubmission is deprecated in APPPATH\Controllers\Submission.php on line 11.
 1 SYSTEMPATH\CodeIgniter.php(891): App\Controllers\Submission->__construct()
 2 SYSTEMPATH\CodeIgniter.php(485): CodeIgniter\CodeIgniter->createController()
 3 SYSTEMPATH\CodeIgniter.php(353): CodeIgniter\CodeIgniter->handleRequest(null, Object(Config\Cache), false)
 4 FCPATH\index.php(79): CodeIgniter\CodeIgniter->run()
ERROR - 2023-09-26 07:04:45 --> [Microsoft][ODBC Driver 17 for SQL Server][SQL Server]Cannot insert the value NULL into column 'PoNo', table 'CBInv.dbo.tpoheader'; column does not allow nulls. INSERT fails.
CRITICAL - 2023-09-26 07:04:45 --> [Microsoft][ODBC Driver 17 for SQL Server][SQL Server]Cannot insert the value NULL into column 'PoNo', table 'CBInv.dbo.tpoheader'; column does not allow nulls. INSERT fails.
in SYSTEMPATH\Database\BaseConnection.php on line 646.
 1 SYSTEMPATH\Database\BaseBuilder.php(2308): CodeIgniter\Database\BaseConnection->query('INSERT INTO "CBInv"."dbo"."tpoheader" ("PoDate","VendorNo","MataUang") VALUES (:PoDate:, :VendorNo:, :MataUang:)', [...], false)
 2 SYSTEMPATH\Model.php(319): CodeIgniter\Database\BaseBuilder->insert()
 3 SYSTEMPATH\BaseModel.php(788): CodeIgniter\Model->doInsert([...])
 4 SYSTEMPATH\Model.php(715): CodeIgniter\BaseModel->insert([...], true)
 5 APPPATH\Models\ModelSubmission.php(15): CodeIgniter\Model->insert([...])
 6 APPPATH\Controllers\Submission.php(34): App\Models\ModelSubmission->add([...])
 7 SYSTEMPATH\CodeIgniter.php(919): App\Controllers\Submission->save()
 8 SYSTEMPATH\CodeIgniter.php(494): CodeIgniter\CodeIgniter->runController(Object(App\Controllers\Submission))
 9 SYSTEMPATH\CodeIgniter.php(353): CodeIgniter\CodeIgniter->handleRequest(null, Object(Config\Cache), false)
10 FCPATH\index.php(79): CodeIgniter\CodeIgniter->run()
WARNING - 2023-09-26 07:06:13 --> [DEPRECATED] Creation of dynamic property App\Controllers\Submission::$ModelSubmission is deprecated in APPPATH\Controllers\Submission.php on line 11.
 1 SYSTEMPATH\CodeIgniter.php(891): App\Controllers\Submission->__construct()
 2 SYSTEMPATH\CodeIgniter.php(485): CodeIgniter\CodeIgniter->createController()
 3 SYSTEMPATH\CodeIgniter.php(353): CodeIgniter\CodeIgniter->handleRequest(null, Object(Config\Cache), false)
 4 FCPATH\index.php(79): CodeIgniter\CodeIgniter->run()
ERROR - 2023-09-26 07:06:13 --> [Microsoft][ODBC Driver 17 for SQL Server][SQL Server]Cannot insert the value NULL into column 'PoNo', table 'CBInv.dbo.tpoheader'; column does not allow nulls. INSERT fails.
CRITICAL - 2023-09-26 07:06:13 --> [Microsoft][ODBC Driver 17 for SQL Server][SQL Server]Cannot insert the value NULL into column 'PoNo', table 'CBInv.dbo.tpoheader'; column does not allow nulls. INSERT fails.
in SYSTEMPATH\Database\BaseConnection.php on line 646.
 1 SYSTEMPATH\Database\BaseBuilder.php(2308): CodeIgniter\Database\BaseConnection->query('INSERT INTO "CBInv"."dbo"."tpoheader" ("PoNo","PoDate","VendorNo","MataUang") VALUES (:PoNo:, :PoDate:, :VendorNo:, :MataUang:)', [...], false)
 2 SYSTEMPATH\Model.php(319): CodeIgniter\Database\BaseBuilder->insert()
 3 SYSTEMPATH\BaseModel.php(788): CodeIgniter\Model->doInsert([...])
 4 SYSTEMPATH\Model.php(715): CodeIgniter\BaseModel->insert([...], true)
 5 APPPATH\Models\ModelSubmission.php(15): CodeIgniter\Model->insert([...])
 6 APPPATH\Controllers\Submission.php(34): App\Models\ModelSubmission->add([...])
 7 SYSTEMPATH\CodeIgniter.php(919): App\Controllers\Submission->save()
 8 SYSTEMPATH\CodeIgniter.php(494): CodeIgniter\CodeIgniter->runController(Object(App\Controllers\Submission))
 9 SYSTEMPATH\CodeIgniter.php(353): CodeIgniter\CodeIgniter->handleRequest(null, Object(Config\Cache), false)
10 FCPATH\index.php(79): CodeIgniter\CodeIgniter->run()
WARNING - 2023-09-26 07:08:04 --> [DEPRECATED] Creation of dynamic property App\Controllers\Submission::$ModelSubmission is deprecated in APPPATH\Controllers\Submission.php on line 11.
 1 SYSTEMPATH\CodeIgniter.php(891): App\Controllers\Submission->__construct()
 2 SYSTEMPATH\CodeIgniter.php(485): CodeIgniter\CodeIgniter->createController()
 3 SYSTEMPATH\CodeIgniter.php(353): CodeIgniter\CodeIgniter->handleRequest(null, Object(Config\Cache), false)
 4 FCPATH\index.php(79): CodeIgniter\CodeIgniter->run()
ERROR - 2023-09-26 07:08:04 --> [Microsoft][ODBC Driver 17 for SQL Server][SQL Server]Cannot insert the value NULL into column 'PoNo', table 'CBInv.dbo.tpoheader'; column does not allow nulls. INSERT fails.
CRITICAL - 2023-09-26 07:08:04 --> [Microsoft][ODBC Driver 17 for SQL Server][SQL Server]Cannot insert the value NULL into column 'PoNo', table 'CBInv.dbo.tpoheader'; column does not allow nulls. INSERT fails.
in SYSTEMPATH\Database\BaseConnection.php on line 646.
 1 SYSTEMPATH\Database\BaseBuilder.php(2308): CodeIgniter\Database\BaseConnection->query('INSERT INTO "CBInv"."dbo"."tpoheader" ("PoNo","PoDate","VendorNo","MataUang") VALUES (:PoNo:, :PoDate:, :VendorNo:, :MataUang:)', [...], false)
 2 SYSTEMPATH\Model.php(319): CodeIgniter\Database\BaseBuilder->insert()
 3 SYSTEMPATH\BaseModel.php(788): CodeIgniter\Model->doInsert([...])
 4 SYSTEMPATH\Model.php(715): CodeIgniter\BaseModel->insert([...], true)
 5 APPPATH\Models\ModelSubmission.php(15): CodeIgniter\Model->insert([...])
 6 APPPATH\Controllers\Submission.php(34): App\Models\ModelSubmission->add([...])
 7 SYSTEMPATH\CodeIgniter.php(919): App\Controllers\Submission->save()
 8 SYSTEMPATH\CodeIgniter.php(494): CodeIgniter\CodeIgniter->runController(Object(App\Controllers\Submission))
 9 SYSTEMPATH\CodeIgniter.php(353): CodeIgniter\CodeIgniter->handleRequest(null, Object(Config\Cache), false)
10 FCPATH\index.php(79): CodeIgniter\CodeIgniter->run()
WARNING - 2023-09-26 07:11:40 --> [DEPRECATED] Creation of dynamic property App\Controllers\Submission::$ModelSubmission is deprecated in APPPATH\Controllers\Submission.php on line 11.
 1 SYSTEMPATH\CodeIgniter.php(891): App\Controllers\Submission->__construct()
 2 SYSTEMPATH\CodeIgniter.php(485): CodeIgniter\CodeIgniter->createController()
 3 SYSTEMPATH\CodeIgniter.php(353): CodeIgniter\CodeIgniter->handleRequest(null, Object(Config\Cache), false)
 4 FCPATH\index.php(79): CodeIgniter\CodeIgniter->run()
ERROR - 2023-09-26 07:11:40 --> [Microsoft][ODBC Driver 17 for SQL Server][SQL Server]Cannot insert the value NULL into column 'PoNo', table 'CBInv.dbo.tpoheader'; column does not allow nulls. INSERT fails.
CRITICAL - 2023-09-26 07:11:40 --> [Microsoft][ODBC Driver 17 for SQL Server][SQL Server]Cannot insert the value NULL into column 'PoNo', table 'CBInv.dbo.tpoheader'; column does not allow nulls. INSERT fails.
in SYSTEMPATH\Database\BaseConnection.php on line 646.
 1 SYSTEMPATH\Database\BaseBuilder.php(2308): CodeIgniter\Database\BaseConnection->query('INSERT INTO "CBInv"."dbo"."tpoheader" ("PoNo","PoDate","VendorNo","MataUang") VALUES (:PoNo:, :PoDate:, :VendorNo:, :MataUang:)', [...], false)
 2 SYSTEMPATH\Model.php(319): CodeIgniter\Database\BaseBuilder->insert()
 3 SYSTEMPATH\BaseModel.php(788): CodeIgniter\Model->doInsert([...])
 4 SYSTEMPATH\Model.php(715): CodeIgniter\BaseModel->insert([...], true)
 5 APPPATH\Models\ModelSubmission.php(15): CodeIgniter\Model->insert([...])
 6 APPPATH\Controllers\Submission.php(34): App\Models\ModelSubmission->add([...])
 7 SYSTEMPATH\CodeIgniter.php(919): App\Controllers\Submission->save()
 8 SYSTEMPATH\CodeIgniter.php(494): CodeIgniter\CodeIgniter->runController(Object(App\Controllers\Submission))
 9 SYSTEMPATH\CodeIgniter.php(353): CodeIgniter\CodeIgniter->handleRequest(null, Object(Config\Cache), false)
10 FCPATH\index.php(79): CodeIgniter\CodeIgniter->run()
WARNING - 2023-09-26 07:19:56 --> [DEPRECATED] Creation of dynamic property App\Controllers\Submission::$ModelSubmission is deprecated in APPPATH\Controllers\Submission.php on line 11.
 1 SYSTEMPATH\CodeIgniter.php(891): App\Controllers\Submission->__construct()
 2 SYSTEMPATH\CodeIgniter.php(485): CodeIgniter\CodeIgniter->createController()
 3 SYSTEMPATH\CodeIgniter.php(353): CodeIgniter\CodeIgniter->handleRequest(null, Object(Config\Cache), false)
 4 FCPATH\index.php(79): CodeIgniter\CodeIgniter->run()
ERROR - 2023-09-26 07:19:56 --> [Microsoft][ODBC Driver 17 for SQL Server][SQL Server]Invalid object name 'Test.dbo.Test'.
CRITICAL - 2023-09-26 07:19:56 --> [Microsoft][ODBC Driver 17 for SQL Server][SQL Server]Invalid object name 'Test.dbo.Test'.
in SYSTEMPATH\Database\BaseConnection.php on line 646.
 1 SYSTEMPATH\Database\BaseBuilder.php(2308): CodeIgniter\Database\BaseConnection->query('INSERT INTO "Test"."dbo"."Test" ("PoNo","PoDate","VendorNo","MataUang") VALUES (:PoNo:, :PoDate:, :VendorNo:, :MataUang:)', [...], false)
 2 SYSTEMPATH\Model.php(319): CodeIgniter\Database\BaseBuilder->insert()
 3 SYSTEMPATH\BaseModel.php(788): CodeIgniter\Model->doInsert([...])
 4 SYSTEMPATH\Model.php(715): CodeIgniter\BaseModel->insert([...], true)
 5 APPPATH\Models\ModelSubmission.php(15): CodeIgniter\Model->insert([...])
 6 APPPATH\Controllers\Submission.php(34): App\Models\ModelSubmission->add([...])
 7 SYSTEMPATH\CodeIgniter.php(919): App\Controllers\Submission->save()
 8 SYSTEMPATH\CodeIgniter.php(494): CodeIgniter\CodeIgniter->runController(Object(App\Controllers\Submission))
 9 SYSTEMPATH\CodeIgniter.php(353): CodeIgniter\CodeIgniter->handleRequest(null, Object(Config\Cache), false)
10 FCPATH\index.php(79): CodeIgniter\CodeIgniter->run()
WARNING - 2023-09-26 07:21:29 --> [DEPRECATED] Creation of dynamic property App\Controllers\Submission::$ModelSubmission is deprecated in APPPATH\Controllers\Submission.php on line 11.
 1 SYSTEMPATH\CodeIgniter.php(891): App\Controllers\Submission->__construct()
 2 SYSTEMPATH\CodeIgniter.php(485): CodeIgniter\CodeIgniter->createController()
 3 SYSTEMPATH\CodeIgniter.php(353): CodeIgniter\CodeIgniter->handleRequest(null, Object(Config\Cache), false)
 4 FCPATH\index.php(79): CodeIgniter\CodeIgniter->run()
ERROR - 2023-09-26 07:21:29 --> [Microsoft][ODBC Driver 17 for SQL Server][SQL Server]Invalid object name 'Test.dbo.dbo.tpoheader'.
CRITICAL - 2023-09-26 07:21:29 --> [Microsoft][ODBC Driver 17 for SQL Server][SQL Server]Invalid object name 'Test.dbo.dbo.tpoheader'.
in SYSTEMPATH\Database\BaseConnection.php on line 646.
 1 SYSTEMPATH\Database\BaseBuilder.php(2308): CodeIgniter\Database\BaseConnection->query('INSERT INTO "Test"."dbo"."dbo.tpoheader" ("PoNo","PoDate","VendorNo","MataUang") VALUES (:PoNo:, :PoDate:, :VendorNo:, :MataUang:)', [...], false)
 2 SYSTEMPATH\Model.php(319): CodeIgniter\Database\BaseBuilder->insert()
 3 SYSTEMPATH\BaseModel.php(788): CodeIgniter\Model->doInsert([...])
 4 SYSTEMPATH\Model.php(715): CodeIgniter\BaseModel->insert([...], true)
 5 APPPATH\Models\ModelSubmission.php(15): CodeIgniter\Model->insert([...])
 6 APPPATH\Controllers\Submission.php(34): App\Models\ModelSubmission->add([...])
 7 SYSTEMPATH\CodeIgniter.php(919): App\Controllers\Submission->save()
 8 SYSTEMPATH\CodeIgniter.php(494): CodeIgniter\CodeIgniter->runController(Object(App\Controllers\Submission))
 9 SYSTEMPATH\CodeIgniter.php(353): CodeIgniter\CodeIgniter->handleRequest(null, Object(Config\Cache), false)
10 FCPATH\index.php(79): CodeIgniter\CodeIgniter->run()
WARNING - 2023-09-26 07:22:27 --> [DEPRECATED] Creation of dynamic property App\Controllers\Submission::$ModelSubmission is deprecated in APPPATH\Controllers\Submission.php on line 11.
 1 SYSTEMPATH\CodeIgniter.php(891): App\Controllers\Submission->__construct()
 2 SYSTEMPATH\CodeIgniter.php(485): CodeIgniter\CodeIgniter->createController()
 3 SYSTEMPATH\CodeIgniter.php(353): CodeIgniter\CodeIgniter->handleRequest(null, Object(Config\Cache), false)
 4 FCPATH\index.php(79): CodeIgniter\CodeIgniter->run()
ERROR - 2023-09-26 07:22:27 --> [Microsoft][ODBC Driver 17 for SQL Server][SQL Server]Cannot insert the value NULL into column 'PoNo', table 'Test.dbo.tpoheader'; column does not allow nulls. INSERT fails.
CRITICAL - 2023-09-26 07:22:27 --> [Microsoft][ODBC Driver 17 for SQL Server][SQL Server]Cannot insert the value NULL into column 'PoNo', table 'Test.dbo.tpoheader'; column does not allow nulls. INSERT fails.
in SYSTEMPATH\Database\BaseConnection.php on line 646.
 1 SYSTEMPATH\Database\BaseBuilder.php(2308): CodeIgniter\Database\BaseConnection->query('INSERT INTO "Test"."dbo"."tpoheader" ("PoNo","PoDate","VendorNo","MataUang") VALUES (:PoNo:, :PoDate:, :VendorNo:, :MataUang:)', [...], false)
 2 SYSTEMPATH\Model.php(319): CodeIgniter\Database\BaseBuilder->insert()
 3 SYSTEMPATH\BaseModel.php(788): CodeIgniter\Model->doInsert([...])
 4 SYSTEMPATH\Model.php(715): CodeIgniter\BaseModel->insert([...], true)
 5 APPPATH\Models\ModelSubmission.php(15): CodeIgniter\Model->insert([...])
 6 APPPATH\Controllers\Submission.php(34): App\Models\ModelSubmission->add([...])
 7 SYSTEMPATH\CodeIgniter.php(919): App\Controllers\Submission->save()
 8 SYSTEMPATH\CodeIgniter.php(494): CodeIgniter\CodeIgniter->runController(Object(App\Controllers\Submission))
 9 SYSTEMPATH\CodeIgniter.php(353): CodeIgniter\CodeIgniter->handleRequest(null, Object(Config\Cache), false)
10 FCPATH\index.php(79): CodeIgniter\CodeIgniter->run()
WARNING - 2023-09-26 07:30:58 --> [DEPRECATED] Creation of dynamic property App\Controllers\Submission::$ModelSubmission is deprecated in APPPATH\Controllers\Submission.php on line 11.
 1 SYSTEMPATH\CodeIgniter.php(891): App\Controllers\Submission->__construct()
 2 SYSTEMPATH\CodeIgniter.php(485): CodeIgniter\CodeIgniter->createController()
 3 SYSTEMPATH\CodeIgniter.php(353): CodeIgniter\CodeIgniter->handleRequest(null, Object(Config\Cache), false)
 4 FCPATH\index.php(79): CodeIgniter\CodeIgniter->run()
ERROR - 2023-09-26 07:30:58 --> [Microsoft][ODBC Driver 17 for SQL Server][SQL Server]DEFAULT or NULL are not allowed as explicit identity values.
CRITICAL - 2023-09-26 07:30:58 --> [Microsoft][ODBC Driver 17 for SQL Server][SQL Server]DEFAULT or NULL are not allowed as explicit identity values.
in SYSTEMPATH\Database\BaseConnection.php on line 646.
 1 SYSTEMPATH\Database\BaseBuilder.php(2308): CodeIgniter\Database\BaseConnection->query('INSERT INTO "Test"."dbo"."tpoheader" ("PoNo","PoDate","VendorNo","MataUang") VALUES (:PoNo:, :PoDate:, :VendorNo:, :MataUang:)', [...], false)
 2 SYSTEMPATH\Model.php(319): CodeIgniter\Database\BaseBuilder->insert()
 3 SYSTEMPATH\BaseModel.php(788): CodeIgniter\Model->doInsert([...])
 4 SYSTEMPATH\Model.php(715): CodeIgniter\BaseModel->insert([...], true)
 5 APPPATH\Models\ModelSubmission.php(15): CodeIgniter\Model->insert([...])
 6 APPPATH\Controllers\Submission.php(34): App\Models\ModelSubmission->add([...])
 7 SYSTEMPATH\CodeIgniter.php(919): App\Controllers\Submission->save()
 8 SYSTEMPATH\CodeIgniter.php(494): CodeIgniter\CodeIgniter->runController(Object(App\Controllers\Submission))
 9 SYSTEMPATH\CodeIgniter.php(353): CodeIgniter\CodeIgniter->handleRequest(null, Object(Config\Cache), false)
10 FCPATH\index.php(79): CodeIgniter\CodeIgniter->run()
WARNING - 2023-09-26 07:33:59 --> [DEPRECATED] Creation of dynamic property App\Controllers\Submission::$ModelSubmission is deprecated in APPPATH\Controllers\Submission.php on line 11.
 1 SYSTEMPATH\CodeIgniter.php(891): App\Controllers\Submission->__construct()
 2 SYSTEMPATH\CodeIgniter.php(485): CodeIgniter\CodeIgniter->createController()
 3 SYSTEMPATH\CodeIgniter.php(353): CodeIgniter\CodeIgniter->handleRequest(null, Object(Config\Cache), false)
 4 FCPATH\index.php(79): CodeIgniter\CodeIgniter->run()
ERROR - 2023-09-26 07:33:59 --> [Microsoft][ODBC Driver 17 for SQL Server][SQL Server]Cannot insert the value NULL into column 'KodeDept', table 'Test.dbo.tpoheader'; column does not allow nulls. INSERT fails.
CRITICAL - 2023-09-26 07:33:59 --> [Microsoft][ODBC Driver 17 for SQL Server][SQL Server]Cannot insert the value NULL into column 'KodeDept', table 'Test.dbo.tpoheader'; column does not allow nulls. INSERT fails.
in SYSTEMPATH\Database\BaseConnection.php on line 646.
 1 SYSTEMPATH\Database\BaseBuilder.php(2308): CodeIgniter\Database\BaseConnection->query('INSERT INTO "Test"."dbo"."tpoheader" ("PoDate","VendorNo","MataUang") VALUES (:PoDate:, :VendorNo:, :MataUang:)', [...], false)
 2 SYSTEMPATH\Model.php(319): CodeIgniter\Database\BaseBuilder->insert()
 3 SYSTEMPATH\BaseModel.php(788): CodeIgniter\Model->doInsert([...])
 4 SYSTEMPATH\Model.php(715): CodeIgniter\BaseModel->insert([...], true)
 5 APPPATH\Models\ModelSubmission.php(15): CodeIgniter\Model->insert([...])
 6 APPPATH\Controllers\Submission.php(32): App\Models\ModelSubmission->add([...])
 7 SYSTEMPATH\CodeIgniter.php(919): App\Controllers\Submission->save()
 8 SYSTEMPATH\CodeIgniter.php(494): CodeIgniter\CodeIgniter->runController(Object(App\Controllers\Submission))
 9 SYSTEMPATH\CodeIgniter.php(353): CodeIgniter\CodeIgniter->handleRequest(null, Object(Config\Cache), false)
10 FCPATH\index.php(79): CodeIgniter\CodeIgniter->run()
WARNING - 2023-09-26 07:37:58 --> [DEPRECATED] Creation of dynamic property App\Controllers\Submission::$ModelSubmission is deprecated in APPPATH\Controllers\Submission.php on line 11.
 1 SYSTEMPATH\CodeIgniter.php(891): App\Controllers\Submission->__construct()
 2 SYSTEMPATH\CodeIgniter.php(485): CodeIgniter\CodeIgniter->createController()
 3 SYSTEMPATH\CodeIgniter.php(353): CodeIgniter\CodeIgniter->handleRequest(null, Object(Config\Cache), false)
 4 FCPATH\index.php(79): CodeIgniter\CodeIgniter->run()
ERROR - 2023-09-26 07:37:58 --> [Microsoft][ODBC Driver 17 for SQL Server][SQL Server]Cannot insert the value NULL into column 'KodeDept', table 'Test.dbo.tpoheader'; column does not allow nulls. INSERT fails.
CRITICAL - 2023-09-26 07:37:58 --> [Microsoft][ODBC Driver 17 for SQL Server][SQL Server]Cannot insert the value NULL into column 'KodeDept', table 'Test.dbo.tpoheader'; column does not allow nulls. INSERT fails.
in SYSTEMPATH\Database\BaseConnection.php on line 646.
 1 SYSTEMPATH\Database\BaseBuilder.php(2308): CodeIgniter\Database\BaseConnection->query('INSERT INTO "Test"."dbo"."tpoheader" ("PoDate","VendorNo","KodeDept","MataUang") VALUES (:PoDate:, :VendorNo:, :KodeDept:, :MataUang:)', [...], false)
 2 SYSTEMPATH\Model.php(319): CodeIgniter\Database\BaseBuilder->insert()
 3 SYSTEMPATH\BaseModel.php(788): CodeIgniter\Model->doInsert([...])
 4 SYSTEMPATH\Model.php(715): CodeIgniter\BaseModel->insert([...], true)
 5 APPPATH\Models\ModelSubmission.php(15): CodeIgniter\Model->insert([...])
 6 APPPATH\Controllers\Submission.php(34): App\Models\ModelSubmission->add([...])
 7 SYSTEMPATH\CodeIgniter.php(919): App\Controllers\Submission->save()
 8 SYSTEMPATH\CodeIgniter.php(494): CodeIgniter\CodeIgniter->runController(Object(App\Controllers\Submission))
 9 SYSTEMPATH\CodeIgniter.php(353): CodeIgniter\CodeIgniter->handleRequest(null, Object(Config\Cache), false)
10 FCPATH\index.php(79): CodeIgniter\CodeIgniter->run()
WARNING - 2023-09-26 08:24:31 --> [DEPRECATED] Creation of dynamic property App\Controllers\Submission::$ModelSubmission is deprecated in APPPATH\Controllers\Submission.php on line 11.
 1 SYSTEMPATH\CodeIgniter.php(891): App\Controllers\Submission->__construct()
 2 SYSTEMPATH\CodeIgniter.php(485): CodeIgniter\CodeIgniter->createController()
 3 SYSTEMPATH\CodeIgniter.php(353): CodeIgniter\CodeIgniter->handleRequest(null, Object(Config\Cache), false)
 4 FCPATH\index.php(79): CodeIgniter\CodeIgniter->run()
ERROR - 2023-09-26 08:24:31 --> [Microsoft][ODBC Driver 17 for SQL Server][SQL Server]Invalid column name 'KodeDept'.
CRITICAL - 2023-09-26 08:24:31 --> [Microsoft][ODBC Driver 17 for SQL Server][SQL Server]Invalid column name 'KodeDept'.
in SYSTEMPATH\Database\BaseConnection.php on line 646.
 1 SYSTEMPATH\Database\BaseBuilder.php(2308): CodeIgniter\Database\BaseConnection->query('INSERT INTO "Test"."dbo"."tpoheader" ("PoDate","VendorNo","KodeDept","MataUang") VALUES (:PoDate:, :VendorNo:, :KodeDept:, :MataUang:)', [...], false)
 2 SYSTEMPATH\Model.php(319): CodeIgniter\Database\BaseBuilder->insert()
 3 SYSTEMPATH\BaseModel.php(788): CodeIgniter\Model->doInsert([...])
 4 SYSTEMPATH\Model.php(715): CodeIgniter\BaseModel->insert([...], true)
 5 APPPATH\Models\ModelSubmission.php(15): CodeIgniter\Model->insert([...])
 6 APPPATH\Controllers\Submission.php(34): App\Models\ModelSubmission->add([...])
 7 SYSTEMPATH\CodeIgniter.php(919): App\Controllers\Submission->save()
 8 SYSTEMPATH\CodeIgniter.php(494): CodeIgniter\CodeIgniter->runController(Object(App\Controllers\Submission))
 9 SYSTEMPATH\CodeIgniter.php(353): CodeIgniter\CodeIgniter->handleRequest(null, Object(Config\Cache), false)
10 FCPATH\index.php(79): CodeIgniter\CodeIgniter->run()
WARNING - 2023-09-26 08:26:28 --> [DEPRECATED] Creation of dynamic property App\Controllers\Submission::$ModelSubmission is deprecated in APPPATH\Controllers\Submission.php on line 11.
 1 SYSTEMPATH\CodeIgniter.php(891): App\Controllers\Submission->__construct()
 2 SYSTEMPATH\CodeIgniter.php(485): CodeIgniter\CodeIgniter->createController()
 3 SYSTEMPATH\CodeIgniter.php(353): CodeIgniter\CodeIgniter->handleRequest(null, Object(Config\Cache), false)
 4 FCPATH\index.php(79): CodeIgniter\CodeIgniter->run()
WARNING - 2023-09-26 08:40:09 --> [DEPRECATED] Creation of dynamic property App\Controllers\Submission::$ModelSubmission is deprecated in APPPATH\Controllers\Submission.php on line 11.
 1 SYSTEMPATH\CodeIgniter.php(891): App\Controllers\Submission->__construct()
 2 SYSTEMPATH\CodeIgniter.php(485): CodeIgniter\CodeIgniter->createController()
 3 SYSTEMPATH\CodeIgniter.php(353): CodeIgniter\CodeIgniter->handleRequest(null, Object(Config\Cache), false)
 4 FCPATH\index.php(79): CodeIgniter\CodeIgniter->run()
WARNING - 2023-09-26 08:40:46 --> [DEPRECATED] Creation of dynamic property App\Controllers\Submission::$ModelSubmission is deprecated in APPPATH\Controllers\Submission.php on line 11.
 1 SYSTEMPATH\CodeIgniter.php(891): App\Controllers\Submission->__construct()
 2 SYSTEMPATH\CodeIgniter.php(485): CodeIgniter\CodeIgniter->createController()
 3 SYSTEMPATH\CodeIgniter.php(353): CodeIgniter\CodeIgniter->handleRequest(null, Object(Config\Cache), false)
 4 FCPATH\index.php(79): CodeIgniter\CodeIgniter->run()
WARNING - 2023-09-26 08:41:00 --> [DEPRECATED] Creation of dynamic property App\Controllers\Submission::$ModelSubmission is deprecated in APPPATH\Controllers\Submission.php on line 11.
 1 SYSTEMPATH\CodeIgniter.php(891): App\Controllers\Submission->__construct()
 2 SYSTEMPATH\CodeIgniter.php(485): CodeIgniter\CodeIgniter->createController()
 3 SYSTEMPATH\CodeIgniter.php(353): CodeIgniter\CodeIgniter->handleRequest(null, Object(Config\Cache), false)
 4 FCPATH\index.php(79): CodeIgniter\CodeIgniter->run()
WARNING - 2023-09-26 08:41:16 --> [DEPRECATED] Creation of dynamic property App\Controllers\Submission::$ModelSubmission is deprecated in APPPATH\Controllers\Submission.php on line 11.
 1 SYSTEMPATH\CodeIgniter.php(891): App\Controllers\Submission->__construct()
 2 SYSTEMPATH\CodeIgniter.php(485): CodeIgniter\CodeIgniter->createController()
 3 SYSTEMPATH\CodeIgniter.php(353): CodeIgniter\CodeIgniter->handleRequest(null, Object(Config\Cache), false)
 4 FCPATH\index.php(79): CodeIgniter\CodeIgniter->run()
WARNING - 2023-09-26 08:41:30 --> [DEPRECATED] Creation of dynamic property App\Controllers\Submission::$ModelSubmission is deprecated in APPPATH\Controllers\Submission.php on line 11.
 1 SYSTEMPATH\CodeIgniter.php(891): App\Controllers\Submission->__construct()
 2 SYSTEMPATH\CodeIgniter.php(485): CodeIgniter\CodeIgniter->createController()
 3 SYSTEMPATH\CodeIgniter.php(353): CodeIgniter\CodeIgniter->handleRequest(null, Object(Config\Cache), false)
 4 FCPATH\index.php(79): CodeIgniter\CodeIgniter->run()
WARNING - 2023-09-26 08:41:55 --> [DEPRECATED] Creation of dynamic property App\Controllers\Submission::$ModelSubmission is deprecated in APPPATH\Controllers\Submission.php on line 11.
 1 SYSTEMPATH\CodeIgniter.php(891): App\Controllers\Submission->__construct()
 2 SYSTEMPATH\CodeIgniter.php(485): CodeIgniter\CodeIgniter->createController()
 3 SYSTEMPATH\CodeIgniter.php(353): CodeIgniter\CodeIgniter->handleRequest(null, Object(Config\Cache), false)
 4 FCPATH\index.php(79): CodeIgniter\CodeIgniter->run()
WARNING - 2023-09-26 08:42:03 --> [DEPRECATED] Creation of dynamic property App\Controllers\Submission::$ModelSubmission is deprecated in APPPATH\Controllers\Submission.php on line 11.
 1 SYSTEMPATH\CodeIgniter.php(891): App\Controllers\Submission->__construct()
 2 SYSTEMPATH\CodeIgniter.php(485): CodeIgniter\CodeIgniter->createController()
 3 SYSTEMPATH\CodeIgniter.php(353): CodeIgniter\CodeIgniter->handleRequest(null, Object(Config\Cache), false)
 4 FCPATH\index.php(79): CodeIgniter\CodeIgniter->run()
WARNING - 2023-09-26 08:42:08 --> [DEPRECATED] Creation of dynamic property App\Controllers\Submission::$ModelSubmission is deprecated in APPPATH\Controllers\Submission.php on line 11.
 1 SYSTEMPATH\CodeIgniter.php(891): App\Controllers\Submission->__construct()
 2 SYSTEMPATH\CodeIgniter.php(485): CodeIgniter\CodeIgniter->createController()
 3 SYSTEMPATH\CodeIgniter.php(353): CodeIgniter\CodeIgniter->handleRequest(null, Object(Config\Cache), false)
 4 FCPATH\index.php(79): CodeIgniter\CodeIgniter->run()
WARNING - 2023-09-26 08:42:37 --> [DEPRECATED] Creation of dynamic property App\Controllers\Submission::$ModelSubmission is deprecated in APPPATH\Controllers\Submission.php on line 11.
 1 SYSTEMPATH\CodeIgniter.php(891): App\Controllers\Submission->__construct()
 2 SYSTEMPATH\CodeIgniter.php(485): CodeIgniter\CodeIgniter->createController()
 3 SYSTEMPATH\CodeIgniter.php(353): CodeIgniter\CodeIgniter->handleRequest(null, Object(Config\Cache), false)
 4 FCPATH\index.php(79): CodeIgniter\CodeIgniter->run()
WARNING - 2023-09-26 08:42:41 --> [DEPRECATED] Creation of dynamic property App\Controllers\Submission::$ModelSubmission is deprecated in APPPATH\Controllers\Submission.php on line 11.
 1 SYSTEMPATH\CodeIgniter.php(891): App\Controllers\Submission->__construct()
 2 SYSTEMPATH\CodeIgniter.php(485): CodeIgniter\CodeIgniter->createController()
 3 SYSTEMPATH\CodeIgniter.php(353): CodeIgniter\CodeIgniter->handleRequest(null, Object(Config\Cache), false)
 4 FCPATH\index.php(79): CodeIgniter\CodeIgniter->run()
WARNING - 2023-09-26 08:43:00 --> [DEPRECATED] Creation of dynamic property App\Controllers\Submission::$ModelSubmission is deprecated in APPPATH\Controllers\Submission.php on line 11.
 1 SYSTEMPATH\CodeIgniter.php(891): App\Controllers\Submission->__construct()
 2 SYSTEMPATH\CodeIgniter.php(485): CodeIgniter\CodeIgniter->createController()
 3 SYSTEMPATH\CodeIgniter.php(353): CodeIgniter\CodeIgniter->handleRequest(null, Object(Config\Cache), false)
 4 FCPATH\index.php(79): CodeIgniter\CodeIgniter->run()
