CRITICAL - 2023-10-06 02:10:42 --> Undefined array key "item_code"
in APPPATH\Views\add_view.php on line 160.
 1 APPPATH\Views\add_view.php(160): CodeIgniter\Debug\Exceptions->errorHandler(2, 'Undefined array key "item_code"', 'C:\\xampp\\htdocs\\ci4project\\app\\Views\\add_view.php', 160)
 2 SYSTEMPATH\View\View.php(226): include('C:\\xampp\\htdocs\\ci4project\\app\\Views\\add_view.php')
 3 SYSTEMPATH\View\View.php(229): CodeIgniter\View\View->CodeIgniter\View\{closure}()
 4 SYSTEMPATH\Common.php(1188): CodeIgniter\View\View->render('add_view', [], true)
 5 APPPATH\Controllers\Add.php(23): view('add_view', [...])
 6 SYSTEMPATH\CodeIgniter.php(919): App\Controllers\Add->index()
 7 SYSTEMPATH\CodeIgniter.php(494): CodeIgniter\CodeIgniter->runController(Object(App\Controllers\Add))
 8 SYSTEMPATH\CodeIgniter.php(353): CodeIgniter\CodeIgniter->handleRequest(null, Object(Config\Cache), false)
 9 FCPATH\index.php(79): CodeIgniter\CodeIgniter->run()
CRITICAL - 2023-10-06 02:39:30 --> Undefined array key "item_code"
in APPPATH\Views\add_view.php on line 160.
 1 APPPATH\Views\add_view.php(160): CodeIgniter\Debug\Exceptions->errorHandler(2, 'Undefined array key "item_code"', 'C:\\xampp\\htdocs\\ci4project\\app\\Views\\add_view.php', 160)
 2 SYSTEMPATH\View\View.php(226): include('C:\\xampp\\htdocs\\ci4project\\app\\Views\\add_view.php')
 3 SYSTEMPATH\View\View.php(229): CodeIgniter\View\View->CodeIgniter\View\{closure}()
 4 SYSTEMPATH\Common.php(1188): CodeIgniter\View\View->render('add_view', [], true)
 5 APPPATH\Controllers\Add.php(23): view('add_view', [...])
 6 SYSTEMPATH\CodeIgniter.php(919): App\Controllers\Add->index()
 7 SYSTEMPATH\CodeIgniter.php(494): CodeIgniter\CodeIgniter->runController(Object(App\Controllers\Add))
 8 SYSTEMPATH\CodeIgniter.php(353): CodeIgniter\CodeIgniter->handleRequest(null, Object(Config\Cache), false)
 9 FCPATH\index.php(79): CodeIgniter\CodeIgniter->run()
CRITICAL - 2023-10-06 03:44:45 --> Undefined array key "item_code"
in APPPATH\Views\add_view.php on line 160.
 1 APPPATH\Views\add_view.php(160): CodeIgniter\Debug\Exceptions->errorHandler(2, 'Undefined array key "item_code"', 'C:\\xampp\\htdocs\\ci4project\\app\\Views\\add_view.php', 160)
 2 SYSTEMPATH\View\View.php(226): include('C:\\xampp\\htdocs\\ci4project\\app\\Views\\add_view.php')
 3 SYSTEMPATH\View\View.php(229): CodeIgniter\View\View->CodeIgniter\View\{closure}()
 4 SYSTEMPATH\Common.php(1188): CodeIgniter\View\View->render('add_view', [], true)
 5 APPPATH\Controllers\Add.php(23): view('add_view', [...])
 6 SYSTEMPATH\CodeIgniter.php(919): App\Controllers\Add->index()
 7 SYSTEMPATH\CodeIgniter.php(494): CodeIgniter\CodeIgniter->runController(Object(App\Controllers\Add))
 8 SYSTEMPATH\CodeIgniter.php(353): CodeIgniter\CodeIgniter->handleRequest(null, Object(Config\Cache), false)
 9 FCPATH\index.php(79): CodeIgniter\CodeIgniter->run()
