INFO - 2023-10-26 00:51:40 --> REDIRECTED ROUTE at http://localhost:8080/%5CApp%5CControllers%5CAdd::index
INFO - 2023-10-26 00:51:44 --> REDIRECTED ROUTE at http://localhost:8080/%5CApp%5CControllers%5CAdd::index
CRITICAL - 2023-10-26 01:11:08 --> Call to undefined method App\Models\ModelGoods::getItemNameByCode
in SYSTEMPATH\Model.php on line 873.
 1 APPPATH\Controllers\Add.php(91): CodeIgniter\Model->__call('getItemNameByCode', [...])
 2 SYSTEMPATH\CodeIgniter.php(919): App\Controllers\Add->getItemName('003337')
 3 SYSTEMPATH\CodeIgniter.php(494): CodeIgniter\CodeIgniter->runController(Object(App\Controllers\Add))
 4 SYSTEMPATH\CodeIgniter.php(353): CodeIgniter\CodeIgniter->handleRequest(null, Object(Config\Cache), false)
 5 FCPATH\index.php(79): CodeIgniter\CodeIgniter->run()
 6 SYSTEMPATH\Commands\Server\rewrite.php(47): require_once('C:\\xampp\\htdocs\\ci4project\\public\\index.php')
CRITICAL - 2023-10-26 01:11:09 --> Call to undefined method App\Models\ModelGoods::getItemNameByCode
in SYSTEMPATH\Model.php on line 873.
 1 APPPATH\Controllers\Add.php(91): CodeIgniter\Model->__call('getItemNameByCode', [...])
 2 SYSTEMPATH\CodeIgniter.php(919): App\Controllers\Add->getItemName('003337')
 3 SYSTEMPATH\CodeIgniter.php(494): CodeIgniter\CodeIgniter->runController(Object(App\Controllers\Add))
 4 SYSTEMPATH\CodeIgniter.php(353): CodeIgniter\CodeIgniter->handleRequest(null, Object(Config\Cache), false)
 5 FCPATH\index.php(79): CodeIgniter\CodeIgniter->run()
 6 SYSTEMPATH\Commands\Server\rewrite.php(47): require_once('C:\\xampp\\htdocs\\ci4project\\public\\index.php')
CRITICAL - 2023-10-26 01:11:09 --> Call to undefined method App\Models\ModelGoods::getItemNameByCode
in SYSTEMPATH\Model.php on line 873.
 1 APPPATH\Controllers\Add.php(91): CodeIgniter\Model->__call('getItemNameByCode', [...])
 2 SYSTEMPATH\CodeIgniter.php(919): App\Controllers\Add->getItemName('003337')
 3 SYSTEMPATH\CodeIgniter.php(494): CodeIgniter\CodeIgniter->runController(Object(App\Controllers\Add))
 4 SYSTEMPATH\CodeIgniter.php(353): CodeIgniter\CodeIgniter->handleRequest(null, Object(Config\Cache), false)
 5 FCPATH\index.php(79): CodeIgniter\CodeIgniter->run()
 6 SYSTEMPATH\Commands\Server\rewrite.php(47): require_once('C:\\xampp\\htdocs\\ci4project\\public\\index.php')
CRITICAL - 2023-10-26 01:25:56 --> count(): Argument #1 ($value) must be of type Countable|array, null given
in APPPATH\Views\add_view.php on line 145.
 1 SYSTEMPATH\View\View.php(226): include()
 2 SYSTEMPATH\View\View.php(229): CodeIgniter\View\View->CodeIgniter\View\{closure}()
 3 SYSTEMPATH\Common.php(1188): CodeIgniter\View\View->render('add_view', [], true)
 4 APPPATH\Controllers\Add.php(85): view('add_view', [...])
 5 SYSTEMPATH\CodeIgniter.php(919): App\Controllers\Add->index()
 6 SYSTEMPATH\CodeIgniter.php(494): CodeIgniter\CodeIgniter->runController(Object(App\Controllers\Add))
 7 SYSTEMPATH\CodeIgniter.php(353): CodeIgniter\CodeIgniter->handleRequest(null, Object(Config\Cache), false)
 8 FCPATH\index.php(79): CodeIgniter\CodeIgniter->run()
 9 SYSTEMPATH\Commands\Server\rewrite.php(47): require_once('C:\\xampp\\htdocs\\ci4project\\public\\index.php')
CRITICAL - 2023-10-26 01:25:59 --> count(): Argument #1 ($value) must be of type Countable|array, null given
in APPPATH\Views\add_view.php on line 145.
 1 SYSTEMPATH\View\View.php(226): include()
 2 SYSTEMPATH\View\View.php(229): CodeIgniter\View\View->CodeIgniter\View\{closure}()
 3 SYSTEMPATH\Common.php(1188): CodeIgniter\View\View->render('add_view', [], true)
 4 APPPATH\Controllers\Add.php(85): view('add_view', [...])
 5 SYSTEMPATH\CodeIgniter.php(919): App\Controllers\Add->index()
 6 SYSTEMPATH\CodeIgniter.php(494): CodeIgniter\CodeIgniter->runController(Object(App\Controllers\Add))
 7 SYSTEMPATH\CodeIgniter.php(353): CodeIgniter\CodeIgniter->handleRequest(null, Object(Config\Cache), false)
 8 FCPATH\index.php(79): CodeIgniter\CodeIgniter->run()
 9 SYSTEMPATH\Commands\Server\rewrite.php(47): require_once('C:\\xampp\\htdocs\\ci4project\\public\\index.php')
CRITICAL - 2023-10-26 01:26:23 --> Undefined variable $data
in APPPATH\Views\add_view.php on line 145.
 1 APPPATH\Views\add_view.php(145): CodeIgniter\Debug\Exceptions->errorHandler(2, 'Undefined variable $data', 'C:\\xampp\\htdocs\\ci4project\\app\\Views\\add_view.php', 145)
 2 SYSTEMPATH\View\View.php(226): include('C:\\xampp\\htdocs\\ci4project\\app\\Views\\add_view.php')
 3 SYSTEMPATH\View\View.php(229): CodeIgniter\View\View->CodeIgniter\View\{closure}()
 4 SYSTEMPATH\Common.php(1188): CodeIgniter\View\View->render('add_view', [], true)
 5 APPPATH\Controllers\Add.php(85): view('add_view', [...])
 6 SYSTEMPATH\CodeIgniter.php(919): App\Controllers\Add->index()
 7 SYSTEMPATH\CodeIgniter.php(494): CodeIgniter\CodeIgniter->runController(Object(App\Controllers\Add))
 8 SYSTEMPATH\CodeIgniter.php(353): CodeIgniter\CodeIgniter->handleRequest(null, Object(Config\Cache), false)
 9 FCPATH\index.php(79): CodeIgniter\CodeIgniter->run()
10 SYSTEMPATH\Commands\Server\rewrite.php(47): require_once('C:\\xampp\\htdocs\\ci4project\\public\\index.php')
CRITICAL - 2023-10-26 01:26:33 --> Undefined variable $data
in APPPATH\Views\add_view.php on line 145.
 1 APPPATH\Views\add_view.php(145): CodeIgniter\Debug\Exceptions->errorHandler(2, 'Undefined variable $data', 'C:\\xampp\\htdocs\\ci4project\\app\\Views\\add_view.php', 145)
 2 SYSTEMPATH\View\View.php(226): include('C:\\xampp\\htdocs\\ci4project\\app\\Views\\add_view.php')
 3 SYSTEMPATH\View\View.php(229): CodeIgniter\View\View->CodeIgniter\View\{closure}()
 4 SYSTEMPATH\Common.php(1188): CodeIgniter\View\View->render('add_view', [], true)
 5 APPPATH\Controllers\Add.php(85): view('add_view', [...])
 6 SYSTEMPATH\CodeIgniter.php(919): App\Controllers\Add->index()
 7 SYSTEMPATH\CodeIgniter.php(494): CodeIgniter\CodeIgniter->runController(Object(App\Controllers\Add))
 8 SYSTEMPATH\CodeIgniter.php(353): CodeIgniter\CodeIgniter->handleRequest(null, Object(Config\Cache), false)
 9 FCPATH\index.php(79): CodeIgniter\CodeIgniter->run()
10 SYSTEMPATH\Commands\Server\rewrite.php(47): require_once('C:\\xampp\\htdocs\\ci4project\\public\\index.php')
CRITICAL - 2023-10-26 01:27:00 --> Undefined variable $data
in APPPATH\Views\add_view.php on line 145.
 1 APPPATH\Views\add_view.php(145): CodeIgniter\Debug\Exceptions->errorHandler(2, 'Undefined variable $data', 'C:\\xampp\\htdocs\\ci4project\\app\\Views\\add_view.php', 145)
 2 SYSTEMPATH\View\View.php(226): include('C:\\xampp\\htdocs\\ci4project\\app\\Views\\add_view.php')
 3 SYSTEMPATH\View\View.php(229): CodeIgniter\View\View->CodeIgniter\View\{closure}()
 4 SYSTEMPATH\Common.php(1188): CodeIgniter\View\View->render('add_view', [], true)
 5 APPPATH\Controllers\Add.php(85): view('add_view', [...])
 6 SYSTEMPATH\CodeIgniter.php(919): App\Controllers\Add->index()
 7 SYSTEMPATH\CodeIgniter.php(494): CodeIgniter\CodeIgniter->runController(Object(App\Controllers\Add))
 8 SYSTEMPATH\CodeIgniter.php(353): CodeIgniter\CodeIgniter->handleRequest(null, Object(Config\Cache), false)
 9 FCPATH\index.php(79): CodeIgniter\CodeIgniter->run()
10 SYSTEMPATH\Commands\Server\rewrite.php(47): require_once('C:\\xampp\\htdocs\\ci4project\\public\\index.php')
CRITICAL - 2023-10-26 01:28:12 --> Undefined variable $data
in APPPATH\Views\add_view.php on line 145.
 1 APPPATH\Views\add_view.php(145): CodeIgniter\Debug\Exceptions->errorHandler(2, 'Undefined variable $data', 'C:\\xampp\\htdocs\\ci4project\\app\\Views\\add_view.php', 145)
 2 SYSTEMPATH\View\View.php(226): include('C:\\xampp\\htdocs\\ci4project\\app\\Views\\add_view.php')
 3 SYSTEMPATH\View\View.php(229): CodeIgniter\View\View->CodeIgniter\View\{closure}()
 4 SYSTEMPATH\Common.php(1188): CodeIgniter\View\View->render('add_view', [], true)
 5 APPPATH\Controllers\Add.php(85): view('add_view', [...])
 6 SYSTEMPATH\CodeIgniter.php(919): App\Controllers\Add->index()
 7 SYSTEMPATH\CodeIgniter.php(494): CodeIgniter\CodeIgniter->runController(Object(App\Controllers\Add))
 8 SYSTEMPATH\CodeIgniter.php(353): CodeIgniter\CodeIgniter->handleRequest(null, Object(Config\Cache), false)
 9 FCPATH\index.php(79): CodeIgniter\CodeIgniter->run()
10 SYSTEMPATH\Commands\Server\rewrite.php(47): require_once('C:\\xampp\\htdocs\\ci4project\\public\\index.php')
CRITICAL - 2023-10-26 01:31:14 --> Undefined variable $data
in APPPATH\Views\add_view.php on line 145.
 1 APPPATH\Views\add_view.php(145): CodeIgniter\Debug\Exceptions->errorHandler(2, 'Undefined variable $data', 'C:\\xampp\\htdocs\\ci4project\\app\\Views\\add_view.php', 145)
 2 SYSTEMPATH\View\View.php(226): include('C:\\xampp\\htdocs\\ci4project\\app\\Views\\add_view.php')
 3 SYSTEMPATH\View\View.php(229): CodeIgniter\View\View->CodeIgniter\View\{closure}()
 4 SYSTEMPATH\Common.php(1188): CodeIgniter\View\View->render('add_view', [], true)
 5 APPPATH\Controllers\Add.php(85): view('add_view', [...])
 6 SYSTEMPATH\CodeIgniter.php(919): App\Controllers\Add->index()
 7 SYSTEMPATH\CodeIgniter.php(494): CodeIgniter\CodeIgniter->runController(Object(App\Controllers\Add))
 8 SYSTEMPATH\CodeIgniter.php(353): CodeIgniter\CodeIgniter->handleRequest(null, Object(Config\Cache), false)
 9 FCPATH\index.php(79): CodeIgniter\CodeIgniter->run()
10 SYSTEMPATH\Commands\Server\rewrite.php(47): require_once('C:\\xampp\\htdocs\\ci4project\\public\\index.php')
CRITICAL - 2023-10-26 01:33:34 --> Undefined variable $data
in APPPATH\Views\add_view.php on line 145.
 1 APPPATH\Views\add_view.php(145): CodeIgniter\Debug\Exceptions->errorHandler(2, 'Undefined variable $data', 'C:\\xampp\\htdocs\\ci4project\\app\\Views\\add_view.php', 145)
 2 SYSTEMPATH\View\View.php(226): include('C:\\xampp\\htdocs\\ci4project\\app\\Views\\add_view.php')
 3 SYSTEMPATH\View\View.php(229): CodeIgniter\View\View->CodeIgniter\View\{closure}()
 4 SYSTEMPATH\Common.php(1188): CodeIgniter\View\View->render('add_view', [], true)
 5 APPPATH\Controllers\Add.php(85): view('add_view', [...])
 6 SYSTEMPATH\CodeIgniter.php(919): App\Controllers\Add->index()
 7 SYSTEMPATH\CodeIgniter.php(494): CodeIgniter\CodeIgniter->runController(Object(App\Controllers\Add))
 8 SYSTEMPATH\CodeIgniter.php(353): CodeIgniter\CodeIgniter->handleRequest(null, Object(Config\Cache), false)
 9 FCPATH\index.php(79): CodeIgniter\CodeIgniter->run()
10 SYSTEMPATH\Commands\Server\rewrite.php(47): require_once('C:\\xampp\\htdocs\\ci4project\\public\\index.php')
CRITICAL - 2023-10-26 01:33:47 --> Undefined variable $data
in APPPATH\Views\add_view.php on line 145.
 1 APPPATH\Views\add_view.php(145): CodeIgniter\Debug\Exceptions->errorHandler(2, 'Undefined variable $data', 'C:\\xampp\\htdocs\\ci4project\\app\\Views\\add_view.php', 145)
 2 SYSTEMPATH\View\View.php(226): include('C:\\xampp\\htdocs\\ci4project\\app\\Views\\add_view.php')
 3 SYSTEMPATH\View\View.php(229): CodeIgniter\View\View->CodeIgniter\View\{closure}()
 4 SYSTEMPATH\Common.php(1188): CodeIgniter\View\View->render('add_view', [], true)
 5 APPPATH\Controllers\Add.php(85): view('add_view', [...])
 6 SYSTEMPATH\CodeIgniter.php(919): App\Controllers\Add->index()
 7 SYSTEMPATH\CodeIgniter.php(494): CodeIgniter\CodeIgniter->runController(Object(App\Controllers\Add))
 8 SYSTEMPATH\CodeIgniter.php(353): CodeIgniter\CodeIgniter->handleRequest(null, Object(Config\Cache), false)
 9 FCPATH\index.php(79): CodeIgniter\CodeIgniter->run()
10 SYSTEMPATH\Commands\Server\rewrite.php(47): require_once('C:\\xampp\\htdocs\\ci4project\\public\\index.php')
CRITICAL - 2023-10-26 01:35:08 --> Undefined variable $data
in APPPATH\Views\add_view.php on line 145.
 1 APPPATH\Views\add_view.php(145): CodeIgniter\Debug\Exceptions->errorHandler(2, 'Undefined variable $data', 'C:\\xampp\\htdocs\\ci4project\\app\\Views\\add_view.php', 145)
 2 SYSTEMPATH\View\View.php(226): include('C:\\xampp\\htdocs\\ci4project\\app\\Views\\add_view.php')
 3 SYSTEMPATH\View\View.php(229): CodeIgniter\View\View->CodeIgniter\View\{closure}()
 4 SYSTEMPATH\Common.php(1188): CodeIgniter\View\View->render('add_view', [], true)
 5 APPPATH\Controllers\Add.php(85): view('add_view', [...])
 6 SYSTEMPATH\CodeIgniter.php(919): App\Controllers\Add->index()
 7 SYSTEMPATH\CodeIgniter.php(494): CodeIgniter\CodeIgniter->runController(Object(App\Controllers\Add))
 8 SYSTEMPATH\CodeIgniter.php(353): CodeIgniter\CodeIgniter->handleRequest(null, Object(Config\Cache), false)
 9 FCPATH\index.php(79): CodeIgniter\CodeIgniter->run()
10 SYSTEMPATH\Commands\Server\rewrite.php(47): require_once('C:\\xampp\\htdocs\\ci4project\\public\\index.php')
CRITICAL - 2023-10-26 01:36:26 --> Undefined variable $data
in APPPATH\Views\add_view.php on line 145.
 1 APPPATH\Views\add_view.php(145): CodeIgniter\Debug\Exceptions->errorHandler(2, 'Undefined variable $data', 'C:\\xampp\\htdocs\\ci4project\\app\\Views\\add_view.php', 145)
 2 SYSTEMPATH\View\View.php(226): include('C:\\xampp\\htdocs\\ci4project\\app\\Views\\add_view.php')
 3 SYSTEMPATH\View\View.php(229): CodeIgniter\View\View->CodeIgniter\View\{closure}()
 4 SYSTEMPATH\Common.php(1188): CodeIgniter\View\View->render('add_view', [], true)
 5 APPPATH\Controllers\Add.php(85): view('add_view', [...])
 6 SYSTEMPATH\CodeIgniter.php(919): App\Controllers\Add->index()
 7 SYSTEMPATH\CodeIgniter.php(494): CodeIgniter\CodeIgniter->runController(Object(App\Controllers\Add))
 8 SYSTEMPATH\CodeIgniter.php(353): CodeIgniter\CodeIgniter->handleRequest(null, Object(Config\Cache), false)
 9 FCPATH\index.php(79): CodeIgniter\CodeIgniter->run()
10 SYSTEMPATH\Commands\Server\rewrite.php(47): require_once('C:\\xampp\\htdocs\\ci4project\\public\\index.php')
CRITICAL - 2023-10-26 01:36:38 --> Undefined variable $data
in APPPATH\Views\add_view.php on line 145.
 1 APPPATH\Views\add_view.php(145): CodeIgniter\Debug\Exceptions->errorHandler(2, 'Undefined variable $data', 'C:\\xampp\\htdocs\\ci4project\\app\\Views\\add_view.php', 145)
 2 SYSTEMPATH\View\View.php(226): include('C:\\xampp\\htdocs\\ci4project\\app\\Views\\add_view.php')
 3 SYSTEMPATH\View\View.php(229): CodeIgniter\View\View->CodeIgniter\View\{closure}()
 4 SYSTEMPATH\Common.php(1188): CodeIgniter\View\View->render('add_view', [], true)
 5 APPPATH\Controllers\Add.php(85): view('add_view', [...])
 6 SYSTEMPATH\CodeIgniter.php(919): App\Controllers\Add->index()
 7 SYSTEMPATH\CodeIgniter.php(494): CodeIgniter\CodeIgniter->runController(Object(App\Controllers\Add))
 8 SYSTEMPATH\CodeIgniter.php(353): CodeIgniter\CodeIgniter->handleRequest(null, Object(Config\Cache), false)
 9 FCPATH\index.php(79): CodeIgniter\CodeIgniter->run()
10 SYSTEMPATH\Commands\Server\rewrite.php(47): require_once('C:\\xampp\\htdocs\\ci4project\\public\\index.php')
CRITICAL - 2023-10-26 01:47:24 --> Undefined variable $searchResults
in APPPATH\Views\add_view.php on line 144.
 1 APPPATH\Views\add_view.php(144): CodeIgniter\Debug\Exceptions->errorHandler(2, 'Undefined variable $searchResults', 'C:\\xampp\\htdocs\\ci4project\\app\\Views\\add_view.php', 144)
 2 SYSTEMPATH\View\View.php(226): include('C:\\xampp\\htdocs\\ci4project\\app\\Views\\add_view.php')
 3 SYSTEMPATH\View\View.php(229): CodeIgniter\View\View->CodeIgniter\View\{closure}()
 4 SYSTEMPATH\Common.php(1188): CodeIgniter\View\View->render('add_view', [], true)
 5 APPPATH\Controllers\Add.php(85): view('add_view', [...])
 6 SYSTEMPATH\CodeIgniter.php(919): App\Controllers\Add->index()
 7 SYSTEMPATH\CodeIgniter.php(494): CodeIgniter\CodeIgniter->runController(Object(App\Controllers\Add))
 8 SYSTEMPATH\CodeIgniter.php(353): CodeIgniter\CodeIgniter->handleRequest(null, Object(Config\Cache), false)
 9 FCPATH\index.php(79): CodeIgniter\CodeIgniter->run()
10 SYSTEMPATH\Commands\Server\rewrite.php(47): require_once('C:\\xampp\\htdocs\\ci4project\\public\\index.php')
CRITICAL - 2023-10-26 01:50:07 --> Undefined variable $searchResults
in APPPATH\Views\add_view.php on line 144.
 1 APPPATH\Views\add_view.php(144): CodeIgniter\Debug\Exceptions->errorHandler(2, 'Undefined variable $searchResults', 'C:\\xampp\\htdocs\\ci4project\\app\\Views\\add_view.php', 144)
 2 SYSTEMPATH\View\View.php(226): include('C:\\xampp\\htdocs\\ci4project\\app\\Views\\add_view.php')
 3 SYSTEMPATH\View\View.php(229): CodeIgniter\View\View->CodeIgniter\View\{closure}()
 4 SYSTEMPATH\Common.php(1188): CodeIgniter\View\View->render('add_view', [], true)
 5 APPPATH\Controllers\Add.php(85): view('add_view', [...])
 6 SYSTEMPATH\CodeIgniter.php(919): App\Controllers\Add->index()
 7 SYSTEMPATH\CodeIgniter.php(494): CodeIgniter\CodeIgniter->runController(Object(App\Controllers\Add))
 8 SYSTEMPATH\CodeIgniter.php(353): CodeIgniter\CodeIgniter->handleRequest(null, Object(Config\Cache), false)
 9 FCPATH\index.php(79): CodeIgniter\CodeIgniter->run()
10 SYSTEMPATH\Commands\Server\rewrite.php(47): require_once('C:\\xampp\\htdocs\\ci4project\\public\\index.php')
CRITICAL - 2023-10-26 01:51:26 --> Undefined variable $searchResults
in APPPATH\Views\add_view.php on line 144.
 1 APPPATH\Views\add_view.php(144): CodeIgniter\Debug\Exceptions->errorHandler(2, 'Undefined variable $searchResults', 'C:\\xampp\\htdocs\\ci4project\\app\\Views\\add_view.php', 144)
 2 SYSTEMPATH\View\View.php(226): include('C:\\xampp\\htdocs\\ci4project\\app\\Views\\add_view.php')
 3 SYSTEMPATH\View\View.php(229): CodeIgniter\View\View->CodeIgniter\View\{closure}()
 4 SYSTEMPATH\Common.php(1188): CodeIgniter\View\View->render('add_view', [], true)
 5 APPPATH\Controllers\Add.php(85): view('add_view', [...])
 6 SYSTEMPATH\CodeIgniter.php(919): App\Controllers\Add->index()
 7 SYSTEMPATH\CodeIgniter.php(494): CodeIgniter\CodeIgniter->runController(Object(App\Controllers\Add))
 8 SYSTEMPATH\CodeIgniter.php(353): CodeIgniter\CodeIgniter->handleRequest(null, Object(Config\Cache), false)
 9 FCPATH\index.php(79): CodeIgniter\CodeIgniter->run()
10 SYSTEMPATH\Commands\Server\rewrite.php(47): require_once('C:\\xampp\\htdocs\\ci4project\\public\\index.php')
ERROR - 2023-10-26 01:54:03 --> [Microsoft][ODBC Driver 17 for SQL Server][SQL Server]Cannot insert the value NULL into column 'KodeDept', table 'CBInv.dbo.tpoheader'; column does not allow nulls. INSERT fails.
CRITICAL - 2023-10-26 01:54:03 --> [Microsoft][ODBC Driver 17 for SQL Server][SQL Server]Cannot insert the value NULL into column 'KodeDept', table 'CBInv.dbo.tpoheader'; column does not allow nulls. INSERT fails.
in SYSTEMPATH\Database\BaseConnection.php on line 646.
 1 SYSTEMPATH\Database\BaseBuilder.php(2308): CodeIgniter\Database\BaseConnection->query('INSERT INTO "CBInv"."dbo"."tpoheader" ("PoNo","PoNumber","KodeDept","PersonInCharge","PoDate","Delivery","ref","ShipmentLoc","ShipmentTerms","VendorNo","MataUang","TermsOfPayment","InWord","NilaiDalamRp") VALUES (:PoNo:, :PoNumber:, :KodeDept:, :PersonInCharge:, :PoDate:, :Delivery:, :ref:, :ShipmentLoc:, :ShipmentTerms:, :VendorNo:, :MataUang:, :TermsOfPayment:, :InWord:, :NilaiDalamRp:)', [...], false)
 2 SYSTEMPATH\Model.php(319): CodeIgniter\Database\BaseBuilder->insert()
 3 SYSTEMPATH\BaseModel.php(788): CodeIgniter\Model->doInsert([...])
 4 SYSTEMPATH\Model.php(715): CodeIgniter\BaseModel->insert([...], false)
 5 SYSTEMPATH\BaseModel.php(698): CodeIgniter\Model->insert([...], false)
 6 APPPATH\Controllers\Add.php(134): CodeIgniter\BaseModel->save([...])
 7 SYSTEMPATH\CodeIgniter.php(919): App\Controllers\Add->create()
 8 SYSTEMPATH\CodeIgniter.php(494): CodeIgniter\CodeIgniter->runController(Object(App\Controllers\Add))
 9 SYSTEMPATH\CodeIgniter.php(353): CodeIgniter\CodeIgniter->handleRequest(null, Object(Config\Cache), false)
10 FCPATH\index.php(79): CodeIgniter\CodeIgniter->run()
11 SYSTEMPATH\Commands\Server\rewrite.php(47): require_once('C:\\xampp\\htdocs\\ci4project\\public\\index.php')
ERROR - 2023-10-26 01:54:57 --> [Microsoft][ODBC Driver 17 for SQL Server][SQL Server]Cannot insert the value NULL into column 'KodeDept', table 'CBInv.dbo.tpoheader'; column does not allow nulls. INSERT fails.
CRITICAL - 2023-10-26 01:54:57 --> [Microsoft][ODBC Driver 17 for SQL Server][SQL Server]Cannot insert the value NULL into column 'KodeDept', table 'CBInv.dbo.tpoheader'; column does not allow nulls. INSERT fails.
in SYSTEMPATH\Database\BaseConnection.php on line 646.
 1 SYSTEMPATH\Database\BaseBuilder.php(2308): CodeIgniter\Database\BaseConnection->query('INSERT INTO "CBInv"."dbo"."tpoheader" ("PoNo","PoNumber","KodeDept","PersonInCharge","PoDate","Delivery","ref","ShipmentLoc","ShipmentTerms","VendorNo","MataUang","TermsOfPayment","InWord","NilaiDalamRp") VALUES (:PoNo:, :PoNumber:, :KodeDept:, :PersonInCharge:, :PoDate:, :Delivery:, :ref:, :ShipmentLoc:, :ShipmentTerms:, :VendorNo:, :MataUang:, :TermsOfPayment:, :InWord:, :NilaiDalamRp:)', [...], false)
 2 SYSTEMPATH\Model.php(319): CodeIgniter\Database\BaseBuilder->insert()
 3 SYSTEMPATH\BaseModel.php(788): CodeIgniter\Model->doInsert([...])
 4 SYSTEMPATH\Model.php(715): CodeIgniter\BaseModel->insert([...], false)
 5 SYSTEMPATH\BaseModel.php(698): CodeIgniter\Model->insert([...], false)
 6 APPPATH\Controllers\Add.php(134): CodeIgniter\BaseModel->save([...])
 7 SYSTEMPATH\CodeIgniter.php(919): App\Controllers\Add->create()
 8 SYSTEMPATH\CodeIgniter.php(494): CodeIgniter\CodeIgniter->runController(Object(App\Controllers\Add))
 9 SYSTEMPATH\CodeIgniter.php(353): CodeIgniter\CodeIgniter->handleRequest(null, Object(Config\Cache), false)
10 FCPATH\index.php(79): CodeIgniter\CodeIgniter->run()
11 SYSTEMPATH\Commands\Server\rewrite.php(47): require_once('C:\\xampp\\htdocs\\ci4project\\public\\index.php')
CRITICAL - 2023-10-26 01:55:16 --> Undefined variable $vpo_test
in APPPATH\Views\add_view.php on line 41.
 1 APPPATH\Views\add_view.php(41): CodeIgniter\Debug\Exceptions->errorHandler(2, 'Undefined variable $vpo_test', 'C:\\xampp\\htdocs\\ci4project\\app\\Views\\add_view.php', 41)
 2 SYSTEMPATH\View\View.php(226): include('C:\\xampp\\htdocs\\ci4project\\app\\Views\\add_view.php')
 3 SYSTEMPATH\View\View.php(229): CodeIgniter\View\View->CodeIgniter\View\{closure}()
 4 SYSTEMPATH\Common.php(1188): CodeIgniter\View\View->render('add_view', [], true)
 5 APPPATH\Controllers\Add.php(97): view('add_view', [...])
 6 SYSTEMPATH\CodeIgniter.php(919): App\Controllers\Add->search()
 7 SYSTEMPATH\CodeIgniter.php(494): CodeIgniter\CodeIgniter->runController(Object(App\Controllers\Add))
 8 SYSTEMPATH\CodeIgniter.php(353): CodeIgniter\CodeIgniter->handleRequest(null, Object(Config\Cache), false)
 9 FCPATH\index.php(79): CodeIgniter\CodeIgniter->run()
10 SYSTEMPATH\Commands\Server\rewrite.php(47): require_once('C:\\xampp\\htdocs\\ci4project\\public\\index.php')
CRITICAL - 2023-10-26 01:56:00 --> Undefined variable $vpo_test
in APPPATH\Views\add_view.php on line 41.
 1 APPPATH\Views\add_view.php(41): CodeIgniter\Debug\Exceptions->errorHandler(2, 'Undefined variable $vpo_test', 'C:\\xampp\\htdocs\\ci4project\\app\\Views\\add_view.php', 41)
 2 SYSTEMPATH\View\View.php(226): include('C:\\xampp\\htdocs\\ci4project\\app\\Views\\add_view.php')
 3 SYSTEMPATH\View\View.php(229): CodeIgniter\View\View->CodeIgniter\View\{closure}()
 4 SYSTEMPATH\Common.php(1188): CodeIgniter\View\View->render('add_view', [], true)
 5 APPPATH\Controllers\Add.php(97): view('add_view', [...])
 6 SYSTEMPATH\CodeIgniter.php(919): App\Controllers\Add->search()
 7 SYSTEMPATH\CodeIgniter.php(494): CodeIgniter\CodeIgniter->runController(Object(App\Controllers\Add))
 8 SYSTEMPATH\CodeIgniter.php(353): CodeIgniter\CodeIgniter->handleRequest(null, Object(Config\Cache), false)
 9 FCPATH\index.php(79): CodeIgniter\CodeIgniter->run()
10 SYSTEMPATH\Commands\Server\rewrite.php(47): require_once('C:\\xampp\\htdocs\\ci4project\\public\\index.php')
CRITICAL - 2023-10-26 02:05:26 --> Undefined variable $vpo_test
in APPPATH\Views\add_view.php on line 41.
 1 APPPATH\Views\add_view.php(41): CodeIgniter\Debug\Exceptions->errorHandler(2, 'Undefined variable $vpo_test', 'C:\\xampp\\htdocs\\ci4project\\app\\Views\\add_view.php', 41)
 2 SYSTEMPATH\View\View.php(226): include('C:\\xampp\\htdocs\\ci4project\\app\\Views\\add_view.php')
 3 SYSTEMPATH\View\View.php(229): CodeIgniter\View\View->CodeIgniter\View\{closure}()
 4 SYSTEMPATH\Common.php(1188): CodeIgniter\View\View->render('add_view', [], true)
 5 APPPATH\Controllers\Add.php(97): view('add_view', [...])
 6 SYSTEMPATH\CodeIgniter.php(919): App\Controllers\Add->search()
 7 SYSTEMPATH\CodeIgniter.php(494): CodeIgniter\CodeIgniter->runController(Object(App\Controllers\Add))
 8 SYSTEMPATH\CodeIgniter.php(353): CodeIgniter\CodeIgniter->handleRequest(null, Object(Config\Cache), false)
 9 FCPATH\index.php(79): CodeIgniter\CodeIgniter->run()
10 SYSTEMPATH\Commands\Server\rewrite.php(47): require_once('C:\\xampp\\htdocs\\ci4project\\public\\index.php')
CRITICAL - 2023-10-26 02:06:12 --> Undefined variable $vpo_test
in APPPATH\Views\add_view.php on line 41.
 1 APPPATH\Views\add_view.php(41): CodeIgniter\Debug\Exceptions->errorHandler(2, 'Undefined variable $vpo_test', 'C:\\xampp\\htdocs\\ci4project\\app\\Views\\add_view.php', 41)
 2 SYSTEMPATH\View\View.php(226): include('C:\\xampp\\htdocs\\ci4project\\app\\Views\\add_view.php')
 3 SYSTEMPATH\View\View.php(229): CodeIgniter\View\View->CodeIgniter\View\{closure}()
 4 SYSTEMPATH\Common.php(1188): CodeIgniter\View\View->render('add_view', [], true)
 5 APPPATH\Controllers\Add.php(97): view('add_view', [...])
 6 SYSTEMPATH\CodeIgniter.php(919): App\Controllers\Add->search()
 7 SYSTEMPATH\CodeIgniter.php(494): CodeIgniter\CodeIgniter->runController(Object(App\Controllers\Add))
 8 SYSTEMPATH\CodeIgniter.php(353): CodeIgniter\CodeIgniter->handleRequest(null, Object(Config\Cache), false)
 9 FCPATH\index.php(79): CodeIgniter\CodeIgniter->run()
10 SYSTEMPATH\Commands\Server\rewrite.php(47): require_once('C:\\xampp\\htdocs\\ci4project\\public\\index.php')
CRITICAL - 2023-10-26 02:06:19 --> Undefined variable $vpo_test
in APPPATH\Views\add_view.php on line 41.
 1 APPPATH\Views\add_view.php(41): CodeIgniter\Debug\Exceptions->errorHandler(2, 'Undefined variable $vpo_test', 'C:\\xampp\\htdocs\\ci4project\\app\\Views\\add_view.php', 41)
 2 SYSTEMPATH\View\View.php(226): include('C:\\xampp\\htdocs\\ci4project\\app\\Views\\add_view.php')
 3 SYSTEMPATH\View\View.php(229): CodeIgniter\View\View->CodeIgniter\View\{closure}()
 4 SYSTEMPATH\Common.php(1188): CodeIgniter\View\View->render('add_view', [], true)
 5 APPPATH\Controllers\Add.php(97): view('add_view', [...])
 6 SYSTEMPATH\CodeIgniter.php(919): App\Controllers\Add->search()
 7 SYSTEMPATH\CodeIgniter.php(494): CodeIgniter\CodeIgniter->runController(Object(App\Controllers\Add))
 8 SYSTEMPATH\CodeIgniter.php(353): CodeIgniter\CodeIgniter->handleRequest(null, Object(Config\Cache), false)
 9 FCPATH\index.php(79): CodeIgniter\CodeIgniter->run()
10 SYSTEMPATH\Commands\Server\rewrite.php(47): require_once('C:\\xampp\\htdocs\\ci4project\\public\\index.php')
CRITICAL - 2023-10-26 02:06:55 --> Undefined variable $tbarang
in APPPATH\Views\add_view.php on line 117.
 1 APPPATH\Views\add_view.php(117): CodeIgniter\Debug\Exceptions->errorHandler(2, 'Undefined variable $tbarang', 'C:\\xampp\\htdocs\\ci4project\\app\\Views\\add_view.php', 117)
 2 SYSTEMPATH\View\View.php(226): include('C:\\xampp\\htdocs\\ci4project\\app\\Views\\add_view.php')
 3 SYSTEMPATH\View\View.php(229): CodeIgniter\View\View->CodeIgniter\View\{closure}()
 4 SYSTEMPATH\Common.php(1188): CodeIgniter\View\View->render('add_view', [], true)
 5 APPPATH\Controllers\Add.php(97): view('add_view', [...])
 6 SYSTEMPATH\CodeIgniter.php(919): App\Controllers\Add->search()
 7 SYSTEMPATH\CodeIgniter.php(494): CodeIgniter\CodeIgniter->runController(Object(App\Controllers\Add))
 8 SYSTEMPATH\CodeIgniter.php(353): CodeIgniter\CodeIgniter->handleRequest(null, Object(Config\Cache), false)
 9 FCPATH\index.php(79): CodeIgniter\CodeIgniter->run()
10 SYSTEMPATH\Commands\Server\rewrite.php(47): require_once('C:\\xampp\\htdocs\\ci4project\\public\\index.php')
CRITICAL - 2023-10-26 02:08:33 --> Undefined variable $value
in APPPATH\Views\add_view.php on line 43.
 1 APPPATH\Views\add_view.php(43): CodeIgniter\Debug\Exceptions->errorHandler(2, 'Undefined variable $value', 'C:\\xampp\\htdocs\\ci4project\\app\\Views\\add_view.php', 43)
 2 SYSTEMPATH\View\View.php(226): include('C:\\xampp\\htdocs\\ci4project\\app\\Views\\add_view.php')
 3 SYSTEMPATH\View\View.php(229): CodeIgniter\View\View->CodeIgniter\View\{closure}()
 4 SYSTEMPATH\Common.php(1188): CodeIgniter\View\View->render('add_view', [], true)
 5 APPPATH\Controllers\Add.php(97): view('add_view', [...])
 6 SYSTEMPATH\CodeIgniter.php(919): App\Controllers\Add->search()
 7 SYSTEMPATH\CodeIgniter.php(494): CodeIgniter\CodeIgniter->runController(Object(App\Controllers\Add))
 8 SYSTEMPATH\CodeIgniter.php(353): CodeIgniter\CodeIgniter->handleRequest(null, Object(Config\Cache), false)
 9 FCPATH\index.php(79): CodeIgniter\CodeIgniter->run()
10 SYSTEMPATH\Commands\Server\rewrite.php(47): require_once('C:\\xampp\\htdocs\\ci4project\\public\\index.php')
CRITICAL - 2023-10-26 02:08:35 --> Undefined variable $value
in APPPATH\Views\add_view.php on line 43.
 1 APPPATH\Views\add_view.php(43): CodeIgniter\Debug\Exceptions->errorHandler(2, 'Undefined variable $value', 'C:\\xampp\\htdocs\\ci4project\\app\\Views\\add_view.php', 43)
 2 SYSTEMPATH\View\View.php(226): include('C:\\xampp\\htdocs\\ci4project\\app\\Views\\add_view.php')
 3 SYSTEMPATH\View\View.php(229): CodeIgniter\View\View->CodeIgniter\View\{closure}()
 4 SYSTEMPATH\Common.php(1188): CodeIgniter\View\View->render('add_view', [], true)
 5 APPPATH\Controllers\Add.php(97): view('add_view', [...])
 6 SYSTEMPATH\CodeIgniter.php(919): App\Controllers\Add->search()
 7 SYSTEMPATH\CodeIgniter.php(494): CodeIgniter\CodeIgniter->runController(Object(App\Controllers\Add))
 8 SYSTEMPATH\CodeIgniter.php(353): CodeIgniter\CodeIgniter->handleRequest(null, Object(Config\Cache), false)
 9 FCPATH\index.php(79): CodeIgniter\CodeIgniter->run()
10 SYSTEMPATH\Commands\Server\rewrite.php(47): require_once('C:\\xampp\\htdocs\\ci4project\\public\\index.php')
CRITICAL - 2023-10-26 02:10:09 --> Undefined variable $vpo_test
in APPPATH\Views\add_view.php on line 41.
 1 APPPATH\Views\add_view.php(41): CodeIgniter\Debug\Exceptions->errorHandler(2, 'Undefined variable $vpo_test', 'C:\\xampp\\htdocs\\ci4project\\app\\Views\\add_view.php', 41)
 2 SYSTEMPATH\View\View.php(226): include('C:\\xampp\\htdocs\\ci4project\\app\\Views\\add_view.php')
 3 SYSTEMPATH\View\View.php(229): CodeIgniter\View\View->CodeIgniter\View\{closure}()
 4 SYSTEMPATH\Common.php(1188): CodeIgniter\View\View->render('add_view', [], true)
 5 APPPATH\Controllers\Add.php(97): view('add_view', [...])
 6 SYSTEMPATH\CodeIgniter.php(919): App\Controllers\Add->search()
 7 SYSTEMPATH\CodeIgniter.php(494): CodeIgniter\CodeIgniter->runController(Object(App\Controllers\Add))
 8 SYSTEMPATH\CodeIgniter.php(353): CodeIgniter\CodeIgniter->handleRequest(null, Object(Config\Cache), false)
 9 FCPATH\index.php(79): CodeIgniter\CodeIgniter->run()
10 SYSTEMPATH\Commands\Server\rewrite.php(47): require_once('C:\\xampp\\htdocs\\ci4project\\public\\index.php')
CRITICAL - 2023-10-26 02:11:30 --> Undefined variable $vpo_test
in APPPATH\Views\add_view.php on line 41.
 1 APPPATH\Views\add_view.php(41): CodeIgniter\Debug\Exceptions->errorHandler(2, 'Undefined variable $vpo_test', 'C:\\xampp\\htdocs\\ci4project\\app\\Views\\add_view.php', 41)
 2 SYSTEMPATH\View\View.php(226): include('C:\\xampp\\htdocs\\ci4project\\app\\Views\\add_view.php')
 3 SYSTEMPATH\View\View.php(229): CodeIgniter\View\View->CodeIgniter\View\{closure}()
 4 SYSTEMPATH\Common.php(1188): CodeIgniter\View\View->render('add_view', [], true)
 5 APPPATH\Controllers\Add.php(97): view('add_view', [...])
 6 SYSTEMPATH\CodeIgniter.php(919): App\Controllers\Add->search()
 7 SYSTEMPATH\CodeIgniter.php(494): CodeIgniter\CodeIgniter->runController(Object(App\Controllers\Add))
 8 SYSTEMPATH\CodeIgniter.php(353): CodeIgniter\CodeIgniter->handleRequest(null, Object(Config\Cache), false)
 9 FCPATH\index.php(79): CodeIgniter\CodeIgniter->run()
10 SYSTEMPATH\Commands\Server\rewrite.php(47): require_once('C:\\xampp\\htdocs\\ci4project\\public\\index.php')
CRITICAL - 2023-10-26 02:16:54 --> Undefined variable $vpo_test
in APPPATH\Views\add_view.php on line 41.
 1 APPPATH\Views\add_view.php(41): CodeIgniter\Debug\Exceptions->errorHandler(2, 'Undefined variable $vpo_test', 'C:\\xampp\\htdocs\\ci4project\\app\\Views\\add_view.php', 41)
 2 SYSTEMPATH\View\View.php(226): include('C:\\xampp\\htdocs\\ci4project\\app\\Views\\add_view.php')
 3 SYSTEMPATH\View\View.php(229): CodeIgniter\View\View->CodeIgniter\View\{closure}()
 4 SYSTEMPATH\Common.php(1188): CodeIgniter\View\View->render('add_view', [], true)
 5 APPPATH\Controllers\Add.php(97): view('add_view', [...])
 6 SYSTEMPATH\CodeIgniter.php(919): App\Controllers\Add->search()
 7 SYSTEMPATH\CodeIgniter.php(494): CodeIgniter\CodeIgniter->runController(Object(App\Controllers\Add))
 8 SYSTEMPATH\CodeIgniter.php(353): CodeIgniter\CodeIgniter->handleRequest(null, Object(Config\Cache), false)
 9 FCPATH\index.php(79): CodeIgniter\CodeIgniter->run()
10 SYSTEMPATH\Commands\Server\rewrite.php(47): require_once('C:\\xampp\\htdocs\\ci4project\\public\\index.php')
ERROR - 2023-10-26 02:17:22 --> [Microsoft][ODBC Driver 17 for SQL Server][SQL Server]Cannot insert the value NULL into column 'KodeDept', table 'CBInv.dbo.tpoheader'; column does not allow nulls. INSERT fails.
CRITICAL - 2023-10-26 02:17:22 --> [Microsoft][ODBC Driver 17 for SQL Server][SQL Server]Cannot insert the value NULL into column 'KodeDept', table 'CBInv.dbo.tpoheader'; column does not allow nulls. INSERT fails.
in SYSTEMPATH\Database\BaseConnection.php on line 646.
 1 SYSTEMPATH\Database\BaseBuilder.php(2308): CodeIgniter\Database\BaseConnection->query('INSERT INTO "CBInv"."dbo"."tpoheader" ("PoNo","PoNumber","KodeDept","PersonInCharge","PoDate","Delivery","ref","ShipmentLoc","ShipmentTerms","VendorNo","MataUang","TermsOfPayment","InWord","NilaiDalamRp") VALUES (:PoNo:, :PoNumber:, :KodeDept:, :PersonInCharge:, :PoDate:, :Delivery:, :ref:, :ShipmentLoc:, :ShipmentTerms:, :VendorNo:, :MataUang:, :TermsOfPayment:, :InWord:, :NilaiDalamRp:)', [...], false)
 2 SYSTEMPATH\Model.php(319): CodeIgniter\Database\BaseBuilder->insert()
 3 SYSTEMPATH\BaseModel.php(788): CodeIgniter\Model->doInsert([...])
 4 SYSTEMPATH\Model.php(715): CodeIgniter\BaseModel->insert([...], false)
 5 SYSTEMPATH\BaseModel.php(698): CodeIgniter\Model->insert([...], false)
 6 APPPATH\Controllers\Add.php(134): CodeIgniter\BaseModel->save([...])
 7 SYSTEMPATH\CodeIgniter.php(919): App\Controllers\Add->create()
 8 SYSTEMPATH\CodeIgniter.php(494): CodeIgniter\CodeIgniter->runController(Object(App\Controllers\Add))
 9 SYSTEMPATH\CodeIgniter.php(353): CodeIgniter\CodeIgniter->handleRequest(null, Object(Config\Cache), false)
10 FCPATH\index.php(79): CodeIgniter\CodeIgniter->run()
11 SYSTEMPATH\Commands\Server\rewrite.php(47): require_once('C:\\xampp\\htdocs\\ci4project\\public\\index.php')
CRITICAL - 2023-10-26 02:20:11 --> Undefined variable $vpo_test
in APPPATH\Views\add_view.php on line 41.
 1 APPPATH\Views\add_view.php(41): CodeIgniter\Debug\Exceptions->errorHandler(2, 'Undefined variable $vpo_test', 'C:\\xampp\\htdocs\\ci4project\\app\\Views\\add_view.php', 41)
 2 SYSTEMPATH\View\View.php(226): include('C:\\xampp\\htdocs\\ci4project\\app\\Views\\add_view.php')
 3 SYSTEMPATH\View\View.php(229): CodeIgniter\View\View->CodeIgniter\View\{closure}()
 4 SYSTEMPATH\Common.php(1188): CodeIgniter\View\View->render('add_view', [], true)
 5 APPPATH\Controllers\Add.php(97): view('add_view', [...])
 6 SYSTEMPATH\CodeIgniter.php(919): App\Controllers\Add->search()
 7 SYSTEMPATH\CodeIgniter.php(494): CodeIgniter\CodeIgniter->runController(Object(App\Controllers\Add))
 8 SYSTEMPATH\CodeIgniter.php(353): CodeIgniter\CodeIgniter->handleRequest(null, Object(Config\Cache), false)
 9 FCPATH\index.php(79): CodeIgniter\CodeIgniter->run()
10 SYSTEMPATH\Commands\Server\rewrite.php(47): require_once('C:\\xampp\\htdocs\\ci4project\\public\\index.php')
CRITICAL - 2023-10-26 02:20:39 --> Undefined variable $vpo_test
in APPPATH\Views\add_view.php on line 41.
 1 APPPATH\Views\add_view.php(41): CodeIgniter\Debug\Exceptions->errorHandler(2, 'Undefined variable $vpo_test', 'C:\\xampp\\htdocs\\ci4project\\app\\Views\\add_view.php', 41)
 2 SYSTEMPATH\View\View.php(226): include('C:\\xampp\\htdocs\\ci4project\\app\\Views\\add_view.php')
 3 SYSTEMPATH\View\View.php(229): CodeIgniter\View\View->CodeIgniter\View\{closure}()
 4 SYSTEMPATH\Common.php(1188): CodeIgniter\View\View->render('add_view', [], true)
 5 APPPATH\Controllers\Add.php(97): view('add_view', [...])
 6 SYSTEMPATH\CodeIgniter.php(919): App\Controllers\Add->search()
 7 SYSTEMPATH\CodeIgniter.php(494): CodeIgniter\CodeIgniter->runController(Object(App\Controllers\Add))
 8 SYSTEMPATH\CodeIgniter.php(353): CodeIgniter\CodeIgniter->handleRequest(null, Object(Config\Cache), false)
 9 FCPATH\index.php(79): CodeIgniter\CodeIgniter->run()
10 SYSTEMPATH\Commands\Server\rewrite.php(47): require_once('C:\\xampp\\htdocs\\ci4project\\public\\index.php')
CRITICAL - 2023-10-26 06:27:48 --> Undefined variable $activeMenu
in APPPATH\Views\partial\header.php on line 102.
 1 APPPATH\Views\partial\header.php(102): CodeIgniter\Debug\Exceptions->errorHandler(2, 'Undefined variable $activeMenu', 'C:\\xampp\\htdocs\\ci4project\\app\\Views\\partial\\header.php', 102)
 2 SYSTEMPATH\View\View.php(226): include('C:\\xampp\\htdocs\\ci4project\\app\\Views\\partial\\header.php')
 3 SYSTEMPATH\View\View.php(229): CodeIgniter\View\View->CodeIgniter\View\{closure}()
 4 SYSTEMPATH\Common.php(1188): CodeIgniter\View\View->render('partial/header', [], true)
 5 APPPATH\Controllers\Add.php(17): view('partial/header')
 6 SYSTEMPATH\CodeIgniter.php(919): App\Controllers\Add->index()
 7 SYSTEMPATH\CodeIgniter.php(494): CodeIgniter\CodeIgniter->runController(Object(App\Controllers\Add))
 8 SYSTEMPATH\CodeIgniter.php(353): CodeIgniter\CodeIgniter->handleRequest(null, Object(Config\Cache), false)
 9 FCPATH\index.php(79): CodeIgniter\CodeIgniter->run()
10 SYSTEMPATH\Commands\Server\rewrite.php(47): require_once('C:\\xampp\\htdocs\\ci4project\\public\\index.php')
CRITICAL - 2023-10-26 06:30:35 --> Undefined variable $activeMenu
in APPPATH\Views\partial\header.php on line 102.
 1 APPPATH\Views\partial\header.php(102): CodeIgniter\Debug\Exceptions->errorHandler(2, 'Undefined variable $activeMenu', 'C:\\xampp\\htdocs\\ci4project\\app\\Views\\partial\\header.php', 102)
 2 SYSTEMPATH\View\View.php(226): include('C:\\xampp\\htdocs\\ci4project\\app\\Views\\partial\\header.php')
 3 SYSTEMPATH\View\View.php(229): CodeIgniter\View\View->CodeIgniter\View\{closure}()
 4 SYSTEMPATH\Common.php(1188): CodeIgniter\View\View->render('partial/header', [], true)
 5 APPPATH\Controllers\Add.php(17): view('partial/header')
 6 SYSTEMPATH\CodeIgniter.php(919): App\Controllers\Add->index()
 7 SYSTEMPATH\CodeIgniter.php(494): CodeIgniter\CodeIgniter->runController(Object(App\Controllers\Add))
 8 SYSTEMPATH\CodeIgniter.php(353): CodeIgniter\CodeIgniter->handleRequest(null, Object(Config\Cache), false)
 9 FCPATH\index.php(79): CodeIgniter\CodeIgniter->run()
10 SYSTEMPATH\Commands\Server\rewrite.php(47): require_once('C:\\xampp\\htdocs\\ci4project\\public\\index.php')
CRITICAL - 2023-10-26 06:44:49 --> Undefined variable $activeMenu
in APPPATH\Views\partial\header.php on line 103.
 1 APPPATH\Views\partial\header.php(103): CodeIgniter\Debug\Exceptions->errorHandler(2, 'Undefined variable $activeMenu', 'C:\\xampp\\htdocs\\ci4project\\app\\Views\\partial\\header.php', 103)
 2 SYSTEMPATH\View\View.php(226): include('C:\\xampp\\htdocs\\ci4project\\app\\Views\\partial\\header.php')
 3 SYSTEMPATH\View\View.php(229): CodeIgniter\View\View->CodeIgniter\View\{closure}()
 4 SYSTEMPATH\Common.php(1188): CodeIgniter\View\View->render('partial/header', [], true)
 5 APPPATH\Controllers\Add.php(17): view('partial/header')
 6 SYSTEMPATH\CodeIgniter.php(919): App\Controllers\Add->index()
 7 SYSTEMPATH\CodeIgniter.php(494): CodeIgniter\CodeIgniter->runController(Object(App\Controllers\Add))
 8 SYSTEMPATH\CodeIgniter.php(353): CodeIgniter\CodeIgniter->handleRequest(null, Object(Config\Cache), false)
 9 FCPATH\index.php(79): CodeIgniter\CodeIgniter->run()
10 SYSTEMPATH\Commands\Server\rewrite.php(47): require_once('C:\\xampp\\htdocs\\ci4project\\public\\index.php')
INFO - 2023-10-26 06:45:02 --> REDIRECTED ROUTE at http://localhost:8080/%5CApp%5CControllers%5CHome::index
CRITICAL - 2023-10-26 06:56:18 --> Undefined variable $activeMenu
in APPPATH\Views\partial\header.php on line 111.
 1 APPPATH\Views\partial\header.php(111): CodeIgniter\Debug\Exceptions->errorHandler(2, 'Undefined variable $activeMenu', 'C:\\xampp\\htdocs\\ci4project\\app\\Views\\partial\\header.php', 111)
 2 SYSTEMPATH\View\View.php(226): include('C:\\xampp\\htdocs\\ci4project\\app\\Views\\partial\\header.php')
 3 SYSTEMPATH\View\View.php(229): CodeIgniter\View\View->CodeIgniter\View\{closure}()
 4 SYSTEMPATH\Common.php(1188): CodeIgniter\View\View->render('partial/header', [], true)
 5 APPPATH\Controllers\Add.php(17): view('partial/header')
 6 SYSTEMPATH\CodeIgniter.php(919): App\Controllers\Add->index()
 7 SYSTEMPATH\CodeIgniter.php(494): CodeIgniter\CodeIgniter->runController(Object(App\Controllers\Add))
 8 SYSTEMPATH\CodeIgniter.php(353): CodeIgniter\CodeIgniter->handleRequest(null, Object(Config\Cache), false)
 9 FCPATH\index.php(79): CodeIgniter\CodeIgniter->run()
10 SYSTEMPATH\Commands\Server\rewrite.php(47): require_once('C:\\xampp\\htdocs\\ci4project\\public\\index.php')
CRITICAL - 2023-10-26 07:10:19 --> Undefined variable $statusMenu
in APPPATH\Views\partial\header.php on line 111.
 1 APPPATH\Views\partial\header.php(111): CodeIgniter\Debug\Exceptions->errorHandler(2, 'Undefined variable $statusMenu', 'C:\\xampp\\htdocs\\ci4project\\app\\Views\\partial\\header.php', 111)
 2 SYSTEMPATH\View\View.php(226): include('C:\\xampp\\htdocs\\ci4project\\app\\Views\\partial\\header.php')
 3 SYSTEMPATH\View\View.php(229): CodeIgniter\View\View->CodeIgniter\View\{closure}()
 4 SYSTEMPATH\Common.php(1188): CodeIgniter\View\View->render('partial/header', [], true)
 5 APPPATH\Controllers\Add.php(17): view('partial/header')
 6 SYSTEMPATH\CodeIgniter.php(919): App\Controllers\Add->index()
 7 SYSTEMPATH\CodeIgniter.php(494): CodeIgniter\CodeIgniter->runController(Object(App\Controllers\Add))
 8 SYSTEMPATH\CodeIgniter.php(353): CodeIgniter\CodeIgniter->handleRequest(null, Object(Config\Cache), false)
 9 FCPATH\index.php(79): CodeIgniter\CodeIgniter->run()
10 SYSTEMPATH\Commands\Server\rewrite.php(47): require_once('C:\\xampp\\htdocs\\ci4project\\public\\index.php')
CRITICAL - 2023-10-26 07:10:30 --> Undefined variable $activeMenu
in APPPATH\Views\partial\header.php on line 111.
 1 APPPATH\Views\partial\header.php(111): CodeIgniter\Debug\Exceptions->errorHandler(2, 'Undefined variable $activeMenu', 'C:\\xampp\\htdocs\\ci4project\\app\\Views\\partial\\header.php', 111)
 2 SYSTEMPATH\View\View.php(226): include('C:\\xampp\\htdocs\\ci4project\\app\\Views\\partial\\header.php')
 3 SYSTEMPATH\View\View.php(229): CodeIgniter\View\View->CodeIgniter\View\{closure}()
 4 SYSTEMPATH\Common.php(1188): CodeIgniter\View\View->render('partial/header', [], true)
 5 APPPATH\Controllers\Add.php(17): view('partial/header')
 6 SYSTEMPATH\CodeIgniter.php(919): App\Controllers\Add->index()
 7 SYSTEMPATH\CodeIgniter.php(494): CodeIgniter\CodeIgniter->runController(Object(App\Controllers\Add))
 8 SYSTEMPATH\CodeIgniter.php(353): CodeIgniter\CodeIgniter->handleRequest(null, Object(Config\Cache), false)
 9 FCPATH\index.php(79): CodeIgniter\CodeIgniter->run()
10 SYSTEMPATH\Commands\Server\rewrite.php(47): require_once('C:\\xampp\\htdocs\\ci4project\\public\\index.php')
