INFO - 2023-09-21 02:55:08 --> REDIRECTED ROUTE at http://localhost/ci4project/public/%5CApp%5CControllers%5CHome::index
ERROR - 2023-09-21 02:55:29 --> Error connecting to the database: CodeIgniter\Database\Exceptions\DatabaseException: [Microsoft][ODBC Driver 17 for SQL Server]Named Pipes Provider: Could not open a connection to SQL Server [67].  SQLSTATE: 08001, code: 67
[Microsoft][ODBC Driver 17 for SQL Server]Login timeout expired SQLSTATE: HYT00, code: 0
[Microsoft][ODBC Driver 17 for SQL Server]A network-related or instance-specific error has occurred while establishing a connection to SQL Server. Server is not found or not accessible. Check if instance name is correct and if SQL Server is configured to allow remote connections. For more information see SQL Server Books Online. SQLSTATE: 08001, code: 67 in C:\xampp\htdocs\ci4project\system\Database\SQLSRV\Connection.php:142
Stack trace:
#0 C:\xampp\htdocs\ci4project\system\Database\BaseConnection.php(391): CodeIgniter\Database\SQLSRV\Connection->connect(true)
#1 C:\xampp\htdocs\ci4project\system\Database\BaseConnection.php(574): CodeIgniter\Database\BaseConnection->initialize()
#2 C:\xampp\htdocs\ci4project\app\Views\partial\header.php(4): CodeIgniter\Database\BaseConnection->query('select TOP 10 *...')
#3 C:\xampp\htdocs\ci4project\system\View\View.php(226): include('C:\\xampp\\htdocs...')
#4 C:\xampp\htdocs\ci4project\system\View\View.php(229): CodeIgniter\View\View->CodeIgniter\View\{closure}()
#5 C:\xampp\htdocs\ci4project\system\Common.php(1188): CodeIgniter\View\View->render('partial/header', Array, true)
#6 C:\xampp\htdocs\ci4project\app\Controllers\Form.php(11): view('partial/header', Array)
#7 C:\xampp\htdocs\ci4project\system\CodeIgniter.php(919): App\Controllers\Form->index()
#8 C:\xampp\htdocs\ci4project\system\CodeIgniter.php(494): CodeIgniter\CodeIgniter->runController(Object(App\Controllers\Form))
#9 C:\xampp\htdocs\ci4project\system\CodeIgniter.php(353): CodeIgniter\CodeIgniter->handleRequest(NULL, Object(Config\Cache), false)
#10 C:\xampp\htdocs\ci4project\public\index.php(79): CodeIgniter\CodeIgniter->run()
#11 {main}
CRITICAL - 2023-09-21 02:55:29 --> Unable to connect to the database.
Main connection [sqlsrv]: [Microsoft][ODBC Driver 17 for SQL Server]Named Pipes Provider: Could not open a connection to SQL Server [67].  SQLSTATE: 08001, code: 67
[Microsoft][ODBC Driver 17 for SQL Server]Login timeout expired SQLSTATE: HYT00, code: 0
[Microsoft][ODBC Driver 17 for SQL Server]A network-related or instance-specific error has occurred while establishing a connection to SQL Server. Server is not found or not accessible. Check if instance name is correct and if SQL Server is configured to allow remote connections. For more information see SQL Server Books Online. SQLSTATE: 08001, code: 67
in SYSTEMPATH\Database\BaseConnection.php on line 427.
 1 SYSTEMPATH\Database\BaseConnection.php(574): CodeIgniter\Database\BaseConnection->initialize()
 2 APPPATH\Views\partial\header.php(4): CodeIgniter\Database\BaseConnection->query('select TOP 10 * from vspk_tests')
 3 SYSTEMPATH\View\View.php(226): include('C:\\xampp\\htdocs\\ci4project\\app\\Views\\partial\\header.php')
 4 SYSTEMPATH\View\View.php(229): CodeIgniter\View\View->CodeIgniter\View\{closure}()
 5 SYSTEMPATH\Common.php(1188): CodeIgniter\View\View->render('partial/header', [], true)
 6 APPPATH\Controllers\Form.php(11): view('partial/header', [...])
 7 SYSTEMPATH\CodeIgniter.php(919): App\Controllers\Form->index()
 8 SYSTEMPATH\CodeIgniter.php(494): CodeIgniter\CodeIgniter->runController(Object(App\Controllers\Form))
 9 SYSTEMPATH\CodeIgniter.php(353): CodeIgniter\CodeIgniter->handleRequest(null, Object(Config\Cache), false)
10 FCPATH\index.php(79): CodeIgniter\CodeIgniter->run()
CRITICAL - 2023-09-21 04:22:56 --> Undefined variable $dataDashboard
in APPPATH\Views\preorder_view.php on line 35.
 1 APPPATH\Views\preorder_view.php(35): CodeIgniter\Debug\Exceptions->errorHandler(2, 'Undefined variable $dataDashboard', 'C:\\xampp\\htdocs\\ci4project\\app\\Views\\preorder_view.php', 35)
 2 SYSTEMPATH\View\View.php(226): include('C:\\xampp\\htdocs\\ci4project\\app\\Views\\preorder_view.php')
 3 SYSTEMPATH\View\View.php(229): CodeIgniter\View\View->CodeIgniter\View\{closure}()
 4 SYSTEMPATH\Common.php(1188): CodeIgniter\View\View->render('PreOrder_view', [], true)
 5 APPPATH\Controllers\PreOrder.php(12): view('PreOrder_view', [...])
 6 SYSTEMPATH\CodeIgniter.php(919): App\Controllers\PreOrder->index()
 7 SYSTEMPATH\CodeIgniter.php(494): CodeIgniter\CodeIgniter->runController(Object(App\Controllers\PreOrder))
 8 SYSTEMPATH\CodeIgniter.php(353): CodeIgniter\CodeIgniter->handleRequest(null, Object(Config\Cache), false)
 9 FCPATH\index.php(79): CodeIgniter\CodeIgniter->run()
CRITICAL - 2023-09-21 04:23:17 --> Undefined variable $dataDashboard
in APPPATH\Views\preorder_view.php on line 35.
 1 APPPATH\Views\preorder_view.php(35): CodeIgniter\Debug\Exceptions->errorHandler(2, 'Undefined variable $dataDashboard', 'C:\\xampp\\htdocs\\ci4project\\app\\Views\\preorder_view.php', 35)
 2 SYSTEMPATH\View\View.php(226): include('C:\\xampp\\htdocs\\ci4project\\app\\Views\\preorder_view.php')
 3 SYSTEMPATH\View\View.php(229): CodeIgniter\View\View->CodeIgniter\View\{closure}()
 4 SYSTEMPATH\Common.php(1188): CodeIgniter\View\View->render('PreOrder_view', [], true)
 5 APPPATH\Controllers\PreOrder.php(12): view('PreOrder_view', [...])
 6 SYSTEMPATH\CodeIgniter.php(919): App\Controllers\PreOrder->index()
 7 SYSTEMPATH\CodeIgniter.php(494): CodeIgniter\CodeIgniter->runController(Object(App\Controllers\PreOrder))
 8 SYSTEMPATH\CodeIgniter.php(353): CodeIgniter\CodeIgniter->handleRequest(null, Object(Config\Cache), false)
 9 FCPATH\index.php(79): CodeIgniter\CodeIgniter->run()
ERROR - 2023-09-21 04:27:26 --> Error connecting to the database: CodeIgniter\Database\Exceptions\DatabaseException: [Microsoft][ODBC Driver 17 for SQL Server]Named Pipes Provider: Could not open a connection to SQL Server [67].  SQLSTATE: 08001, code: 67
[Microsoft][ODBC Driver 17 for SQL Server]Login timeout expired SQLSTATE: HYT00, code: 0
[Microsoft][ODBC Driver 17 for SQL Server]A network-related or instance-specific error has occurred while establishing a connection to SQL Server. Server is not found or not accessible. Check if instance name is correct and if SQL Server is configured to allow remote connections. For more information see SQL Server Books Online. SQLSTATE: 08001, code: 67 in C:\xampp\htdocs\ci4project\system\Database\SQLSRV\Connection.php:142
Stack trace:
#0 C:\xampp\htdocs\ci4project\system\Database\BaseConnection.php(391): CodeIgniter\Database\SQLSRV\Connection->connect(true)
#1 C:\xampp\htdocs\ci4project\system\Database\BaseConnection.php(574): CodeIgniter\Database\BaseConnection->initialize()
#2 C:\xampp\htdocs\ci4project\system\Database\SQLSRV\Builder.php(610): CodeIgniter\Database\BaseConnection->query('SELECT *\nFROM "...', Array, false)
#3 C:\xampp\htdocs\ci4project\system\Model.php(237): CodeIgniter\Database\SQLSRV\Builder->get()
#4 C:\xampp\htdocs\ci4project\system\BaseModel.php(624): CodeIgniter\Model->doFindAll(0, 0)
#5 C:\xampp\htdocs\ci4project\app\Controllers\PreOrder.php(12): CodeIgniter\BaseModel->findAll()
#6 C:\xampp\htdocs\ci4project\system\CodeIgniter.php(919): App\Controllers\PreOrder->index()
#7 C:\xampp\htdocs\ci4project\system\CodeIgniter.php(494): CodeIgniter\CodeIgniter->runController(Object(App\Controllers\PreOrder))
#8 C:\xampp\htdocs\ci4project\system\CodeIgniter.php(353): CodeIgniter\CodeIgniter->handleRequest(NULL, Object(Config\Cache), false)
#9 C:\xampp\htdocs\ci4project\public\index.php(79): CodeIgniter\CodeIgniter->run()
#10 {main}
CRITICAL - 2023-09-21 04:27:26 --> Unable to connect to the database.
Main connection [sqlsrv]: [Microsoft][ODBC Driver 17 for SQL Server]Named Pipes Provider: Could not open a connection to SQL Server [67].  SQLSTATE: 08001, code: 67
[Microsoft][ODBC Driver 17 for SQL Server]Login timeout expired SQLSTATE: HYT00, code: 0
[Microsoft][ODBC Driver 17 for SQL Server]A network-related or instance-specific error has occurred while establishing a connection to SQL Server. Server is not found or not accessible. Check if instance name is correct and if SQL Server is configured to allow remote connections. For more information see SQL Server Books Online. SQLSTATE: 08001, code: 67
in SYSTEMPATH\Database\BaseConnection.php on line 427.
 1 SYSTEMPATH\Database\BaseConnection.php(574): CodeIgniter\Database\BaseConnection->initialize()
 2 SYSTEMPATH\Database\SQLSRV\Builder.php(610): CodeIgniter\Database\BaseConnection->query('SELECT *
FROM "Test"."dbo"."vspk_testp"
ORDER BY "vendorname"', [], false)
 3 SYSTEMPATH\Model.php(237): CodeIgniter\Database\SQLSRV\Builder->get()
 4 SYSTEMPATH\BaseModel.php(624): CodeIgniter\Model->doFindAll(0, 0)
 5 APPPATH\Controllers\PreOrder.php(12): CodeIgniter\BaseModel->findAll()
 6 SYSTEMPATH\CodeIgniter.php(919): App\Controllers\PreOrder->index()
 7 SYSTEMPATH\CodeIgniter.php(494): CodeIgniter\CodeIgniter->runController(Object(App\Controllers\PreOrder))
 8 SYSTEMPATH\CodeIgniter.php(353): CodeIgniter\CodeIgniter->handleRequest(null, Object(Config\Cache), false)
 9 FCPATH\index.php(79): CodeIgniter\CodeIgniter->run()
ERROR - 2023-09-21 04:28:14 --> Error connecting to the database: CodeIgniter\Database\Exceptions\DatabaseException: [Microsoft][ODBC Driver 17 for SQL Server]Named Pipes Provider: Could not open a connection to SQL Server [67].  SQLSTATE: 08001, code: 67
[Microsoft][ODBC Driver 17 for SQL Server]Login timeout expired SQLSTATE: HYT00, code: 0
[Microsoft][ODBC Driver 17 for SQL Server]A network-related or instance-specific error has occurred while establishing a connection to SQL Server. Server is not found or not accessible. Check if instance name is correct and if SQL Server is configured to allow remote connections. For more information see SQL Server Books Online. SQLSTATE: 08001, code: 67 in C:\xampp\htdocs\ci4project\system\Database\SQLSRV\Connection.php:142
Stack trace:
#0 C:\xampp\htdocs\ci4project\system\Database\BaseConnection.php(391): CodeIgniter\Database\SQLSRV\Connection->connect(true)
#1 C:\xampp\htdocs\ci4project\system\Database\BaseConnection.php(574): CodeIgniter\Database\BaseConnection->initialize()
#2 C:\xampp\htdocs\ci4project\system\Database\SQLSRV\Builder.php(610): CodeIgniter\Database\BaseConnection->query('SELECT *\nFROM "...', Array, false)
#3 C:\xampp\htdocs\ci4project\system\Model.php(237): CodeIgniter\Database\SQLSRV\Builder->get()
#4 C:\xampp\htdocs\ci4project\system\BaseModel.php(624): CodeIgniter\Model->doFindAll(0, 0)
#5 C:\xampp\htdocs\ci4project\app\Controllers\PreOrder.php(12): CodeIgniter\BaseModel->findAll()
#6 C:\xampp\htdocs\ci4project\system\CodeIgniter.php(919): App\Controllers\PreOrder->index()
#7 C:\xampp\htdocs\ci4project\system\CodeIgniter.php(494): CodeIgniter\CodeIgniter->runController(Object(App\Controllers\PreOrder))
#8 C:\xampp\htdocs\ci4project\system\CodeIgniter.php(353): CodeIgniter\CodeIgniter->handleRequest(NULL, Object(Config\Cache), false)
#9 C:\xampp\htdocs\ci4project\public\index.php(79): CodeIgniter\CodeIgniter->run()
#10 {main}
CRITICAL - 2023-09-21 04:28:14 --> Unable to connect to the database.
Main connection [sqlsrv]: [Microsoft][ODBC Driver 17 for SQL Server]Named Pipes Provider: Could not open a connection to SQL Server [67].  SQLSTATE: 08001, code: 67
[Microsoft][ODBC Driver 17 for SQL Server]Login timeout expired SQLSTATE: HYT00, code: 0
[Microsoft][ODBC Driver 17 for SQL Server]A network-related or instance-specific error has occurred while establishing a connection to SQL Server. Server is not found or not accessible. Check if instance name is correct and if SQL Server is configured to allow remote connections. For more information see SQL Server Books Online. SQLSTATE: 08001, code: 67
in SYSTEMPATH\Database\BaseConnection.php on line 427.
 1 SYSTEMPATH\Database\BaseConnection.php(574): CodeIgniter\Database\BaseConnection->initialize()
 2 SYSTEMPATH\Database\SQLSRV\Builder.php(610): CodeIgniter\Database\BaseConnection->query('SELECT *
FROM "Test"."dbo"."vspk_testp"
ORDER BY "vendorname"', [], false)
 3 SYSTEMPATH\Model.php(237): CodeIgniter\Database\SQLSRV\Builder->get()
 4 SYSTEMPATH\BaseModel.php(624): CodeIgniter\Model->doFindAll(0, 0)
 5 APPPATH\Controllers\PreOrder.php(12): CodeIgniter\BaseModel->findAll()
 6 SYSTEMPATH\CodeIgniter.php(919): App\Controllers\PreOrder->index()
 7 SYSTEMPATH\CodeIgniter.php(494): CodeIgniter\CodeIgniter->runController(Object(App\Controllers\PreOrder))
 8 SYSTEMPATH\CodeIgniter.php(353): CodeIgniter\CodeIgniter->handleRequest(null, Object(Config\Cache), false)
 9 FCPATH\index.php(79): CodeIgniter\CodeIgniter->run()
ERROR - 2023-09-21 04:29:59 --> Error connecting to the database: CodeIgniter\Database\Exceptions\DatabaseException: [Microsoft][ODBC Driver 17 for SQL Server]Named Pipes Provider: Could not open a connection to SQL Server [67].  SQLSTATE: 08001, code: 67
[Microsoft][ODBC Driver 17 for SQL Server]Login timeout expired SQLSTATE: HYT00, code: 0
[Microsoft][ODBC Driver 17 for SQL Server]A network-related or instance-specific error has occurred while establishing a connection to SQL Server. Server is not found or not accessible. Check if instance name is correct and if SQL Server is configured to allow remote connections. For more information see SQL Server Books Online. SQLSTATE: 08001, code: 67 in C:\xampp\htdocs\ci4project\system\Database\SQLSRV\Connection.php:142
Stack trace:
#0 C:\xampp\htdocs\ci4project\system\Database\BaseConnection.php(391): CodeIgniter\Database\SQLSRV\Connection->connect(true)
#1 C:\xampp\htdocs\ci4project\system\Database\BaseConnection.php(574): CodeIgniter\Database\BaseConnection->initialize()
#2 C:\xampp\htdocs\ci4project\system\Database\SQLSRV\Builder.php(610): CodeIgniter\Database\BaseConnection->query('SELECT *\nFROM "...', Array, false)
#3 C:\xampp\htdocs\ci4project\system\Model.php(237): CodeIgniter\Database\SQLSRV\Builder->get()
#4 C:\xampp\htdocs\ci4project\system\BaseModel.php(624): CodeIgniter\Model->doFindAll(0, 0)
#5 C:\xampp\htdocs\ci4project\app\Controllers\PreOrder.php(12): CodeIgniter\BaseModel->findAll()
#6 C:\xampp\htdocs\ci4project\system\CodeIgniter.php(919): App\Controllers\PreOrder->index()
#7 C:\xampp\htdocs\ci4project\system\CodeIgniter.php(494): CodeIgniter\CodeIgniter->runController(Object(App\Controllers\PreOrder))
#8 C:\xampp\htdocs\ci4project\system\CodeIgniter.php(353): CodeIgniter\CodeIgniter->handleRequest(NULL, Object(Config\Cache), false)
#9 C:\xampp\htdocs\ci4project\public\index.php(79): CodeIgniter\CodeIgniter->run()
#10 {main}
CRITICAL - 2023-09-21 04:29:59 --> Unable to connect to the database.
Main connection [sqlsrv]: [Microsoft][ODBC Driver 17 for SQL Server]Named Pipes Provider: Could not open a connection to SQL Server [67].  SQLSTATE: 08001, code: 67
[Microsoft][ODBC Driver 17 for SQL Server]Login timeout expired SQLSTATE: HYT00, code: 0
[Microsoft][ODBC Driver 17 for SQL Server]A network-related or instance-specific error has occurred while establishing a connection to SQL Server. Server is not found or not accessible. Check if instance name is correct and if SQL Server is configured to allow remote connections. For more information see SQL Server Books Online. SQLSTATE: 08001, code: 67
in SYSTEMPATH\Database\BaseConnection.php on line 427.
 1 SYSTEMPATH\Database\BaseConnection.php(574): CodeIgniter\Database\BaseConnection->initialize()
 2 SYSTEMPATH\Database\SQLSRV\Builder.php(610): CodeIgniter\Database\BaseConnection->query('SELECT *
FROM "Test"."dbo"."vspk_testp"
ORDER BY "vendorname"', [], false)
 3 SYSTEMPATH\Model.php(237): CodeIgniter\Database\SQLSRV\Builder->get()
 4 SYSTEMPATH\BaseModel.php(624): CodeIgniter\Model->doFindAll(0, 0)
 5 APPPATH\Controllers\PreOrder.php(12): CodeIgniter\BaseModel->findAll()
 6 SYSTEMPATH\CodeIgniter.php(919): App\Controllers\PreOrder->index()
 7 SYSTEMPATH\CodeIgniter.php(494): CodeIgniter\CodeIgniter->runController(Object(App\Controllers\PreOrder))
 8 SYSTEMPATH\CodeIgniter.php(353): CodeIgniter\CodeIgniter->handleRequest(null, Object(Config\Cache), false)
 9 FCPATH\index.php(79): CodeIgniter\CodeIgniter->run()
ERROR - 2023-09-21 04:31:49 --> Error connecting to the database: CodeIgniter\Database\Exceptions\DatabaseException: [Microsoft][ODBC Driver 17 for SQL Server]Named Pipes Provider: Could not open a connection to SQL Server [67].  SQLSTATE: 08001, code: 67
[Microsoft][ODBC Driver 17 for SQL Server]Login timeout expired SQLSTATE: HYT00, code: 0
[Microsoft][ODBC Driver 17 for SQL Server]A network-related or instance-specific error has occurred while establishing a connection to SQL Server. Server is not found or not accessible. Check if instance name is correct and if SQL Server is configured to allow remote connections. For more information see SQL Server Books Online. SQLSTATE: 08001, code: 67 in C:\xampp\htdocs\ci4project\system\Database\SQLSRV\Connection.php:142
Stack trace:
#0 C:\xampp\htdocs\ci4project\system\Database\BaseConnection.php(391): CodeIgniter\Database\SQLSRV\Connection->connect(true)
#1 C:\xampp\htdocs\ci4project\system\Database\BaseConnection.php(574): CodeIgniter\Database\BaseConnection->initialize()
#2 C:\xampp\htdocs\ci4project\system\Database\SQLSRV\Builder.php(610): CodeIgniter\Database\BaseConnection->query('SELECT *\nFROM "...', Array, false)
#3 C:\xampp\htdocs\ci4project\system\Model.php(237): CodeIgniter\Database\SQLSRV\Builder->get()
#4 C:\xampp\htdocs\ci4project\system\BaseModel.php(624): CodeIgniter\Model->doFindAll(0, 0)
#5 C:\xampp\htdocs\ci4project\app\Controllers\PreOrder.php(12): CodeIgniter\BaseModel->findAll()
#6 C:\xampp\htdocs\ci4project\system\CodeIgniter.php(919): App\Controllers\PreOrder->index()
#7 C:\xampp\htdocs\ci4project\system\CodeIgniter.php(494): CodeIgniter\CodeIgniter->runController(Object(App\Controllers\PreOrder))
#8 C:\xampp\htdocs\ci4project\system\CodeIgniter.php(353): CodeIgniter\CodeIgniter->handleRequest(NULL, Object(Config\Cache), false)
#9 C:\xampp\htdocs\ci4project\public\index.php(79): CodeIgniter\CodeIgniter->run()
#10 {main}
CRITICAL - 2023-09-21 04:31:49 --> Unable to connect to the database.
Main connection [sqlsrv]: [Microsoft][ODBC Driver 17 for SQL Server]Named Pipes Provider: Could not open a connection to SQL Server [67].  SQLSTATE: 08001, code: 67
[Microsoft][ODBC Driver 17 for SQL Server]Login timeout expired SQLSTATE: HYT00, code: 0
[Microsoft][ODBC Driver 17 for SQL Server]A network-related or instance-specific error has occurred while establishing a connection to SQL Server. Server is not found or not accessible. Check if instance name is correct and if SQL Server is configured to allow remote connections. For more information see SQL Server Books Online. SQLSTATE: 08001, code: 67
in SYSTEMPATH\Database\BaseConnection.php on line 427.
 1 SYSTEMPATH\Database\BaseConnection.php(574): CodeIgniter\Database\BaseConnection->initialize()
 2 SYSTEMPATH\Database\SQLSRV\Builder.php(610): CodeIgniter\Database\BaseConnection->query('SELECT *
FROM "Test"."dbo"."vspk_testp"
ORDER BY "vendorname"', [], false)
 3 SYSTEMPATH\Model.php(237): CodeIgniter\Database\SQLSRV\Builder->get()
 4 SYSTEMPATH\BaseModel.php(624): CodeIgniter\Model->doFindAll(0, 0)
 5 APPPATH\Controllers\PreOrder.php(12): CodeIgniter\BaseModel->findAll()
 6 SYSTEMPATH\CodeIgniter.php(919): App\Controllers\PreOrder->index()
 7 SYSTEMPATH\CodeIgniter.php(494): CodeIgniter\CodeIgniter->runController(Object(App\Controllers\PreOrder))
 8 SYSTEMPATH\CodeIgniter.php(353): CodeIgniter\CodeIgniter->handleRequest(null, Object(Config\Cache), false)
 9 FCPATH\index.php(79): CodeIgniter\CodeIgniter->run()
ERROR - 2023-09-21 04:32:09 --> Error connecting to the database: CodeIgniter\Database\Exceptions\DatabaseException: [Microsoft][ODBC Driver 17 for SQL Server]Named Pipes Provider: Could not open a connection to SQL Server [67].  SQLSTATE: 08001, code: 67
[Microsoft][ODBC Driver 17 for SQL Server]Login timeout expired SQLSTATE: HYT00, code: 0
[Microsoft][ODBC Driver 17 for SQL Server]A network-related or instance-specific error has occurred while establishing a connection to SQL Server. Server is not found or not accessible. Check if instance name is correct and if SQL Server is configured to allow remote connections. For more information see SQL Server Books Online. SQLSTATE: 08001, code: 67 in C:\xampp\htdocs\ci4project\system\Database\SQLSRV\Connection.php:142
Stack trace:
#0 C:\xampp\htdocs\ci4project\system\Database\BaseConnection.php(391): CodeIgniter\Database\SQLSRV\Connection->connect(true)
#1 C:\xampp\htdocs\ci4project\system\Database\BaseConnection.php(574): CodeIgniter\Database\BaseConnection->initialize()
#2 C:\xampp\htdocs\ci4project\system\Database\SQLSRV\Builder.php(610): CodeIgniter\Database\BaseConnection->query('SELECT *\nFROM "...', Array, false)
#3 C:\xampp\htdocs\ci4project\system\Model.php(237): CodeIgniter\Database\SQLSRV\Builder->get()
#4 C:\xampp\htdocs\ci4project\system\BaseModel.php(624): CodeIgniter\Model->doFindAll(0, 0)
#5 C:\xampp\htdocs\ci4project\app\Controllers\PreOrder.php(12): CodeIgniter\BaseModel->findAll()
#6 C:\xampp\htdocs\ci4project\system\CodeIgniter.php(919): App\Controllers\PreOrder->index()
#7 C:\xampp\htdocs\ci4project\system\CodeIgniter.php(494): CodeIgniter\CodeIgniter->runController(Object(App\Controllers\PreOrder))
#8 C:\xampp\htdocs\ci4project\system\CodeIgniter.php(353): CodeIgniter\CodeIgniter->handleRequest(NULL, Object(Config\Cache), false)
#9 C:\xampp\htdocs\ci4project\public\index.php(79): CodeIgniter\CodeIgniter->run()
#10 {main}
CRITICAL - 2023-09-21 04:32:09 --> Unable to connect to the database.
Main connection [sqlsrv]: [Microsoft][ODBC Driver 17 for SQL Server]Named Pipes Provider: Could not open a connection to SQL Server [67].  SQLSTATE: 08001, code: 67
[Microsoft][ODBC Driver 17 for SQL Server]Login timeout expired SQLSTATE: HYT00, code: 0
[Microsoft][ODBC Driver 17 for SQL Server]A network-related or instance-specific error has occurred while establishing a connection to SQL Server. Server is not found or not accessible. Check if instance name is correct and if SQL Server is configured to allow remote connections. For more information see SQL Server Books Online. SQLSTATE: 08001, code: 67
in SYSTEMPATH\Database\BaseConnection.php on line 427.
 1 SYSTEMPATH\Database\BaseConnection.php(574): CodeIgniter\Database\BaseConnection->initialize()
 2 SYSTEMPATH\Database\SQLSRV\Builder.php(610): CodeIgniter\Database\BaseConnection->query('SELECT *
FROM "Test"."dbo"."vspk_testp"
ORDER BY "vendorname"', [], false)
 3 SYSTEMPATH\Model.php(237): CodeIgniter\Database\SQLSRV\Builder->get()
 4 SYSTEMPATH\BaseModel.php(624): CodeIgniter\Model->doFindAll(0, 0)
 5 APPPATH\Controllers\PreOrder.php(12): CodeIgniter\BaseModel->findAll()
 6 SYSTEMPATH\CodeIgniter.php(919): App\Controllers\PreOrder->index()
 7 SYSTEMPATH\CodeIgniter.php(494): CodeIgniter\CodeIgniter->runController(Object(App\Controllers\PreOrder))
 8 SYSTEMPATH\CodeIgniter.php(353): CodeIgniter\CodeIgniter->handleRequest(null, Object(Config\Cache), false)
 9 FCPATH\index.php(79): CodeIgniter\CodeIgniter->run()
ERROR - 2023-09-21 04:32:48 --> Error connecting to the database: CodeIgniter\Database\Exceptions\DatabaseException: [Microsoft][ODBC Driver 17 for SQL Server]Named Pipes Provider: Could not open a connection to SQL Server [67].  SQLSTATE: 08001, code: 67
[Microsoft][ODBC Driver 17 for SQL Server]Login timeout expired SQLSTATE: HYT00, code: 0
[Microsoft][ODBC Driver 17 for SQL Server]A network-related or instance-specific error has occurred while establishing a connection to SQL Server. Server is not found or not accessible. Check if instance name is correct and if SQL Server is configured to allow remote connections. For more information see SQL Server Books Online. SQLSTATE: 08001, code: 67 in C:\xampp\htdocs\ci4project\system\Database\SQLSRV\Connection.php:142
Stack trace:
#0 C:\xampp\htdocs\ci4project\system\Database\BaseConnection.php(391): CodeIgniter\Database\SQLSRV\Connection->connect(true)
#1 C:\xampp\htdocs\ci4project\system\Database\BaseConnection.php(574): CodeIgniter\Database\BaseConnection->initialize()
#2 C:\xampp\htdocs\ci4project\system\Database\SQLSRV\Builder.php(610): CodeIgniter\Database\BaseConnection->query('SELECT *\nFROM "...', Array, false)
#3 C:\xampp\htdocs\ci4project\system\Model.php(237): CodeIgniter\Database\SQLSRV\Builder->get()
#4 C:\xampp\htdocs\ci4project\system\BaseModel.php(624): CodeIgniter\Model->doFindAll(0, 0)
#5 C:\xampp\htdocs\ci4project\app\Controllers\PreOrder.php(12): CodeIgniter\BaseModel->findAll()
#6 C:\xampp\htdocs\ci4project\system\CodeIgniter.php(919): App\Controllers\PreOrder->index()
#7 C:\xampp\htdocs\ci4project\system\CodeIgniter.php(494): CodeIgniter\CodeIgniter->runController(Object(App\Controllers\PreOrder))
#8 C:\xampp\htdocs\ci4project\system\CodeIgniter.php(353): CodeIgniter\CodeIgniter->handleRequest(NULL, Object(Config\Cache), false)
#9 C:\xampp\htdocs\ci4project\public\index.php(79): CodeIgniter\CodeIgniter->run()
#10 {main}
CRITICAL - 2023-09-21 04:32:48 --> Unable to connect to the database.
Main connection [sqlsrv]: [Microsoft][ODBC Driver 17 for SQL Server]Named Pipes Provider: Could not open a connection to SQL Server [67].  SQLSTATE: 08001, code: 67
[Microsoft][ODBC Driver 17 for SQL Server]Login timeout expired SQLSTATE: HYT00, code: 0
[Microsoft][ODBC Driver 17 for SQL Server]A network-related or instance-specific error has occurred while establishing a connection to SQL Server. Server is not found or not accessible. Check if instance name is correct and if SQL Server is configured to allow remote connections. For more information see SQL Server Books Online. SQLSTATE: 08001, code: 67
in SYSTEMPATH\Database\BaseConnection.php on line 427.
 1 SYSTEMPATH\Database\BaseConnection.php(574): CodeIgniter\Database\BaseConnection->initialize()
 2 SYSTEMPATH\Database\SQLSRV\Builder.php(610): CodeIgniter\Database\BaseConnection->query('SELECT *
FROM "Test"."dbo"."vspk_testp"
ORDER BY "vendorname"', [], false)
 3 SYSTEMPATH\Model.php(237): CodeIgniter\Database\SQLSRV\Builder->get()
 4 SYSTEMPATH\BaseModel.php(624): CodeIgniter\Model->doFindAll(0, 0)
 5 APPPATH\Controllers\PreOrder.php(12): CodeIgniter\BaseModel->findAll()
 6 SYSTEMPATH\CodeIgniter.php(919): App\Controllers\PreOrder->index()
 7 SYSTEMPATH\CodeIgniter.php(494): CodeIgniter\CodeIgniter->runController(Object(App\Controllers\PreOrder))
 8 SYSTEMPATH\CodeIgniter.php(353): CodeIgniter\CodeIgniter->handleRequest(null, Object(Config\Cache), false)
 9 FCPATH\index.php(79): CodeIgniter\CodeIgniter->run()
ERROR - 2023-09-21 04:33:41 --> Error connecting to the database: CodeIgniter\Database\Exceptions\DatabaseException: [Microsoft][ODBC Driver 17 for SQL Server]Named Pipes Provider: Could not open a connection to SQL Server [67].  SQLSTATE: 08001, code: 67
[Microsoft][ODBC Driver 17 for SQL Server]Login timeout expired SQLSTATE: HYT00, code: 0
[Microsoft][ODBC Driver 17 for SQL Server]A network-related or instance-specific error has occurred while establishing a connection to SQL Server. Server is not found or not accessible. Check if instance name is correct and if SQL Server is configured to allow remote connections. For more information see SQL Server Books Online. SQLSTATE: 08001, code: 67 in C:\xampp\htdocs\ci4project\system\Database\SQLSRV\Connection.php:142
Stack trace:
#0 C:\xampp\htdocs\ci4project\system\Database\BaseConnection.php(391): CodeIgniter\Database\SQLSRV\Connection->connect(true)
#1 C:\xampp\htdocs\ci4project\system\Database\BaseConnection.php(574): CodeIgniter\Database\BaseConnection->initialize()
#2 C:\xampp\htdocs\ci4project\system\Database\SQLSRV\Builder.php(610): CodeIgniter\Database\BaseConnection->query('SELECT *\nFROM "...', Array, false)
#3 C:\xampp\htdocs\ci4project\system\Model.php(237): CodeIgniter\Database\SQLSRV\Builder->get()
#4 C:\xampp\htdocs\ci4project\system\BaseModel.php(624): CodeIgniter\Model->doFindAll(0, 0)
#5 C:\xampp\htdocs\ci4project\app\Controllers\PreOrder.php(12): CodeIgniter\BaseModel->findAll()
#6 C:\xampp\htdocs\ci4project\system\CodeIgniter.php(919): App\Controllers\PreOrder->index()
#7 C:\xampp\htdocs\ci4project\system\CodeIgniter.php(494): CodeIgniter\CodeIgniter->runController(Object(App\Controllers\PreOrder))
#8 C:\xampp\htdocs\ci4project\system\CodeIgniter.php(353): CodeIgniter\CodeIgniter->handleRequest(NULL, Object(Config\Cache), false)
#9 C:\xampp\htdocs\ci4project\public\index.php(79): CodeIgniter\CodeIgniter->run()
#10 {main}
CRITICAL - 2023-09-21 04:33:41 --> Unable to connect to the database.
Main connection [sqlsrv]: [Microsoft][ODBC Driver 17 for SQL Server]Named Pipes Provider: Could not open a connection to SQL Server [67].  SQLSTATE: 08001, code: 67
[Microsoft][ODBC Driver 17 for SQL Server]Login timeout expired SQLSTATE: HYT00, code: 0
[Microsoft][ODBC Driver 17 for SQL Server]A network-related or instance-specific error has occurred while establishing a connection to SQL Server. Server is not found or not accessible. Check if instance name is correct and if SQL Server is configured to allow remote connections. For more information see SQL Server Books Online. SQLSTATE: 08001, code: 67
in SYSTEMPATH\Database\BaseConnection.php on line 427.
 1 SYSTEMPATH\Database\BaseConnection.php(574): CodeIgniter\Database\BaseConnection->initialize()
 2 SYSTEMPATH\Database\SQLSRV\Builder.php(610): CodeIgniter\Database\BaseConnection->query('SELECT *
FROM "Test"."dbo"."vspk_testp"
ORDER BY "vendorname"', [], false)
 3 SYSTEMPATH\Model.php(237): CodeIgniter\Database\SQLSRV\Builder->get()
 4 SYSTEMPATH\BaseModel.php(624): CodeIgniter\Model->doFindAll(0, 0)
 5 APPPATH\Controllers\PreOrder.php(12): CodeIgniter\BaseModel->findAll()
 6 SYSTEMPATH\CodeIgniter.php(919): App\Controllers\PreOrder->index()
 7 SYSTEMPATH\CodeIgniter.php(494): CodeIgniter\CodeIgniter->runController(Object(App\Controllers\PreOrder))
 8 SYSTEMPATH\CodeIgniter.php(353): CodeIgniter\CodeIgniter->handleRequest(null, Object(Config\Cache), false)
 9 FCPATH\index.php(79): CodeIgniter\CodeIgniter->run()
ERROR - 2023-09-21 04:34:18 --> Error connecting to the database: CodeIgniter\Database\Exceptions\DatabaseException: [Microsoft][ODBC Driver 17 for SQL Server]Named Pipes Provider: Could not open a connection to SQL Server [67].  SQLSTATE: 08001, code: 67
[Microsoft][ODBC Driver 17 for SQL Server]Login timeout expired SQLSTATE: HYT00, code: 0
[Microsoft][ODBC Driver 17 for SQL Server]A network-related or instance-specific error has occurred while establishing a connection to SQL Server. Server is not found or not accessible. Check if instance name is correct and if SQL Server is configured to allow remote connections. For more information see SQL Server Books Online. SQLSTATE: 08001, code: 67 in C:\xampp\htdocs\ci4project\system\Database\SQLSRV\Connection.php:142
Stack trace:
#0 C:\xampp\htdocs\ci4project\system\Database\BaseConnection.php(391): CodeIgniter\Database\SQLSRV\Connection->connect(true)
#1 C:\xampp\htdocs\ci4project\system\Database\BaseConnection.php(574): CodeIgniter\Database\BaseConnection->initialize()
#2 C:\xampp\htdocs\ci4project\system\Database\SQLSRV\Builder.php(610): CodeIgniter\Database\BaseConnection->query('SELECT *\nFROM "...', Array, false)
#3 C:\xampp\htdocs\ci4project\system\Model.php(237): CodeIgniter\Database\SQLSRV\Builder->get()
#4 C:\xampp\htdocs\ci4project\system\BaseModel.php(624): CodeIgniter\Model->doFindAll(0, 0)
#5 C:\xampp\htdocs\ci4project\app\Controllers\PreOrder.php(12): CodeIgniter\BaseModel->findAll()
#6 C:\xampp\htdocs\ci4project\system\CodeIgniter.php(919): App\Controllers\PreOrder->index()
#7 C:\xampp\htdocs\ci4project\system\CodeIgniter.php(494): CodeIgniter\CodeIgniter->runController(Object(App\Controllers\PreOrder))
#8 C:\xampp\htdocs\ci4project\system\CodeIgniter.php(353): CodeIgniter\CodeIgniter->handleRequest(NULL, Object(Config\Cache), false)
#9 C:\xampp\htdocs\ci4project\public\index.php(79): CodeIgniter\CodeIgniter->run()
#10 {main}
CRITICAL - 2023-09-21 04:34:18 --> Unable to connect to the database.
Main connection [sqlsrv]: [Microsoft][ODBC Driver 17 for SQL Server]Named Pipes Provider: Could not open a connection to SQL Server [67].  SQLSTATE: 08001, code: 67
[Microsoft][ODBC Driver 17 for SQL Server]Login timeout expired SQLSTATE: HYT00, code: 0
[Microsoft][ODBC Driver 17 for SQL Server]A network-related or instance-specific error has occurred while establishing a connection to SQL Server. Server is not found or not accessible. Check if instance name is correct and if SQL Server is configured to allow remote connections. For more information see SQL Server Books Online. SQLSTATE: 08001, code: 67
in SYSTEMPATH\Database\BaseConnection.php on line 427.
 1 SYSTEMPATH\Database\BaseConnection.php(574): CodeIgniter\Database\BaseConnection->initialize()
 2 SYSTEMPATH\Database\SQLSRV\Builder.php(610): CodeIgniter\Database\BaseConnection->query('SELECT *
FROM "Test"."dbo"."vspk_testp"
ORDER BY "vendorname"', [], false)
 3 SYSTEMPATH\Model.php(237): CodeIgniter\Database\SQLSRV\Builder->get()
 4 SYSTEMPATH\BaseModel.php(624): CodeIgniter\Model->doFindAll(0, 0)
 5 APPPATH\Controllers\PreOrder.php(12): CodeIgniter\BaseModel->findAll()
 6 SYSTEMPATH\CodeIgniter.php(919): App\Controllers\PreOrder->index()
 7 SYSTEMPATH\CodeIgniter.php(494): CodeIgniter\CodeIgniter->runController(Object(App\Controllers\PreOrder))
 8 SYSTEMPATH\CodeIgniter.php(353): CodeIgniter\CodeIgniter->handleRequest(null, Object(Config\Cache), false)
 9 FCPATH\index.php(79): CodeIgniter\CodeIgniter->run()
ERROR - 2023-09-21 04:38:07 --> Error connecting to the database: CodeIgniter\Database\Exceptions\DatabaseException: [Microsoft][ODBC Driver 17 for SQL Server]Named Pipes Provider: Could not open a connection to SQL Server [67].  SQLSTATE: 08001, code: 67
[Microsoft][ODBC Driver 17 for SQL Server]Login timeout expired SQLSTATE: HYT00, code: 0
[Microsoft][ODBC Driver 17 for SQL Server]A network-related or instance-specific error has occurred while establishing a connection to SQL Server. Server is not found or not accessible. Check if instance name is correct and if SQL Server is configured to allow remote connections. For more information see SQL Server Books Online. SQLSTATE: 08001, code: 67 in C:\xampp\htdocs\ci4project\system\Database\SQLSRV\Connection.php:142
Stack trace:
#0 C:\xampp\htdocs\ci4project\system\Database\BaseConnection.php(391): CodeIgniter\Database\SQLSRV\Connection->connect(true)
#1 C:\xampp\htdocs\ci4project\system\Database\BaseConnection.php(574): CodeIgniter\Database\BaseConnection->initialize()
#2 C:\xampp\htdocs\ci4project\system\Database\SQLSRV\Builder.php(610): CodeIgniter\Database\BaseConnection->query('SELECT *\nFROM "...', Array, false)
#3 C:\xampp\htdocs\ci4project\system\Model.php(237): CodeIgniter\Database\SQLSRV\Builder->get()
#4 C:\xampp\htdocs\ci4project\system\BaseModel.php(624): CodeIgniter\Model->doFindAll(0, 0)
#5 C:\xampp\htdocs\ci4project\app\Controllers\PreOrder.php(12): CodeIgniter\BaseModel->findAll()
#6 C:\xampp\htdocs\ci4project\system\CodeIgniter.php(919): App\Controllers\PreOrder->index()
#7 C:\xampp\htdocs\ci4project\system\CodeIgniter.php(494): CodeIgniter\CodeIgniter->runController(Object(App\Controllers\PreOrder))
#8 C:\xampp\htdocs\ci4project\system\CodeIgniter.php(353): CodeIgniter\CodeIgniter->handleRequest(NULL, Object(Config\Cache), false)
#9 C:\xampp\htdocs\ci4project\public\index.php(79): CodeIgniter\CodeIgniter->run()
#10 {main}
CRITICAL - 2023-09-21 04:38:07 --> Unable to connect to the database.
Main connection [sqlsrv]: [Microsoft][ODBC Driver 17 for SQL Server]Named Pipes Provider: Could not open a connection to SQL Server [67].  SQLSTATE: 08001, code: 67
[Microsoft][ODBC Driver 17 for SQL Server]Login timeout expired SQLSTATE: HYT00, code: 0
[Microsoft][ODBC Driver 17 for SQL Server]A network-related or instance-specific error has occurred while establishing a connection to SQL Server. Server is not found or not accessible. Check if instance name is correct and if SQL Server is configured to allow remote connections. For more information see SQL Server Books Online. SQLSTATE: 08001, code: 67
in SYSTEMPATH\Database\BaseConnection.php on line 427.
 1 SYSTEMPATH\Database\BaseConnection.php(574): CodeIgniter\Database\BaseConnection->initialize()
 2 SYSTEMPATH\Database\SQLSRV\Builder.php(610): CodeIgniter\Database\BaseConnection->query('SELECT *
FROM "Test"."dbo"."vspk_testp"
ORDER BY "vendorname"', [], false)
 3 SYSTEMPATH\Model.php(237): CodeIgniter\Database\SQLSRV\Builder->get()
 4 SYSTEMPATH\BaseModel.php(624): CodeIgniter\Model->doFindAll(0, 0)
 5 APPPATH\Controllers\PreOrder.php(12): CodeIgniter\BaseModel->findAll()
 6 SYSTEMPATH\CodeIgniter.php(919): App\Controllers\PreOrder->index()
 7 SYSTEMPATH\CodeIgniter.php(494): CodeIgniter\CodeIgniter->runController(Object(App\Controllers\PreOrder))
 8 SYSTEMPATH\CodeIgniter.php(353): CodeIgniter\CodeIgniter->handleRequest(null, Object(Config\Cache), false)
 9 FCPATH\index.php(79): CodeIgniter\CodeIgniter->run()
ERROR - 2023-09-21 04:39:05 --> Error connecting to the database: CodeIgniter\Database\Exceptions\DatabaseException: [Microsoft][ODBC Driver 17 for SQL Server]Named Pipes Provider: Could not open a connection to SQL Server [67].  SQLSTATE: 08001, code: 67
[Microsoft][ODBC Driver 17 for SQL Server]Login timeout expired SQLSTATE: HYT00, code: 0
[Microsoft][ODBC Driver 17 for SQL Server]A network-related or instance-specific error has occurred while establishing a connection to SQL Server. Server is not found or not accessible. Check if instance name is correct and if SQL Server is configured to allow remote connections. For more information see SQL Server Books Online. SQLSTATE: 08001, code: 67 in C:\xampp\htdocs\ci4project\system\Database\SQLSRV\Connection.php:142
Stack trace:
#0 C:\xampp\htdocs\ci4project\system\Database\BaseConnection.php(391): CodeIgniter\Database\SQLSRV\Connection->connect(true)
#1 C:\xampp\htdocs\ci4project\system\Database\BaseConnection.php(574): CodeIgniter\Database\BaseConnection->initialize()
#2 C:\xampp\htdocs\ci4project\system\Database\SQLSRV\Builder.php(610): CodeIgniter\Database\BaseConnection->query('SELECT *\nFROM "...', Array, false)
#3 C:\xampp\htdocs\ci4project\system\Model.php(237): CodeIgniter\Database\SQLSRV\Builder->get()
#4 C:\xampp\htdocs\ci4project\system\BaseModel.php(624): CodeIgniter\Model->doFindAll(0, 0)
#5 C:\xampp\htdocs\ci4project\app\Controllers\PreOrder.php(12): CodeIgniter\BaseModel->findAll()
#6 C:\xampp\htdocs\ci4project\system\CodeIgniter.php(919): App\Controllers\PreOrder->index()
#7 C:\xampp\htdocs\ci4project\system\CodeIgniter.php(494): CodeIgniter\CodeIgniter->runController(Object(App\Controllers\PreOrder))
#8 C:\xampp\htdocs\ci4project\system\CodeIgniter.php(353): CodeIgniter\CodeIgniter->handleRequest(NULL, Object(Config\Cache), false)
#9 C:\xampp\htdocs\ci4project\public\index.php(79): CodeIgniter\CodeIgniter->run()
#10 {main}
CRITICAL - 2023-09-21 04:39:05 --> Unable to connect to the database.
Main connection [sqlsrv]: [Microsoft][ODBC Driver 17 for SQL Server]Named Pipes Provider: Could not open a connection to SQL Server [67].  SQLSTATE: 08001, code: 67
[Microsoft][ODBC Driver 17 for SQL Server]Login timeout expired SQLSTATE: HYT00, code: 0
[Microsoft][ODBC Driver 17 for SQL Server]A network-related or instance-specific error has occurred while establishing a connection to SQL Server. Server is not found or not accessible. Check if instance name is correct and if SQL Server is configured to allow remote connections. For more information see SQL Server Books Online. SQLSTATE: 08001, code: 67
in SYSTEMPATH\Database\BaseConnection.php on line 427.
 1 SYSTEMPATH\Database\BaseConnection.php(574): CodeIgniter\Database\BaseConnection->initialize()
 2 SYSTEMPATH\Database\SQLSRV\Builder.php(610): CodeIgniter\Database\BaseConnection->query('SELECT *
FROM "Test"."dbo"."vspk_testp"
ORDER BY "vendorname"', [], false)
 3 SYSTEMPATH\Model.php(237): CodeIgniter\Database\SQLSRV\Builder->get()
 4 SYSTEMPATH\BaseModel.php(624): CodeIgniter\Model->doFindAll(0, 0)
 5 APPPATH\Controllers\PreOrder.php(12): CodeIgniter\BaseModel->findAll()
 6 SYSTEMPATH\CodeIgniter.php(919): App\Controllers\PreOrder->index()
 7 SYSTEMPATH\CodeIgniter.php(494): CodeIgniter\CodeIgniter->runController(Object(App\Controllers\PreOrder))
 8 SYSTEMPATH\CodeIgniter.php(353): CodeIgniter\CodeIgniter->handleRequest(null, Object(Config\Cache), false)
 9 FCPATH\index.php(79): CodeIgniter\CodeIgniter->run()
ERROR - 2023-09-21 04:39:43 --> Error connecting to the database: CodeIgniter\Database\Exceptions\DatabaseException: [Microsoft][ODBC Driver 17 for SQL Server]Named Pipes Provider: Could not open a connection to SQL Server [67].  SQLSTATE: 08001, code: 67
[Microsoft][ODBC Driver 17 for SQL Server]Login timeout expired SQLSTATE: HYT00, code: 0
[Microsoft][ODBC Driver 17 for SQL Server]A network-related or instance-specific error has occurred while establishing a connection to SQL Server. Server is not found or not accessible. Check if instance name is correct and if SQL Server is configured to allow remote connections. For more information see SQL Server Books Online. SQLSTATE: 08001, code: 67 in C:\xampp\htdocs\ci4project\system\Database\SQLSRV\Connection.php:142
Stack trace:
#0 C:\xampp\htdocs\ci4project\system\Database\BaseConnection.php(391): CodeIgniter\Database\SQLSRV\Connection->connect(true)
#1 C:\xampp\htdocs\ci4project\system\Database\BaseConnection.php(574): CodeIgniter\Database\BaseConnection->initialize()
#2 C:\xampp\htdocs\ci4project\system\Database\SQLSRV\Builder.php(610): CodeIgniter\Database\BaseConnection->query('SELECT *\nFROM "...', Array, false)
#3 C:\xampp\htdocs\ci4project\system\Model.php(237): CodeIgniter\Database\SQLSRV\Builder->get()
#4 C:\xampp\htdocs\ci4project\system\BaseModel.php(624): CodeIgniter\Model->doFindAll(0, 0)
#5 C:\xampp\htdocs\ci4project\app\Controllers\PreOrder.php(12): CodeIgniter\BaseModel->findAll()
#6 C:\xampp\htdocs\ci4project\system\CodeIgniter.php(919): App\Controllers\PreOrder->index()
#7 C:\xampp\htdocs\ci4project\system\CodeIgniter.php(494): CodeIgniter\CodeIgniter->runController(Object(App\Controllers\PreOrder))
#8 C:\xampp\htdocs\ci4project\system\CodeIgniter.php(353): CodeIgniter\CodeIgniter->handleRequest(NULL, Object(Config\Cache), false)
#9 C:\xampp\htdocs\ci4project\public\index.php(79): CodeIgniter\CodeIgniter->run()
#10 {main}
CRITICAL - 2023-09-21 04:39:43 --> Unable to connect to the database.
Main connection [sqlsrv]: [Microsoft][ODBC Driver 17 for SQL Server]Named Pipes Provider: Could not open a connection to SQL Server [67].  SQLSTATE: 08001, code: 67
[Microsoft][ODBC Driver 17 for SQL Server]Login timeout expired SQLSTATE: HYT00, code: 0
[Microsoft][ODBC Driver 17 for SQL Server]A network-related or instance-specific error has occurred while establishing a connection to SQL Server. Server is not found or not accessible. Check if instance name is correct and if SQL Server is configured to allow remote connections. For more information see SQL Server Books Online. SQLSTATE: 08001, code: 67
in SYSTEMPATH\Database\BaseConnection.php on line 427.
 1 SYSTEMPATH\Database\BaseConnection.php(574): CodeIgniter\Database\BaseConnection->initialize()
 2 SYSTEMPATH\Database\SQLSRV\Builder.php(610): CodeIgniter\Database\BaseConnection->query('SELECT *
FROM "Test"."dbo"."vspk_testp"
ORDER BY "vendorname"', [], false)
 3 SYSTEMPATH\Model.php(237): CodeIgniter\Database\SQLSRV\Builder->get()
 4 SYSTEMPATH\BaseModel.php(624): CodeIgniter\Model->doFindAll(0, 0)
 5 APPPATH\Controllers\PreOrder.php(12): CodeIgniter\BaseModel->findAll()
 6 SYSTEMPATH\CodeIgniter.php(919): App\Controllers\PreOrder->index()
 7 SYSTEMPATH\CodeIgniter.php(494): CodeIgniter\CodeIgniter->runController(Object(App\Controllers\PreOrder))
 8 SYSTEMPATH\CodeIgniter.php(353): CodeIgniter\CodeIgniter->handleRequest(null, Object(Config\Cache), false)
 9 FCPATH\index.php(79): CodeIgniter\CodeIgniter->run()
ERROR - 2023-09-21 04:40:30 --> Error connecting to the database: CodeIgniter\Database\Exceptions\DatabaseException: [Microsoft][ODBC Driver 17 for SQL Server]Named Pipes Provider: Could not open a connection to SQL Server [67].  SQLSTATE: 08001, code: 67
[Microsoft][ODBC Driver 17 for SQL Server]Login timeout expired SQLSTATE: HYT00, code: 0
[Microsoft][ODBC Driver 17 for SQL Server]A network-related or instance-specific error has occurred while establishing a connection to SQL Server. Server is not found or not accessible. Check if instance name is correct and if SQL Server is configured to allow remote connections. For more information see SQL Server Books Online. SQLSTATE: 08001, code: 67 in C:\xampp\htdocs\ci4project\system\Database\SQLSRV\Connection.php:142
Stack trace:
#0 C:\xampp\htdocs\ci4project\system\Database\BaseConnection.php(391): CodeIgniter\Database\SQLSRV\Connection->connect(true)
#1 C:\xampp\htdocs\ci4project\system\Database\BaseConnection.php(574): CodeIgniter\Database\BaseConnection->initialize()
#2 C:\xampp\htdocs\ci4project\system\Database\SQLSRV\Builder.php(610): CodeIgniter\Database\BaseConnection->query('SELECT *\nFROM "...', Array, false)
#3 C:\xampp\htdocs\ci4project\system\Model.php(237): CodeIgniter\Database\SQLSRV\Builder->get()
#4 C:\xampp\htdocs\ci4project\system\BaseModel.php(624): CodeIgniter\Model->doFindAll(0, 0)
#5 C:\xampp\htdocs\ci4project\app\Controllers\PreOrder.php(12): CodeIgniter\BaseModel->findAll()
#6 C:\xampp\htdocs\ci4project\system\CodeIgniter.php(919): App\Controllers\PreOrder->index()
#7 C:\xampp\htdocs\ci4project\system\CodeIgniter.php(494): CodeIgniter\CodeIgniter->runController(Object(App\Controllers\PreOrder))
#8 C:\xampp\htdocs\ci4project\system\CodeIgniter.php(353): CodeIgniter\CodeIgniter->handleRequest(NULL, Object(Config\Cache), false)
#9 C:\xampp\htdocs\ci4project\public\index.php(79): CodeIgniter\CodeIgniter->run()
#10 {main}
CRITICAL - 2023-09-21 04:40:30 --> Unable to connect to the database.
Main connection [sqlsrv]: [Microsoft][ODBC Driver 17 for SQL Server]Named Pipes Provider: Could not open a connection to SQL Server [67].  SQLSTATE: 08001, code: 67
[Microsoft][ODBC Driver 17 for SQL Server]Login timeout expired SQLSTATE: HYT00, code: 0
[Microsoft][ODBC Driver 17 for SQL Server]A network-related or instance-specific error has occurred while establishing a connection to SQL Server. Server is not found or not accessible. Check if instance name is correct and if SQL Server is configured to allow remote connections. For more information see SQL Server Books Online. SQLSTATE: 08001, code: 67
in SYSTEMPATH\Database\BaseConnection.php on line 427.
 1 SYSTEMPATH\Database\BaseConnection.php(574): CodeIgniter\Database\BaseConnection->initialize()
 2 SYSTEMPATH\Database\SQLSRV\Builder.php(610): CodeIgniter\Database\BaseConnection->query('SELECT *
FROM "Test"."dbo"."vspk_testp"
ORDER BY "vendorname"', [], false)
 3 SYSTEMPATH\Model.php(237): CodeIgniter\Database\SQLSRV\Builder->get()
 4 SYSTEMPATH\BaseModel.php(624): CodeIgniter\Model->doFindAll(0, 0)
 5 APPPATH\Controllers\PreOrder.php(12): CodeIgniter\BaseModel->findAll()
 6 SYSTEMPATH\CodeIgniter.php(919): App\Controllers\PreOrder->index()
 7 SYSTEMPATH\CodeIgniter.php(494): CodeIgniter\CodeIgniter->runController(Object(App\Controllers\PreOrder))
 8 SYSTEMPATH\CodeIgniter.php(353): CodeIgniter\CodeIgniter->handleRequest(null, Object(Config\Cache), false)
 9 FCPATH\index.php(79): CodeIgniter\CodeIgniter->run()
ERROR - 2023-09-21 04:40:36 --> Error connecting to the database: CodeIgniter\Database\Exceptions\DatabaseException: [Microsoft][ODBC Driver 17 for SQL Server]Named Pipes Provider: Could not open a connection to SQL Server [67].  SQLSTATE: 08001, code: 67
[Microsoft][ODBC Driver 17 for SQL Server]Login timeout expired SQLSTATE: HYT00, code: 0
[Microsoft][ODBC Driver 17 for SQL Server]A network-related or instance-specific error has occurred while establishing a connection to SQL Server. Server is not found or not accessible. Check if instance name is correct and if SQL Server is configured to allow remote connections. For more information see SQL Server Books Online. SQLSTATE: 08001, code: 67 in C:\xampp\htdocs\ci4project\system\Database\SQLSRV\Connection.php:142
Stack trace:
#0 C:\xampp\htdocs\ci4project\system\Database\BaseConnection.php(391): CodeIgniter\Database\SQLSRV\Connection->connect(true)
#1 C:\xampp\htdocs\ci4project\system\Database\BaseConnection.php(574): CodeIgniter\Database\BaseConnection->initialize()
#2 C:\xampp\htdocs\ci4project\system\Database\SQLSRV\Builder.php(610): CodeIgniter\Database\BaseConnection->query('SELECT *\nFROM "...', Array, false)
#3 C:\xampp\htdocs\ci4project\system\Model.php(237): CodeIgniter\Database\SQLSRV\Builder->get()
#4 C:\xampp\htdocs\ci4project\system\BaseModel.php(624): CodeIgniter\Model->doFindAll(0, 0)
#5 C:\xampp\htdocs\ci4project\app\Controllers\PreOrder.php(12): CodeIgniter\BaseModel->findAll()
#6 C:\xampp\htdocs\ci4project\system\CodeIgniter.php(919): App\Controllers\PreOrder->index()
#7 C:\xampp\htdocs\ci4project\system\CodeIgniter.php(494): CodeIgniter\CodeIgniter->runController(Object(App\Controllers\PreOrder))
#8 C:\xampp\htdocs\ci4project\system\CodeIgniter.php(353): CodeIgniter\CodeIgniter->handleRequest(NULL, Object(Config\Cache), false)
#9 C:\xampp\htdocs\ci4project\public\index.php(79): CodeIgniter\CodeIgniter->run()
#10 {main}
CRITICAL - 2023-09-21 04:40:36 --> Unable to connect to the database.
Main connection [sqlsrv]: [Microsoft][ODBC Driver 17 for SQL Server]Named Pipes Provider: Could not open a connection to SQL Server [67].  SQLSTATE: 08001, code: 67
[Microsoft][ODBC Driver 17 for SQL Server]Login timeout expired SQLSTATE: HYT00, code: 0
[Microsoft][ODBC Driver 17 for SQL Server]A network-related or instance-specific error has occurred while establishing a connection to SQL Server. Server is not found or not accessible. Check if instance name is correct and if SQL Server is configured to allow remote connections. For more information see SQL Server Books Online. SQLSTATE: 08001, code: 67
in SYSTEMPATH\Database\BaseConnection.php on line 427.
 1 SYSTEMPATH\Database\BaseConnection.php(574): CodeIgniter\Database\BaseConnection->initialize()
 2 SYSTEMPATH\Database\SQLSRV\Builder.php(610): CodeIgniter\Database\BaseConnection->query('SELECT *
FROM "Test"."dbo"."vspk_testp"
ORDER BY "vendorname"', [], false)
 3 SYSTEMPATH\Model.php(237): CodeIgniter\Database\SQLSRV\Builder->get()
 4 SYSTEMPATH\BaseModel.php(624): CodeIgniter\Model->doFindAll(0, 0)
 5 APPPATH\Controllers\PreOrder.php(12): CodeIgniter\BaseModel->findAll()
 6 SYSTEMPATH\CodeIgniter.php(919): App\Controllers\PreOrder->index()
 7 SYSTEMPATH\CodeIgniter.php(494): CodeIgniter\CodeIgniter->runController(Object(App\Controllers\PreOrder))
 8 SYSTEMPATH\CodeIgniter.php(353): CodeIgniter\CodeIgniter->handleRequest(null, Object(Config\Cache), false)
 9 FCPATH\index.php(79): CodeIgniter\CodeIgniter->run()
CRITICAL - 2023-09-21 04:48:00 --> Class "App\Models\ModelDashboard" not found
in APPPATH\Controllers\PreOrder.php on line 11.
 1 SYSTEMPATH\CodeIgniter.php(919): App\Controllers\PreOrder->index()
 2 SYSTEMPATH\CodeIgniter.php(494): CodeIgniter\CodeIgniter->runController(Object(App\Controllers\PreOrder))
 3 SYSTEMPATH\CodeIgniter.php(353): CodeIgniter\CodeIgniter->handleRequest(null, Object(Config\Cache), false)
 4 FCPATH\index.php(79): CodeIgniter\CodeIgniter->run()
CRITICAL - 2023-09-21 04:49:35 --> Undefined variable $dataDashboard
in APPPATH\Views\preorder_view.php on line 35.
 1 APPPATH\Views\preorder_view.php(35): CodeIgniter\Debug\Exceptions->errorHandler(2, 'Undefined variable $dataDashboard', 'C:\\xampp\\htdocs\\ci4project\\app\\Views\\preorder_view.php', 35)
 2 SYSTEMPATH\View\View.php(226): include('C:\\xampp\\htdocs\\ci4project\\app\\Views\\preorder_view.php')
 3 SYSTEMPATH\View\View.php(229): CodeIgniter\View\View->CodeIgniter\View\{closure}()
 4 SYSTEMPATH\Common.php(1188): CodeIgniter\View\View->render('preorder_view', [], true)
 5 APPPATH\Controllers\PreOrder.php(14): view('preorder_view', [...])
 6 SYSTEMPATH\CodeIgniter.php(919): App\Controllers\PreOrder->index()
 7 SYSTEMPATH\CodeIgniter.php(494): CodeIgniter\CodeIgniter->runController(Object(App\Controllers\PreOrder))
 8 SYSTEMPATH\CodeIgniter.php(353): CodeIgniter\CodeIgniter->handleRequest(null, Object(Config\Cache), false)
 9 FCPATH\index.php(79): CodeIgniter\CodeIgniter->run()
CRITICAL - 2023-09-21 06:39:41 --> Undefined variable $dataGoods
in APPPATH\Views\goods_view.php on line 35.
 1 APPPATH\Views\goods_view.php(35): CodeIgniter\Debug\Exceptions->errorHandler(2, 'Undefined variable $dataGoods', 'C:\\xampp\\htdocs\\ci4project\\app\\Views\\goods_view.php', 35)
 2 SYSTEMPATH\View\View.php(226): include('C:\\xampp\\htdocs\\ci4project\\app\\Views\\goods_view.php')
 3 SYSTEMPATH\View\View.php(229): CodeIgniter\View\View->CodeIgniter\View\{closure}()
 4 SYSTEMPATH\Common.php(1188): CodeIgniter\View\View->render('goods_view', [], true)
 5 APPPATH\Controllers\Goods.php(12): view('goods_view', [...])
 6 SYSTEMPATH\CodeIgniter.php(919): App\Controllers\Goods->index()
 7 SYSTEMPATH\CodeIgniter.php(494): CodeIgniter\CodeIgniter->runController(Object(App\Controllers\Goods))
 8 SYSTEMPATH\CodeIgniter.php(353): CodeIgniter\CodeIgniter->handleRequest(null, Object(Config\Cache), false)
 9 FCPATH\index.php(79): CodeIgniter\CodeIgniter->run()
