INFO - 2023-11-13 00:48:25 --> REDIRECTED ROUTE at http://localhost:8080/%5CApp%5CControllers%5CHome::index
CRITICAL - 2023-11-13 02:26:12 --> Unclosed '{' on line 281
in APPPATH\Views\add_view.php on line 308.
 1 SYSTEMPATH\View\View.php(229): CodeIgniter\View\View->CodeIgniter\View\{closure}()
 2 SYSTEMPATH\Common.php(1188): CodeIgniter\View\View->render('add_view', [], true)
 3 APPPATH\Controllers\Add.php(30): view('add_view', [...])
 4 SYSTEMPATH\CodeIgniter.php(919): App\Controllers\Add->index()
 5 SYSTEMPATH\CodeIgniter.php(494): CodeIgniter\CodeIgniter->runController(Object(App\Controllers\Add))
 6 SYSTEMPATH\CodeIgniter.php(353): CodeIgniter\CodeIgniter->handleRequest(null, Object(Config\Cache), false)
 7 FCPATH\index.php(79): CodeIgniter\CodeIgniter->run()
 8 SYSTEMPATH\Commands\Server\rewrite.php(47): require_once('C:\\xampp\\htdocs\\ci4project\\public\\index.php')
CRITICAL - 2023-11-13 02:27:55 --> Undefined property: stdClass::$category
in APPPATH\Views\add_view.php on line 284.
 1 APPPATH\Views\add_view.php(284): CodeIgniter\Debug\Exceptions->errorHandler(2, 'Undefined property: stdClass::$category', 'C:\\xampp\\htdocs\\ci4project\\app\\Views\\add_view.php', 284)
 2 SYSTEMPATH\View\View.php(226): include('C:\\xampp\\htdocs\\ci4project\\app\\Views\\add_view.php')
 3 SYSTEMPATH\View\View.php(229): CodeIgniter\View\View->CodeIgniter\View\{closure}()
 4 SYSTEMPATH\Common.php(1188): CodeIgniter\View\View->render('add_view', [], true)
 5 APPPATH\Controllers\Add.php(30): view('add_view', [...])
 6 SYSTEMPATH\CodeIgniter.php(919): App\Controllers\Add->index()
 7 SYSTEMPATH\CodeIgniter.php(494): CodeIgniter\CodeIgniter->runController(Object(App\Controllers\Add))
 8 SYSTEMPATH\CodeIgniter.php(353): CodeIgniter\CodeIgniter->handleRequest(null, Object(Config\Cache), false)
 9 FCPATH\index.php(79): CodeIgniter\CodeIgniter->run()
10 SYSTEMPATH\Commands\Server\rewrite.php(47): require_once('C:\\xampp\\htdocs\\ci4project\\public\\index.php')
CRITICAL - 2023-11-13 02:48:05 --> Call to a member function getPost() on null
in APPPATH\Models\ModelGoods.php on line 25.
 1 APPPATH\Controllers\Add.php(65): App\Models\ModelGoods->insertSelectedItems()
 2 APPPATH\Controllers\Add.php(19): App\Controllers\Add->moveData()
 3 SYSTEMPATH\CodeIgniter.php(919): App\Controllers\Add->index()
 4 SYSTEMPATH\CodeIgniter.php(494): CodeIgniter\CodeIgniter->runController(Object(App\Controllers\Add))
 5 SYSTEMPATH\CodeIgniter.php(353): CodeIgniter\CodeIgniter->handleRequest(null, Object(Config\Cache), false)
 6 FCPATH\index.php(79): CodeIgniter\CodeIgniter->run()
 7 SYSTEMPATH\Commands\Server\rewrite.php(47): require_once('C:\\xampp\\htdocs\\ci4project\\public\\index.php')
CRITICAL - 2023-11-13 02:48:10 --> Call to a member function getPost() on null
in APPPATH\Models\ModelGoods.php on line 25.
 1 APPPATH\Controllers\Add.php(65): App\Models\ModelGoods->insertSelectedItems()
 2 APPPATH\Controllers\Add.php(19): App\Controllers\Add->moveData()
 3 SYSTEMPATH\CodeIgniter.php(919): App\Controllers\Add->index()
 4 SYSTEMPATH\CodeIgniter.php(494): CodeIgniter\CodeIgniter->runController(Object(App\Controllers\Add))
 5 SYSTEMPATH\CodeIgniter.php(353): CodeIgniter\CodeIgniter->handleRequest(null, Object(Config\Cache), false)
 6 FCPATH\index.php(79): CodeIgniter\CodeIgniter->run()
 7 SYSTEMPATH\Commands\Server\rewrite.php(47): require_once('C:\\xampp\\htdocs\\ci4project\\public\\index.php')
CRITICAL - 2023-11-13 02:48:24 --> Call to a member function getPost() on null
in APPPATH\Models\ModelGoods.php on line 25.
 1 APPPATH\Controllers\Add.php(65): App\Models\ModelGoods->insertSelectedItems()
 2 APPPATH\Controllers\Add.php(19): App\Controllers\Add->moveData()
 3 SYSTEMPATH\CodeIgniter.php(919): App\Controllers\Add->index()
 4 SYSTEMPATH\CodeIgniter.php(494): CodeIgniter\CodeIgniter->runController(Object(App\Controllers\Add))
 5 SYSTEMPATH\CodeIgniter.php(353): CodeIgniter\CodeIgniter->handleRequest(null, Object(Config\Cache), false)
 6 FCPATH\index.php(79): CodeIgniter\CodeIgniter->run()
 7 SYSTEMPATH\Commands\Server\rewrite.php(47): require_once('C:\\xampp\\htdocs\\ci4project\\public\\index.php')
CRITICAL - 2023-11-13 02:58:37 --> Call to undefined method App\Models\ModelGoods::insertSelectedItems
in SYSTEMPATH\Model.php on line 873.
 1 APPPATH\Controllers\Add.php(65): CodeIgniter\Model->__call('insertSelectedItems', [])
 2 APPPATH\Controllers\Add.php(19): App\Controllers\Add->moveData()
 3 SYSTEMPATH\CodeIgniter.php(919): App\Controllers\Add->index()
 4 SYSTEMPATH\CodeIgniter.php(494): CodeIgniter\CodeIgniter->runController(Object(App\Controllers\Add))
 5 SYSTEMPATH\CodeIgniter.php(353): CodeIgniter\CodeIgniter->handleRequest(null, Object(Config\Cache), false)
 6 FCPATH\index.php(79): CodeIgniter\CodeIgniter->run()
 7 SYSTEMPATH\Commands\Server\rewrite.php(47): require_once('C:\\xampp\\htdocs\\ci4project\\public\\index.php')
CRITICAL - 2023-11-13 03:24:20 --> Unclosed '{' on line 228
in APPPATH\Views\add_view.php on line 302.
 1 SYSTEMPATH\View\View.php(229): CodeIgniter\View\View->CodeIgniter\View\{closure}()
 2 SYSTEMPATH\Common.php(1188): CodeIgniter\View\View->render('add_view', [], true)
 3 APPPATH\Controllers\Add.php(30): view('add_view', [...])
 4 SYSTEMPATH\CodeIgniter.php(919): App\Controllers\Add->index()
 5 SYSTEMPATH\CodeIgniter.php(494): CodeIgniter\CodeIgniter->runController(Object(App\Controllers\Add))
 6 SYSTEMPATH\CodeIgniter.php(353): CodeIgniter\CodeIgniter->handleRequest(null, Object(Config\Cache), false)
 7 FCPATH\index.php(79): CodeIgniter\CodeIgniter->run()
 8 SYSTEMPATH\Commands\Server\rewrite.php(47): require_once('C:\\xampp\\htdocs\\ci4project\\public\\index.php')
ERROR - 2023-11-13 06:33:17 --> [Microsoft][ODBC Driver 17 for SQL Server][SQL Server]Invalid column name 'PoDate'.
CRITICAL - 2023-11-13 06:33:17 --> [Microsoft][ODBC Driver 17 for SQL Server][SQL Server]Invalid column name 'PoDate'.
in SYSTEMPATH\Database\BaseConnection.php on line 646.
 1 SYSTEMPATH\Database\BaseBuilder.php(1699): CodeIgniter\Database\BaseConnection->query('SELECT COUNT(*) AS "numrows"
FROM "CBInv"."dbo"."tpodetail"
WHERE "KodeDept" = :KodeDept:
AND YEAR(PoDate) = :YEAR(PoDate):
AND MONTH(PoDate) = :MONTH(PoDate):', [...], false)
 2 SYSTEMPATH\Model.php(599): CodeIgniter\Database\BaseBuilder->countAllResults(true)
 3 APPPATH\Models\ModelDataDetail.php(56): CodeIgniter\Model->countAllResults()
 4 APPPATH\Models\ModelDataDetail.php(67): App\Models\ModelDataDetail->generateUniquePoNo('IT')
 5 APPPATH\Controllers\Add.php(117): App\Models\ModelDataDetail->insertDetail('IT', [...])
 6 SYSTEMPATH\CodeIgniter.php(919): App\Controllers\Add->insertData()
 7 SYSTEMPATH\CodeIgniter.php(494): CodeIgniter\CodeIgniter->runController(Object(App\Controllers\Add))
 8 SYSTEMPATH\CodeIgniter.php(353): CodeIgniter\CodeIgniter->handleRequest(null, Object(Config\Cache), false)
 9 FCPATH\index.php(79): CodeIgniter\CodeIgniter->run()
10 SYSTEMPATH\Commands\Server\rewrite.php(47): require_once('C:\\xampp\\htdocs\\ci4project\\public\\index.php')
CRITICAL - 2023-11-13 06:36:03 --> Class "APP\Models\ModelAddHeader" not found
in APPPATH\Models\ModelDataDetail.php on line 68.
 1 APPPATH\Controllers\Add.php(117): App\Models\ModelDataDetail->insertDetail('IT', [...])
 2 SYSTEMPATH\CodeIgniter.php(919): App\Controllers\Add->insertData()
 3 SYSTEMPATH\CodeIgniter.php(494): CodeIgniter\CodeIgniter->runController(Object(App\Controllers\Add))
 4 SYSTEMPATH\CodeIgniter.php(353): CodeIgniter\CodeIgniter->handleRequest(null, Object(Config\Cache), false)
 5 FCPATH\index.php(79): CodeIgniter\CodeIgniter->run()
 6 SYSTEMPATH\Commands\Server\rewrite.php(47): require_once('C:\\xampp\\htdocs\\ci4project\\public\\index.php')
CRITICAL - 2023-11-13 06:36:16 --> Object of class App\Models\ModelDataHeader could not be converted to string
in APPPATH\Models\ModelDataDetail.php on line 69.
 1 APPPATH\Controllers\Add.php(117): App\Models\ModelDataDetail->insertDetail('IT', [...])
 2 SYSTEMPATH\CodeIgniter.php(919): App\Controllers\Add->insertData()
 3 SYSTEMPATH\CodeIgniter.php(494): CodeIgniter\CodeIgniter->runController(Object(App\Controllers\Add))
 4 SYSTEMPATH\CodeIgniter.php(353): CodeIgniter\CodeIgniter->handleRequest(null, Object(Config\Cache), false)
 5 FCPATH\index.php(79): CodeIgniter\CodeIgniter->run()
 6 SYSTEMPATH\Commands\Server\rewrite.php(47): require_once('C:\\xampp\\htdocs\\ci4project\\public\\index.php')
ERROR - 2023-11-13 06:37:33 --> [Microsoft][ODBC Driver 17 for SQL Server][SQL Server]Invalid column name 'PoDate'.
CRITICAL - 2023-11-13 06:37:33 --> [Microsoft][ODBC Driver 17 for SQL Server][SQL Server]Invalid column name 'PoDate'.
in SYSTEMPATH\Database\BaseConnection.php on line 646.
 1 SYSTEMPATH\Database\BaseBuilder.php(1699): CodeIgniter\Database\BaseConnection->query('SELECT COUNT(*) AS "numrows"
FROM "CBInv"."dbo"."tpodetail"
WHERE "KodeDept" = :KodeDept:
AND YEAR(PoDate) = :YEAR(PoDate):
AND MONTH(PoDate) = :MONTH(PoDate):', [...], false)
 2 SYSTEMPATH\Model.php(599): CodeIgniter\Database\BaseBuilder->countAllResults(true)
 3 APPPATH\Models\ModelDataDetail.php(57): CodeIgniter\Model->countAllResults()
 4 APPPATH\Models\ModelDataDetail.php(69): App\Models\ModelDataDetail->generateUniquePoNo('IT')
 5 APPPATH\Controllers\Add.php(117): App\Models\ModelDataDetail->insertDetail('IT', [...])
 6 SYSTEMPATH\CodeIgniter.php(919): App\Controllers\Add->insertData()
 7 SYSTEMPATH\CodeIgniter.php(494): CodeIgniter\CodeIgniter->runController(Object(App\Controllers\Add))
 8 SYSTEMPATH\CodeIgniter.php(353): CodeIgniter\CodeIgniter->handleRequest(null, Object(Config\Cache), false)
 9 FCPATH\index.php(79): CodeIgniter\CodeIgniter->run()
10 SYSTEMPATH\Commands\Server\rewrite.php(47): require_once('C:\\xampp\\htdocs\\ci4project\\public\\index.php')
CRITICAL - 2023-11-13 06:48:29 --> Call to undefined method App\Models\ModelDataDetail::insertDetail
in SYSTEMPATH\Model.php on line 873.
 1 APPPATH\Controllers\Add.php(117): CodeIgniter\Model->__call('insertDetail', [...])
 2 SYSTEMPATH\CodeIgniter.php(919): App\Controllers\Add->insertData()
 3 SYSTEMPATH\CodeIgniter.php(494): CodeIgniter\CodeIgniter->runController(Object(App\Controllers\Add))
 4 SYSTEMPATH\CodeIgniter.php(353): CodeIgniter\CodeIgniter->handleRequest(null, Object(Config\Cache), false)
 5 FCPATH\index.php(79): CodeIgniter\CodeIgniter->run()
 6 SYSTEMPATH\Commands\Server\rewrite.php(47): require_once('C:\\xampp\\htdocs\\ci4project\\public\\index.php')
ERROR - 2023-11-13 06:50:17 --> [Microsoft][ODBC Driver 17 for SQL Server][SQL Server]Invalid column name 'PoDate'.
CRITICAL - 2023-11-13 06:50:17 --> [Microsoft][ODBC Driver 17 for SQL Server][SQL Server]Invalid column name 'PoDate'.
in SYSTEMPATH\Database\BaseConnection.php on line 646.
 1 SYSTEMPATH\Database\BaseBuilder.php(1699): CodeIgniter\Database\BaseConnection->query('SELECT COUNT(*) AS "numrows"
FROM "CBInv"."dbo"."tpodetail"
WHERE "KodeDept" = :KodeDept:
AND YEAR(PoDate) = :YEAR(PoDate):
AND MONTH(PoDate) = :MONTH(PoDate):', [...], false)
 2 SYSTEMPATH\Model.php(599): CodeIgniter\Database\BaseBuilder->countAllResults(true)
 3 APPPATH\Models\ModelDataDetail.php(57): CodeIgniter\Model->countAllResults()
 4 APPPATH\Models\ModelDataDetail.php(69): App\Models\ModelDataDetail->generateUniquePoNo('IT')
 5 APPPATH\Controllers\Add.php(117): App\Models\ModelDataDetail->insertDetail('IT', [...])
 6 SYSTEMPATH\CodeIgniter.php(919): App\Controllers\Add->insertData()
 7 SYSTEMPATH\CodeIgniter.php(494): CodeIgniter\CodeIgniter->runController(Object(App\Controllers\Add))
 8 SYSTEMPATH\CodeIgniter.php(353): CodeIgniter\CodeIgniter->handleRequest(null, Object(Config\Cache), false)
 9 FCPATH\index.php(79): CodeIgniter\CodeIgniter->run()
10 SYSTEMPATH\Commands\Server\rewrite.php(47): require_once('C:\\xampp\\htdocs\\ci4project\\public\\index.php')
ERROR - 2023-11-13 06:51:03 --> [Microsoft][ODBC Driver 17 for SQL Server][SQL Server]Invalid column name 'PoDate'.
CRITICAL - 2023-11-13 06:51:03 --> [Microsoft][ODBC Driver 17 for SQL Server][SQL Server]Invalid column name 'PoDate'.
in SYSTEMPATH\Database\BaseConnection.php on line 646.
 1 SYSTEMPATH\Database\BaseBuilder.php(1699): CodeIgniter\Database\BaseConnection->query('SELECT COUNT(*) AS "numrows"
FROM "CBInv"."dbo"."tpodetail"
WHERE "KodeDept" = :KodeDept:
AND YEAR(PoDate) = :YEAR(PoDate):
AND MONTH(PoDate) = :MONTH(PoDate):', [...], false)
 2 SYSTEMPATH\Model.php(599): CodeIgniter\Database\BaseBuilder->countAllResults(true)
 3 APPPATH\Models\ModelDataDetail.php(57): CodeIgniter\Model->countAllResults()
 4 APPPATH\Models\ModelDataDetail.php(69): App\Models\ModelDataDetail->generateUniquePoNo('IT')
 5 APPPATH\Controllers\Add.php(117): App\Models\ModelDataDetail->insertDetail('IT', [...])
 6 SYSTEMPATH\CodeIgniter.php(919): App\Controllers\Add->insertData()
 7 SYSTEMPATH\CodeIgniter.php(494): CodeIgniter\CodeIgniter->runController(Object(App\Controllers\Add))
 8 SYSTEMPATH\CodeIgniter.php(353): CodeIgniter\CodeIgniter->handleRequest(null, Object(Config\Cache), false)
 9 FCPATH\index.php(79): CodeIgniter\CodeIgniter->run()
10 SYSTEMPATH\Commands\Server\rewrite.php(47): require_once('C:\\xampp\\htdocs\\ci4project\\public\\index.php')
ERROR - 2023-11-13 06:59:46 --> [Microsoft][ODBC Driver 17 for SQL Server][SQL Server]Invalid column name 'PoDate'.
CRITICAL - 2023-11-13 06:59:46 --> [Microsoft][ODBC Driver 17 for SQL Server][SQL Server]Invalid column name 'PoDate'.
in SYSTEMPATH\Database\BaseConnection.php on line 646.
 1 SYSTEMPATH\Database\BaseBuilder.php(2308): CodeIgniter\Database\BaseConnection->query('INSERT INTO "CBInv"."dbo"."tpodetail" ("PoNo","DkmNo","Item_Code","Remarks","PoQty","PoUnit","PoUnitPrice","Price","SubTot","UnitPriceADisc","Weight","kode_budget","FaktorPO","kodedept","Kategori","standarharga","hargamaster","Cek_berat","B_update","L_update","PoDate") VALUES (:PoNo:, :DkmNo:, :Item_Code:, :Remarks:, :PoQty:, :PoUnit:, :PoUnitPrice:, :Price:, :SubTot:, :UnitPriceADisc:, :Weight:, :kode_budget:, :FaktorPO:, :kodedept:, :Kategori:, :standarharga:, :hargamaster:, :Cek_berat:, :B_update:, :L_update:, :PoDate:)', [...], false)
 2 APPPATH\Models\ModelDataDetail.php(86): CodeIgniter\Database\BaseBuilder->insert([...])
 3 APPPATH\Controllers\Add.php(117): App\Models\ModelDataDetail->insertDetail('IT', [...])
 4 SYSTEMPATH\CodeIgniter.php(919): App\Controllers\Add->insertData()
 5 SYSTEMPATH\CodeIgniter.php(494): CodeIgniter\CodeIgniter->runController(Object(App\Controllers\Add))
 6 SYSTEMPATH\CodeIgniter.php(353): CodeIgniter\CodeIgniter->handleRequest(null, Object(Config\Cache), false)
 7 FCPATH\index.php(79): CodeIgniter\CodeIgniter->run()
 8 SYSTEMPATH\Commands\Server\rewrite.php(47): require_once('C:\\xampp\\htdocs\\ci4project\\public\\index.php')
INFO - 2023-11-13 07:13:04 --> REDIRECTED ROUTE at http://localhost:8080/%5CApp%5CControllers%5CHome::index
INFO - 2023-11-13 07:13:07 --> REDIRECTED ROUTE at http://localhost:8080/%5CApp%5CControllers%5CHome::index
